[ 2018-09-25T10:11:55+08:00 ] 127.0.0.1 /
INFO: [ app_init ] --START--
INFO: Run Behavior\BuildLiteBehavior [ RunTime:0.000030s ]
INFO: [ app_init ] --END-- [ RunTime:0.000716s ]
INFO: [ app_begin ] --START--
INFO: Run Behavior\ReadHtmlCacheBehavior [ RunTime:0.000929s ]
INFO: [ app_begin ] --END-- [ RunTime:0.001055s ]
INFO: [ view_parse ] --START--
INFO: Run Behavior\ParseTemplateBehavior [ RunTime:0.000734s ]
INFO: [ view_parse ] --END-- [ RunTime:0.000863s ]
INFO: [ view_filter ] --START--
INFO: Run Behavior\WriteHtmlCacheBehavior [ RunTime:0.000574s ]
INFO: [ view_filter ] --END-- [ RunTime:0.000683s ]
INFO: [ app_end ] --START--
INFO: Run Behavior\ShowPageTraceBehavior [ RunTime:0.001108s ]
INFO: [ app_end ] --END-- [ RunTime:0.001222s ]

[ 2018-09-25T10:12:03+08:00 ] 127.0.0.1 /index.php/Home/Search/user
INFO: [ app_init ] --START--
INFO: Run Behavior\BuildLiteBehavior [ RunTime:0.000045s ]
INFO: [ app_init ] --END-- [ RunTime:0.000558s ]
INFO: [ app_begin ] --START--
INFO: Run Behavior\ReadHtmlCacheBehavior [ RunTime:0.000719s ]
INFO: [ app_begin ] --END-- [ RunTime:0.000914s ]
INFO: [ app_end ] --START--
INFO: Run Behavior\ShowPageTraceBehavior [ RunTime:0.000539s ]
INFO: [ app_end ] --END-- [ RunTime:0.000672s ]

[ 2018-09-25T10:12:21+08:00 ] 127.0.0.1 /index.php/Home/Mui/mui
INFO: [ app_init ] --START--
INFO: Run Behavior\BuildLiteBehavior [ RunTime:0.000115s ]
INFO: [ app_init ] --END-- [ RunTime:0.002612s ]
INFO: [ app_begin ] --START--
INFO: Run Behavior\ReadHtmlCacheBehavior [ RunTime:0.002514s ]
INFO: [ app_begin ] --END-- [ RunTime:0.002890s ]
INFO: [ app_end ] --START--
INFO: Run Behavior\ShowPageTraceBehavior [ RunTime:0.001227s ]
INFO: [ app_end ] --END-- [ RunTime:0.001492s ]

[ 2018-09-25T10:13:11+08:00 ] 127.0.0.1 /Home/Fopen/fopen?user_id=25&user_name=monkey
INFO: [ app_init ] --START--
INFO: Run Behavior\BuildLiteBehavior [ RunTime:0.000024s ]
INFO: [ app_init ] --END-- [ RunTime:0.000393s ]
INFO: [ app_begin ] --START--
INFO: Run Behavior\ReadHtmlCacheBehavior [ RunTime:0.000442s ]
INFO: [ app_begin ] --END-- [ RunTime:0.000548s ]
NOTIC: [8] Undefined index: user_name G:\tp\first\Application\Home\Controller\FopenController.class.php 第 21 行.
INFO: [ app_end ] --START--
INFO: Run Behavior\ShowPageTraceBehavior [ RunTime:0.000792s ]
INFO: [ app_end ] --END-- [ RunTime:0.000950s ]

[ 2018-09-25T10:13:33+08:00 ] 127.0.0.1 /index.php/Home/Search/user
INFO: [ app_init ] --START--
INFO: Run Behavior\BuildLiteBehavior [ RunTime:0.000025s ]
INFO: [ app_init ] --END-- [ RunTime:0.000368s ]
INFO: [ app_begin ] --START--
INFO: Run Behavior\ReadHtmlCacheBehavior [ RunTime:0.000462s ]
INFO: [ app_begin ] --END-- [ RunTime:0.000569s ]
INFO: [ app_end ] --START--
INFO: Run Behavior\ShowPageTraceBehavior [ RunTime:0.000424s ]
INFO: [ app_end ] --END-- [ RunTime:0.000530s ]

[ 2018-09-25T10:13:43+08:00 ] 127.0.0.1 /index.php/Home/Mui/mui
INFO: [ app_init ] --START--
INFO: Run Behavior\BuildLiteBehavior [ RunTime:0.000070s ]
INFO: [ app_init ] --END-- [ RunTime:0.000489s ]
INFO: [ app_begin ] --START--
INFO: Run Behavior\ReadHtmlCacheBehavior [ RunTime:0.001476s ]
INFO: [ app_begin ] --END-- [ RunTime:0.002025s ]
INFO: [ app_end ] --START--
INFO: Run Behavior\ShowPageTraceBehavior [ RunTime:0.000590s ]
INFO: [ app_end ] --END-- [ RunTime:0.000752s ]

[ 2018-09-25T10:15:47+08:00 ] 127.0.0.1 /index.php/Home/Mui/mui?usee_id=155
INFO: [ app_init ] --START--
INFO: Run Behavior\BuildLiteBehavior [ RunTime:0.000026s ]
INFO: [ app_init ] --END-- [ RunTime:0.000632s ]
INFO: [ app_begin ] --START--
INFO: Run Behavior\ReadHtmlCacheBehavior [ RunTime:0.001948s ]
INFO: [ app_begin ] --END-- [ RunTime:0.002312s ]
NOTIC: [8] Undefined index: user_id G:\tp\first\Application\Home\Controller\MuiController.class.php 第 13 行.
INFO: [ app_end ] --START--
INFO: Run Behavior\ShowPageTraceBehavior [ RunTime:0.000923s ]
INFO: [ app_end ] --END-- [ RunTime:0.001054s ]

[ 2018-09-25T10:15:58+08:00 ] 127.0.0.1 /index.php/Home/Mui/mui?usee_id=155
INFO: [ app_init ] --START--
INFO: Run Behavior\BuildLiteBehavior [ RunTime:0.000024s ]
INFO: [ app_init ] --END-- [ RunTime:0.000487s ]
INFO: [ app_begin ] --START--
INFO: Run Behavior\ReadHtmlCacheBehavior [ RunTime:0.001093s ]
INFO: [ app_begin ] --END-- [ RunTime:0.001400s ]
NOTIC: [8] Undefined index: user_id G:\tp\first\Application\Home\Controller\MuiController.class.php 第 13 行.
INFO: [ app_end ] --START--
INFO: Run Behavior\ShowPageTraceBehavior [ RunTime:0.000668s ]
INFO: [ app_end ] --END-- [ RunTime:0.000772s ]

[ 2018-09-25T10:16:10+08:00 ] 127.0.0.1 /index.php/Home/Mui/mui?user_id=155
INFO: [ app_init ] --START--
INFO: Run Behavior\BuildLiteBehavior [ RunTime:0.000074s ]
INFO: [ app_init ] --END-- [ RunTime:0.000824s ]
INFO: [ app_begin ] --START--
INFO: Run Behavior\ReadHtmlCacheBehavior [ RunTime:0.000469s ]
INFO: [ app_begin ] --END-- [ RunTime:0.000589s ]
INFO: [ app_end ] --START--
INFO: Run Behavior\ShowPageTraceBehavior [ RunTime:0.000476s ]
INFO: [ app_end ] --END-- [ RunTime:0.000584s ]

[ 2018-09-25T10:23:07+08:00 ] 127.0.0.1 /index.php/Home/Mui/mui?user_id=155
INFO: [ app_init ] --START--
INFO: Run Behavior\BuildLiteBehavior [ RunTime:0.000024s ]
INFO: [ app_init ] --END-- [ RunTime:0.000400s ]
INFO: [ app_begin ] --START--
INFO: Run Behavior\ReadHtmlCacheBehavior [ RunTime:0.000601s ]
INFO: [ app_begin ] --END-- [ RunTime:0.000709s ]
SQL: SHOW COLUMNS FROM `meiui_user` [ RunTime:0.0133s ]
SQL: SELECT * FROM `meiui_user` WHERE ( id="1" ) LIMIT 1   [ RunTime:0.0004s ]
INFO: [ app_end ] --START--
INFO: Run Behavior\ShowPageTraceBehavior [ RunTime:0.000640s ]
INFO: [ app_end ] --END-- [ RunTime:0.000754s ]

[ 2018-09-25T10:25:37+08:00 ] 127.0.0.1 /index.php/Home/Mui/mui?user_id=155
INFO: [ app_init ] --START--
INFO: Run Behavior\BuildLiteBehavior [ RunTime:0.000025s ]
INFO: [ app_init ] --END-- [ RunTime:0.000472s ]
INFO: [ app_begin ] --START--
INFO: Run Behavior\ReadHtmlCacheBehavior [ RunTime:0.000779s ]
INFO: [ app_begin ] --END-- [ RunTime:0.000960s ]
SQL: SHOW COLUMNS FROM `meiui_user` [ RunTime:0.0023s ]
SQL: SELECT * FROM `meiui_user` WHERE ( id="3" ) LIMIT 1   [ RunTime:0.0003s ]
INFO: [ app_end ] --START--
INFO: Run Behavior\ShowPageTraceBehavior [ RunTime:0.000661s ]
INFO: [ app_end ] --END-- [ RunTime:0.000764s ]

[ 2018-09-25T10:36:25+08:00 ] 127.0.0.1 /index.php/Home/Mui/mui?user_id=155
INFO: [ app_init ] --START--
INFO: Run Behavior\BuildLiteBehavior [ RunTime:0.000025s ]
INFO: [ app_init ] --END-- [ RunTime:0.000432s ]
INFO: [ app_begin ] --START--
INFO: Run Behavior\ReadHtmlCacheBehavior [ RunTime:0.000542s ]
INFO: [ app_begin ] --END-- [ RunTime:0.000650s ]

[ 2018-09-25T10:36:41+08:00 ] 127.0.0.1 /index.php/Home/Mui/mui?user_id=155
INFO: [ app_init ] --START--
INFO: Run Behavior\BuildLiteBehavior [ RunTime:0.000026s ]
INFO: [ app_init ] --END-- [ RunTime:0.000379s ]
INFO: [ app_begin ] --START--
INFO: Run Behavior\ReadHtmlCacheBehavior [ RunTime:0.000484s ]
INFO: [ app_begin ] --END-- [ RunTime:0.000591s ]
SQL: SHOW COLUMNS FROM `meiui_user` [ RunTime:0.0045s ]
SQL: SELECT * FROM `meiui_user` WHERE ( id="3" ) LIMIT 1   [ RunTime:0.0004s ]
SQL: SELECT * FROM `meiui_user` WHERE ( 155 ) LIMIT 1   [ RunTime:0.0002s ]
INFO: [ app_end ] --START--
INFO: Run Behavior\ShowPageTraceBehavior [ RunTime:0.000900s ]
INFO: [ app_end ] --END-- [ RunTime:0.001031s ]

[ 2018-09-25T10:37:46+08:00 ] 127.0.0.1 /index.php/Home/Mui/mui?user_id=155
INFO: [ app_init ] --START--
INFO: Run Behavior\BuildLiteBehavior [ RunTime:0.000025s ]
INFO: [ app_init ] --END-- [ RunTime:0.000392s ]
INFO: [ app_begin ] --START--
INFO: Run Behavior\ReadHtmlCacheBehavior [ RunTime:0.000444s ]
INFO: [ app_begin ] --END-- [ RunTime:0.000551s ]
SQL: SHOW COLUMNS FROM `meiui_user` [ RunTime:0.0025s ]
SQL: SELECT * FROM `meiui_user` WHERE ( id="3" ) LIMIT 1   [ RunTime:0.0003s ]
SQL: SELECT * FROM `meiui_user` WHERE ( 155 ) LIMIT 1   [ RunTime:0.0002s ]
INFO: [ app_end ] --START--
INFO: Run Behavior\ShowPageTraceBehavior [ RunTime:0.000548s ]
INFO: [ app_end ] --END-- [ RunTime:0.000651s ]

[ 2018-09-25T10:39:35+08:00 ] 127.0.0.1 /index.php/Home/Mui/mui?user_id=155
INFO: [ app_init ] --START--
INFO: Run Behavior\BuildLiteBehavior [ RunTime:0.000025s ]
INFO: [ app_init ] --END-- [ RunTime:0.000437s ]
INFO: [ app_begin ] --START--
INFO: Run Behavior\ReadHtmlCacheBehavior [ RunTime:0.000553s ]
INFO: [ app_begin ] --END-- [ RunTime:0.000661s ]
SQL: SHOW COLUMNS FROM `meiui_user` [ RunTime:0.0024s ]
SQL: SELECT * FROM `meiui_user` WHERE ( id="3" ) LIMIT 1   [ RunTime:0.0003s ]
SQL: SELECT * FROM `meiui_user` WHERE ( 155 ) LIMIT 1   [ RunTime:0.0002s ]
SQL: SELECT * FROM `meiui_user` WHERE ( 155 ) LIMIT 1   [ RunTime:0.0002s ]
INFO: [ app_end ] --START--
INFO: Run Behavior\ShowPageTraceBehavior [ RunTime:0.000700s ]
INFO: [ app_end ] --END-- [ RunTime:0.000806s ]

[ 2018-09-25T10:40:35+08:00 ] 127.0.0.1 /index.php/Home/Mui/mui?user_id=155
INFO: [ app_init ] --START--
INFO: Run Behavior\BuildLiteBehavior [ RunTime:0.000024s ]
INFO: [ app_init ] --END-- [ RunTime:0.000370s ]
INFO: [ app_begin ] --START--
INFO: Run Behavior\ReadHtmlCacheBehavior [ RunTime:0.000438s ]
INFO: [ app_begin ] --END-- [ RunTime:0.000595s ]
SQL: SHOW COLUMNS FROM `meiui_user` [ RunTime:0.0027s ]
SQL: SELECT * FROM `meiui_user` WHERE ( id="3" ) LIMIT 1   [ RunTime:0.0003s ]
SQL: SELECT * FROM `meiui_user` WHERE ( 155 ) LIMIT 1   [ RunTime:0.0002s ]
SQL: SELECT * FROM `meiui_user` WHERE ( 155 ) LIMIT 1   [ RunTime:0.0002s ]
INFO: [ app_end ] --START--
INFO: Run Behavior\ShowPageTraceBehavior [ RunTime:0.000574s ]
INFO: [ app_end ] --END-- [ RunTime:0.000676s ]

[ 2018-09-25T10:40:37+08:00 ] 127.0.0.1 /index.php/Home/Mui/mui?user_id=155
INFO: [ app_init ] --START--
INFO: Run Behavior\BuildLiteBehavior [ RunTime:0.000062s ]
INFO: [ app_init ] --END-- [ RunTime:0.001157s ]
INFO: [ app_begin ] --START--
INFO: Run Behavior\ReadHtmlCacheBehavior [ RunTime:0.001079s ]
INFO: [ app_begin ] --END-- [ RunTime:0.001377s ]
SQL: SHOW COLUMNS FROM `meiui_user` [ RunTime:0.0019s ]
SQL: SELECT * FROM `meiui_user` WHERE ( id="3" ) LIMIT 1   [ RunTime:0.0004s ]
SQL: SELECT * FROM `meiui_user` WHERE ( 155 ) LIMIT 1   [ RunTime:0.0002s ]
SQL: SELECT * FROM `meiui_user` WHERE ( 155 ) LIMIT 1   [ RunTime:0.0002s ]
INFO: [ app_end ] --START--
INFO: Run Behavior\ShowPageTraceBehavior [ RunTime:0.000725s ]
INFO: [ app_end ] --END-- [ RunTime:0.000838s ]

[ 2018-09-25T10:40:47+08:00 ] 127.0.0.1 /index.php/Home/Mui/mui?user_id=155
INFO: [ app_init ] --START--
INFO: Run Behavior\BuildLiteBehavior [ RunTime:0.000102s ]
INFO: [ app_init ] --END-- [ RunTime:0.000486s ]
INFO: [ app_begin ] --START--
INFO: Run Behavior\ReadHtmlCacheBehavior [ RunTime:0.000441s ]
INFO: [ app_begin ] --END-- [ RunTime:0.000549s ]
SQL: SHOW COLUMNS FROM `meiui_user` [ RunTime:0.0022s ]
SQL: SELECT * FROM `meiui_user` WHERE ( id="3" ) LIMIT 1   [ RunTime:0.0003s ]
SQL: SELECT * FROM `meiui_user` WHERE ( id=4 ) LIMIT 1   [ RunTime:0.0002s ]
SQL: SELECT * FROM `meiui_user` WHERE ( 155 ) LIMIT 1   [ RunTime:0.0002s ]
INFO: [ app_end ] --START--
INFO: Run Behavior\ShowPageTraceBehavior [ RunTime:0.000559s ]
INFO: [ app_end ] --END-- [ RunTime:0.000695s ]

[ 2018-09-25T10:41:57+08:00 ] 127.0.0.1 /index.php/Home/Mui/mui?user_id=155
INFO: [ app_init ] --START--
INFO: Run Behavior\BuildLiteBehavior [ RunTime:0.000027s ]
INFO: [ app_init ] --END-- [ RunTime:0.001079s ]
INFO: [ app_begin ] --START--
INFO: Run Behavior\ReadHtmlCacheBehavior [ RunTime:0.000669s ]
INFO: [ app_begin ] --END-- [ RunTime:0.000833s ]
SQL: SHOW COLUMNS FROM `meiui_user` [ RunTime:0.0022s ]
SQL: SELECT * FROM `meiui_user` WHERE ( id="3" ) LIMIT 1   [ RunTime:0.0002s ]
SQL: SELECT * FROM `meiui_user` WHERE ( 155=155 ) LIMIT 1   [ RunTime:0.0002s ]
SQL: SELECT * FROM `meiui_user` WHERE ( 155 ) LIMIT 1   [ RunTime:0.0002s ]
INFO: [ app_end ] --START--
INFO: Run Behavior\ShowPageTraceBehavior [ RunTime:0.000669s ]
INFO: [ app_end ] --END-- [ RunTime:0.000772s ]

[ 2018-09-25T10:42:10+08:00 ] 127.0.0.1 /index.php/Home/Mui/mui?user_id=155
INFO: [ app_init ] --START--
INFO: Run Behavior\BuildLiteBehavior [ RunTime:0.000024s ]
INFO: [ app_init ] --END-- [ RunTime:0.000406s ]
INFO: [ app_begin ] --START--
INFO: Run Behavior\ReadHtmlCacheBehavior [ RunTime:0.000435s ]
INFO: [ app_begin ] --END-- [ RunTime:0.000560s ]
SQL: SHOW COLUMNS FROM `meiui_user` [ RunTime:0.0029s ]
SQL: SELECT * FROM `meiui_user` WHERE ( id="3" ) LIMIT 1   [ RunTime:0.0003s ]
NOTIC: [2] Invalid argument supplied for foreach() G:\tp\first\ThinkPHP\Library\Think\Db\Driver.class.php 第 504 行.
SQL: SELECT * FROM `meiui_user` LIMIT 1   [ RunTime:0.0002s ]
SQL: SELECT * FROM `meiui_user` WHERE ( 155 ) LIMIT 1   [ RunTime:0.0002s ]
INFO: [ app_end ] --START--
INFO: Run Behavior\ShowPageTraceBehavior [ RunTime:0.000752s ]
INFO: [ app_end ] --END-- [ RunTime:0.000884s ]

[ 2018-09-25T10:42:12+08:00 ] 127.0.0.1 /index.php/Home/Mui/mui?user_id=155
INFO: [ app_init ] --START--
INFO: Run Behavior\BuildLiteBehavior [ RunTime:0.000026s ]
INFO: [ app_init ] --END-- [ RunTime:0.000422s ]
INFO: [ app_begin ] --START--
INFO: Run Behavior\ReadHtmlCacheBehavior [ RunTime:0.000476s ]
INFO: [ app_begin ] --END-- [ RunTime:0.000600s ]
SQL: SHOW COLUMNS FROM `meiui_user` [ RunTime:0.0022s ]
SQL: SELECT * FROM `meiui_user` WHERE ( id="3" ) LIMIT 1   [ RunTime:0.0004s ]
NOTIC: [2] Invalid argument supplied for foreach() G:\tp\first\ThinkPHP\Library\Think\Db\Driver.class.php 第 504 行.
SQL: SELECT * FROM `meiui_user` LIMIT 1   [ RunTime:0.0003s ]
SQL: SELECT * FROM `meiui_user` WHERE ( 155 ) LIMIT 1   [ RunTime:0.0002s ]
INFO: [ app_end ] --START--
INFO: Run Behavior\ShowPageTraceBehavior [ RunTime:0.000799s ]
INFO: [ app_end ] --END-- [ RunTime:0.000936s ]

[ 2018-09-25T10:44:15+08:00 ] 127.0.0.1 /index.php/Home/Mui/mui?user_id=155
INFO: [ app_init ] --START--
INFO: Run Behavior\BuildLiteBehavior [ RunTime:0.000024s ]
INFO: [ app_init ] --END-- [ RunTime:0.000407s ]
INFO: [ app_begin ] --START--
INFO: Run Behavior\ReadHtmlCacheBehavior [ RunTime:0.001326s ]
INFO: [ app_begin ] --END-- [ RunTime:0.001588s ]
SQL: SHOW COLUMNS FROM `meiui_user` [ RunTime:0.0023s ]
SQL: SELECT * FROM `meiui_user` WHERE ( id="3" ) LIMIT 1   [ RunTime:0.0003s ]
NOTIC: [2] Invalid argument supplied for foreach() G:\tp\first\ThinkPHP\Library\Think\Db\Driver.class.php 第 504 行.
SQL: SELECT * FROM `meiui_user` LIMIT 1   [ RunTime:0.0002s ]
SQL: SELECT * FROM `meiui_user` WHERE ( 155 ) LIMIT 1   [ RunTime:0.0002s ]
INFO: [ app_end ] --START--
INFO: Run Behavior\ShowPageTraceBehavior [ RunTime:0.000671s ]
INFO: [ app_end ] --END-- [ RunTime:0.000787s ]

[ 2018-09-25T10:45:14+08:00 ] 127.0.0.1 /index.php/Home/Mui/mui?user_id=155
INFO: [ app_init ] --START--
INFO: Run Behavior\BuildLiteBehavior [ RunTime:0.000025s ]
INFO: [ app_init ] --END-- [ RunTime:0.000374s ]
INFO: [ app_begin ] --START--
INFO: Run Behavior\ReadHtmlCacheBehavior [ RunTime:0.000459s ]
INFO: [ app_begin ] --END-- [ RunTime:0.000565s ]
SQL: SHOW COLUMNS FROM `meiui_user` [ RunTime:0.0026s ]
SQL: SELECT * FROM `meiui_user` WHERE ( id="3" ) LIMIT 1   [ RunTime:0.0004s ]
SQL: SELECT * FROM `meiui_user` WHERE ( 155 ) LIMIT 1   [ RunTime:0.0002s ]
SQL: SELECT * FROM `meiui_user` WHERE ( 155 ) LIMIT 1   [ RunTime:0.0002s ]
INFO: [ app_end ] --START--
INFO: Run Behavior\ShowPageTraceBehavior [ RunTime:0.000588s ]
INFO: [ app_end ] --END-- [ RunTime:0.000693s ]

[ 2018-09-25T10:45:16+08:00 ] 127.0.0.1 /index.php/Home/Mui/mui?user_id=155
INFO: [ app_init ] --START--
INFO: Run Behavior\BuildLiteBehavior [ RunTime:0.000025s ]
INFO: [ app_init ] --END-- [ RunTime:0.000371s ]
INFO: [ app_begin ] --START--
INFO: Run Behavior\ReadHtmlCacheBehavior [ RunTime:0.000439s ]
INFO: [ app_begin ] --END-- [ RunTime:0.000588s ]
SQL: SHOW COLUMNS FROM `meiui_user` [ RunTime:0.0022s ]
SQL: SELECT * FROM `meiui_user` WHERE ( id="3" ) LIMIT 1   [ RunTime:0.0003s ]
SQL: SELECT * FROM `meiui_user` WHERE ( 155 ) LIMIT 1   [ RunTime:0.0002s ]
SQL: SELECT * FROM `meiui_user` WHERE ( 155 ) LIMIT 1   [ RunTime:0.0002s ]
INFO: [ app_end ] --START--
INFO: Run Behavior\ShowPageTraceBehavior [ RunTime:0.000574s ]
INFO: [ app_end ] --END-- [ RunTime:0.000676s ]

[ 2018-09-25T10:45:17+08:00 ] 127.0.0.1 /index.php/Home/Mui/mui?user_id=155
INFO: [ app_init ] --START--
INFO: Run Behavior\BuildLiteBehavior [ RunTime:0.000039s ]
INFO: [ app_init ] --END-- [ RunTime:0.000563s ]
INFO: [ app_begin ] --START--
INFO: Run Behavior\ReadHtmlCacheBehavior [ RunTime:0.000516s ]
INFO: [ app_begin ] --END-- [ RunTime:0.000627s ]
SQL: SHOW COLUMNS FROM `meiui_user` [ RunTime:0.0022s ]
SQL: SELECT * FROM `meiui_user` WHERE ( id="3" ) LIMIT 1   [ RunTime:0.0002s ]
SQL: SELECT * FROM `meiui_user` WHERE ( 155 ) LIMIT 1   [ RunTime:0.0002s ]
SQL: SELECT * FROM `meiui_user` WHERE ( 155 ) LIMIT 1   [ RunTime:0.0004s ]
INFO: [ app_end ] --START--
INFO: Run Behavior\ShowPageTraceBehavior [ RunTime:0.000617s ]
INFO: [ app_end ] --END-- [ RunTime:0.000737s ]

[ 2018-09-25T10:46:37+08:00 ] 127.0.0.1 /index.php/Home/Mui/mui?user_id=155
INFO: [ app_init ] --START--
INFO: Run Behavior\BuildLiteBehavior [ RunTime:0.000026s ]
INFO: [ app_init ] --END-- [ RunTime:0.000493s ]
INFO: [ app_begin ] --START--
INFO: Run Behavior\ReadHtmlCacheBehavior [ RunTime:0.000635s ]
INFO: [ app_begin ] --END-- [ RunTime:0.000765s ]
SQL: SHOW COLUMNS FROM `meiui_user` [ RunTime:0.0023s ]
SQL: SELECT * FROM `meiui_user` WHERE ( id="3" ) LIMIT 1   [ RunTime:0.0003s ]
SQL: SELECT * FROM `meiui_user` WHERE ( id=155 ) LIMIT 1   [ RunTime:0.0002s ]
SQL: SELECT * FROM `meiui_user` WHERE ( 155 ) LIMIT 1   [ RunTime:0.0002s ]
INFO: [ app_end ] --START--
INFO: Run Behavior\ShowPageTraceBehavior [ RunTime:0.000697s ]
INFO: [ app_end ] --END-- [ RunTime:0.000801s ]

[ 2018-09-25T10:46:50+08:00 ] 127.0.0.1 /index.php/Home/Mui/mui?user_id=155
INFO: [ app_init ] --START--
INFO: Run Behavior\BuildLiteBehavior [ RunTime:0.000024s ]
INFO: [ app_init ] --END-- [ RunTime:0.000367s ]
INFO: [ app_begin ] --START--
INFO: Run Behavior\ReadHtmlCacheBehavior [ RunTime:0.001437s ]
INFO: [ app_begin ] --END-- [ RunTime:0.001673s ]
SQL: SHOW COLUMNS FROM `meiui_user` [ RunTime:0.0023s ]
SQL: SELECT * FROM `meiui_user` WHERE ( id="3" ) LIMIT 1   [ RunTime:0.0003s ]
SQL: SELECT * FROM `meiui_user` WHERE ( id=155 ) LIMIT 1   [ RunTime:0.0002s ]
INFO: [ app_end ] --START--
INFO: Run Behavior\ShowPageTraceBehavior [ RunTime:0.000607s ]
INFO: [ app_end ] --END-- [ RunTime:0.000718s ]

[ 2018-09-25T10:54:15+08:00 ] 127.0.0.1 /index.php/Home/Mui/mui?user_id=155
INFO: [ app_init ] --START--
INFO: Run Behavior\BuildLiteBehavior [ RunTime:0.000027s ]
INFO: [ app_init ] --END-- [ RunTime:0.000564s ]
INFO: [ app_begin ] --START--
INFO: Run Behavior\ReadHtmlCacheBehavior [ RunTime:0.000747s ]
INFO: [ app_begin ] --END-- [ RunTime:0.000924s ]
SQL: SHOW COLUMNS FROM `meiui_user` [ RunTime:0.0025s ]
SQL: SELECT * FROM `meiui_user` WHERE ( id="3" ) LIMIT 1   [ RunTime:0.0006s ]
SQL: SELECT * FROM `meiui_user` WHERE ( id=155 ) LIMIT 1   [ RunTime:0.0002s ]
INFO: [ app_end ] --START--
INFO: Run Behavior\ShowPageTraceBehavior [ RunTime:0.000643s ]
INFO: [ app_end ] --END-- [ RunTime:0.000769s ]

[ 2018-09-25T16:53:02+08:00 ] 127.0.0.1 /index.php/Home/Search/user
INFO: [ app_init ] --START--
INFO: Run Behavior\BuildLiteBehavior [ RunTime:0.000031s ]
INFO: [ app_init ] --END-- [ RunTime:0.033191s ]
INFO: [ app_begin ] --START--
INFO: Run Behavior\ReadHtmlCacheBehavior [ RunTime:0.000975s ]
INFO: [ app_begin ] --END-- [ RunTime:0.001110s ]
INFO: [ app_end ] --START--
INFO: Run Behavior\ShowPageTraceBehavior [ RunTime:0.029327s ]
INFO: [ app_end ] --END-- [ RunTime:0.029500s ]

[ 2018-09-25T16:53:08+08:00 ] 127.0.0.1 /index.php/Home/Mui/mui
INFO: [ app_init ] --START--
INFO: Run Behavior\BuildLiteBehavior [ RunTime:0.000024s ]
INFO: [ app_init ] --END-- [ RunTime:0.000403s ]
INFO: [ app_begin ] --START--
INFO: Run Behavior\ReadHtmlCacheBehavior [ RunTime:0.000467s ]
INFO: [ app_begin ] --END-- [ RunTime:0.000585s ]
NOTIC: [8] Undefined index: user_id G:\tp\first\Application\Home\Controller\MuiController.class.php 第 14 行.
SQL: SHOW COLUMNS FROM `meiui_user` [ RunTime:0.1267s ]
SQL: SELECT * FROM `meiui_user` WHERE ( id="3" ) LIMIT 1   [ RunTime:0.0120s ]
ERR: 1064:You have an error in your SQL syntax; check the manual that corresponds to your MySQL server version for the right syntax to use near ') LIMIT 1' at line 1
 [ SQL语句 ] : SELECT * FROM `meiui_user` WHERE ( id= ) LIMIT 1  
ERR: 1064:You have an error in your SQL syntax; check the manual that corresponds to your MySQL server version for the right syntax to use near ') LIMIT 1' at line 1
 [ SQL语句 ] : SELECT * FROM `meiui_user` WHERE ( id= ) LIMIT 1  

[ 2018-09-25T16:53:25+08:00 ] 127.0.0.1 /index.php/Home/Mui/mui
INFO: [ app_init ] --START--
INFO: Run Behavior\BuildLiteBehavior [ RunTime:0.000024s ]
INFO: [ app_init ] --END-- [ RunTime:0.000374s ]
INFO: [ app_begin ] --START--
INFO: Run Behavior\ReadHtmlCacheBehavior [ RunTime:0.000509s ]
INFO: [ app_begin ] --END-- [ RunTime:0.000627s ]
NOTIC: [8] Undefined index: user_id G:\tp\first\Application\Home\Controller\MuiController.class.php 第 14 行.
SQL: SHOW COLUMNS FROM `meiui_user` [ RunTime:0.0026s ]
SQL: SELECT * FROM `meiui_user` WHERE ( id="3" ) LIMIT 1   [ RunTime:0.0004s ]
ERR: 1064:You have an error in your SQL syntax; check the manual that corresponds to your MySQL server version for the right syntax to use near ') LIMIT 1' at line 1
 [ SQL语句 ] : SELECT * FROM `meiui_user` WHERE ( id= ) LIMIT 1  
ERR: 1064:You have an error in your SQL syntax; check the manual that corresponds to your MySQL server version for the right syntax to use near ') LIMIT 1' at line 1
 [ SQL语句 ] : SELECT * FROM `meiui_user` WHERE ( id= ) LIMIT 1  

[ 2018-09-25T16:53:30+08:00 ] 127.0.0.1 /index.php/Home/Mui/mui
INFO: [ app_init ] --START--
INFO: Run Behavior\BuildLiteBehavior [ RunTime:0.000087s ]
INFO: [ app_init ] --END-- [ RunTime:0.001919s ]
INFO: [ app_begin ] --START--
INFO: Run Behavior\ReadHtmlCacheBehavior [ RunTime:0.000585s ]
INFO: [ app_begin ] --END-- [ RunTime:0.000755s ]
NOTIC: [8] Undefined index: user_id G:\tp\first\Application\Home\Controller\MuiController.class.php 第 14 行.
SQL: SHOW COLUMNS FROM `meiui_user` [ RunTime:0.0027s ]
SQL: SELECT * FROM `meiui_user` WHERE ( id="3" ) LIMIT 1   [ RunTime:0.0017s ]
ERR: 1064:You have an error in your SQL syntax; check the manual that corresponds to your MySQL server version for the right syntax to use near ') LIMIT 1' at line 1
 [ SQL语句 ] : SELECT * FROM `meiui_user` WHERE ( id= ) LIMIT 1  
ERR: 1064:You have an error in your SQL syntax; check the manual that corresponds to your MySQL server version for the right syntax to use near ') LIMIT 1' at line 1
 [ SQL语句 ] : SELECT * FROM `meiui_user` WHERE ( id= ) LIMIT 1  

[ 2018-09-25T16:53:39+08:00 ] 127.0.0.1 /index.php/Home/Mui/mui
INFO: [ app_init ] --START--
INFO: Run Behavior\BuildLiteBehavior [ RunTime:0.000026s ]
INFO: [ app_init ] --END-- [ RunTime:0.000426s ]
INFO: [ app_begin ] --START--
INFO: Run Behavior\ReadHtmlCacheBehavior [ RunTime:0.000637s ]
INFO: [ app_begin ] --END-- [ RunTime:0.000776s ]
NOTIC: [8] Undefined index: user_id G:\tp\first\Application\Home\Controller\MuiController.class.php 第 14 行.
SQL: SHOW COLUMNS FROM `meiui_user` [ RunTime:0.0040s ]
SQL: SELECT * FROM `meiui_user` WHERE ( id="3" ) LIMIT 1   [ RunTime:0.0003s ]
ERR: 1064:You have an error in your SQL syntax; check the manual that corresponds to your MySQL server version for the right syntax to use near ') LIMIT 1' at line 1
 [ SQL语句 ] : SELECT * FROM `meiui_user` WHERE ( id= ) LIMIT 1  
ERR: 1064:You have an error in your SQL syntax; check the manual that corresponds to your MySQL server version for the right syntax to use near ') LIMIT 1' at line 1
 [ SQL语句 ] : SELECT * FROM `meiui_user` WHERE ( id= ) LIMIT 1  

[ 2018-09-25T16:53:41+08:00 ] 127.0.0.1 /index.php/Home/Mui/mui
INFO: [ app_init ] --START--
INFO: Run Behavior\BuildLiteBehavior [ RunTime:0.000024s ]
INFO: [ app_init ] --END-- [ RunTime:0.000370s ]
INFO: [ app_begin ] --START--
INFO: Run Behavior\ReadHtmlCacheBehavior [ RunTime:0.000461s ]
INFO: [ app_begin ] --END-- [ RunTime:0.000568s ]
NOTIC: [8] Undefined index: user_id G:\tp\first\Application\Home\Controller\MuiController.class.php 第 14 行.
SQL: SHOW COLUMNS FROM `meiui_user` [ RunTime:0.0025s ]
SQL: SELECT * FROM `meiui_user` WHERE ( id="3" ) LIMIT 1   [ RunTime:0.0004s ]
ERR: 1064:You have an error in your SQL syntax; check the manual that corresponds to your MySQL server version for the right syntax to use near ') LIMIT 1' at line 1
 [ SQL语句 ] : SELECT * FROM `meiui_user` WHERE ( id= ) LIMIT 1  
ERR: 1064:You have an error in your SQL syntax; check the manual that corresponds to your MySQL server version for the right syntax to use near ') LIMIT 1' at line 1
 [ SQL语句 ] : SELECT * FROM `meiui_user` WHERE ( id= ) LIMIT 1  

[ 2018-09-25T16:53:46+08:00 ] 127.0.0.1 /index.php/Home/Mui/mui
INFO: [ app_init ] --START--
INFO: Run Behavior\BuildLiteBehavior [ RunTime:0.000025s ]
INFO: [ app_init ] --END-- [ RunTime:0.000422s ]
INFO: [ app_begin ] --START--
INFO: Run Behavior\ReadHtmlCacheBehavior [ RunTime:0.000476s ]
INFO: [ app_begin ] --END-- [ RunTime:0.000598s ]
NOTIC: [8] Undefined index: user_id G:\tp\first\Application\Home\Controller\MuiController.class.php 第 14 行.
SQL: SHOW COLUMNS FROM `meiui_user` [ RunTime:0.0021s ]
SQL: SELECT * FROM `meiui_user` WHERE ( id="3" ) LIMIT 1   [ RunTime:0.0003s ]
ERR: 1064:You have an error in your SQL syntax; check the manual that corresponds to your MySQL server version for the right syntax to use near ') LIMIT 1' at line 1
 [ SQL语句 ] : SELECT * FROM `meiui_user` WHERE ( id= ) LIMIT 1  
ERR: 1064:You have an error in your SQL syntax; check the manual that corresponds to your MySQL server version for the right syntax to use near ') LIMIT 1' at line 1
 [ SQL语句 ] : SELECT * FROM `meiui_user` WHERE ( id= ) LIMIT 1  

[ 2018-09-25T16:54:08+08:00 ] 127.0.0.1 /index.php/Home/Mui/mui
INFO: [ app_init ] --START--
INFO: Run Behavior\BuildLiteBehavior [ RunTime:0.000025s ]
INFO: [ app_init ] --END-- [ RunTime:0.000384s ]
INFO: [ app_begin ] --START--
INFO: Run Behavior\ReadHtmlCacheBehavior [ RunTime:0.000456s ]
INFO: [ app_begin ] --END-- [ RunTime:0.000561s ]
NOTIC: [8] Undefined index: user_id G:\tp\first\Application\Home\Controller\MuiController.class.php 第 14 行.
SQL: SHOW COLUMNS FROM `meiui_user` [ RunTime:0.0030s ]
SQL: SELECT * FROM `meiui_user` WHERE ( id="3" ) LIMIT 1   [ RunTime:0.0003s ]
ERR: 1064:You have an error in your SQL syntax; check the manual that corresponds to your MySQL server version for the right syntax to use near ') LIMIT 1' at line 1
 [ SQL语句 ] : SELECT * FROM `meiui_user` WHERE ( id= ) LIMIT 1  
ERR: 1064:You have an error in your SQL syntax; check the manual that corresponds to your MySQL server version for the right syntax to use near ') LIMIT 1' at line 1
 [ SQL语句 ] : SELECT * FROM `meiui_user` WHERE ( id= ) LIMIT 1  

[ 2018-09-25T16:54:42+08:00 ] 127.0.0.1 /index.php/Home/Mui/mui
INFO: [ app_init ] --START--
INFO: Run Behavior\BuildLiteBehavior [ RunTime:0.000024s ]
INFO: [ app_init ] --END-- [ RunTime:0.000405s ]
INFO: [ app_begin ] --START--
INFO: Run Behavior\ReadHtmlCacheBehavior [ RunTime:0.000434s ]
INFO: [ app_begin ] --END-- [ RunTime:0.000541s ]
NOTIC: [8] Undefined index: user_id G:\tp\first\Application\Home\Controller\MuiController.class.php 第 14 行.
SQL: SHOW COLUMNS FROM `meiui_user` [ RunTime:0.0030s ]
SQL: SELECT * FROM `meiui_user` WHERE ( id="3" ) LIMIT 1   [ RunTime:0.0003s ]
ERR: 1064:You have an error in your SQL syntax; check the manual that corresponds to your MySQL server version for the right syntax to use near ') LIMIT 1' at line 1
 [ SQL语句 ] : SELECT * FROM `meiui_user` WHERE ( id= ) LIMIT 1  
ERR: 1064:You have an error in your SQL syntax; check the manual that corresponds to your MySQL server version for the right syntax to use near ') LIMIT 1' at line 1
 [ SQL语句 ] : SELECT * FROM `meiui_user` WHERE ( id= ) LIMIT 1  

[ 2018-09-25T16:54:49+08:00 ] 127.0.0.1 /index.php/Home/Mui/mui?user_id=155
INFO: [ app_init ] --START--
INFO: Run Behavior\BuildLiteBehavior [ RunTime:0.000041s ]
INFO: [ app_init ] --END-- [ RunTime:0.000592s ]
INFO: [ app_begin ] --START--
INFO: Run Behavior\ReadHtmlCacheBehavior [ RunTime:0.000818s ]
INFO: [ app_begin ] --END-- [ RunTime:0.001030s ]
SQL: SHOW COLUMNS FROM `meiui_user` [ RunTime:0.0023s ]
SQL: SELECT * FROM `meiui_user` WHERE ( id="3" ) LIMIT 1   [ RunTime:0.0003s ]
SQL: SELECT * FROM `meiui_user` WHERE ( id=155 ) LIMIT 1   [ RunTime:0.0002s ]
INFO: [ app_end ] --START--
INFO: Run Behavior\ShowPageTraceBehavior [ RunTime:0.000832s ]
INFO: [ app_end ] --END-- [ RunTime:0.000982s ]

[ 2018-09-25T19:41:22+08:00 ] 127.0.0.1 /
INFO: [ app_init ] --START--
INFO: Run Behavior\BuildLiteBehavior [ RunTime:0.000027s ]
INFO: [ app_init ] --END-- [ RunTime:0.000605s ]
INFO: [ app_begin ] --START--
INFO: Run Behavior\ReadHtmlCacheBehavior [ RunTime:0.000678s ]
INFO: [ app_begin ] --END-- [ RunTime:0.000796s ]
INFO: [ view_parse ] --START--
INFO: Run Behavior\ParseTemplateBehavior [ RunTime:0.001132s ]
INFO: [ view_parse ] --END-- [ RunTime:0.001304s ]
INFO: [ view_filter ] --START--
INFO: Run Behavior\WriteHtmlCacheBehavior [ RunTime:0.001573s ]
INFO: [ view_filter ] --END-- [ RunTime:0.001708s ]
INFO: [ app_end ] --START--
INFO: Run Behavior\ShowPageTraceBehavior [ RunTime:0.000735s ]
INFO: [ app_end ] --END-- [ RunTime:0.000837s ]

[ 2018-09-25T19:41:28+08:00 ] 127.0.0.1 /index.php/Home/Search/user
INFO: [ app_init ] --START--
INFO: Run Behavior\BuildLiteBehavior [ RunTime:0.000044s ]
INFO: [ app_init ] --END-- [ RunTime:0.000669s ]
INFO: [ app_begin ] --START--
INFO: Run Behavior\ReadHtmlCacheBehavior [ RunTime:0.000743s ]
INFO: [ app_begin ] --END-- [ RunTime:0.001061s ]
INFO: [ app_end ] --START--
INFO: Run Behavior\ShowPageTraceBehavior [ RunTime:0.000587s ]
INFO: [ app_end ] --END-- [ RunTime:0.000722s ]

[ 2018-09-25T19:41:41+08:00 ] 127.0.0.1 /index.php/Home/Tag/tag
INFO: [ app_init ] --START--
INFO: Run Behavior\BuildLiteBehavior [ RunTime:0.000026s ]
INFO: [ app_init ] --END-- [ RunTime:0.000561s ]
INFO: [ app_begin ] --START--
INFO: Run Behavior\ReadHtmlCacheBehavior [ RunTime:0.000577s ]
INFO: [ app_begin ] --END-- [ RunTime:0.000723s ]
SQL: SHOW COLUMNS FROM `meiui_tag` [ RunTime:0.0028s ]
SQL: SELECT * FROM `meiui_tag` WHERE ( id=3 ) LIMIT 1   [ RunTime:0.0012s ]
INFO: [ app_end ] --START--
INFO: Run Behavior\ShowPageTraceBehavior [ RunTime:0.000845s ]
INFO: [ app_end ] --END-- [ RunTime:0.000994s ]

[ 2018-09-25T19:47:42+08:00 ] 127.0.0.1 /index.php/Home/Tag/tag
INFO: [ app_init ] --START--
INFO: Run Behavior\BuildLiteBehavior [ RunTime:0.000026s ]
INFO: [ app_init ] --END-- [ RunTime:0.000585s ]
INFO: [ app_begin ] --START--
INFO: Run Behavior\ReadHtmlCacheBehavior [ RunTime:0.000674s ]
INFO: [ app_begin ] --END-- [ RunTime:0.000814s ]
SQL: SHOW COLUMNS FROM `meiui_tag` [ RunTime:0.0023s ]
SQL: SELECT * FROM `meiui_tag` WHERE ( id=3 ) LIMIT 1   [ RunTime:0.0002s ]
NOTIC: [8] Undefined index: validate G:\tp\first\ThinkPHP\Library\Think\Model.class.php 第 1185 行.
NOTIC: [8] Undefined index: auto G:\tp\first\ThinkPHP\Library\Think\Model.class.php 第 1128 行.
INFO: [ app_end ] --START--
INFO: Run Behavior\ShowPageTraceBehavior [ RunTime:0.000696s ]
INFO: [ app_end ] --END-- [ RunTime:0.000807s ]

[ 2018-09-25T19:52:43+08:00 ] 127.0.0.1 /index.php/Home/Tag/tag
INFO: [ app_init ] --START--
INFO: Run Behavior\BuildLiteBehavior [ RunTime:0.000027s ]
INFO: [ app_init ] --END-- [ RunTime:0.000595s ]
INFO: [ app_begin ] --START--
INFO: Run Behavior\ReadHtmlCacheBehavior [ RunTime:0.000704s ]
INFO: [ app_begin ] --END-- [ RunTime:0.000874s ]
SQL: SHOW COLUMNS FROM `meiui_tag` [ RunTime:0.0023s ]
SQL: SELECT * FROM `meiui_tag` WHERE ( id=3 ) LIMIT 1   [ RunTime:0.0002s ]
NOTIC: [8] Undefined index: validate G:\tp\first\ThinkPHP\Library\Think\Model.class.php 第 1185 行.
NOTIC: [8] Undefined index: auto G:\tp\first\ThinkPHP\Library\Think\Model.class.php 第 1128 行.
INFO: [ app_end ] --START--
INFO: Run Behavior\ShowPageTraceBehavior [ RunTime:0.001123s ]
INFO: [ app_end ] --END-- [ RunTime:0.001282s ]

[ 2018-09-25T19:53:01+08:00 ] 127.0.0.1 /index.php/Home/Tag/tag
INFO: [ app_init ] --START--
INFO: Run Behavior\BuildLiteBehavior [ RunTime:0.000024s ]
INFO: [ app_init ] --END-- [ RunTime:0.000430s ]
INFO: [ app_begin ] --START--
INFO: Run Behavior\ReadHtmlCacheBehavior [ RunTime:0.000566s ]
INFO: [ app_begin ] --END-- [ RunTime:0.000676s ]
SQL: SHOW COLUMNS FROM `meiui_tag` [ RunTime:0.0019s ]
SQL: SELECT * FROM `meiui_tag` WHERE ( id=3 ) LIMIT 1   [ RunTime:0.0002s ]
NOTIC: [8] Undefined index: validate G:\tp\first\ThinkPHP\Library\Think\Model.class.php 第 1185 行.
NOTIC: [8] Undefined index: auto G:\tp\first\ThinkPHP\Library\Think\Model.class.php 第 1128 行.
INFO: [ app_end ] --START--
INFO: Run Behavior\ShowPageTraceBehavior [ RunTime:0.000853s ]
INFO: [ app_end ] --END-- [ RunTime:0.000992s ]

[ 2018-09-25T19:54:50+08:00 ] 127.0.0.1 /index.php/Home/Tag/tag
INFO: [ app_init ] --START--
INFO: Run Behavior\BuildLiteBehavior [ RunTime:0.000024s ]
INFO: [ app_init ] --END-- [ RunTime:0.000381s ]
INFO: [ app_begin ] --START--
INFO: Run Behavior\ReadHtmlCacheBehavior [ RunTime:0.000460s ]
INFO: [ app_begin ] --END-- [ RunTime:0.000567s ]
SQL: SHOW COLUMNS FROM `meiui_tag` [ RunTime:0.0079s ]
SQL: SELECT * FROM `meiui_tag` WHERE ( id=3 ) LIMIT 1   [ RunTime:0.0003s ]
NOTIC: [8] Undefined index: validate G:\tp\first\ThinkPHP\Library\Think\Model.class.php 第 1185 行.
NOTIC: [8] Undefined index: auto G:\tp\first\ThinkPHP\Library\Think\Model.class.php 第 1128 行.
INFO: [ app_end ] --START--
INFO: Run Behavior\ShowPageTraceBehavior [ RunTime:0.000618s ]
INFO: [ app_end ] --END-- [ RunTime:0.000725s ]

[ 2018-09-25T19:59:54+08:00 ] 127.0.0.1 /index.php/Home/Tag/tag
INFO: [ app_init ] --START--
INFO: Run Behavior\BuildLiteBehavior [ RunTime:0.000025s ]
INFO: [ app_init ] --END-- [ RunTime:0.000469s ]
INFO: [ app_begin ] --START--
INFO: Run Behavior\ReadHtmlCacheBehavior [ RunTime:0.000542s ]
INFO: [ app_begin ] --END-- [ RunTime:0.000648s ]
SQL: SHOW COLUMNS FROM `meiui_tag` [ RunTime:0.0564s ]
SQL: SELECT * FROM `meiui_tag` WHERE ( id=3 ) LIMIT 1   [ RunTime:0.0004s ]
NOTIC: [8] Undefined index: validate G:\tp\first\ThinkPHP\Library\Think\Model.class.php 第 1185 行.
NOTIC: [8] Undefined index: auto G:\tp\first\ThinkPHP\Library\Think\Model.class.php 第 1128 行.
SQL: INSERT INTO `meiui_tag` (`id`,`tag_name`,`create_user`,`create_time`,`tag_type`,`using_flag`) VALUES ('9','validate','ly','1453362801','2','1') [ RunTime:0.0274s ]
INFO: [ app_end ] --START--
INFO: Run Behavior\ShowPageTraceBehavior [ RunTime:0.000682s ]
INFO: [ app_end ] --END-- [ RunTime:0.000788s ]

[ 2018-09-25T20:01:15+08:00 ] 127.0.0.1 /index.php/Home/Tag/tag
INFO: [ app_init ] --START--
INFO: Run Behavior\BuildLiteBehavior [ RunTime:0.000027s ]
INFO: [ app_init ] --END-- [ RunTime:0.000392s ]
INFO: [ app_begin ] --START--
INFO: Run Behavior\ReadHtmlCacheBehavior [ RunTime:0.000461s ]
INFO: [ app_begin ] --END-- [ RunTime:0.000571s ]
SQL: SHOW COLUMNS FROM `meiui_tag` [ RunTime:0.0024s ]
SQL: SELECT * FROM `meiui_tag` WHERE ( id=3 ) LIMIT 1   [ RunTime:0.0003s ]
NOTIC: [8] Undefined index: validate G:\tp\first\ThinkPHP\Library\Think\Model.class.php 第 1185 行.
NOTIC: [8] Undefined index: auto G:\tp\first\ThinkPHP\Library\Think\Model.class.php 第 1128 行.
ERR: 1062:Duplicate entry '9' for key 'PRIMARY'
 [ SQL语句 ] : INSERT INTO `meiui_tag` (`id`,`tag_name`,`create_user`,`create_time`,`tag_type`,`using_flag`) VALUES ('9','validate','ly','1537876875','2','1')
ERR: 1062:Duplicate entry '9' for key 'PRIMARY'
 [ SQL语句 ] : INSERT INTO `meiui_tag` (`id`,`tag_name`,`create_user`,`create_time`,`tag_type`,`using_flag`) VALUES ('9','validate','ly','1537876875','2','1')

[ 2018-09-25T20:02:33+08:00 ] 127.0.0.1 /index.php/Home/Tag/tag
INFO: [ app_init ] --START--
INFO: Run Behavior\BuildLiteBehavior [ RunTime:0.000026s ]
INFO: [ app_init ] --END-- [ RunTime:0.000425s ]
INFO: [ app_begin ] --START--
INFO: Run Behavior\ReadHtmlCacheBehavior [ RunTime:0.000570s ]
INFO: [ app_begin ] --END-- [ RunTime:0.000678s ]
SQL: SHOW COLUMNS FROM `meiui_tag` [ RunTime:0.0529s ]
SQL: SELECT * FROM `meiui_tag` WHERE ( id=3 ) LIMIT 1   [ RunTime:0.0003s ]
NOTIC: [8] Undefined index: validate G:\tp\first\ThinkPHP\Library\Think\Model.class.php 第 1185 行.
NOTIC: [8] Undefined index: auto G:\tp\first\ThinkPHP\Library\Think\Model.class.php 第 1128 行.
ERR: 1062:Duplicate entry '9' for key 'PRIMARY'
 [ SQL语句 ] : INSERT INTO `meiui_tag` (`id`,`tag_name`,`create_user`,`create_time`,`tag_type`,`using_flag`) VALUES ('9','validate','ly','0','2','1')
ERR: 1062:Duplicate entry '9' for key 'PRIMARY'
 [ SQL语句 ] : INSERT INTO `meiui_tag` (`id`,`tag_name`,`create_user`,`create_time`,`tag_type`,`using_flag`) VALUES ('9','validate','ly','0','2','1')

[ 2018-09-25T20:02:34+08:00 ] 127.0.0.1 /index.php/Home/Tag/tag
INFO: [ app_init ] --START--
INFO: Run Behavior\BuildLiteBehavior [ RunTime:0.000025s ]
INFO: [ app_init ] --END-- [ RunTime:0.000380s ]
INFO: [ app_begin ] --START--
INFO: Run Behavior\ReadHtmlCacheBehavior [ RunTime:0.000465s ]
INFO: [ app_begin ] --END-- [ RunTime:0.000571s ]
SQL: SHOW COLUMNS FROM `meiui_tag` [ RunTime:0.0412s ]
SQL: SELECT * FROM `meiui_tag` WHERE ( id=3 ) LIMIT 1   [ RunTime:0.0003s ]
NOTIC: [8] Undefined index: validate G:\tp\first\ThinkPHP\Library\Think\Model.class.php 第 1185 行.
NOTIC: [8] Undefined index: auto G:\tp\first\ThinkPHP\Library\Think\Model.class.php 第 1128 行.
ERR: 1062:Duplicate entry '9' for key 'PRIMARY'
 [ SQL语句 ] : INSERT INTO `meiui_tag` (`id`,`tag_name`,`create_user`,`create_time`,`tag_type`,`using_flag`) VALUES ('9','validate','ly','0','2','1')
ERR: 1062:Duplicate entry '9' for key 'PRIMARY'
 [ SQL语句 ] : INSERT INTO `meiui_tag` (`id`,`tag_name`,`create_user`,`create_time`,`tag_type`,`using_flag`) VALUES ('9','validate','ly','0','2','1')

[ 2018-09-25T20:02:42+08:00 ] 127.0.0.1 /index.php/Home/Tag/tag
INFO: [ app_init ] --START--
INFO: Run Behavior\BuildLiteBehavior [ RunTime:0.000025s ]
INFO: [ app_init ] --END-- [ RunTime:0.000370s ]
INFO: [ app_begin ] --START--
INFO: Run Behavior\ReadHtmlCacheBehavior [ RunTime:0.000503s ]
INFO: [ app_begin ] --END-- [ RunTime:0.000609s ]
SQL: SHOW COLUMNS FROM `meiui_tag` [ RunTime:0.0485s ]
SQL: SELECT * FROM `meiui_tag` WHERE ( id=3 ) LIMIT 1   [ RunTime:0.0003s ]
NOTIC: [8] Undefined index: validate G:\tp\first\ThinkPHP\Library\Think\Model.class.php 第 1185 行.
NOTIC: [8] Undefined index: auto G:\tp\first\ThinkPHP\Library\Think\Model.class.php 第 1128 行.
ERR: 1062:Duplicate entry '9' for key 'PRIMARY'
 [ SQL语句 ] : INSERT INTO `meiui_tag` (`id`,`tag_name`,`create_user`,`create_time`,`tag_type`,`using_flag`) VALUES ('9','validate','ly','1453362801','2','1')
ERR: 1062:Duplicate entry '9' for key 'PRIMARY'
 [ SQL语句 ] : INSERT INTO `meiui_tag` (`id`,`tag_name`,`create_user`,`create_time`,`tag_type`,`using_flag`) VALUES ('9','validate','ly','1453362801','2','1')

[ 2018-09-25T20:02:44+08:00 ] 127.0.0.1 /index.php/Home/Tag/tag
INFO: [ app_init ] --START--
INFO: Run Behavior\BuildLiteBehavior [ RunTime:0.000027s ]
INFO: [ app_init ] --END-- [ RunTime:0.000412s ]
INFO: [ app_begin ] --START--
INFO: Run Behavior\ReadHtmlCacheBehavior [ RunTime:0.000488s ]
INFO: [ app_begin ] --END-- [ RunTime:0.000596s ]
SQL: SHOW COLUMNS FROM `meiui_tag` [ RunTime:0.0022s ]
SQL: SELECT * FROM `meiui_tag` WHERE ( id=3 ) LIMIT 1   [ RunTime:0.0002s ]
NOTIC: [8] Undefined index: validate G:\tp\first\ThinkPHP\Library\Think\Model.class.php 第 1185 行.
NOTIC: [8] Undefined index: auto G:\tp\first\ThinkPHP\Library\Think\Model.class.php 第 1128 行.
ERR: 1062:Duplicate entry '9' for key 'PRIMARY'
 [ SQL语句 ] : INSERT INTO `meiui_tag` (`id`,`tag_name`,`create_user`,`create_time`,`tag_type`,`using_flag`) VALUES ('9','validate','ly','1453362801','2','1')
ERR: 1062:Duplicate entry '9' for key 'PRIMARY'
 [ SQL语句 ] : INSERT INTO `meiui_tag` (`id`,`tag_name`,`create_user`,`create_time`,`tag_type`,`using_flag`) VALUES ('9','validate','ly','1453362801','2','1')

[ 2018-09-25T20:02:45+08:00 ] 127.0.0.1 /index.php/Home/Tag/tag
INFO: [ app_init ] --START--
INFO: Run Behavior\BuildLiteBehavior [ RunTime:0.000044s ]
INFO: [ app_init ] --END-- [ RunTime:0.000739s ]
INFO: [ app_begin ] --START--
INFO: Run Behavior\ReadHtmlCacheBehavior [ RunTime:0.000622s ]
INFO: [ app_begin ] --END-- [ RunTime:0.000792s ]
SQL: SHOW COLUMNS FROM `meiui_tag` [ RunTime:0.0025s ]
SQL: SELECT * FROM `meiui_tag` WHERE ( id=3 ) LIMIT 1   [ RunTime:0.0003s ]
NOTIC: [8] Undefined index: validate G:\tp\first\ThinkPHP\Library\Think\Model.class.php 第 1185 行.
NOTIC: [8] Undefined index: auto G:\tp\first\ThinkPHP\Library\Think\Model.class.php 第 1128 行.
ERR: 1062:Duplicate entry '9' for key 'PRIMARY'
 [ SQL语句 ] : INSERT INTO `meiui_tag` (`id`,`tag_name`,`create_user`,`create_time`,`tag_type`,`using_flag`) VALUES ('9','validate','ly','1453362801','2','1')
ERR: 1062:Duplicate entry '9' for key 'PRIMARY'
 [ SQL语句 ] : INSERT INTO `meiui_tag` (`id`,`tag_name`,`create_user`,`create_time`,`tag_type`,`using_flag`) VALUES ('9','validate','ly','1453362801','2','1')

[ 2018-09-25T20:03:00+08:00 ] 127.0.0.1 /index.php/Home/Tag/tag
INFO: [ app_init ] --START--
INFO: Run Behavior\BuildLiteBehavior [ RunTime:0.000039s ]
INFO: [ app_init ] --END-- [ RunTime:0.000552s ]
INFO: [ app_begin ] --START--
INFO: Run Behavior\ReadHtmlCacheBehavior [ RunTime:0.000634s ]
INFO: [ app_begin ] --END-- [ RunTime:0.000818s ]
SQL: SHOW COLUMNS FROM `meiui_tag` [ RunTime:0.0024s ]
SQL: SELECT * FROM `meiui_tag` WHERE ( id=3 ) LIMIT 1   [ RunTime:0.0003s ]
NOTIC: [8] Undefined index: validate G:\tp\first\ThinkPHP\Library\Think\Model.class.php 第 1185 行.
NOTIC: [8] Undefined index: auto G:\tp\first\ThinkPHP\Library\Think\Model.class.php 第 1128 行.
ERR: 1062:Duplicate entry '9' for key 'PRIMARY'
 [ SQL语句 ] : INSERT INTO `meiui_tag` (`id`,`tag_name`,`create_user`,`create_time`,`tag_type`,`using_flag`) VALUES ('9','validate','ly','1453362801','2','1')
ERR: 1062:Duplicate entry '9' for key 'PRIMARY'
 [ SQL语句 ] : INSERT INTO `meiui_tag` (`id`,`tag_name`,`create_user`,`create_time`,`tag_type`,`using_flag`) VALUES ('9','validate','ly','1453362801','2','1')

[ 2018-09-25T20:03:22+08:00 ] 127.0.0.1 /index.php/Home/Tag/tag
INFO: [ app_init ] --START--
INFO: Run Behavior\BuildLiteBehavior [ RunTime:0.000028s ]
INFO: [ app_init ] --END-- [ RunTime:0.000496s ]
INFO: [ app_begin ] --START--
INFO: Run Behavior\ReadHtmlCacheBehavior [ RunTime:0.000469s ]
INFO: [ app_begin ] --END-- [ RunTime:0.000574s ]
SQL: SHOW COLUMNS FROM `meiui_tag` [ RunTime:0.0044s ]
SQL: SELECT * FROM `meiui_tag` WHERE ( id=3 ) LIMIT 1   [ RunTime:0.0012s ]
NOTIC: [8] Undefined index: validate G:\tp\first\ThinkPHP\Library\Think\Model.class.php 第 1185 行.
NOTIC: [8] Undefined index: auto G:\tp\first\ThinkPHP\Library\Think\Model.class.php 第 1128 行.
ERR: 1062:Duplicate entry '9' for key 'PRIMARY'
 [ SQL语句 ] : INSERT INTO `meiui_tag` (`id`,`tag_name`,`create_user`,`create_time`,`tag_type`,`using_flag`) VALUES ('9','validate','ly','1453362801','2','1')
ERR: 1062:Duplicate entry '9' for key 'PRIMARY'
 [ SQL语句 ] : INSERT INTO `meiui_tag` (`id`,`tag_name`,`create_user`,`create_time`,`tag_type`,`using_flag`) VALUES ('9','validate','ly','1453362801','2','1')

[ 2018-09-25T20:03:23+08:00 ] 127.0.0.1 /index.php/Home/Tag/tag
INFO: [ app_init ] --START--
INFO: Run Behavior\BuildLiteBehavior [ RunTime:0.000055s ]
INFO: [ app_init ] --END-- [ RunTime:0.000714s ]
INFO: [ app_begin ] --START--
INFO: Run Behavior\ReadHtmlCacheBehavior [ RunTime:0.000493s ]
INFO: [ app_begin ] --END-- [ RunTime:0.000601s ]
SQL: SHOW COLUMNS FROM `meiui_tag` [ RunTime:0.0040s ]
SQL: SELECT * FROM `meiui_tag` WHERE ( id=3 ) LIMIT 1   [ RunTime:0.0003s ]
NOTIC: [8] Undefined index: validate G:\tp\first\ThinkPHP\Library\Think\Model.class.php 第 1185 行.
NOTIC: [8] Undefined index: auto G:\tp\first\ThinkPHP\Library\Think\Model.class.php 第 1128 行.
ERR: 1062:Duplicate entry '9' for key 'PRIMARY'
 [ SQL语句 ] : INSERT INTO `meiui_tag` (`id`,`tag_name`,`create_user`,`create_time`,`tag_type`,`using_flag`) VALUES ('9','validate','ly','1453362801','2','1')
ERR: 1062:Duplicate entry '9' for key 'PRIMARY'
 [ SQL语句 ] : INSERT INTO `meiui_tag` (`id`,`tag_name`,`create_user`,`create_time`,`tag_type`,`using_flag`) VALUES ('9','validate','ly','1453362801','2','1')

[ 2018-09-25T20:03:43+08:00 ] 127.0.0.1 /index.php/Home/Tag/tag
INFO: [ app_init ] --START--
INFO: Run Behavior\BuildLiteBehavior [ RunTime:0.000034s ]
INFO: [ app_init ] --END-- [ RunTime:0.000418s ]
INFO: [ app_begin ] --START--
INFO: Run Behavior\ReadHtmlCacheBehavior [ RunTime:0.000482s ]
INFO: [ app_begin ] --END-- [ RunTime:0.000596s ]
SQL: SHOW COLUMNS FROM `meiui_tag` [ RunTime:0.0026s ]
SQL: SELECT * FROM `meiui_tag` WHERE ( id=3 ) LIMIT 1   [ RunTime:0.0003s ]
NOTIC: [8] Undefined index: validate G:\tp\first\ThinkPHP\Library\Think\Model.class.php 第 1185 行.
NOTIC: [8] Undefined index: auto G:\tp\first\ThinkPHP\Library\Think\Model.class.php 第 1128 行.
ERR: 1062:Duplicate entry '9' for key 'PRIMARY'
 [ SQL语句 ] : INSERT INTO `meiui_tag` (`id`,`tag_name`,`create_user`,`create_time`,`tag_type`,`using_flag`) VALUES ('9','validate','ly','1453362801','2','1')
ERR: 1062:Duplicate entry '9' for key 'PRIMARY'
 [ SQL语句 ] : INSERT INTO `meiui_tag` (`id`,`tag_name`,`create_user`,`create_time`,`tag_type`,`using_flag`) VALUES ('9','validate','ly','1453362801','2','1')

[ 2018-09-25T20:04:21+08:00 ] 127.0.0.1 /index.php/Home/Tag/tag
INFO: [ app_init ] --START--
INFO: Run Behavior\BuildLiteBehavior [ RunTime:0.000026s ]
INFO: [ app_init ] --END-- [ RunTime:0.000403s ]
INFO: [ app_begin ] --START--
INFO: Run Behavior\ReadHtmlCacheBehavior [ RunTime:0.000444s ]
INFO: [ app_begin ] --END-- [ RunTime:0.000551s ]
SQL: SHOW COLUMNS FROM `meiui_tag` [ RunTime:0.0024s ]
SQL: SELECT * FROM `meiui_tag` WHERE ( id=3 ) LIMIT 1   [ RunTime:0.0003s ]
NOTIC: [8] Undefined index: validate G:\tp\first\ThinkPHP\Library\Think\Model.class.php 第 1185 行.
NOTIC: [8] Undefined index: auto G:\tp\first\ThinkPHP\Library\Think\Model.class.php 第 1128 行.
ERR: 1062:Duplicate entry '9' for key 'PRIMARY'
 [ SQL语句 ] : INSERT INTO `meiui_tag` (`id`,`tag_name`,`create_user`,`create_time`,`tag_type`,`using_flag`) VALUES ('9','validate','ly','1453362801','2','1')
ERR: 1062:Duplicate entry '9' for key 'PRIMARY'
 [ SQL语句 ] : INSERT INTO `meiui_tag` (`id`,`tag_name`,`create_user`,`create_time`,`tag_type`,`using_flag`) VALUES ('9','validate','ly','1453362801','2','1')

[ 2018-09-25T20:05:08+08:00 ] 127.0.0.1 /index.php/Home/Tag/tag
INFO: [ app_init ] --START--
INFO: Run Behavior\BuildLiteBehavior [ RunTime:0.000026s ]
INFO: [ app_init ] --END-- [ RunTime:0.000414s ]
INFO: [ app_begin ] --START--
INFO: Run Behavior\ReadHtmlCacheBehavior [ RunTime:0.000607s ]
INFO: [ app_begin ] --END-- [ RunTime:0.000757s ]
SQL: SHOW COLUMNS FROM `meiui_tag` [ RunTime:0.0022s ]
SQL: SELECT * FROM `meiui_tag` WHERE ( id=3 ) LIMIT 1   [ RunTime:0.0002s ]
NOTIC: [8] Undefined index: validate G:\tp\first\ThinkPHP\Library\Think\Model.class.php 第 1185 行.
NOTIC: [8] Undefined index: auto G:\tp\first\ThinkPHP\Library\Think\Model.class.php 第 1128 行.
ERR: 1062:Duplicate entry '9' for key 'PRIMARY'
 [ SQL语句 ] : INSERT INTO `meiui_tag` (`id`,`tag_name`,`create_user`,`create_time`,`tag_type`,`using_flag`) VALUES ('9','validate','ly','1453362801','2','1')
ERR: 1062:Duplicate entry '9' for key 'PRIMARY'
 [ SQL语句 ] : INSERT INTO `meiui_tag` (`id`,`tag_name`,`create_user`,`create_time`,`tag_type`,`using_flag`) VALUES ('9','validate','ly','1453362801','2','1')

[ 2018-09-25T20:05:09+08:00 ] 127.0.0.1 /index.php/Home/Tag/tag
INFO: [ app_init ] --START--
INFO: Run Behavior\BuildLiteBehavior [ RunTime:0.000024s ]
INFO: [ app_init ] --END-- [ RunTime:0.000367s ]
INFO: [ app_begin ] --START--
INFO: Run Behavior\ReadHtmlCacheBehavior [ RunTime:0.000441s ]
INFO: [ app_begin ] --END-- [ RunTime:0.000560s ]
SQL: SHOW COLUMNS FROM `meiui_tag` [ RunTime:0.0024s ]
SQL: SELECT * FROM `meiui_tag` WHERE ( id=3 ) LIMIT 1   [ RunTime:0.0004s ]
NOTIC: [8] Undefined index: validate G:\tp\first\ThinkPHP\Library\Think\Model.class.php 第 1185 行.
NOTIC: [8] Undefined index: auto G:\tp\first\ThinkPHP\Library\Think\Model.class.php 第 1128 行.
ERR: 1062:Duplicate entry '9' for key 'PRIMARY'
 [ SQL语句 ] : INSERT INTO `meiui_tag` (`id`,`tag_name`,`create_user`,`create_time`,`tag_type`,`using_flag`) VALUES ('9','validate','ly','1453362801','2','1')
ERR: 1062:Duplicate entry '9' for key 'PRIMARY'
 [ SQL语句 ] : INSERT INTO `meiui_tag` (`id`,`tag_name`,`create_user`,`create_time`,`tag_type`,`using_flag`) VALUES ('9','validate','ly','1453362801','2','1')

[ 2018-09-25T20:05:18+08:00 ] 127.0.0.1 /index.php/Home/Tag/tag
INFO: [ app_init ] --START--
INFO: Run Behavior\BuildLiteBehavior [ RunTime:0.000025s ]
INFO: [ app_init ] --END-- [ RunTime:0.000366s ]
INFO: [ app_begin ] --START--
INFO: Run Behavior\ReadHtmlCacheBehavior [ RunTime:0.000465s ]
INFO: [ app_begin ] --END-- [ RunTime:0.000570s ]
SQL: SHOW COLUMNS FROM `meiui_tag` [ RunTime:0.0022s ]
SQL: SELECT * FROM `meiui_tag` WHERE ( id=3 ) LIMIT 1   [ RunTime:0.0002s ]
NOTIC: [8] Undefined index: validate G:\tp\first\ThinkPHP\Library\Think\Model.class.php 第 1185 行.
NOTIC: [8] Undefined index: auto G:\tp\first\ThinkPHP\Library\Think\Model.class.php 第 1128 行.
INFO: [ app_end ] --START--
INFO: Run Behavior\ShowPageTraceBehavior [ RunTime:0.000727s ]
INFO: [ app_end ] --END-- [ RunTime:0.000832s ]

[ 2018-09-25T20:05:44+08:00 ] 127.0.0.1 /index.php/Home/Tag/tag
INFO: [ app_init ] --START--
INFO: Run Behavior\BuildLiteBehavior [ RunTime:0.000025s ]
INFO: [ app_init ] --END-- [ RunTime:0.000374s ]
INFO: [ app_begin ] --START--
INFO: Run Behavior\ReadHtmlCacheBehavior [ RunTime:0.000461s ]
INFO: [ app_begin ] --END-- [ RunTime:0.000568s ]
SQL: SHOW COLUMNS FROM `meiui_tag` [ RunTime:0.0023s ]
SQL: SELECT * FROM `meiui_tag` WHERE ( id=3 ) LIMIT 1   [ RunTime:0.0002s ]
NOTIC: [8] Undefined index: validate G:\tp\first\ThinkPHP\Library\Think\Model.class.php 第 1185 行.
NOTIC: [8] Undefined index: auto G:\tp\first\ThinkPHP\Library\Think\Model.class.php 第 1128 行.
ERR: 1062:Duplicate entry '9' for key 'PRIMARY'
 [ SQL语句 ] : INSERT INTO `meiui_tag` (`id`,`tag_name`,`create_user`,`create_time`,`tag_type`,`using_flag`) VALUES ('9','validate','ly','1453362801','2','1')
ERR: 1062:Duplicate entry '9' for key 'PRIMARY'
 [ SQL语句 ] : INSERT INTO `meiui_tag` (`id`,`tag_name`,`create_user`,`create_time`,`tag_type`,`using_flag`) VALUES ('9','validate','ly','1453362801','2','1')

[ 2018-09-25T20:13:42+08:00 ] 127.0.0.1 /index.php/Home/Tag/tag
INFO: [ app_init ] --START--
INFO: Run Behavior\BuildLiteBehavior [ RunTime:0.000026s ]
INFO: [ app_init ] --END-- [ RunTime:0.000610s ]
INFO: [ app_begin ] --START--
INFO: Run Behavior\ReadHtmlCacheBehavior [ RunTime:0.000732s ]
INFO: [ app_begin ] --END-- [ RunTime:0.000895s ]
SQL: SHOW COLUMNS FROM `meiui_tag` [ RunTime:0.0023s ]
SQL: SELECT * FROM `meiui_tag` WHERE ( id=3 ) LIMIT 1   [ RunTime:0.0003s ]
NOTIC: [8] Undefined index: validate G:\tp\first\ThinkPHP\Library\Think\Model.class.php 第 1185 行.
NOTIC: [8] Undefined index: auto G:\tp\first\ThinkPHP\Library\Think\Model.class.php 第 1128 行.
SQL: INSERT INTO `meiui_tag` (`id`,`tag_name`,`create_user`,`create_time`,`tag_type`,`using_flag`) VALUES ('10','validate','ly','1537877622','2','1') [ RunTime:0.0003s ]
INFO: [ app_end ] --START--
INFO: Run Behavior\ShowPageTraceBehavior [ RunTime:0.000698s ]
INFO: [ app_end ] --END-- [ RunTime:0.000833s ]

[ 2018-09-25T20:19:35+08:00 ] 127.0.0.1 /index.php/Home/Tag/tag
INFO: [ app_init ] --START--
INFO: Run Behavior\BuildLiteBehavior [ RunTime:0.000025s ]
INFO: [ app_init ] --END-- [ RunTime:0.000409s ]
INFO: [ app_begin ] --START--
INFO: Run Behavior\ReadHtmlCacheBehavior [ RunTime:0.000561s ]
INFO: [ app_begin ] --END-- [ RunTime:0.000668s ]
SQL: SHOW COLUMNS FROM `meiui_tag` [ RunTime:0.0024s ]
SQL: SELECT * FROM `meiui_tag` WHERE ( id=3 ) LIMIT 1   [ RunTime:0.0003s ]
NOTIC: [8] Undefined index: validate G:\tp\first\ThinkPHP\Library\Think\Model.class.php 第 1185 行.
NOTIC: [8] Undefined index: auto G:\tp\first\ThinkPHP\Library\Think\Model.class.php 第 1128 行.
ERR: 1062:Duplicate entry '3' for key 'PRIMARY'
 [ SQL语句 ] : INSERT INTO `meiui_tag` (`id`,`tag_name`,`create_user`,`create_time`,`tag_type`,`using_flag`) VALUES ('3','validate','6','1453362801','2','1')
ERR: 1062:Duplicate entry '3' for key 'PRIMARY'
 [ SQL语句 ] : INSERT INTO `meiui_tag` (`id`,`tag_name`,`create_user`,`create_time`,`tag_type`,`using_flag`) VALUES ('3','validate','6','1453362801','2','1')

[ 2018-09-25T20:21:24+08:00 ] 127.0.0.1 /index.php/Home/Tag/tag
INFO: [ app_init ] --START--
INFO: Run Behavior\BuildLiteBehavior [ RunTime:0.000024s ]
INFO: [ app_init ] --END-- [ RunTime:0.000369s ]
INFO: [ app_begin ] --START--
INFO: Run Behavior\ReadHtmlCacheBehavior [ RunTime:0.000474s ]
INFO: [ app_begin ] --END-- [ RunTime:0.000579s ]
SQL: SHOW COLUMNS FROM `meiui_tag` [ RunTime:0.0026s ]
SQL: SELECT * FROM `meiui_tag` WHERE ( id=3 ) LIMIT 1   [ RunTime:0.0003s ]
NOTIC: [8] Undefined index: validate G:\tp\first\ThinkPHP\Library\Think\Model.class.php 第 1185 行.
NOTIC: [8] Undefined index: auto G:\tp\first\ThinkPHP\Library\Think\Model.class.php 第 1128 行.
ERR: 1062:Duplicate entry '3' for key 'PRIMARY'
 [ SQL语句 ] : INSERT INTO `meiui_tag` (`id`,`tag_name`,`create_user`,`create_time`,`tag_type`,`using_flag`) VALUES ('3','validate','6','1453362801','2','1')
ERR: 1062:Duplicate entry '3' for key 'PRIMARY'
 [ SQL语句 ] : INSERT INTO `meiui_tag` (`id`,`tag_name`,`create_user`,`create_time`,`tag_type`,`using_flag`) VALUES ('3','validate','6','1453362801','2','1')

[ 2018-09-25T20:21:26+08:00 ] 127.0.0.1 /index.php/Home/Tag/tag
INFO: [ app_init ] --START--
INFO: Run Behavior\BuildLiteBehavior [ RunTime:0.000026s ]
INFO: [ app_init ] --END-- [ RunTime:0.000403s ]
INFO: [ app_begin ] --START--
INFO: Run Behavior\ReadHtmlCacheBehavior [ RunTime:0.000463s ]
INFO: [ app_begin ] --END-- [ RunTime:0.000568s ]
SQL: SHOW COLUMNS FROM `meiui_tag` [ RunTime:0.0024s ]
SQL: SELECT * FROM `meiui_tag` WHERE ( id=3 ) LIMIT 1   [ RunTime:0.0004s ]
NOTIC: [8] Undefined index: validate G:\tp\first\ThinkPHP\Library\Think\Model.class.php 第 1185 行.
NOTIC: [8] Undefined index: auto G:\tp\first\ThinkPHP\Library\Think\Model.class.php 第 1128 行.
ERR: 1062:Duplicate entry '3' for key 'PRIMARY'
 [ SQL语句 ] : INSERT INTO `meiui_tag` (`id`,`tag_name`,`create_user`,`create_time`,`tag_type`,`using_flag`) VALUES ('3','validate','6','1453362801','2','1')
ERR: 1062:Duplicate entry '3' for key 'PRIMARY'
 [ SQL语句 ] : INSERT INTO `meiui_tag` (`id`,`tag_name`,`create_user`,`create_time`,`tag_type`,`using_flag`) VALUES ('3','validate','6','1453362801','2','1')

[ 2018-09-25T20:21:55+08:00 ] 127.0.0.1 /index.php/Home/Tag/tag
INFO: [ app_init ] --START--
INFO: Run Behavior\BuildLiteBehavior [ RunTime:0.000028s ]
INFO: [ app_init ] --END-- [ RunTime:0.001128s ]
INFO: [ app_begin ] --START--
INFO: Run Behavior\ReadHtmlCacheBehavior [ RunTime:0.000704s ]
INFO: [ app_begin ] --END-- [ RunTime:0.000835s ]
SQL: SHOW COLUMNS FROM `meiui_tag` [ RunTime:0.0043s ]
SQL: SELECT * FROM `meiui_tag` WHERE ( id=3 ) LIMIT 1   [ RunTime:0.0003s ]
NOTIC: [8] Undefined index: validate G:\tp\first\ThinkPHP\Library\Think\Model.class.php 第 1185 行.
NOTIC: [8] Undefined index: auto G:\tp\first\ThinkPHP\Library\Think\Model.class.php 第 1128 行.
INFO: [ app_end ] --START--
INFO: Run Behavior\ShowPageTraceBehavior [ RunTime:0.000820s ]
INFO: [ app_end ] --END-- [ RunTime:0.000956s ]

[ 2018-09-25T20:22:18+08:00 ] 127.0.0.1 /index.php/Home/Tag/tag
INFO: [ app_init ] --START--
INFO: Run Behavior\BuildLiteBehavior [ RunTime:0.000024s ]
INFO: [ app_init ] --END-- [ RunTime:0.000398s ]
INFO: [ app_begin ] --START--
INFO: Run Behavior\ReadHtmlCacheBehavior [ RunTime:0.000452s ]
INFO: [ app_begin ] --END-- [ RunTime:0.000559s ]
SQL: SHOW COLUMNS FROM `meiui_tag` [ RunTime:0.0024s ]
SQL: SELECT * FROM `meiui_tag` WHERE ( id=3 ) LIMIT 1   [ RunTime:0.0002s ]
NOTIC: [8] Undefined index: validate G:\tp\first\ThinkPHP\Library\Think\Model.class.php 第 1185 行.
NOTIC: [8] Undefined index: auto G:\tp\first\ThinkPHP\Library\Think\Model.class.php 第 1128 行.
INFO: [ app_end ] --START--
INFO: Run Behavior\ShowPageTraceBehavior [ RunTime:0.000672s ]
INFO: [ app_end ] --END-- [ RunTime:0.000773s ]

[ 2018-09-25T20:22:29+08:00 ] 127.0.0.1 /index.php/Home/Tag/tag
INFO: [ app_init ] --START--
INFO: Run Behavior\BuildLiteBehavior [ RunTime:0.000026s ]
INFO: [ app_init ] --END-- [ RunTime:0.000572s ]
INFO: [ app_begin ] --START--
INFO: Run Behavior\ReadHtmlCacheBehavior [ RunTime:0.000597s ]
INFO: [ app_begin ] --END-- [ RunTime:0.000755s ]
SQL: SHOW COLUMNS FROM `meiui_tag` [ RunTime:0.0038s ]
SQL: SELECT * FROM `meiui_tag` WHERE ( id=3 ) LIMIT 1   [ RunTime:0.0003s ]
NOTIC: [8] Undefined index: validate G:\tp\first\ThinkPHP\Library\Think\Model.class.php 第 1185 行.
NOTIC: [8] Undefined index: auto G:\tp\first\ThinkPHP\Library\Think\Model.class.php 第 1128 行.
ERR: 1146:Table 'shuliang.user' doesn't exist
 [ SQL语句 ] : SHOW COLUMNS FROM `user`
ERR: 1146:Table 'shuliang.user' doesn't exist
 [ SQL语句 ] : SHOW COLUMNS FROM `user`

[ 2018-09-25T20:24:33+08:00 ] 127.0.0.1 /index.php/Home/Tag/tag
INFO: [ app_init ] --START--
INFO: Run Behavior\BuildLiteBehavior [ RunTime:0.000024s ]
INFO: [ app_init ] --END-- [ RunTime:0.000428s ]
INFO: [ app_begin ] --START--
INFO: Run Behavior\ReadHtmlCacheBehavior [ RunTime:0.000907s ]
INFO: [ app_begin ] --END-- [ RunTime:0.001193s ]
SQL: SHOW COLUMNS FROM `meiui_tag` [ RunTime:0.0023s ]
SQL: SELECT * FROM `meiui_tag` WHERE ( id=3 ) LIMIT 1   [ RunTime:0.0002s ]
SQL: INSERT INTO `meiui_tag` (`id`,`tag_name`,`create_user`,`create_time`,`tag_type`,`using_flag`) VALUES ('11','validate','ly','1537878273','2','1') [ RunTime:0.0002s ]
NOTIC: [8] Undefined index: validate G:\tp\first\ThinkPHP\Library\Think\Model.class.php 第 1185 行.
NOTIC: [8] Undefined index: auto G:\tp\first\ThinkPHP\Library\Think\Model.class.php 第 1128 行.
INFO: [ app_end ] --START--
INFO: Run Behavior\ShowPageTraceBehavior [ RunTime:0.000687s ]
INFO: [ app_end ] --END-- [ RunTime:0.000790s ]

[ 2018-09-25T20:26:21+08:00 ] 127.0.0.1 /index.php/Home/Tag/tag
INFO: [ app_init ] --START--
INFO: Run Behavior\BuildLiteBehavior [ RunTime:0.000024s ]
INFO: [ app_init ] --END-- [ RunTime:0.000376s ]
INFO: [ app_begin ] --START--
INFO: Run Behavior\ReadHtmlCacheBehavior [ RunTime:0.000471s ]
INFO: [ app_begin ] --END-- [ RunTime:0.000650s ]
SQL: SHOW COLUMNS FROM `meiui_tag` [ RunTime:0.0023s ]
SQL: SELECT * FROM `meiui_tag` WHERE ( id=3 ) LIMIT 1   [ RunTime:0.0003s ]
NOTIC: [8] Undefined index: validate G:\tp\first\ThinkPHP\Library\Think\Model.class.php 第 1185 行.
NOTIC: [8] Undefined index: auto G:\tp\first\ThinkPHP\Library\Think\Model.class.php 第 1128 行.
INFO: [ app_end ] --START--
INFO: Run Behavior\ShowPageTraceBehavior [ RunTime:0.000544s ]
INFO: [ app_end ] --END-- [ RunTime:0.000670s ]

[ 2018-09-25T20:26:23+08:00 ] 127.0.0.1 /index.php/Home/Tag/tag
INFO: [ app_init ] --START--
INFO: Run Behavior\BuildLiteBehavior [ RunTime:0.000025s ]
INFO: [ app_init ] --END-- [ RunTime:0.000415s ]
INFO: [ app_begin ] --START--
INFO: Run Behavior\ReadHtmlCacheBehavior [ RunTime:0.000477s ]
INFO: [ app_begin ] --END-- [ RunTime:0.000592s ]
SQL: SHOW COLUMNS FROM `meiui_tag` [ RunTime:0.0028s ]
SQL: SELECT * FROM `meiui_tag` WHERE ( id=3 ) LIMIT 1   [ RunTime:0.0003s ]
NOTIC: [8] Undefined index: validate G:\tp\first\ThinkPHP\Library\Think\Model.class.php 第 1185 行.
NOTIC: [8] Undefined index: auto G:\tp\first\ThinkPHP\Library\Think\Model.class.php 第 1128 行.
INFO: [ app_end ] --START--
INFO: Run Behavior\ShowPageTraceBehavior [ RunTime:0.000684s ]
INFO: [ app_end ] --END-- [ RunTime:0.000786s ]

[ 2018-09-25T20:26:25+08:00 ] 127.0.0.1 /index.php/Home/Tag/tag
INFO: [ app_init ] --START--
INFO: Run Behavior\BuildLiteBehavior [ RunTime:0.000127s ]
INFO: [ app_init ] --END-- [ RunTime:0.001306s ]
INFO: [ app_begin ] --START--
INFO: Run Behavior\ReadHtmlCacheBehavior [ RunTime:0.000451s ]
INFO: [ app_begin ] --END-- [ RunTime:0.000582s ]
SQL: SHOW COLUMNS FROM `meiui_tag` [ RunTime:0.0022s ]
SQL: SELECT * FROM `meiui_tag` WHERE ( id=3 ) LIMIT 1   [ RunTime:0.0004s ]
NOTIC: [8] Undefined index: validate G:\tp\first\ThinkPHP\Library\Think\Model.class.php 第 1185 行.
NOTIC: [8] Undefined index: auto G:\tp\first\ThinkPHP\Library\Think\Model.class.php 第 1128 行.
INFO: [ app_end ] --START--
INFO: Run Behavior\ShowPageTraceBehavior [ RunTime:0.000623s ]
INFO: [ app_end ] --END-- [ RunTime:0.000742s ]

[ 2018-09-25T20:28:06+08:00 ] 127.0.0.1 /index.php/Home/Tag/tag
INFO: [ app_init ] --START--
INFO: Run Behavior\BuildLiteBehavior [ RunTime:0.000025s ]
INFO: [ app_init ] --END-- [ RunTime:0.000425s ]
INFO: [ app_begin ] --START--
INFO: Run Behavior\ReadHtmlCacheBehavior [ RunTime:0.000546s ]
INFO: [ app_begin ] --END-- [ RunTime:0.000653s ]
SQL: SHOW COLUMNS FROM `meiui_tag` [ RunTime:0.0023s ]
SQL: SELECT * FROM `meiui_tag` WHERE ( id=3 ) LIMIT 1   [ RunTime:0.0002s ]
NOTIC: [8] Undefined index: validate G:\tp\first\ThinkPHP\Library\Think\Model.class.php 第 1185 行.
NOTIC: [8] Undefined index: auto G:\tp\first\ThinkPHP\Library\Think\Model.class.php 第 1128 行.
ERR: 1062:Duplicate entry '11' for key 'PRIMARY'
 [ SQL语句 ] : INSERT INTO `meiui_tag` (`id`,`tag_name`,`create_user`,`create_time`,`tag_type`,`using_flag`) VALUES ('11','validate','ly','1537878486','2','1')
ERR: 1062:Duplicate entry '11' for key 'PRIMARY'
 [ SQL语句 ] : INSERT INTO `meiui_tag` (`id`,`tag_name`,`create_user`,`create_time`,`tag_type`,`using_flag`) VALUES ('11','validate','ly','1537878486','2','1')

[ 2018-09-25T20:28:45+08:00 ] 127.0.0.1 /index.php/Home/Tag/tag
INFO: [ app_init ] --START--
INFO: Run Behavior\BuildLiteBehavior [ RunTime:0.000026s ]
INFO: [ app_init ] --END-- [ RunTime:0.000413s ]
INFO: [ app_begin ] --START--
INFO: Run Behavior\ReadHtmlCacheBehavior [ RunTime:0.000566s ]
INFO: [ app_begin ] --END-- [ RunTime:0.000786s ]
SQL: SHOW COLUMNS FROM `meiui_tag` [ RunTime:0.0022s ]
SQL: SELECT * FROM `meiui_tag` WHERE ( id=3 ) LIMIT 1   [ RunTime:0.0002s ]
NOTIC: [8] Undefined index: validate G:\tp\first\ThinkPHP\Library\Think\Model.class.php 第 1185 行.
NOTIC: [8] Undefined index: auto G:\tp\first\ThinkPHP\Library\Think\Model.class.php 第 1128 行.
ERR: 1062:Duplicate entry '11' for key 'PRIMARY'
 [ SQL语句 ] : INSERT INTO `meiui_tag` (`id`,`tag_name`,`create_user`,`create_time`,`tag_type`,`using_flag`) VALUES ('11','validate','ly','1537878525','2','1')
ERR: 1062:Duplicate entry '11' for key 'PRIMARY'
 [ SQL语句 ] : INSERT INTO `meiui_tag` (`id`,`tag_name`,`create_user`,`create_time`,`tag_type`,`using_flag`) VALUES ('11','validate','ly','1537878525','2','1')

[ 2018-09-25T20:28:47+08:00 ] 127.0.0.1 /index.php/Home/Tag/tag
INFO: [ app_init ] --START--
INFO: Run Behavior\BuildLiteBehavior [ RunTime:0.000026s ]
INFO: [ app_init ] --END-- [ RunTime:0.000421s ]
INFO: [ app_begin ] --START--
INFO: Run Behavior\ReadHtmlCacheBehavior [ RunTime:0.000519s ]
INFO: [ app_begin ] --END-- [ RunTime:0.000673s ]
SQL: SHOW COLUMNS FROM `meiui_tag` [ RunTime:0.0020s ]
SQL: SELECT * FROM `meiui_tag` WHERE ( id=3 ) LIMIT 1   [ RunTime:0.0007s ]
NOTIC: [8] Undefined index: validate G:\tp\first\ThinkPHP\Library\Think\Model.class.php 第 1185 行.
NOTIC: [8] Undefined index: auto G:\tp\first\ThinkPHP\Library\Think\Model.class.php 第 1128 行.
ERR: 1062:Duplicate entry '11' for key 'PRIMARY'
 [ SQL语句 ] : INSERT INTO `meiui_tag` (`id`,`tag_name`,`create_user`,`create_time`,`tag_type`,`using_flag`) VALUES ('11','validate','ly','1537878527','2','1')
ERR: 1062:Duplicate entry '11' for key 'PRIMARY'
 [ SQL语句 ] : INSERT INTO `meiui_tag` (`id`,`tag_name`,`create_user`,`create_time`,`tag_type`,`using_flag`) VALUES ('11','validate','ly','1537878527','2','1')

[ 2018-09-25T20:28:54+08:00 ] 127.0.0.1 /index.php/Home/Tag/tag
INFO: [ app_init ] --START--
INFO: Run Behavior\BuildLiteBehavior [ RunTime:0.000027s ]
INFO: [ app_init ] --END-- [ RunTime:0.000419s ]
INFO: [ app_begin ] --START--
INFO: Run Behavior\ReadHtmlCacheBehavior [ RunTime:0.000486s ]
INFO: [ app_begin ] --END-- [ RunTime:0.000607s ]
SQL: SHOW COLUMNS FROM `meiui_tag` [ RunTime:0.0021s ]
SQL: SELECT * FROM `meiui_tag` WHERE ( id=3 ) LIMIT 1   [ RunTime:0.0003s ]
NOTIC: [8] Undefined index: validate G:\tp\first\ThinkPHP\Library\Think\Model.class.php 第 1185 行.
NOTIC: [8] Undefined index: auto G:\tp\first\ThinkPHP\Library\Think\Model.class.php 第 1128 行.
INFO: [ app_end ] --START--
INFO: Run Behavior\ShowPageTraceBehavior [ RunTime:0.000811s ]
INFO: [ app_end ] --END-- [ RunTime:0.000923s ]

[ 2018-09-25T20:29:56+08:00 ] 127.0.0.1 /index.php/Home/Tag/tag
INFO: [ app_init ] --START--
INFO: Run Behavior\BuildLiteBehavior [ RunTime:0.000072s ]
INFO: [ app_init ] --END-- [ RunTime:0.001395s ]
INFO: [ app_begin ] --START--
INFO: Run Behavior\ReadHtmlCacheBehavior [ RunTime:0.000614s ]
INFO: [ app_begin ] --END-- [ RunTime:0.000782s ]
SQL: SHOW COLUMNS FROM `meiui_tag` [ RunTime:0.0023s ]
SQL: SELECT * FROM `meiui_tag` WHERE ( id=3 ) LIMIT 1   [ RunTime:0.0003s ]
NOTIC: [8] Undefined index: validate G:\tp\first\ThinkPHP\Library\Think\Model.class.php 第 1185 行.
NOTIC: [8] Undefined index: auto G:\tp\first\ThinkPHP\Library\Think\Model.class.php 第 1128 行.
ERR: 1062:Duplicate entry '11' for key 'PRIMARY'
 [ SQL语句 ] : INSERT INTO `meiui_tag` (`id`,`tag_name`,`create_user`,`create_time`,`tag_type`,`using_flag`) VALUES ('11','validate','ly','1537878596','2','1')
ERR: 1062:Duplicate entry '11' for key 'PRIMARY'
 [ SQL语句 ] : INSERT INTO `meiui_tag` (`id`,`tag_name`,`create_user`,`create_time`,`tag_type`,`using_flag`) VALUES ('11','validate','ly','1537878596','2','1')

[ 2018-09-25T20:30:35+08:00 ] 127.0.0.1 /index.php/Home/Tag/tag
INFO: [ app_init ] --START--
INFO: Run Behavior\BuildLiteBehavior [ RunTime:0.000023s ]
INFO: [ app_init ] --END-- [ RunTime:0.000399s ]
INFO: [ app_begin ] --START--
INFO: Run Behavior\ReadHtmlCacheBehavior [ RunTime:0.000570s ]
INFO: [ app_begin ] --END-- [ RunTime:0.000680s ]
SQL: SHOW COLUMNS FROM `meiui_tag` [ RunTime:0.0025s ]
SQL: SELECT * FROM `meiui_tag` WHERE ( id=3 ) LIMIT 1   [ RunTime:0.0002s ]
NOTIC: [8] Undefined index: validate G:\tp\first\ThinkPHP\Library\Think\Model.class.php 第 1185 行.
NOTIC: [8] Undefined index: auto G:\tp\first\ThinkPHP\Library\Think\Model.class.php 第 1128 行.
INFO: [ app_end ] --START--
INFO: Run Behavior\ShowPageTraceBehavior [ RunTime:0.000545s ]
INFO: [ app_end ] --END-- [ RunTime:0.000646s ]

[ 2018-09-25T20:31:16+08:00 ] 127.0.0.1 /index.php/Home/Tag/tag
INFO: [ app_init ] --START--
INFO: Run Behavior\BuildLiteBehavior [ RunTime:0.000026s ]
INFO: [ app_init ] --END-- [ RunTime:0.000406s ]
INFO: [ app_begin ] --START--
INFO: Run Behavior\ReadHtmlCacheBehavior [ RunTime:0.000440s ]
INFO: [ app_begin ] --END-- [ RunTime:0.000546s ]
SQL: SHOW COLUMNS FROM `meiui_tag` [ RunTime:0.0025s ]
SQL: SELECT * FROM `meiui_tag` WHERE ( id=3 ) LIMIT 1   [ RunTime:0.0004s ]
NOTIC: [8] Undefined index: validate G:\tp\first\ThinkPHP\Library\Think\Model.class.php 第 1185 行.
NOTIC: [8] Undefined index: auto G:\tp\first\ThinkPHP\Library\Think\Model.class.php 第 1128 行.
ERR: 1062:Duplicate entry '11' for key 'PRIMARY'
 [ SQL语句 ] : INSERT INTO `meiui_tag` (`id`,`tag_name`,`create_user`,`create_time`,`tag_type`,`using_flag`) VALUES ('11','validate','ly','1537878676','2','1')
ERR: 1062:Duplicate entry '11' for key 'PRIMARY'
 [ SQL语句 ] : INSERT INTO `meiui_tag` (`id`,`tag_name`,`create_user`,`create_time`,`tag_type`,`using_flag`) VALUES ('11','validate','ly','1537878676','2','1')

[ 2018-09-25T20:33:57+08:00 ] 127.0.0.1 /index.php/Home/Tag/tag
INFO: [ app_init ] --START--
INFO: Run Behavior\BuildLiteBehavior [ RunTime:0.000024s ]
INFO: [ app_init ] --END-- [ RunTime:0.000429s ]
INFO: [ app_begin ] --START--
INFO: Run Behavior\ReadHtmlCacheBehavior [ RunTime:0.000553s ]
INFO: [ app_begin ] --END-- [ RunTime:0.000660s ]
SQL: SHOW COLUMNS FROM `meiui_tag` [ RunTime:0.0023s ]
SQL: SELECT * FROM `meiui_tag` WHERE ( id=3 ) LIMIT 1   [ RunTime:0.0017s ]
NOTIC: [8] Undefined index: validate G:\tp\first\ThinkPHP\Library\Think\Model.class.php 第 1185 行.
NOTIC: [8] Undefined index: auto G:\tp\first\ThinkPHP\Library\Think\Model.class.php 第 1128 行.
ERR: 1062:Duplicate entry '11' for key 'PRIMARY'
 [ SQL语句 ] : INSERT INTO `meiui_tag` (`id`,`tag_name`,`create_user`,`create_time`,`tag_type`,`using_flag`) VALUES ('11','validate','ly','1537878837','2','1')
ERR: 1062:Duplicate entry '11' for key 'PRIMARY'
 [ SQL语句 ] : INSERT INTO `meiui_tag` (`id`,`tag_name`,`create_user`,`create_time`,`tag_type`,`using_flag`) VALUES ('11','validate','ly','1537878837','2','1')

[ 2018-09-25T20:33:58+08:00 ] 127.0.0.1 /index.php/Home/Tag/tag
INFO: [ app_init ] --START--
INFO: Run Behavior\BuildLiteBehavior [ RunTime:0.000024s ]
INFO: [ app_init ] --END-- [ RunTime:0.000369s ]
INFO: [ app_begin ] --START--
INFO: Run Behavior\ReadHtmlCacheBehavior [ RunTime:0.000520s ]
INFO: [ app_begin ] --END-- [ RunTime:0.000625s ]
SQL: SHOW COLUMNS FROM `meiui_tag` [ RunTime:0.0021s ]
SQL: SELECT * FROM `meiui_tag` WHERE ( id=3 ) LIMIT 1   [ RunTime:0.0002s ]
NOTIC: [8] Undefined index: validate G:\tp\first\ThinkPHP\Library\Think\Model.class.php 第 1185 行.
NOTIC: [8] Undefined index: auto G:\tp\first\ThinkPHP\Library\Think\Model.class.php 第 1128 行.
ERR: 1062:Duplicate entry '11' for key 'PRIMARY'
 [ SQL语句 ] : INSERT INTO `meiui_tag` (`id`,`tag_name`,`create_user`,`create_time`,`tag_type`,`using_flag`) VALUES ('11','validate','ly','1537878838','2','1')
ERR: 1062:Duplicate entry '11' for key 'PRIMARY'
 [ SQL语句 ] : INSERT INTO `meiui_tag` (`id`,`tag_name`,`create_user`,`create_time`,`tag_type`,`using_flag`) VALUES ('11','validate','ly','1537878838','2','1')

[ 2018-09-25T20:34:00+08:00 ] 127.0.0.1 /index.php/Home/Tag/tag
INFO: [ app_init ] --START--
INFO: Run Behavior\BuildLiteBehavior [ RunTime:0.000023s ]
INFO: [ app_init ] --END-- [ RunTime:0.000388s ]
INFO: [ app_begin ] --START--
INFO: Run Behavior\ReadHtmlCacheBehavior [ RunTime:0.000473s ]
INFO: [ app_begin ] --END-- [ RunTime:0.000584s ]
SQL: SHOW COLUMNS FROM `meiui_tag` [ RunTime:0.0021s ]
SQL: SELECT * FROM `meiui_tag` WHERE ( id=3 ) LIMIT 1   [ RunTime:0.0002s ]
NOTIC: [8] Undefined index: validate G:\tp\first\ThinkPHP\Library\Think\Model.class.php 第 1185 行.
NOTIC: [8] Undefined index: auto G:\tp\first\ThinkPHP\Library\Think\Model.class.php 第 1128 行.
ERR: 1062:Duplicate entry '11' for key 'PRIMARY'
 [ SQL语句 ] : INSERT INTO `meiui_tag` (`id`,`tag_name`,`create_user`,`create_time`,`tag_type`,`using_flag`) VALUES ('11','validate','ly','1537878840','2','1')
ERR: 1062:Duplicate entry '11' for key 'PRIMARY'
 [ SQL语句 ] : INSERT INTO `meiui_tag` (`id`,`tag_name`,`create_user`,`create_time`,`tag_type`,`using_flag`) VALUES ('11','validate','ly','1537878840','2','1')

[ 2018-09-25T20:34:39+08:00 ] 127.0.0.1 /index.php/Home/Tag/tag
INFO: [ app_init ] --START--
INFO: Run Behavior\BuildLiteBehavior [ RunTime:0.000025s ]
INFO: [ app_init ] --END-- [ RunTime:0.000370s ]
INFO: [ app_begin ] --START--
INFO: Run Behavior\ReadHtmlCacheBehavior [ RunTime:0.000462s ]
INFO: [ app_begin ] --END-- [ RunTime:0.000579s ]
SQL: SHOW COLUMNS FROM `meiui_tag` [ RunTime:0.0024s ]
SQL: SELECT * FROM `meiui_tag` WHERE ( id=3 ) LIMIT 1   [ RunTime:0.0002s ]
NOTIC: [8] Undefined index: validate G:\tp\first\ThinkPHP\Library\Think\Model.class.php 第 1185 行.
NOTIC: [8] Undefined index: auto G:\tp\first\ThinkPHP\Library\Think\Model.class.php 第 1128 行.
SQL: INSERT INTO `meiui_tag` (`id`,`tag_name`,`create_user`,`create_time`,`tag_type`,`using_flag`) VALUES ('12','validate','ly','1537878879','2','1') [ RunTime:0.0003s ]
INFO: [ app_end ] --START--
INFO: Run Behavior\ShowPageTraceBehavior [ RunTime:0.000661s ]
INFO: [ app_end ] --END-- [ RunTime:0.000765s ]

[ 2018-09-25T20:40:05+08:00 ] 127.0.0.1 /index.php/Home/Tag/tag
INFO: [ app_init ] --START--
INFO: Run Behavior\BuildLiteBehavior [ RunTime:0.000024s ]
INFO: [ app_init ] --END-- [ RunTime:0.000415s ]
INFO: [ app_begin ] --START--
INFO: Run Behavior\ReadHtmlCacheBehavior [ RunTime:0.000599s ]
INFO: [ app_begin ] --END-- [ RunTime:0.000717s ]
SQL: SHOW COLUMNS FROM `meiui_tag` [ RunTime:0.0024s ]
SQL: SELECT * FROM `meiui_tag` WHERE ( id=3 ) LIMIT 1   [ RunTime:0.0003s ]
NOTIC: [8] Undefined index: validate G:\tp\first\ThinkPHP\Library\Think\Model.class.php 第 1185 行.
NOTIC: [8] Undefined index: auto G:\tp\first\ThinkPHP\Library\Think\Model.class.php 第 1128 行.
NOTIC: [8] Undefined index: validate G:\tp\first\ThinkPHP\Library\Think\Model.class.php 第 1185 行.
NOTIC: [8] Undefined index: auto G:\tp\first\ThinkPHP\Library\Think\Model.class.php 第 1128 行.
INFO: [ app_end ] --START--
INFO: Run Behavior\ShowPageTraceBehavior [ RunTime:0.000639s ]
INFO: [ app_end ] --END-- [ RunTime:0.000760s ]

[ 2018-09-25T20:41:13+08:00 ] 127.0.0.1 /index.php/Home/Tag/tag
INFO: [ app_init ] --START--
INFO: Run Behavior\BuildLiteBehavior [ RunTime:0.000027s ]
INFO: [ app_init ] --END-- [ RunTime:0.000410s ]
INFO: [ app_begin ] --START--
INFO: Run Behavior\ReadHtmlCacheBehavior [ RunTime:0.000453s ]
INFO: [ app_begin ] --END-- [ RunTime:0.000559s ]
SQL: SHOW COLUMNS FROM `meiui_tag` [ RunTime:0.0025s ]
SQL: SELECT * FROM `meiui_tag` WHERE ( id=3 ) LIMIT 1   [ RunTime:0.0003s ]
NOTIC: [8] Undefined index: validate G:\tp\first\ThinkPHP\Library\Think\Model.class.php 第 1185 行.
NOTIC: [8] Undefined index: auto G:\tp\first\ThinkPHP\Library\Think\Model.class.php 第 1128 行.
NOTIC: [8] Undefined index: validate G:\tp\first\ThinkPHP\Library\Think\Model.class.php 第 1185 行.
NOTIC: [8] Undefined index: auto G:\tp\first\ThinkPHP\Library\Think\Model.class.php 第 1128 行.
INFO: [ app_end ] --START--
INFO: Run Behavior\ShowPageTraceBehavior [ RunTime:0.000890s ]
INFO: [ app_end ] --END-- [ RunTime:0.001224s ]

[ 2018-09-25T20:51:42+08:00 ] 127.0.0.1 /index.php/Home/Tag/tag
INFO: [ app_init ] --START--
INFO: Run Behavior\BuildLiteBehavior [ RunTime:0.000027s ]
INFO: [ app_init ] --END-- [ RunTime:0.000622s ]
INFO: [ app_begin ] --START--
INFO: Run Behavior\ReadHtmlCacheBehavior [ RunTime:0.000721s ]
INFO: [ app_begin ] --END-- [ RunTime:0.000885s ]
SQL: SHOW COLUMNS FROM `meiui_tag` [ RunTime:0.0024s ]
SQL: SELECT * FROM `meiui_tag` WHERE ( id=3 ) LIMIT 1   [ RunTime:0.0003s ]
NOTIC: [8] Undefined index: validate G:\tp\first\ThinkPHP\Library\Think\Model.class.php 第 1185 行.
NOTIC: [8] Undefined index: auto G:\tp\first\ThinkPHP\Library\Think\Model.class.php 第 1128 行.
NOTIC: [8] Undefined index: validate G:\tp\first\ThinkPHP\Library\Think\Model.class.php 第 1185 行.
NOTIC: [8] Undefined index: auto G:\tp\first\ThinkPHP\Library\Think\Model.class.php 第 1128 行.
SQL: SELECT * FROM `meiui_tag` WHERE ( tag_type=2 ) LIMIT 1   [ RunTime:0.0003s ]
INFO: [ app_end ] --START--
INFO: Run Behavior\ShowPageTraceBehavior [ RunTime:0.000743s ]
INFO: [ app_end ] --END-- [ RunTime:0.000878s ]

[ 2018-09-25T20:53:10+08:00 ] 127.0.0.1 /index.php/Home/Tag/tag
INFO: [ app_init ] --START--
INFO: Run Behavior\BuildLiteBehavior [ RunTime:0.000024s ]
INFO: [ app_init ] --END-- [ RunTime:0.000395s ]
INFO: [ app_begin ] --START--
INFO: Run Behavior\ReadHtmlCacheBehavior [ RunTime:0.000440s ]
INFO: [ app_begin ] --END-- [ RunTime:0.000546s ]
SQL: SHOW COLUMNS FROM `meiui_tag` [ RunTime:0.0023s ]
SQL: SELECT * FROM `meiui_tag` WHERE ( id=3 ) LIMIT 1   [ RunTime:0.0002s ]
NOTIC: [8] Undefined index: validate G:\tp\first\ThinkPHP\Library\Think\Model.class.php 第 1185 行.
NOTIC: [8] Undefined index: auto G:\tp\first\ThinkPHP\Library\Think\Model.class.php 第 1128 行.
NOTIC: [8] Undefined index: validate G:\tp\first\ThinkPHP\Library\Think\Model.class.php 第 1185 行.
NOTIC: [8] Undefined index: auto G:\tp\first\ThinkPHP\Library\Think\Model.class.php 第 1128 行.
SQL: SELECT * FROM `meiui_tag` WHERE ( tag_type=2 ) LIMIT 1   [ RunTime:0.0003s ]
SQL: SELECT * FROM `meiui_tag` WHERE ( tag_type=2 ) ORDER BY create_time LIMIT 10   [ RunTime:0.0004s ]
INFO: [ app_end ] --START--
INFO: Run Behavior\ShowPageTraceBehavior [ RunTime:0.000742s ]
INFO: [ app_end ] --END-- [ RunTime:0.000883s ]

[ 2018-09-25T20:54:17+08:00 ] 127.0.0.1 /index.php/Home/Tag/tag
INFO: [ app_init ] --START--
INFO: Run Behavior\BuildLiteBehavior [ RunTime:0.000025s ]
INFO: [ app_init ] --END-- [ RunTime:0.000460s ]
INFO: [ app_begin ] --START--
INFO: Run Behavior\ReadHtmlCacheBehavior [ RunTime:0.000590s ]
INFO: [ app_begin ] --END-- [ RunTime:0.000712s ]
SQL: SHOW COLUMNS FROM `meiui_tag` [ RunTime:0.0514s ]
SQL: SELECT * FROM `meiui_tag` WHERE ( id=3 ) LIMIT 1   [ RunTime:0.0003s ]
NOTIC: [8] Undefined index: validate G:\tp\first\ThinkPHP\Library\Think\Model.class.php 第 1185 行.
NOTIC: [8] Undefined index: auto G:\tp\first\ThinkPHP\Library\Think\Model.class.php 第 1128 行.
NOTIC: [8] Undefined index: validate G:\tp\first\ThinkPHP\Library\Think\Model.class.php 第 1185 行.
NOTIC: [8] Undefined index: auto G:\tp\first\ThinkPHP\Library\Think\Model.class.php 第 1128 行.
SQL: SELECT * FROM `meiui_tag` WHERE ( tag_type=2 ) LIMIT 1   [ RunTime:0.0003s ]
SQL: SELECT * FROM `meiui_tag` WHERE ( tag_type=2 ) ORDER BY create_time LIMIT 3   [ RunTime:0.0002s ]
INFO: [ app_end ] --START--
INFO: Run Behavior\ShowPageTraceBehavior [ RunTime:0.000646s ]
INFO: [ app_end ] --END-- [ RunTime:0.000778s ]

[ 2018-09-25T20:56:29+08:00 ] 127.0.0.1 /index.php/Home/Tag/tag
INFO: [ app_init ] --START--
INFO: Run Behavior\BuildLiteBehavior [ RunTime:0.000052s ]
INFO: [ app_init ] --END-- [ RunTime:0.000750s ]
INFO: [ app_begin ] --START--
INFO: Run Behavior\ReadHtmlCacheBehavior [ RunTime:0.000732s ]
INFO: [ app_begin ] --END-- [ RunTime:0.000908s ]
SQL: SHOW COLUMNS FROM `meiui_tag` [ RunTime:0.0024s ]
SQL: SELECT * FROM `meiui_tag` WHERE ( id=3 ) LIMIT 1   [ RunTime:0.0003s ]
NOTIC: [8] Undefined index: validate G:\tp\first\ThinkPHP\Library\Think\Model.class.php 第 1185 行.
NOTIC: [8] Undefined index: auto G:\tp\first\ThinkPHP\Library\Think\Model.class.php 第 1128 行.
NOTIC: [8] Undefined index: validate G:\tp\first\ThinkPHP\Library\Think\Model.class.php 第 1185 行.
NOTIC: [8] Undefined index: auto G:\tp\first\ThinkPHP\Library\Think\Model.class.php 第 1128 行.
SQL: SELECT * FROM `meiui_tag` WHERE ( tag_type=2 ) LIMIT 1   [ RunTime:0.0002s ]
SQL: SELECT * FROM `meiui_tag` WHERE ( tag_type=2 ) ORDER BY create_time LIMIT 3   [ RunTime:0.0002s ]
SQL: SELECT `id` FROM `meiui_tag`  [ RunTime:0.0002s ]
INFO: [ app_end ] --START--
INFO: Run Behavior\ShowPageTraceBehavior [ RunTime:0.000691s ]
INFO: [ app_end ] --END-- [ RunTime:0.000794s ]

[ 2018-09-25T20:57:07+08:00 ] 127.0.0.1 /index.php/Home/Tag/tag
INFO: [ app_init ] --START--
INFO: Run Behavior\BuildLiteBehavior [ RunTime:0.000047s ]
INFO: [ app_init ] --END-- [ RunTime:0.000589s ]
INFO: [ app_begin ] --START--
INFO: Run Behavior\ReadHtmlCacheBehavior [ RunTime:0.000670s ]
INFO: [ app_begin ] --END-- [ RunTime:0.000847s ]
SQL: SHOW COLUMNS FROM `meiui_tag` [ RunTime:0.0022s ]
SQL: SELECT * FROM `meiui_tag` WHERE ( id=3 ) LIMIT 1   [ RunTime:0.0003s ]
NOTIC: [8] Undefined index: validate G:\tp\first\ThinkPHP\Library\Think\Model.class.php 第 1185 行.
NOTIC: [8] Undefined index: auto G:\tp\first\ThinkPHP\Library\Think\Model.class.php 第 1128 行.
NOTIC: [8] Undefined index: validate G:\tp\first\ThinkPHP\Library\Think\Model.class.php 第 1185 行.
NOTIC: [8] Undefined index: auto G:\tp\first\ThinkPHP\Library\Think\Model.class.php 第 1128 行.
SQL: SELECT * FROM `meiui_tag` WHERE ( tag_type=2 ) LIMIT 1   [ RunTime:0.0003s ]
SQL: SELECT * FROM `meiui_tag` WHERE ( tag_type=2 ) ORDER BY create_time LIMIT 3   [ RunTime:0.0003s ]
SQL: SELECT `id` FROM `meiui_tag`  [ RunTime:0.0002s ]
INFO: [ app_end ] --START--
INFO: Run Behavior\ShowPageTraceBehavior [ RunTime:0.000639s ]
INFO: [ app_end ] --END-- [ RunTime:0.000790s ]

[ 2018-09-25T21:03:05+08:00 ] 127.0.0.1 /index.php/Home/Tag/tag
INFO: [ app_init ] --START--
INFO: Run Behavior\BuildLiteBehavior [ RunTime:0.000025s ]
INFO: [ app_init ] --END-- [ RunTime:0.000410s ]
INFO: [ app_begin ] --START--
INFO: Run Behavior\ReadHtmlCacheBehavior [ RunTime:0.000566s ]
INFO: [ app_begin ] --END-- [ RunTime:0.000671s ]
SQL: SHOW COLUMNS FROM `meiui_tag` [ RunTime:0.0024s ]
SQL: SELECT * FROM `meiui_tag` WHERE ( id=3 ) LIMIT 1   [ RunTime:0.0003s ]
NOTIC: [8] Undefined index: validate G:\tp\first\ThinkPHP\Library\Think\Model.class.php 第 1185 行.
NOTIC: [8] Undefined index: auto G:\tp\first\ThinkPHP\Library\Think\Model.class.php 第 1128 行.
NOTIC: [8] Undefined index: validate G:\tp\first\ThinkPHP\Library\Think\Model.class.php 第 1185 行.
NOTIC: [8] Undefined index: auto G:\tp\first\ThinkPHP\Library\Think\Model.class.php 第 1128 行.
SQL: SELECT * FROM `meiui_tag` WHERE ( tag_type=2 ) LIMIT 1   [ RunTime:0.0003s ]
SQL: SELECT * FROM `meiui_tag` WHERE ( tag_type=2 ) ORDER BY create_time LIMIT 3   [ RunTime:0.0002s ]
SQL: SELECT `id` FROM `meiui_tag`  [ RunTime:0.0002s ]
SQL: SELECT `id`,`tag_type` FROM `meiui_tag`  [ RunTime:0.0003s ]
INFO: [ app_end ] --START--
INFO: Run Behavior\ShowPageTraceBehavior [ RunTime:0.000768s ]
INFO: [ app_end ] --END-- [ RunTime:0.000941s ]

[ 2018-09-25T21:16:49+08:00 ] 127.0.0.1 /index.php/Home/Tag/tag
INFO: [ app_init ] --START--
INFO: Run Behavior\BuildLiteBehavior [ RunTime:0.000027s ]
INFO: [ app_init ] --END-- [ RunTime:0.000915s ]
INFO: [ app_begin ] --START--
INFO: Run Behavior\ReadHtmlCacheBehavior [ RunTime:0.000707s ]
INFO: [ app_begin ] --END-- [ RunTime:0.000877s ]
SQL: SHOW COLUMNS FROM `meiui_tag` [ RunTime:0.0037s ]
SQL: SELECT * FROM `meiui_tag` WHERE ( id=3 ) LIMIT 1   [ RunTime:0.0003s ]
NOTIC: [8] Undefined index: validate G:\tp\first\ThinkPHP\Library\Think\Model.class.php 第 1185 行.
NOTIC: [8] Undefined index: auto G:\tp\first\ThinkPHP\Library\Think\Model.class.php 第 1128 行.
NOTIC: [8] Undefined index: validate G:\tp\first\ThinkPHP\Library\Think\Model.class.php 第 1185 行.
NOTIC: [8] Undefined index: auto G:\tp\first\ThinkPHP\Library\Think\Model.class.php 第 1128 行.
SQL: SELECT * FROM `meiui_tag` WHERE ( tag_type=2 ) LIMIT 1   [ RunTime:0.0002s ]
SQL: SELECT * FROM `meiui_tag` WHERE ( tag_type=2 ) ORDER BY create_time LIMIT 3   [ RunTime:0.0002s ]
SQL: SELECT `id` FROM `meiui_tag`  [ RunTime:0.0002s ]
SQL: SELECT `id` FROM `meiui_tag` LIMIT 3   [ RunTime:0.0002s ]
SQL: SELECT `id`,`tag_type` FROM `meiui_tag`  [ RunTime:0.0003s ]
SQL: SELECT `id`,`tag_type`,`create_user` FROM `meiui_tag`  [ RunTime:0.0003s ]
ERR: 1054:Unknown column 'nickname' in 'field list'
 [ SQL语句 ] : SELECT `id`,`nickname`,`email` FROM `meiui_tag` 
ERR: 1054:Unknown column 'nickname' in 'field list'
 [ SQL语句 ] : SELECT `id`,`nickname`,`email` FROM `meiui_tag` 

[ 2018-09-25T21:17:05+08:00 ] 127.0.0.1 /index.php/Home/Tag/tag
INFO: [ app_init ] --START--
INFO: Run Behavior\BuildLiteBehavior [ RunTime:0.000025s ]
INFO: [ app_init ] --END-- [ RunTime:0.000413s ]
INFO: [ app_begin ] --START--
INFO: Run Behavior\ReadHtmlCacheBehavior [ RunTime:0.000486s ]
INFO: [ app_begin ] --END-- [ RunTime:0.000612s ]
SQL: SHOW COLUMNS FROM `meiui_tag` [ RunTime:0.0027s ]
SQL: SELECT * FROM `meiui_tag` WHERE ( id=3 ) LIMIT 1   [ RunTime:0.0003s ]
NOTIC: [8] Undefined index: validate G:\tp\first\ThinkPHP\Library\Think\Model.class.php 第 1185 行.
NOTIC: [8] Undefined index: auto G:\tp\first\ThinkPHP\Library\Think\Model.class.php 第 1128 行.
NOTIC: [8] Undefined index: validate G:\tp\first\ThinkPHP\Library\Think\Model.class.php 第 1185 行.
NOTIC: [8] Undefined index: auto G:\tp\first\ThinkPHP\Library\Think\Model.class.php 第 1128 行.
SQL: SELECT * FROM `meiui_tag` WHERE ( tag_type=2 ) LIMIT 1   [ RunTime:0.0003s ]
SQL: SELECT * FROM `meiui_tag` WHERE ( tag_type=2 ) ORDER BY create_time LIMIT 3   [ RunTime:0.0003s ]
SQL: SELECT `id` FROM `meiui_tag`  [ RunTime:0.0002s ]
SQL: SELECT `id` FROM `meiui_tag` LIMIT 3   [ RunTime:0.0002s ]
SQL: SELECT `id`,`tag_type` FROM `meiui_tag`  [ RunTime:0.0003s ]
SQL: SELECT `id`,`tag_type`,`create_user` FROM `meiui_tag`  [ RunTime:0.0003s ]
ERR: 1054:Unknown column 'nickname' in 'field list'
 [ SQL语句 ] : SELECT `id`,`nickname`,`email` FROM `meiui_tag` 
ERR: 1054:Unknown column 'nickname' in 'field list'
 [ SQL语句 ] : SELECT `id`,`nickname`,`email` FROM `meiui_tag` 

[ 2018-09-25T21:17:43+08:00 ] 127.0.0.1 /index.php/Home/Tag/tag
INFO: [ app_init ] --START--
INFO: Run Behavior\BuildLiteBehavior [ RunTime:0.000025s ]
INFO: [ app_init ] --END-- [ RunTime:0.000373s ]
INFO: [ app_begin ] --START--
INFO: Run Behavior\ReadHtmlCacheBehavior [ RunTime:0.000471s ]
INFO: [ app_begin ] --END-- [ RunTime:0.000583s ]
SQL: SHOW COLUMNS FROM `meiui_tag` [ RunTime:0.0027s ]
SQL: SELECT * FROM `meiui_tag` WHERE ( id=3 ) LIMIT 1   [ RunTime:0.0003s ]
NOTIC: [8] Undefined index: validate G:\tp\first\ThinkPHP\Library\Think\Model.class.php 第 1185 行.
NOTIC: [8] Undefined index: auto G:\tp\first\ThinkPHP\Library\Think\Model.class.php 第 1128 行.
NOTIC: [8] Undefined index: validate G:\tp\first\ThinkPHP\Library\Think\Model.class.php 第 1185 行.
NOTIC: [8] Undefined index: auto G:\tp\first\ThinkPHP\Library\Think\Model.class.php 第 1128 行.
SQL: SELECT * FROM `meiui_tag` WHERE ( tag_type=2 ) LIMIT 1   [ RunTime:0.0003s ]
SQL: SELECT * FROM `meiui_tag` WHERE ( tag_type=2 ) ORDER BY create_time LIMIT 3   [ RunTime:0.0003s ]
SQL: SELECT `id` FROM `meiui_tag`  [ RunTime:0.0002s ]
SQL: SELECT `id` FROM `meiui_tag` LIMIT 3   [ RunTime:0.0002s ]
SQL: SELECT `id`,`tag_type` FROM `meiui_tag`  [ RunTime:0.0003s ]
SQL: SELECT `id`,`tag_type`,`create_user` FROM `meiui_tag`  [ RunTime:0.0003s ]
SQL: SELECT `id`,`tag_type`,`create_user` FROM `meiui_tag`  [ RunTime:0.0003s ]
INFO: [ app_end ] --START--
INFO: Run Behavior\ShowPageTraceBehavior [ RunTime:0.000817s ]
INFO: [ app_end ] --END-- [ RunTime:0.000982s ]

[ 2018-09-25T21:32:25+08:00 ] 127.0.0.1 /index.php/Home/Mui/mui?user_id=155
INFO: [ app_init ] --START--
INFO: Run Behavior\BuildLiteBehavior [ RunTime:0.000028s ]
INFO: [ app_init ] --END-- [ RunTime:0.000481s ]
INFO: [ app_begin ] --START--
INFO: Run Behavior\ReadHtmlCacheBehavior [ RunTime:0.000750s ]
INFO: [ app_begin ] --END-- [ RunTime:0.000894s ]
SQL: SHOW COLUMNS FROM `meiui_user` [ RunTime:0.0109s ]
SQL: SELECT * FROM `meiui_user` WHERE ( id="3" ) LIMIT 1   [ RunTime:0.0007s ]
SQL: SELECT * FROM `meiui_user` WHERE ( id=155 ) LIMIT 1   [ RunTime:0.0004s ]
INFO: [ app_end ] --START--
INFO: Run Behavior\ShowPageTraceBehavior [ RunTime:0.002196s ]
INFO: [ app_end ] --END-- [ RunTime:0.002552s ]

[ 2018-09-25T21:34:12+08:00 ] 127.0.0.1 /index.php/Home/Mui/mui?user_id=5
INFO: [ app_init ] --START--
INFO: Run Behavior\BuildLiteBehavior [ RunTime:0.000037s ]
INFO: [ app_init ] --END-- [ RunTime:0.000525s ]
INFO: [ app_begin ] --START--
INFO: Run Behavior\ReadHtmlCacheBehavior [ RunTime:0.000610s ]
INFO: [ app_begin ] --END-- [ RunTime:0.000767s ]
SQL: SHOW COLUMNS FROM `meiui_user` [ RunTime:0.0027s ]
SQL: SELECT * FROM `meiui_user` WHERE ( id="3" ) LIMIT 1   [ RunTime:0.0003s ]
SQL: SELECT * FROM `meiui_user` WHERE ( id=5 ) LIMIT 1   [ RunTime:0.0002s ]
INFO: [ app_end ] --START--
INFO: Run Behavior\ShowPageTraceBehavior [ RunTime:0.000832s ]
INFO: [ app_end ] --END-- [ RunTime:0.001046s ]

