[ 2018-09-30T20:12:28+08:00 ] 127.0.0.1 /index.php/Home/MeiuiTag/getTagItem?tag_id=10
INFO: [ app_init ] --START--
INFO: Run Behavior\BuildLiteBehavior [ RunTime:0.000029s ]
INFO: [ app_init ] --END-- [ RunTime:0.018179s ]
INFO: [ app_begin ] --START--
INFO: Run Behavior\ReadHtmlCacheBehavior [ RunTime:0.007497s ]
INFO: [ app_begin ] --END-- [ RunTime:0.007633s ]
ERR: 1146:Table 'shuliang.meiui_tag' doesn't exist
 [ SQL语句 ] : SHOW COLUMNS FROM `meiui_tag`
ERR: 1146:Table 'shuliang.meiui_tag' doesn't exist
 [ SQL语句 ] : SHOW COLUMNS FROM `meiui_tag`

[ 2018-09-30T20:13:01+08:00 ] 127.0.0.1 /index.php/Home/User/updateUserItem?nickname=yun&phone=15523645128&email=good&id=3
INFO: [ app_init ] --START--
INFO: Run Behavior\BuildLiteBehavior [ RunTime:0.000063s ]
INFO: [ app_init ] --END-- [ RunTime:0.001403s ]
INFO: [ app_begin ] --START--
INFO: Run Behavior\ReadHtmlCacheBehavior [ RunTime:0.000740s ]
INFO: [ app_begin ] --END-- [ RunTime:0.000942s ]
SQL: SHOW COLUMNS FROM `meiui_user` [ RunTime:0.2785s ]
SQL: UPDATE `meiui_user` SET `id`='3',`nickname`='yun',`phone`='15523645128',`email`='good' WHERE ( id=3 ) [ RunTime:0.2660s ]
SQL: SELECT * FROM `meiui_user` WHERE ( id=3 ) LIMIT 1   [ RunTime:0.0032s ]
INFO: [ app_end ] --START--
INFO: Run Behavior\ShowPageTraceBehavior [ RunTime:0.008488s ]
INFO: [ app_end ] --END-- [ RunTime:0.008600s ]

[ 2018-09-30T20:13:11+08:00 ] 127.0.0.1 /index.php/Home/Search/user
INFO: [ app_init ] --START--
INFO: Run Behavior\BuildLiteBehavior [ RunTime:0.000041s ]
INFO: [ app_init ] --END-- [ RunTime:0.000538s ]
INFO: [ app_begin ] --START--
INFO: Run Behavior\ReadHtmlCacheBehavior [ RunTime:0.000656s ]
INFO: [ app_begin ] --END-- [ RunTime:0.000802s ]
INFO: [ app_end ] --START--
INFO: Run Behavior\ShowPageTraceBehavior [ RunTime:0.000789s ]
INFO: [ app_end ] --END-- [ RunTime:0.000939s ]

[ 2018-09-30T20:13:30+08:00 ] 127.0.0.1 /index.php/Home/User/insertUserItem
INFO: [ app_init ] --START--
INFO: Run Behavior\BuildLiteBehavior [ RunTime:0.000028s ]
INFO: [ app_init ] --END-- [ RunTime:0.000495s ]
INFO: [ app_begin ] --START--
INFO: Run Behavior\ReadHtmlCacheBehavior [ RunTime:0.000631s ]
INFO: [ app_begin ] --END-- [ RunTime:0.000772s ]
NOTIC: [8] Undefined index: username G:\ui\Application\Home\Controller\UserController.class.php 第 14 行.
NOTIC: [8] Undefined index: nickname G:\ui\Application\Home\Controller\UserController.class.php 第 15 行.
NOTIC: [8] Undefined index: user_pic G:\ui\Application\Home\Controller\UserController.class.php 第 16 行.
NOTIC: [8] Undefined index: phone G:\ui\Application\Home\Controller\UserController.class.php 第 17 行.
NOTIC: [8] Undefined index: password G:\ui\Application\Home\Controller\UserController.class.php 第 18 行.
NOTIC: [8] Undefined index: email G:\ui\Application\Home\Controller\UserController.class.php 第 19 行.
NOTIC: [8] Undefined index: user_id G:\ui\Application\Home\Controller\LogTool.class.php 第 12 行.
INFO: [ app_end ] --START--
INFO: Run Behavior\ShowPageTraceBehavior [ RunTime:0.000677s ]
INFO: [ app_end ] --END-- [ RunTime:0.000804s ]

[ 2018-09-30T20:13:45+08:00 ] 127.0.0.1 /index.php/Home/Search/user
INFO: [ app_init ] --START--
INFO: Run Behavior\BuildLiteBehavior [ RunTime:0.000027s ]
INFO: [ app_init ] --END-- [ RunTime:0.000398s ]
INFO: [ app_begin ] --START--
INFO: Run Behavior\ReadHtmlCacheBehavior [ RunTime:0.000490s ]
INFO: [ app_begin ] --END-- [ RunTime:0.000631s ]
INFO: [ app_end ] --START--
INFO: Run Behavior\ShowPageTraceBehavior [ RunTime:0.000463s ]
INFO: [ app_end ] --END-- [ RunTime:0.000565s ]

[ 2018-09-30T20:13:58+08:00 ] 127.0.0.1 /index.php/Home/User/updateUserItem?id=
INFO: [ app_init ] --START--
INFO: Run Behavior\BuildLiteBehavior [ RunTime:0.000043s ]
INFO: [ app_init ] --END-- [ RunTime:0.000768s ]
INFO: [ app_begin ] --START--
INFO: Run Behavior\ReadHtmlCacheBehavior [ RunTime:0.000793s ]
INFO: [ app_begin ] --END-- [ RunTime:0.001006s ]
NOTIC: [8] Undefined index: nickname G:\ui\Application\Home\Controller\UserController.class.php 第 42 行.
NOTIC: [8] Undefined index: phone G:\ui\Application\Home\Controller\UserController.class.php 第 43 行.
NOTIC: [8] Undefined index: email G:\ui\Application\Home\Controller\UserController.class.php 第 44 行.
NOTIC: [8] Undefined index: user_id G:\ui\Application\Home\Controller\LogTool.class.php 第 12 行.
INFO: [ app_end ] --START--
INFO: Run Behavior\ShowPageTraceBehavior [ RunTime:0.000707s ]
INFO: [ app_end ] --END-- [ RunTime:0.000908s ]

[ 2018-09-30T20:14:32+08:00 ] 127.0.0.1 /index.php/Home/Search/user
INFO: [ app_init ] --START--
INFO: Run Behavior\BuildLiteBehavior [ RunTime:0.000057s ]
INFO: [ app_init ] --END-- [ RunTime:0.000630s ]
INFO: [ app_begin ] --START--
INFO: Run Behavior\ReadHtmlCacheBehavior [ RunTime:0.000921s ]
INFO: [ app_begin ] --END-- [ RunTime:0.001209s ]
INFO: [ app_end ] --START--
INFO: Run Behavior\ShowPageTraceBehavior [ RunTime:0.000763s ]
INFO: [ app_end ] --END-- [ RunTime:0.000946s ]

[ 2018-09-30T20:14:52+08:00 ] 127.0.0.1 /index.php/Home/Search/user
INFO: [ app_init ] --START--
INFO: Run Behavior\BuildLiteBehavior [ RunTime:0.000042s ]
INFO: [ app_init ] --END-- [ RunTime:0.000444s ]
INFO: [ app_begin ] --START--
INFO: Run Behavior\ReadHtmlCacheBehavior [ RunTime:0.000436s ]
INFO: [ app_begin ] --END-- [ RunTime:0.000546s ]
INFO: [ app_end ] --START--
INFO: Run Behavior\ShowPageTraceBehavior [ RunTime:0.000467s ]
INFO: [ app_end ] --END-- [ RunTime:0.000570s ]

[ 2018-09-30T20:15:12+08:00 ] 127.0.0.1 /index.php/Home/User/updateUserItem?id=
INFO: [ app_init ] --START--
INFO: Run Behavior\BuildLiteBehavior [ RunTime:0.000043s ]
INFO: [ app_init ] --END-- [ RunTime:0.000927s ]
INFO: [ app_begin ] --START--
INFO: Run Behavior\ReadHtmlCacheBehavior [ RunTime:0.000972s ]
INFO: [ app_begin ] --END-- [ RunTime:0.001159s ]
NOTIC: [8] Undefined index: nickname G:\ui\Application\Home\Controller\UserController.class.php 第 42 行.
NOTIC: [8] Undefined index: phone G:\ui\Application\Home\Controller\UserController.class.php 第 43 行.
NOTIC: [8] Undefined index: email G:\ui\Application\Home\Controller\UserController.class.php 第 44 行.
NOTIC: [8] Undefined index: user_id G:\ui\Application\Home\Controller\LogTool.class.php 第 12 行.
INFO: [ app_end ] --START--
INFO: Run Behavior\ShowPageTraceBehavior [ RunTime:0.005301s ]
INFO: [ app_end ] --END-- [ RunTime:0.006124s ]

[ 2018-09-30T20:15:22+08:00 ] 127.0.0.1 /index.php/Home/User/dropUserItem?id=
INFO: [ app_init ] --START--
INFO: Run Behavior\BuildLiteBehavior [ RunTime:0.000023s ]
INFO: [ app_init ] --END-- [ RunTime:0.000414s ]
INFO: [ app_begin ] --START--
INFO: Run Behavior\ReadHtmlCacheBehavior [ RunTime:0.000442s ]
INFO: [ app_begin ] --END-- [ RunTime:0.000552s ]
NOTIC: [8] Undefined index: user_id G:\ui\Application\Home\Controller\LogTool.class.php 第 12 行.
INFO: [ app_end ] --START--
INFO: Run Behavior\ShowPageTraceBehavior [ RunTime:0.000615s ]
INFO: [ app_end ] --END-- [ RunTime:0.000783s ]

[ 2018-09-30T20:15:59+08:00 ] 127.0.0.1 /
INFO: [ app_init ] --START--
INFO: Run Behavior\BuildLiteBehavior [ RunTime:0.000061s ]
INFO: [ app_init ] --END-- [ RunTime:0.000433s ]
INFO: [ app_begin ] --START--
INFO: Run Behavior\ReadHtmlCacheBehavior [ RunTime:0.000696s ]
INFO: [ app_begin ] --END-- [ RunTime:0.000865s ]
INFO: [ view_parse ] --START--
INFO: Run Behavior\ParseTemplateBehavior [ RunTime:0.077606s ]
INFO: [ view_parse ] --END-- [ RunTime:0.077745s ]
INFO: [ view_filter ] --START--
INFO: Run Behavior\WriteHtmlCacheBehavior [ RunTime:0.099062s ]
INFO: [ view_filter ] --END-- [ RunTime:0.099173s ]
INFO: [ app_end ] --START--
INFO: Run Behavior\ShowPageTraceBehavior [ RunTime:0.000529s ]
INFO: [ app_end ] --END-- [ RunTime:0.000631s ]

[ 2018-09-30T20:16:05+08:00 ] 127.0.0.1 /index.php/Home/Search/user
INFO: [ app_init ] --START--
INFO: Run Behavior\BuildLiteBehavior [ RunTime:0.000027s ]
INFO: [ app_init ] --END-- [ RunTime:0.000535s ]
INFO: [ app_begin ] --START--
INFO: Run Behavior\ReadHtmlCacheBehavior [ RunTime:0.000785s ]
INFO: [ app_begin ] --END-- [ RunTime:0.000942s ]
INFO: [ app_end ] --START--
INFO: Run Behavior\ShowPageTraceBehavior [ RunTime:0.003345s ]
INFO: [ app_end ] --END-- [ RunTime:0.003988s ]

[ 2018-09-30T20:18:38+08:00 ] 127.0.0.1 /index.php/Home/MeiuiTag/getTagItem?tag_id=11
INFO: [ app_init ] --START--
INFO: Run Behavior\BuildLiteBehavior [ RunTime:0.000027s ]
INFO: [ app_init ] --END-- [ RunTime:0.000594s ]
INFO: [ app_begin ] --START--
INFO: Run Behavior\ReadHtmlCacheBehavior [ RunTime:0.003246s ]
INFO: [ app_begin ] --END-- [ RunTime:0.003462s ]
ERR: 1146:Table 'shuliang.meiui_tag' doesn't exist
 [ SQL语句 ] : SHOW COLUMNS FROM `meiui_tag`
ERR: 1146:Table 'shuliang.meiui_tag' doesn't exist
 [ SQL语句 ] : SHOW COLUMNS FROM `meiui_tag`

[ 2018-09-30T20:20:05+08:00 ] 127.0.0.1 /index.php/Home/User/getUserItem?id=5
INFO: [ app_init ] --START--
INFO: Run Behavior\BuildLiteBehavior [ RunTime:0.000027s ]
INFO: [ app_init ] --END-- [ RunTime:0.000484s ]
INFO: [ app_begin ] --START--
INFO: Run Behavior\ReadHtmlCacheBehavior [ RunTime:0.000596s ]
INFO: [ app_begin ] --END-- [ RunTime:0.000748s ]
SQL: SHOW COLUMNS FROM `meiui_user` [ RunTime:0.0026s ]
SQL: SELECT * FROM `meiui_user` WHERE ( id=5 ) LIMIT 1   [ RunTime:0.0004s ]
INFO: [ app_end ] --START--
INFO: Run Behavior\ShowPageTraceBehavior [ RunTime:0.000711s ]
INFO: [ app_end ] --END-- [ RunTime:0.000815s ]

[ 2018-09-30T20:20:45+08:00 ] 127.0.0.1 /index.php/Home/User/insertUserItem?nickname=yun&user_pic=sky&password=k&phone=15523645128&email=good&username=lsyss
INFO: [ app_init ] --START--
INFO: Run Behavior\BuildLiteBehavior [ RunTime:0.000024s ]
INFO: [ app_init ] --END-- [ RunTime:0.000418s ]
INFO: [ app_begin ] --START--
INFO: Run Behavior\ReadHtmlCacheBehavior [ RunTime:0.000602s ]
INFO: [ app_begin ] --END-- [ RunTime:0.000716s ]
SQL: SHOW COLUMNS FROM `meiui_user` [ RunTime:0.0024s ]
ERR: 1062:Duplicate entry 'lsyss' for key 'username'
 [ SQL语句 ] : INSERT INTO `meiui_user` (`username`,`nickname`,`user_pic`,`phone`,`password`,`email`) VALUES ('lsyss','yun','sky','15523645128','k','good')
ERR: 1062:Duplicate entry 'lsyss' for key 'username'
 [ SQL语句 ] : INSERT INTO `meiui_user` (`username`,`nickname`,`user_pic`,`phone`,`password`,`email`) VALUES ('lsyss','yun','sky','15523645128','k','good')

[ 2018-09-30T20:20:50+08:00 ] 127.0.0.1 /index.php/Home/User/insertUserItem?nickname=yun&user_pic=sky&password=k&phone=15523645128&email=good&username=lsysss
INFO: [ app_init ] --START--
INFO: Run Behavior\BuildLiteBehavior [ RunTime:0.000022s ]
INFO: [ app_init ] --END-- [ RunTime:0.000364s ]
INFO: [ app_begin ] --START--
INFO: Run Behavior\ReadHtmlCacheBehavior [ RunTime:0.000448s ]
INFO: [ app_begin ] --END-- [ RunTime:0.000589s ]
SQL: SHOW COLUMNS FROM `meiui_user` [ RunTime:0.0023s ]
SQL: INSERT INTO `meiui_user` (`username`,`nickname`,`user_pic`,`phone`,`password`,`email`) VALUES ('lsysss','yun','sky','15523645128','k','good') [ RunTime:0.0004s ]
SQL: SELECT * FROM `meiui_user` WHERE ( id=18 ) LIMIT 1   [ RunTime:0.0003s ]
INFO: [ app_end ] --START--
INFO: Run Behavior\ShowPageTraceBehavior [ RunTime:0.000546s ]
INFO: [ app_end ] --END-- [ RunTime:0.000649s ]

[ 2018-09-30T20:21:26+08:00 ] 127.0.0.1 /
INFO: [ app_init ] --START--
INFO: Run Behavior\BuildLiteBehavior [ RunTime:0.000046s ]
INFO: [ app_init ] --END-- [ RunTime:0.005062s ]
INFO: [ app_begin ] --START--
INFO: Run Behavior\ReadHtmlCacheBehavior [ RunTime:0.000741s ]
INFO: [ app_begin ] --END-- [ RunTime:0.000933s ]
INFO: [ view_parse ] --START--
INFO: Run Behavior\ParseTemplateBehavior [ RunTime:0.000389s ]
INFO: [ view_parse ] --END-- [ RunTime:0.000513s ]
INFO: [ view_filter ] --START--
INFO: Run Behavior\WriteHtmlCacheBehavior [ RunTime:0.000306s ]
INFO: [ view_filter ] --END-- [ RunTime:0.000414s ]
INFO: [ app_end ] --START--
INFO: Run Behavior\ShowPageTraceBehavior [ RunTime:0.000451s ]
INFO: [ app_end ] --END-- [ RunTime:0.000549s ]

[ 2018-09-30T20:21:34+08:00 ] 127.0.0.1 /index.php/Home/MeiuiTag/getTagItem?tag_id=5
INFO: [ app_init ] --START--
INFO: Run Behavior\BuildLiteBehavior [ RunTime:0.000030s ]
INFO: [ app_init ] --END-- [ RunTime:0.000477s ]
INFO: [ app_begin ] --START--
INFO: Run Behavior\ReadHtmlCacheBehavior [ RunTime:0.001221s ]
INFO: [ app_begin ] --END-- [ RunTime:0.001491s ]
ERR: 1146:Table 'shuliang.meiui_tag' doesn't exist
 [ SQL语句 ] : SHOW COLUMNS FROM `meiui_tag`
ERR: 1146:Table 'shuliang.meiui_tag' doesn't exist
 [ SQL语句 ] : SHOW COLUMNS FROM `meiui_tag`

[ 2018-09-30T20:51:13+08:00 ] 127.0.0.1 /index.php/Home/User/insertUserItem?nickname=yun&user_pic=sky&password=k&phone=15523645128&email=good&username=lsyssss
INFO: [ app_init ] --START--
INFO: Run Behavior\BuildLiteBehavior [ RunTime:0.000278s ]
INFO: [ app_init ] --END-- [ RunTime:0.006809s ]
INFO: [ app_begin ] --START--
INFO: Run Behavior\ReadHtmlCacheBehavior [ RunTime:0.005547s ]
INFO: [ app_begin ] --END-- [ RunTime:0.006049s ]
SQL: SHOW COLUMNS FROM `meiui_user` [ RunTime:0.0034s ]
SQL: INSERT INTO `meiui_user` (`username`,`nickname`,`user_pic`,`phone`,`password`,`email`) VALUES ('lsyssss','yun','sky','15523645128','k','good') [ RunTime:0.0005s ]
SQL: SELECT * FROM `meiui_user` WHERE ( id=19 ) LIMIT 1   [ RunTime:0.0003s ]
INFO: [ app_end ] --START--
INFO: Run Behavior\ShowPageTraceBehavior [ RunTime:0.000970s ]
INFO: [ app_end ] --END-- [ RunTime:0.001135s ]

[ 2018-09-30T20:51:20+08:00 ] 127.0.0.1 /index.php/Home/User/insertUserItem?nickname=yun&user_pic=sky&password=k&phone=15523645128&email=good&username=lss
INFO: [ app_init ] --START--
INFO: Run Behavior\BuildLiteBehavior [ RunTime:0.000025s ]
INFO: [ app_init ] --END-- [ RunTime:0.000383s ]
INFO: [ app_begin ] --START--
INFO: Run Behavior\ReadHtmlCacheBehavior [ RunTime:0.000557s ]
INFO: [ app_begin ] --END-- [ RunTime:0.000699s ]
SQL: SHOW COLUMNS FROM `meiui_user` [ RunTime:0.0029s ]
SQL: INSERT INTO `meiui_user` (`username`,`nickname`,`user_pic`,`phone`,`password`,`email`) VALUES ('lss','yun','sky','15523645128','k','good') [ RunTime:0.0005s ]
SQL: SELECT * FROM `meiui_user` WHERE ( id=20 ) LIMIT 1   [ RunTime:0.0004s ]
INFO: [ app_end ] --START--
INFO: Run Behavior\ShowPageTraceBehavior [ RunTime:0.000861s ]
INFO: [ app_end ] --END-- [ RunTime:0.001029s ]

