[ 2018-09-19T18:48:17+08:00 ] 127.0.0.1 /index.php/Home/Search/user
INFO: [ app_init ] --START--
INFO: Run Behavior\BuildLiteBehavior [ RunTime:0.000035s ]
INFO: [ app_init ] --END-- [ RunTime:0.020282s ]
INFO: [ app_begin ] --START--
INFO: Run Behavior\ReadHtmlCacheBehavior [ RunTime:0.010249s ]
INFO: [ app_begin ] --END-- [ RunTime:0.010403s ]
INFO: [ app_end ] --START--
INFO: Run Behavior\ShowPageTraceBehavior [ RunTime:0.029106s ]
INFO: [ app_end ] --END-- [ RunTime:0.029319s ]

[ 2018-09-19T18:49:02+08:00 ] 127.0.0.1 /index.php/Home/Search/user
INFO: [ app_init ] --START--
INFO: Run Behavior\BuildLiteBehavior [ RunTime:0.000026s ]
INFO: [ app_init ] --END-- [ RunTime:0.000449s ]
INFO: [ app_begin ] --START--
INFO: Run Behavior\ReadHtmlCacheBehavior [ RunTime:0.000775s ]
INFO: [ app_begin ] --END-- [ RunTime:0.000983s ]
INFO: [ app_end ] --START--
INFO: Run Behavior\ShowPageTraceBehavior [ RunTime:0.005294s ]
INFO: [ app_end ] --END-- [ RunTime:0.005942s ]

[ 2018-09-19T18:49:55+08:00 ] 127.0.0.1 /index.php/Home/Search/user
INFO: [ app_init ] --START--
INFO: Run Behavior\BuildLiteBehavior [ RunTime:0.000025s ]
INFO: [ app_init ] --END-- [ RunTime:0.000465s ]
INFO: [ app_begin ] --START--
INFO: Run Behavior\ReadHtmlCacheBehavior [ RunTime:0.000602s ]
INFO: [ app_begin ] --END-- [ RunTime:0.000732s ]
INFO: [ app_end ] --START--
INFO: Run Behavior\ShowPageTraceBehavior [ RunTime:0.000581s ]
INFO: [ app_end ] --END-- [ RunTime:0.000693s ]

[ 2018-09-19T18:50:10+08:00 ] 127.0.0.1 /index.php/Home/Bk/BK
INFO: [ app_init ] --START--
INFO: Run Behavior\BuildLiteBehavior [ RunTime:0.000134s ]
INFO: [ app_init ] --END-- [ RunTime:0.002810s ]
INFO: [ app_begin ] --START--
INFO: Run Behavior\ReadHtmlCacheBehavior [ RunTime:0.000647s ]
INFO: [ app_begin ] --END-- [ RunTime:0.000782s ]
SQL: SHOW COLUMNS FROM `bk` [ RunTime:0.0747s ]
SQL: SELECT * FROM `bk` LIMIT 1   [ RunTime:0.0004s ]
SQL: SELECT * FROM `bk` WHERE ( id=1 AND title="mudi" ) LIMIT 1   [ RunTime:0.0004s ]
SQL: SELECT `author` FROM `bk` WHERE ( id=2 ) LIMIT 1   [ RunTime:0.0002s ]
SQL: SELECT `id` FROM `bk`  [ RunTime:0.0002s ]
SQL: SELECT `id`,`author` FROM `bk`  [ RunTime:0.0002s ]
SQL: SELECT `id`,`author` FROM `bk` LIMIT 3   [ RunTime:0.0002s ]
SQL: SELECT `id`,`title`,`author` FROM `bk`  [ RunTime:0.0002s ]
INFO: [ app_end ] --START--
INFO: Run Behavior\ShowPageTraceBehavior [ RunTime:0.000713s ]
INFO: [ app_end ] --END-- [ RunTime:0.000860s ]

[ 2018-09-19T18:51:00+08:00 ] 127.0.0.1 /index.php/Home/Author/BK
INFO: [ app_init ] --START--
INFO: Run Behavior\BuildLiteBehavior [ RunTime:0.000043s ]
INFO: [ app_init ] --END-- [ RunTime:0.000716s ]
INFO: [ app_begin ] --START--
INFO: Run Behavior\ReadHtmlCacheBehavior [ RunTime:0.000838s ]
INFO: [ app_begin ] --END-- [ RunTime:0.001037s ]
ERR: 非法操作:BK

[ 2018-09-19T18:51:10+08:00 ] 127.0.0.1 /index.php/Home/Author/book
INFO: [ app_init ] --START--
INFO: Run Behavior\BuildLiteBehavior [ RunTime:0.000025s ]
INFO: [ app_init ] --END-- [ RunTime:0.000391s ]
INFO: [ app_begin ] --START--
INFO: Run Behavior\ReadHtmlCacheBehavior [ RunTime:0.000466s ]
INFO: [ app_begin ] --END-- [ RunTime:0.000576s ]
SQL: SHOW COLUMNS FROM `author` [ RunTime:0.0044s ]
SQL: SELECT * FROM `author` WHERE ( sex="1" ) LIMIT 1   [ RunTime:0.0003s ]
INFO: [ app_end ] --START--
INFO: Run Behavior\ShowPageTraceBehavior [ RunTime:0.000659s ]
INFO: [ app_end ] --END-- [ RunTime:0.000761s ]

[ 2018-09-19T18:52:51+08:00 ] 127.0.0.1 /index.php/Home/Author/book
INFO: [ app_init ] --START--
INFO: Run Behavior\BuildLiteBehavior [ RunTime:0.000027s ]
INFO: [ app_init ] --END-- [ RunTime:0.000563s ]
INFO: [ app_begin ] --START--
INFO: Run Behavior\ReadHtmlCacheBehavior [ RunTime:0.000563s ]
INFO: [ app_begin ] --END-- [ RunTime:0.000701s ]
SQL: SHOW COLUMNS FROM `author` [ RunTime:0.0024s ]
SQL: SELECT * FROM `author` WHERE ( sex="1" ) LIMIT 1   [ RunTime:0.0002s ]
INFO: [ app_end ] --START--
INFO: Run Behavior\ShowPageTraceBehavior [ RunTime:0.000561s ]
INFO: [ app_end ] --END-- [ RunTime:0.000663s ]

[ 2018-09-19T18:52:53+08:00 ] 127.0.0.1 /index.php/Home/Author/book
INFO: [ app_init ] --START--
INFO: Run Behavior\BuildLiteBehavior [ RunTime:0.000023s ]
INFO: [ app_init ] --END-- [ RunTime:0.000368s ]
INFO: [ app_begin ] --START--
INFO: Run Behavior\ReadHtmlCacheBehavior [ RunTime:0.000449s ]
INFO: [ app_begin ] --END-- [ RunTime:0.000551s ]
SQL: SHOW COLUMNS FROM `author` [ RunTime:0.0020s ]
SQL: SELECT * FROM `author` WHERE ( sex="1" ) LIMIT 1   [ RunTime:0.0002s ]
INFO: [ app_end ] --START--
INFO: Run Behavior\ShowPageTraceBehavior [ RunTime:0.000702s ]
INFO: [ app_end ] --END-- [ RunTime:0.000805s ]

[ 2018-09-19T18:53:09+08:00 ] 127.0.0.1 /index.php/Home/Author/book
INFO: [ app_init ] --START--
INFO: Run Behavior\BuildLiteBehavior [ RunTime:0.000023s ]
INFO: [ app_init ] --END-- [ RunTime:0.000407s ]
INFO: [ app_begin ] --START--
INFO: Run Behavior\ReadHtmlCacheBehavior [ RunTime:0.000563s ]
INFO: [ app_begin ] --END-- [ RunTime:0.000668s ]
SQL: SHOW COLUMNS FROM `author` [ RunTime:0.0027s ]
SQL: SELECT * FROM `author` WHERE ( sex="1" ) LIMIT 1   [ RunTime:0.0003s ]
INFO: [ app_end ] --START--
INFO: Run Behavior\ShowPageTraceBehavior [ RunTime:0.000575s ]
INFO: [ app_end ] --END-- [ RunTime:0.000681s ]

[ 2018-09-19T19:12:01+08:00 ] 127.0.0.1 /index.php/Home/Author/book
INFO: [ app_init ] --START--
INFO: Run Behavior\BuildLiteBehavior [ RunTime:0.000040s ]
INFO: [ app_init ] --END-- [ RunTime:0.000717s ]
INFO: [ app_begin ] --START--
INFO: Run Behavior\ReadHtmlCacheBehavior [ RunTime:0.002133s ]
INFO: [ app_begin ] --END-- [ RunTime:0.002390s ]
SQL: SHOW COLUMNS FROM `author` [ RunTime:0.0021s ]
SQL: SELECT * FROM `author` WHERE ( sex="1" ) LIMIT 1   [ RunTime:0.0002s ]
INFO: [ app_end ] --START--
INFO: Run Behavior\ShowPageTraceBehavior [ RunTime:0.000698s ]
INFO: [ app_end ] --END-- [ RunTime:0.000803s ]

[ 2018-09-19T19:12:42+08:00 ] 127.0.0.1 /index.php/Home/Search/book
INFO: [ app_init ] --START--
INFO: Run Behavior\BuildLiteBehavior [ RunTime:0.000028s ]
INFO: [ app_init ] --END-- [ RunTime:0.000439s ]
INFO: [ app_begin ] --START--
INFO: Run Behavior\ReadHtmlCacheBehavior [ RunTime:0.000612s ]
INFO: [ app_begin ] --END-- [ RunTime:0.000801s ]
ERR: 无法加载控制器:Search

[ 2018-09-19T19:14:08+08:00 ] 127.0.0.1 /index.php/Home/Search/book
INFO: [ app_init ] --START--
INFO: Run Behavior\BuildLiteBehavior [ RunTime:0.000024s ]
INFO: [ app_init ] --END-- [ RunTime:0.000412s ]
INFO: [ app_begin ] --START--
INFO: Run Behavior\ReadHtmlCacheBehavior [ RunTime:0.000556s ]
INFO: [ app_begin ] --END-- [ RunTime:0.000661s ]
ERR: 非法操作:book

[ 2018-09-19T19:14:12+08:00 ] 127.0.0.1 /index.php/Home/Search
INFO: [ app_init ] --START--
INFO: Run Behavior\BuildLiteBehavior [ RunTime:0.000024s ]
INFO: [ app_init ] --END-- [ RunTime:0.000484s ]
INFO: [ app_begin ] --START--
INFO: Run Behavior\ReadHtmlCacheBehavior [ RunTime:0.001532s ]
INFO: [ app_begin ] --END-- [ RunTime:0.001798s ]
ERR: 非法操作:index

[ 2018-09-19T19:14:28+08:00 ] 127.0.0.1 /index.php/Home/Search/user
INFO: [ app_init ] --START--
INFO: Run Behavior\BuildLiteBehavior [ RunTime:0.000024s ]
INFO: [ app_init ] --END-- [ RunTime:0.000403s ]
INFO: [ app_begin ] --START--
INFO: Run Behavior\ReadHtmlCacheBehavior [ RunTime:0.000434s ]
INFO: [ app_begin ] --END-- [ RunTime:0.000537s ]
INFO: [ app_end ] --START--
INFO: Run Behavior\ShowPageTraceBehavior [ RunTime:0.000535s ]
INFO: [ app_end ] --END-- [ RunTime:0.000641s ]

[ 2018-09-19T19:15:24+08:00 ] 127.0.0.1 /index.php/Home/Author/book
INFO: [ app_init ] --START--
INFO: Run Behavior\BuildLiteBehavior [ RunTime:0.000026s ]
INFO: [ app_init ] --END-- [ RunTime:0.000424s ]
INFO: [ app_begin ] --START--
INFO: Run Behavior\ReadHtmlCacheBehavior [ RunTime:0.000618s ]
INFO: [ app_begin ] --END-- [ RunTime:0.000785s ]
SQL: SHOW COLUMNS FROM `author` [ RunTime:0.0044s ]
SQL: SELECT * FROM `author` WHERE ( sex="1" ) LIMIT 1   [ RunTime:0.0003s ]
INFO: [ app_end ] --START--
INFO: Run Behavior\ShowPageTraceBehavior [ RunTime:0.000606s ]
INFO: [ app_end ] --END-- [ RunTime:0.000713s ]

[ 2018-09-19T19:16:00+08:00 ] 127.0.0.1 /index.php/Home/Author/book
INFO: [ app_init ] --START--
INFO: Run Behavior\BuildLiteBehavior [ RunTime:0.000046s ]
INFO: [ app_init ] --END-- [ RunTime:0.000692s ]
INFO: [ app_begin ] --START--
INFO: Run Behavior\ReadHtmlCacheBehavior [ RunTime:0.000724s ]
INFO: [ app_begin ] --END-- [ RunTime:0.001304s ]
SQL: SHOW COLUMNS FROM `author` [ RunTime:0.0024s ]
SQL: SELECT * FROM `author` WHERE ( sex="1" ) LIMIT 1   [ RunTime:0.0003s ]
INFO: [ app_end ] --START--
INFO: Run Behavior\ShowPageTraceBehavior [ RunTime:0.000685s ]
INFO: [ app_end ] --END-- [ RunTime:0.000786s ]

[ 2018-09-19T19:19:40+08:00 ] 127.0.0.1 /index.php/Home/Author/book
INFO: [ app_init ] --START--
INFO: Run Behavior\BuildLiteBehavior [ RunTime:0.000026s ]
INFO: [ app_init ] --END-- [ RunTime:0.000598s ]
INFO: [ app_begin ] --START--
INFO: Run Behavior\ReadHtmlCacheBehavior [ RunTime:0.000666s ]
INFO: [ app_begin ] --END-- [ RunTime:0.000816s ]
SQL: SHOW COLUMNS FROM `author` [ RunTime:0.0026s ]
SQL: SELECT * FROM `author` WHERE ( sex="1" ) LIMIT 1   [ RunTime:0.0002s ]
INFO: [ app_end ] --START--
INFO: Run Behavior\ShowPageTraceBehavior [ RunTime:0.000681s ]
INFO: [ app_end ] --END-- [ RunTime:0.000785s ]

[ 2018-09-19T19:19:41+08:00 ] 127.0.0.1 /index.php/Home/Author/book
INFO: [ app_init ] --START--
INFO: Run Behavior\BuildLiteBehavior [ RunTime:0.000047s ]
INFO: [ app_init ] --END-- [ RunTime:0.000652s ]
INFO: [ app_begin ] --START--
INFO: Run Behavior\ReadHtmlCacheBehavior [ RunTime:0.001426s ]
INFO: [ app_begin ] --END-- [ RunTime:0.001763s ]
SQL: SHOW COLUMNS FROM `author` [ RunTime:0.0023s ]
SQL: SELECT * FROM `author` WHERE ( sex="1" ) LIMIT 1   [ RunTime:0.0002s ]
INFO: [ app_end ] --START--
INFO: Run Behavior\ShowPageTraceBehavior [ RunTime:0.000725s ]
INFO: [ app_end ] --END-- [ RunTime:0.000826s ]

[ 2018-09-19T19:19:54+08:00 ] 127.0.0.1 /index.php/Home/Author/book
INFO: [ app_init ] --START--
INFO: Run Behavior\BuildLiteBehavior [ RunTime:0.000026s ]
INFO: [ app_init ] --END-- [ RunTime:0.000546s ]
INFO: [ app_begin ] --START--
INFO: Run Behavior\ReadHtmlCacheBehavior [ RunTime:0.001014s ]
INFO: [ app_begin ] --END-- [ RunTime:0.001217s ]
NOTIC: [8] Undefined variable: connection G:\tp\first\Application\Home\Controller\AuthorController.class.php 第 26 行.
ERR: 1146:Table 'shuliang.author' doesn't exist
 [ SQL语句 ] : SHOW COLUMNS FROM `author`
ERR: 1146:Table 'shuliang.author' doesn't exist
 [ SQL语句 ] : SHOW COLUMNS FROM `author`

[ 2018-09-19T19:24:50+08:00 ] 127.0.0.1 /index.php/Home/Author/book
INFO: [ app_init ] --START--
INFO: Run Behavior\BuildLiteBehavior [ RunTime:0.000026s ]
INFO: [ app_init ] --END-- [ RunTime:0.000413s ]
INFO: [ app_begin ] --START--
INFO: Run Behavior\ReadHtmlCacheBehavior [ RunTime:0.000537s ]
INFO: [ app_begin ] --END-- [ RunTime:0.000643s ]
SQL: SHOW COLUMNS FROM `author` [ RunTime:0.0047s ]
SQL: SELECT * FROM `author` WHERE ( sex="1" ) LIMIT 1   [ RunTime:0.0003s ]
INFO: [ app_end ] --START--
INFO: Run Behavior\ShowPageTraceBehavior [ RunTime:0.001342s ]
INFO: [ app_end ] --END-- [ RunTime:0.001908s ]

[ 2018-09-19T19:28:17+08:00 ] 127.0.0.1 /index.php/Home/Bk/BK
INFO: [ app_init ] --START--
INFO: Run Behavior\BuildLiteBehavior [ RunTime:0.000026s ]
INFO: [ app_init ] --END-- [ RunTime:0.000513s ]
INFO: [ app_begin ] --START--
INFO: Run Behavior\ReadHtmlCacheBehavior [ RunTime:0.000663s ]
INFO: [ app_begin ] --END-- [ RunTime:0.000801s ]
SQL: SHOW COLUMNS FROM `bk` [ RunTime:0.0026s ]
SQL: SELECT * FROM `bk` LIMIT 1   [ RunTime:0.0003s ]
SQL: SELECT * FROM `bk` WHERE ( id=1 AND title="mudi" ) LIMIT 1   [ RunTime:0.0002s ]
SQL: SELECT `author` FROM `bk` WHERE ( id=2 ) LIMIT 1   [ RunTime:0.0002s ]
SQL: SELECT `id` FROM `bk`  [ RunTime:0.0002s ]
SQL: SELECT `id`,`author` FROM `bk`  [ RunTime:0.0002s ]
SQL: SELECT `id`,`author` FROM `bk` LIMIT 3   [ RunTime:0.0001s ]
SQL: SELECT `id`,`title`,`author` FROM `bk`  [ RunTime:0.0002s ]
INFO: [ app_end ] --START--
INFO: Run Behavior\ShowPageTraceBehavior [ RunTime:0.001251s ]
INFO: [ app_end ] --END-- [ RunTime:0.001732s ]

[ 2018-09-19T19:31:55+08:00 ] 127.0.0.1 /index.php/Home/Bk/BK
INFO: [ app_init ] --START--
INFO: Run Behavior\BuildLiteBehavior [ RunTime:0.000050s ]
INFO: [ app_init ] --END-- [ RunTime:0.001019s ]
INFO: [ app_begin ] --START--
INFO: Run Behavior\ReadHtmlCacheBehavior [ RunTime:0.001122s ]
INFO: [ app_begin ] --END-- [ RunTime:0.001377s ]
SQL: SHOW COLUMNS FROM `bk` [ RunTime:0.0026s ]
SQL: SELECT * FROM `bk` LIMIT 1   [ RunTime:0.0014s ]
SQL: SELECT * FROM `bk` WHERE ( id=1 AND title="mudi" ) LIMIT 1   [ RunTime:0.0002s ]
SQL: SELECT `author` FROM `bk` WHERE ( id=2 ) LIMIT 1   [ RunTime:0.0002s ]
SQL: SELECT `id` FROM `bk`  [ RunTime:0.0002s ]
SQL: SELECT `id`,`author` FROM `bk`  [ RunTime:0.0002s ]
SQL: SELECT `id`,`author` FROM `bk` LIMIT 3   [ RunTime:0.0002s ]
SQL: SELECT `id`,`title`,`author` FROM `bk`  [ RunTime:0.0002s ]
INFO: [ app_end ] --START--
INFO: Run Behavior\ShowPageTraceBehavior [ RunTime:0.000829s ]
INFO: [ app_end ] --END-- [ RunTime:0.000961s ]

[ 2018-09-19T19:39:28+08:00 ] 127.0.0.1 /index.php/Home/Bk/BK
INFO: [ app_init ] --START--
INFO: Run Behavior\BuildLiteBehavior [ RunTime:0.000027s ]
INFO: [ app_init ] --END-- [ RunTime:0.000472s ]
INFO: [ app_begin ] --START--
INFO: Run Behavior\ReadHtmlCacheBehavior [ RunTime:0.000655s ]
INFO: [ app_begin ] --END-- [ RunTime:0.000797s ]
SQL: SHOW COLUMNS FROM `bk` [ RunTime:0.0019s ]
SQL: SELECT * FROM `bk` LIMIT 1   [ RunTime:0.0002s ]
SQL: SELECT * FROM `bk` WHERE ( id=1 AND title="mudi" ) LIMIT 1   [ RunTime:0.0002s ]
ERR: 1054:Unknown column 'create_time' in 'order clause'
 [ SQL语句 ] : SELECT * FROM `bk` WHERE ( author= "ly"  ) ORDER BY create_time LIMIT 10  
ERR: 1054:Unknown column 'create_time' in 'order clause'
 [ SQL语句 ] : SELECT * FROM `bk` WHERE ( author= "ly"  ) ORDER BY create_time LIMIT 10  

[ 2018-09-19T19:40:05+08:00 ] 127.0.0.1 /index.php/Home/Bk/BK
INFO: [ app_init ] --START--
INFO: Run Behavior\BuildLiteBehavior [ RunTime:0.000048s ]
INFO: [ app_init ] --END-- [ RunTime:0.000659s ]
INFO: [ app_begin ] --START--
INFO: Run Behavior\ReadHtmlCacheBehavior [ RunTime:0.000680s ]
INFO: [ app_begin ] --END-- [ RunTime:0.000870s ]
SQL: SHOW COLUMNS FROM `bk` [ RunTime:0.0026s ]
SQL: SELECT * FROM `bk` LIMIT 1   [ RunTime:0.0002s ]
SQL: SELECT * FROM `bk` WHERE ( id=1 AND title="mudi" ) LIMIT 1   [ RunTime:0.0002s ]
ERR: 1054:Unknown column 'create_time' in 'order clause'
 [ SQL语句 ] : SELECT * FROM `bk` WHERE ( author= "ly"  ) ORDER BY create_time LIMIT 10  
ERR: 1054:Unknown column 'create_time' in 'order clause'
 [ SQL语句 ] : SELECT * FROM `bk` WHERE ( author= "ly"  ) ORDER BY create_time LIMIT 10  

[ 2018-09-19T19:40:17+08:00 ] 127.0.0.1 /index.php/Home/Bk/BK
INFO: [ app_init ] --START--
INFO: Run Behavior\BuildLiteBehavior [ RunTime:0.000025s ]
INFO: [ app_init ] --END-- [ RunTime:0.000376s ]
INFO: [ app_begin ] --START--
INFO: Run Behavior\ReadHtmlCacheBehavior [ RunTime:0.000508s ]
INFO: [ app_begin ] --END-- [ RunTime:0.000626s ]
SQL: SHOW COLUMNS FROM `bk` [ RunTime:0.0028s ]
SQL: SELECT * FROM `bk` LIMIT 1   [ RunTime:0.0003s ]
SQL: SELECT * FROM `bk` WHERE ( id=1 AND title="mudi" ) LIMIT 1   [ RunTime:0.0004s ]
SQL: SELECT `author` FROM `bk` WHERE ( id=2 ) LIMIT 1   [ RunTime:0.0002s ]
SQL: SELECT `id` FROM `bk`  [ RunTime:0.0011s ]
SQL: SELECT `id`,`author` FROM `bk`  [ RunTime:0.0015s ]
SQL: SELECT `id`,`author` FROM `bk` LIMIT 3   [ RunTime:0.0010s ]
SQL: SELECT `id`,`title`,`author` FROM `bk`  [ RunTime:0.0015s ]
INFO: [ app_end ] --START--
INFO: Run Behavior\ShowPageTraceBehavior [ RunTime:0.001967s ]
INFO: [ app_end ] --END-- [ RunTime:0.002396s ]

[ 2018-09-19T19:40:37+08:00 ] 127.0.0.1 /index.php/Home/Bk/BK
INFO: [ app_init ] --START--
INFO: Run Behavior\BuildLiteBehavior [ RunTime:0.000070s ]
INFO: [ app_init ] --END-- [ RunTime:0.001179s ]
INFO: [ app_begin ] --START--
INFO: Run Behavior\ReadHtmlCacheBehavior [ RunTime:0.000600s ]
INFO: [ app_begin ] --END-- [ RunTime:0.000770s ]
SQL: SHOW COLUMNS FROM `bk` [ RunTime:0.0020s ]
SQL: SELECT * FROM `bk` LIMIT 1   [ RunTime:0.0002s ]
SQL: SELECT * FROM `bk` WHERE ( id=1 AND title="mudi" ) LIMIT 1   [ RunTime:0.0002s ]
SQL: SELECT `author` FROM `bk` WHERE ( id=2 ) LIMIT 1   [ RunTime:0.0011s ]
SQL: SELECT `id` FROM `bk`  [ RunTime:0.0002s ]
SQL: SELECT `id`,`author` FROM `bk`  [ RunTime:0.0002s ]
SQL: SELECT `id`,`author` FROM `bk` LIMIT 3   [ RunTime:0.0002s ]
SQL: SELECT `id`,`title`,`author` FROM `bk`  [ RunTime:0.0002s ]
INFO: [ app_end ] --START--
INFO: Run Behavior\ShowPageTraceBehavior [ RunTime:0.000742s ]
INFO: [ app_end ] --END-- [ RunTime:0.000876s ]

[ 2018-09-19T19:40:48+08:00 ] 127.0.0.1 /index.php/Home/Bk/BK
INFO: [ app_init ] --START--
INFO: Run Behavior\BuildLiteBehavior [ RunTime:0.000044s ]
INFO: [ app_init ] --END-- [ RunTime:0.000636s ]
INFO: [ app_begin ] --START--
INFO: Run Behavior\ReadHtmlCacheBehavior [ RunTime:0.000588s ]
INFO: [ app_begin ] --END-- [ RunTime:0.000730s ]
SQL: SHOW COLUMNS FROM `bk` [ RunTime:0.0019s ]
SQL: SELECT * FROM `bk` LIMIT 1   [ RunTime:0.0002s ]
SQL: SELECT * FROM `bk` WHERE ( id=1 AND title="mudi" ) LIMIT 1   [ RunTime:0.0002s ]
SQL: SELECT `author` FROM `bk` WHERE ( id=2 ) LIMIT 1   [ RunTime:0.0008s ]
SQL: SELECT `id` FROM `bk`  [ RunTime:0.0019s ]
SQL: SELECT `id`,`author` FROM `bk`  [ RunTime:0.0012s ]
SQL: SELECT `id`,`author` FROM `bk` LIMIT 3   [ RunTime:0.0002s ]
SQL: SELECT `id`,`title`,`author` FROM `bk`  [ RunTime:0.0002s ]
INFO: [ app_end ] --START--
INFO: Run Behavior\ShowPageTraceBehavior [ RunTime:0.000971s ]
INFO: [ app_end ] --END-- [ RunTime:0.001140s ]

[ 2018-09-19T19:41:54+08:00 ] 127.0.0.1 /index.php/Home/Bk/BK
INFO: [ app_init ] --START--
INFO: Run Behavior\BuildLiteBehavior [ RunTime:0.000041s ]
INFO: [ app_init ] --END-- [ RunTime:0.000587s ]
INFO: [ app_begin ] --START--
INFO: Run Behavior\ReadHtmlCacheBehavior [ RunTime:0.000545s ]
INFO: [ app_begin ] --END-- [ RunTime:0.000690s ]
SQL: SHOW COLUMNS FROM `bk` [ RunTime:0.0022s ]
SQL: SELECT * FROM `bk` LIMIT 1   [ RunTime:0.0002s ]
SQL: SELECT * FROM `bk` WHERE ( id=1 AND title="mudi" ) LIMIT 1   [ RunTime:0.0002s ]
SQL: SELECT `author` FROM `bk` WHERE ( id=2 ) LIMIT 1   [ RunTime:0.0001s ]
SQL: SELECT `id` FROM `bk`  [ RunTime:0.0001s ]
SQL: SELECT `id`,`author` FROM `bk`  [ RunTime:0.0001s ]
SQL: SELECT `id`,`author` FROM `bk` LIMIT 3   [ RunTime:0.0001s ]
SQL: SELECT `id`,`title`,`author` FROM `bk`  [ RunTime:0.0001s ]
ERR: 1062:Duplicate entry '1' for key 'PRIMARY'
 [ SQL语句 ] : UPDATE `bk` SET `id`='1',`title`='mm',`author`='Think' WHERE ( id=5 )
ERR: 1062:Duplicate entry '1' for key 'PRIMARY'
 [ SQL语句 ] : UPDATE `bk` SET `id`='1',`title`='mm',`author`='Think' WHERE ( id=5 )

[ 2018-09-19T19:42:11+08:00 ] 127.0.0.1 /index.php/Home/Bk/BK
INFO: [ app_init ] --START--
INFO: Run Behavior\BuildLiteBehavior [ RunTime:0.000043s ]
INFO: [ app_init ] --END-- [ RunTime:0.000617s ]
INFO: [ app_begin ] --START--
INFO: Run Behavior\ReadHtmlCacheBehavior [ RunTime:0.000654s ]
INFO: [ app_begin ] --END-- [ RunTime:0.000841s ]
SQL: SHOW COLUMNS FROM `bk` [ RunTime:0.0022s ]
SQL: SELECT * FROM `bk` LIMIT 1   [ RunTime:0.0002s ]
SQL: SELECT * FROM `bk` WHERE ( id=1 AND title="mudi" ) LIMIT 1   [ RunTime:0.0002s ]
SQL: SELECT `author` FROM `bk` WHERE ( id=2 ) LIMIT 1   [ RunTime:0.0001s ]
SQL: SELECT `id` FROM `bk`  [ RunTime:0.0002s ]
SQL: SELECT `id`,`author` FROM `bk`  [ RunTime:0.0002s ]
SQL: SELECT `id`,`author` FROM `bk` LIMIT 3   [ RunTime:0.0001s ]
SQL: SELECT `id`,`title`,`author` FROM `bk`  [ RunTime:0.0005s ]
SQL: UPDATE `bk` SET `id`='1',`title`='mm',`author`='Think' WHERE ( id=15 ) [ RunTime:0.0443s ]
INFO: [ app_end ] --START--
INFO: Run Behavior\ShowPageTraceBehavior [ RunTime:0.000607s ]
INFO: [ app_end ] --END-- [ RunTime:0.000710s ]

[ 2018-09-19T19:42:33+08:00 ] 127.0.0.1 /index.php/Home/Bk/BK
INFO: [ app_init ] --START--
INFO: Run Behavior\BuildLiteBehavior [ RunTime:0.000126s ]
INFO: [ app_init ] --END-- [ RunTime:0.002650s ]
INFO: [ app_begin ] --START--
INFO: Run Behavior\ReadHtmlCacheBehavior [ RunTime:0.000716s ]
INFO: [ app_begin ] --END-- [ RunTime:0.000920s ]
SQL: SHOW COLUMNS FROM `bk` [ RunTime:0.0020s ]
SQL: SELECT * FROM `bk` LIMIT 1   [ RunTime:0.0002s ]
SQL: SELECT * FROM `bk` WHERE ( id=1 AND title="mudi" ) LIMIT 1   [ RunTime:0.0002s ]
SQL: SELECT `author` FROM `bk` WHERE ( id=2 ) LIMIT 1   [ RunTime:0.0002s ]
SQL: SELECT `id` FROM `bk`  [ RunTime:0.0002s ]
SQL: SELECT `id`,`author` FROM `bk`  [ RunTime:0.0002s ]
SQL: SELECT `id`,`author` FROM `bk` LIMIT 3   [ RunTime:0.0002s ]
SQL: SELECT `id`,`title`,`author` FROM `bk`  [ RunTime:0.0002s ]
SQL: UPDATE `bk` SET `id`='1',`title`='mm',`author`='Think' WHERE ( id=15 ) [ RunTime:0.0002s ]
SQL: SELECT * FROM `bk` WHERE ( id=15 ) LIMIT 1   [ RunTime:0.0011s ]
INFO: [ app_end ] --START--
INFO: Run Behavior\ShowPageTraceBehavior [ RunTime:0.000760s ]
INFO: [ app_end ] --END-- [ RunTime:0.000880s ]

[ 2018-09-19T19:43:30+08:00 ] 127.0.0.1 /index.php/Home/Bk/BK
INFO: [ app_init ] --START--
INFO: Run Behavior\BuildLiteBehavior [ RunTime:0.000049s ]
INFO: [ app_init ] --END-- [ RunTime:0.000768s ]
INFO: [ app_begin ] --START--
INFO: Run Behavior\ReadHtmlCacheBehavior [ RunTime:0.000666s ]
INFO: [ app_begin ] --END-- [ RunTime:0.000864s ]
SQL: SHOW COLUMNS FROM `bk` [ RunTime:0.0020s ]
SQL: SELECT * FROM `bk` LIMIT 1   [ RunTime:0.0002s ]
SQL: SELECT * FROM `bk` WHERE ( id=1 AND title="mudi" ) LIMIT 1   [ RunTime:0.0002s ]
SQL: SELECT `author` FROM `bk` WHERE ( id=2 ) LIMIT 1   [ RunTime:0.0002s ]
SQL: SELECT `id` FROM `bk`  [ RunTime:0.0002s ]
SQL: SELECT `id`,`author` FROM `bk`  [ RunTime:0.0002s ]
SQL: SELECT `id`,`author` FROM `bk` LIMIT 3   [ RunTime:0.0001s ]
SQL: SELECT `id`,`title`,`author` FROM `bk`  [ RunTime:0.0002s ]
SQL: UPDATE `bk` SET `id`='1',`title`='mm',`author`='Think' WHERE ( id=15 ) [ RunTime:0.0003s ]
SQL: SELECT * FROM `bk` WHERE ( id=15 ) LIMIT 1   [ RunTime:0.0011s ]
INFO: [ app_end ] --START--
INFO: Run Behavior\ShowPageTraceBehavior [ RunTime:0.000792s ]
INFO: [ app_end ] --END-- [ RunTime:0.000970s ]

[ 2018-09-19T19:44:34+08:00 ] 127.0.0.1 /index.php/Home/Bk/BK
INFO: [ app_init ] --START--
INFO: Run Behavior\BuildLiteBehavior [ RunTime:0.000028s ]
INFO: [ app_init ] --END-- [ RunTime:0.000478s ]
INFO: [ app_begin ] --START--
INFO: Run Behavior\ReadHtmlCacheBehavior [ RunTime:0.000592s ]
INFO: [ app_begin ] --END-- [ RunTime:0.000715s ]
SQL: SHOW COLUMNS FROM `bk` [ RunTime:0.0021s ]
SQL: SELECT * FROM `bk` LIMIT 1   [ RunTime:0.0002s ]
SQL: SELECT * FROM `bk` WHERE ( id=1 AND title="mudi" ) LIMIT 1   [ RunTime:0.0002s ]
SQL: SELECT `author` FROM `bk` WHERE ( id=2 ) LIMIT 1   [ RunTime:0.0001s ]
SQL: SELECT `id` FROM `bk`  [ RunTime:0.0001s ]
SQL: SELECT `id`,`author` FROM `bk`  [ RunTime:0.0001s ]
SQL: SELECT `id`,`author` FROM `bk` LIMIT 3   [ RunTime:0.0001s ]
SQL: SELECT `id`,`title`,`author` FROM `bk`  [ RunTime:0.0001s ]
SQL: UPDATE `bk` SET `id`='1',`title`='mm',`author`='Think' WHERE ( id=35 ) [ RunTime:0.0003s ]
SQL: SELECT * FROM `bk` WHERE ( id=15 ) LIMIT 1   [ RunTime:0.0001s ]
INFO: [ app_end ] --START--
INFO: Run Behavior\ShowPageTraceBehavior [ RunTime:0.000661s ]
INFO: [ app_end ] --END-- [ RunTime:0.000772s ]

[ 2018-09-19T19:44:36+08:00 ] 127.0.0.1 /index.php/Home/Bk/BK
INFO: [ app_init ] --START--
INFO: Run Behavior\BuildLiteBehavior [ RunTime:0.000030s ]
INFO: [ app_init ] --END-- [ RunTime:0.001108s ]
INFO: [ app_begin ] --START--
INFO: Run Behavior\ReadHtmlCacheBehavior [ RunTime:0.002657s ]
INFO: [ app_begin ] --END-- [ RunTime:0.003139s ]
SQL: SHOW COLUMNS FROM `bk` [ RunTime:0.0038s ]
SQL: SELECT * FROM `bk` LIMIT 1   [ RunTime:0.0002s ]
SQL: SELECT * FROM `bk` WHERE ( id=1 AND title="mudi" ) LIMIT 1   [ RunTime:0.0002s ]
SQL: SELECT `author` FROM `bk` WHERE ( id=2 ) LIMIT 1   [ RunTime:0.0001s ]
SQL: SELECT `id` FROM `bk`  [ RunTime:0.0001s ]
SQL: SELECT `id`,`author` FROM `bk`  [ RunTime:0.0001s ]
SQL: SELECT `id`,`author` FROM `bk` LIMIT 3   [ RunTime:0.0001s ]
SQL: SELECT `id`,`title`,`author` FROM `bk`  [ RunTime:0.0001s ]
SQL: UPDATE `bk` SET `id`='1',`title`='mm',`author`='Think' WHERE ( id=35 ) [ RunTime:0.0002s ]
SQL: SELECT * FROM `bk` WHERE ( id=15 ) LIMIT 1   [ RunTime:0.0001s ]
INFO: [ app_end ] --START--
INFO: Run Behavior\ShowPageTraceBehavior [ RunTime:0.000583s ]
INFO: [ app_end ] --END-- [ RunTime:0.000694s ]

[ 2018-09-19T19:45:14+08:00 ] 127.0.0.1 /index.php/Home/Bk/BK
INFO: [ app_init ] --START--
INFO: Run Behavior\BuildLiteBehavior [ RunTime:0.000027s ]
INFO: [ app_init ] --END-- [ RunTime:0.000436s ]
INFO: [ app_begin ] --START--
INFO: Run Behavior\ReadHtmlCacheBehavior [ RunTime:0.000830s ]
INFO: [ app_begin ] --END-- [ RunTime:0.001034s ]
SQL: SHOW COLUMNS FROM `bk` [ RunTime:0.0076s ]
SQL: SELECT * FROM `bk` LIMIT 1   [ RunTime:0.0002s ]
SQL: SELECT * FROM `bk` WHERE ( id=1 AND title="mudi" ) LIMIT 1   [ RunTime:0.0002s ]
SQL: SELECT `author` FROM `bk` WHERE ( id=2 ) LIMIT 1   [ RunTime:0.0002s ]
SQL: SELECT `id` FROM `bk`  [ RunTime:0.0002s ]
SQL: SELECT `id`,`author` FROM `bk`  [ RunTime:0.0002s ]
SQL: SELECT `id`,`author` FROM `bk` LIMIT 3   [ RunTime:0.0002s ]
SQL: SELECT `id`,`title`,`author` FROM `bk`  [ RunTime:0.0002s ]
SQL: UPDATE `bk` SET `id`='1',`title`='mm',`author`='Think' WHERE ( id=35 ) [ RunTime:0.0002s ]
SQL: SELECT * FROM `bk` WHERE ( id=15 ) LIMIT 1   [ RunTime:0.0002s ]
INFO: [ app_end ] --START--
INFO: Run Behavior\ShowPageTraceBehavior [ RunTime:0.000572s ]
INFO: [ app_end ] --END-- [ RunTime:0.000682s ]

[ 2018-09-19T19:45:30+08:00 ] 127.0.0.1 /index.php/Home/Bk/BK
INFO: [ app_init ] --START--
INFO: Run Behavior\BuildLiteBehavior [ RunTime:0.000090s ]
INFO: [ app_init ] --END-- [ RunTime:0.001702s ]
INFO: [ app_begin ] --START--
INFO: Run Behavior\ReadHtmlCacheBehavior [ RunTime:0.000674s ]
INFO: [ app_begin ] --END-- [ RunTime:0.000839s ]
SQL: SHOW COLUMNS FROM `bk` [ RunTime:0.0019s ]
SQL: SELECT * FROM `bk` LIMIT 1   [ RunTime:0.0002s ]
SQL: SELECT * FROM `bk` WHERE ( id=1 AND title="mudi" ) LIMIT 1   [ RunTime:0.0002s ]
SQL: SELECT `author` FROM `bk` WHERE ( id=2 ) LIMIT 1   [ RunTime:0.0001s ]
SQL: SELECT `id` FROM `bk`  [ RunTime:0.0002s ]
SQL: SELECT `id`,`author` FROM `bk`  [ RunTime:0.0002s ]
SQL: SELECT `id`,`author` FROM `bk` LIMIT 3   [ RunTime:0.0002s ]
SQL: SELECT `id`,`title`,`author` FROM `bk`  [ RunTime:0.0002s ]
ERR: 1062:Duplicate entry '1' for key 'PRIMARY'
 [ SQL语句 ] : UPDATE `bk` SET `id`='1',`title`='mm',`author`='Think' WHERE ( id=8 )
ERR: 1062:Duplicate entry '1' for key 'PRIMARY'
 [ SQL语句 ] : UPDATE `bk` SET `id`='1',`title`='mm',`author`='Think' WHERE ( id=8 )

[ 2018-09-19T19:45:43+08:00 ] 127.0.0.1 /index.php/Home/Bk/BK
INFO: [ app_init ] --START--
INFO: Run Behavior\BuildLiteBehavior [ RunTime:0.000112s ]
INFO: [ app_init ] --END-- [ RunTime:0.002616s ]
INFO: [ app_begin ] --START--
INFO: Run Behavior\ReadHtmlCacheBehavior [ RunTime:0.001211s ]
INFO: [ app_begin ] --END-- [ RunTime:0.001498s ]

[ 2018-09-19T19:45:52+08:00 ] 127.0.0.1 /index.php/Home/Bk/BK
INFO: [ app_init ] --START--
INFO: Run Behavior\BuildLiteBehavior [ RunTime:0.000027s ]
INFO: [ app_init ] --END-- [ RunTime:0.000462s ]
INFO: [ app_begin ] --START--
INFO: Run Behavior\ReadHtmlCacheBehavior [ RunTime:0.000634s ]
INFO: [ app_begin ] --END-- [ RunTime:0.002320s ]
SQL: SHOW COLUMNS FROM `bk` [ RunTime:0.0086s ]
SQL: SELECT * FROM `bk` LIMIT 1   [ RunTime:0.0002s ]
SQL: SELECT * FROM `bk` WHERE ( id=1 AND title="mudi" ) LIMIT 1   [ RunTime:0.0002s ]
SQL: SELECT `author` FROM `bk` WHERE ( id=2 ) LIMIT 1   [ RunTime:0.0002s ]
SQL: SELECT `id` FROM `bk`  [ RunTime:0.0002s ]
SQL: SELECT `id`,`author` FROM `bk`  [ RunTime:0.0002s ]
SQL: SELECT `id`,`author` FROM `bk` LIMIT 3   [ RunTime:0.0002s ]
SQL: SELECT `id`,`title`,`author` FROM `bk`  [ RunTime:0.0002s ]
ERR: 1062:Duplicate entry '1' for key 'PRIMARY'
 [ SQL语句 ] : UPDATE `bk` SET `id`='1',`title`='mm',`author`='Think' WHERE ( id=8 )
ERR: 1062:Duplicate entry '1' for key 'PRIMARY'
 [ SQL语句 ] : UPDATE `bk` SET `id`='1',`title`='mm',`author`='Think' WHERE ( id=8 )

[ 2018-09-19T19:47:49+08:00 ] 127.0.0.1 /index.php/Home/Bk/BK
INFO: [ app_init ] --START--
INFO: Run Behavior\BuildLiteBehavior [ RunTime:0.000135s ]
INFO: [ app_init ] --END-- [ RunTime:0.002877s ]
INFO: [ app_begin ] --START--
INFO: Run Behavior\ReadHtmlCacheBehavior [ RunTime:0.004375s ]
INFO: [ app_begin ] --END-- [ RunTime:0.004884s ]
SQL: SHOW COLUMNS FROM `bk` [ RunTime:0.0019s ]
SQL: SELECT * FROM `bk` LIMIT 1   [ RunTime:0.0002s ]
SQL: SELECT * FROM `bk` WHERE ( id=1 AND title="mudi" ) LIMIT 1   [ RunTime:0.0002s ]
SQL: SELECT `author` FROM `bk` WHERE ( id=2 ) LIMIT 1   [ RunTime:0.0001s ]
SQL: SELECT `id` FROM `bk`  [ RunTime:0.0002s ]
SQL: SELECT `id`,`author` FROM `bk`  [ RunTime:0.0014s ]
SQL: SELECT `id`,`author` FROM `bk` LIMIT 3   [ RunTime:0.0001s ]
SQL: SELECT `id`,`title`,`author` FROM `bk`  [ RunTime:0.0001s ]
ERR: 1062:Duplicate entry '1' for key 'PRIMARY'
 [ SQL语句 ] : UPDATE `bk` SET `id`='1',`title`='mm',`author`='Think' WHERE ( id=8 )
ERR: 1062:Duplicate entry '1' for key 'PRIMARY'
 [ SQL语句 ] : UPDATE `bk` SET `id`='1',`title`='mm',`author`='Think' WHERE ( id=8 )

[ 2018-09-19T19:48:00+08:00 ] 127.0.0.1 /index.php/Home/Bk/BK
INFO: [ app_init ] --START--
INFO: Run Behavior\BuildLiteBehavior [ RunTime:0.000030s ]
INFO: [ app_init ] --END-- [ RunTime:0.001095s ]
INFO: [ app_begin ] --START--
INFO: Run Behavior\ReadHtmlCacheBehavior [ RunTime:0.000448s ]
INFO: [ app_begin ] --END-- [ RunTime:0.000583s ]
SQL: SHOW COLUMNS FROM `bk` [ RunTime:0.0028s ]
SQL: SELECT * FROM `bk` LIMIT 1   [ RunTime:0.0003s ]
SQL: SELECT * FROM `bk` WHERE ( id=1 AND title="mudi" ) LIMIT 1   [ RunTime:0.0002s ]
SQL: SELECT `author` FROM `bk` WHERE ( id=2 ) LIMIT 1   [ RunTime:0.0002s ]
SQL: SELECT `id` FROM `bk`  [ RunTime:0.0018s ]
SQL: SELECT `id`,`author` FROM `bk`  [ RunTime:0.0017s ]
SQL: SELECT `id`,`author` FROM `bk` LIMIT 3   [ RunTime:0.0005s ]
SQL: SELECT `id`,`title`,`author` FROM `bk`  [ RunTime:0.0002s ]
SQL: UPDATE `bk` SET `id`='1',`title`='mm',`author`='Think' WHERE ( id=38 ) [ RunTime:0.0005s ]
INFO: [ app_end ] --START--
INFO: Run Behavior\ShowPageTraceBehavior [ RunTime:0.001462s ]
INFO: [ app_end ] --END-- [ RunTime:0.001661s ]

[ 2018-09-19T19:49:06+08:00 ] 127.0.0.1 /index.php/Home/Bk/BK
INFO: [ app_init ] --START--
INFO: Run Behavior\BuildLiteBehavior [ RunTime:0.000080s ]
INFO: [ app_init ] --END-- [ RunTime:0.001095s ]
INFO: [ app_begin ] --START--
INFO: Run Behavior\ReadHtmlCacheBehavior [ RunTime:0.003810s ]
INFO: [ app_begin ] --END-- [ RunTime:0.005184s ]
SQL: SHOW COLUMNS FROM `bk` [ RunTime:0.0020s ]
SQL: SELECT * FROM `bk` LIMIT 1   [ RunTime:0.0002s ]
SQL: SELECT * FROM `bk` WHERE ( id=1 AND title="mudi" ) LIMIT 1   [ RunTime:0.0002s ]
SQL: SELECT `author` FROM `bk` WHERE ( id=2 ) LIMIT 1   [ RunTime:0.0002s ]
SQL: SELECT `id` FROM `bk`  [ RunTime:0.0002s ]
SQL: SELECT `id`,`author` FROM `bk`  [ RunTime:0.0002s ]
SQL: SELECT `id`,`author` FROM `bk` LIMIT 3   [ RunTime:0.0001s ]
SQL: SELECT `id`,`title`,`author` FROM `bk`  [ RunTime:0.0002s ]
SQL: UPDATE `bk` SET `id`='1',`title`='mm',`author`='Think' WHERE ( id=38 ) [ RunTime:0.0002s ]
INFO: [ app_end ] --START--
INFO: Run Behavior\ShowPageTraceBehavior [ RunTime:0.000586s ]
INFO: [ app_end ] --END-- [ RunTime:0.000686s ]

[ 2018-09-19T19:49:35+08:00 ] 127.0.0.1 /index.php/Home/Bk/BK
INFO: [ app_init ] --START--
INFO: Run Behavior\BuildLiteBehavior [ RunTime:0.000040s ]
INFO: [ app_init ] --END-- [ RunTime:0.000623s ]
INFO: [ app_begin ] --START--
INFO: Run Behavior\ReadHtmlCacheBehavior [ RunTime:0.000652s ]
INFO: [ app_begin ] --END-- [ RunTime:0.000796s ]
SQL: SHOW COLUMNS FROM `bk` [ RunTime:0.0021s ]
SQL: SELECT * FROM `bk` LIMIT 1   [ RunTime:0.0002s ]
SQL: SELECT * FROM `bk` WHERE ( id=1 AND title="mudi" ) LIMIT 1   [ RunTime:0.0002s ]
SQL: SELECT `author` FROM `bk` WHERE ( id=2 ) LIMIT 1   [ RunTime:0.0002s ]
SQL: SELECT `id` FROM `bk`  [ RunTime:0.0002s ]
SQL: SELECT `id`,`author` FROM `bk`  [ RunTime:0.0002s ]
SQL: SELECT `id`,`author` FROM `bk` LIMIT 3   [ RunTime:0.0002s ]
SQL: SELECT `id`,`title`,`author` FROM `bk`  [ RunTime:0.0005s ]
SQL: UPDATE `bk` SET `id`='1',`title`='mm',`author`='Think' WHERE ( id=38 ) [ RunTime:0.0004s ]
SQL: SELECT * FROM `bk` WHERE ( id=38 ) LIMIT 1   [ RunTime:0.0003s ]
INFO: [ app_end ] --START--
INFO: Run Behavior\ShowPageTraceBehavior [ RunTime:0.000661s ]
INFO: [ app_end ] --END-- [ RunTime:0.000793s ]

[ 2018-09-19T19:49:54+08:00 ] 127.0.0.1 /index.php/Home/Bk/BK
INFO: [ app_init ] --START--
INFO: Run Behavior\BuildLiteBehavior [ RunTime:0.000025s ]
INFO: [ app_init ] --END-- [ RunTime:0.000445s ]
INFO: [ app_begin ] --START--
INFO: Run Behavior\ReadHtmlCacheBehavior [ RunTime:0.001945s ]
INFO: [ app_begin ] --END-- [ RunTime:0.002387s ]
SQL: SHOW COLUMNS FROM `bk` [ RunTime:0.0022s ]
SQL: SELECT * FROM `bk` LIMIT 1   [ RunTime:0.0002s ]
SQL: SELECT * FROM `bk` WHERE ( id=1 AND title="mudi" ) LIMIT 1   [ RunTime:0.0002s ]
SQL: SELECT `author` FROM `bk` WHERE ( id=2 ) LIMIT 1   [ RunTime:0.0001s ]
SQL: SELECT `id` FROM `bk`  [ RunTime:0.0002s ]
SQL: SELECT `id`,`author` FROM `bk`  [ RunTime:0.0002s ]
SQL: SELECT `id`,`author` FROM `bk` LIMIT 3   [ RunTime:0.0002s ]
SQL: SELECT `id`,`title`,`author` FROM `bk`  [ RunTime:0.0002s ]
ERR: 1062:Duplicate entry '1' for key 'PRIMARY'
 [ SQL语句 ] : UPDATE `bk` SET `id`='1',`title`='mm',`author`='Think' WHERE ( id=8 )
ERR: 1062:Duplicate entry '1' for key 'PRIMARY'
 [ SQL语句 ] : UPDATE `bk` SET `id`='1',`title`='mm',`author`='Think' WHERE ( id=8 )

[ 2018-09-19T20:08:38+08:00 ] 127.0.0.1 /index.php/Home/Bk/BK
INFO: [ app_init ] --START--
INFO: Run Behavior\BuildLiteBehavior [ RunTime:0.000027s ]
INFO: [ app_init ] --END-- [ RunTime:0.000607s ]
INFO: [ app_begin ] --START--
INFO: Run Behavior\ReadHtmlCacheBehavior [ RunTime:0.002226s ]
INFO: [ app_begin ] --END-- [ RunTime:0.002684s ]
SQL: SHOW COLUMNS FROM `bk` [ RunTime:0.0021s ]
SQL: SELECT * FROM `bk` LIMIT 1   [ RunTime:0.0002s ]
SQL: SELECT * FROM `bk` WHERE ( id=1 AND title="mudi" ) LIMIT 1   [ RunTime:0.0018s ]
SQL: SELECT `author` FROM `bk` WHERE ( id=2 ) LIMIT 1   [ RunTime:0.0003s ]
SQL: SELECT `id` FROM `bk`  [ RunTime:0.0002s ]
SQL: SELECT `id`,`author` FROM `bk`  [ RunTime:0.0001s ]
SQL: SELECT `id`,`author` FROM `bk` LIMIT 3   [ RunTime:0.0001s ]
SQL: SELECT `id`,`title`,`author` FROM `bk`  [ RunTime:0.0001s ]
SQL: UPDATE `bk` SET `id`='8',`title`='mm',`author`='Think' WHERE ( id=8 ) [ RunTime:0.0716s ]
SQL: SELECT * FROM `bk` WHERE ( id=8 ) LIMIT 1   [ RunTime:0.0002s ]
INFO: [ app_end ] --START--
INFO: Run Behavior\ShowPageTraceBehavior [ RunTime:0.000679s ]
INFO: [ app_end ] --END-- [ RunTime:0.000780s ]

[ 2018-09-19T20:16:35+08:00 ] 127.0.0.1 /index.php/Home/Search/user
INFO: [ app_init ] --START--
INFO: Run Behavior\BuildLiteBehavior [ RunTime:0.000059s ]
INFO: [ app_init ] --END-- [ RunTime:0.001035s ]
INFO: [ app_begin ] --START--
INFO: Run Behavior\ReadHtmlCacheBehavior [ RunTime:0.003817s ]
INFO: [ app_begin ] --END-- [ RunTime:0.004043s ]
INFO: [ app_end ] --START--
INFO: Run Behavior\ShowPageTraceBehavior [ RunTime:0.000626s ]
INFO: [ app_end ] --END-- [ RunTime:0.000748s ]

[ 2018-09-19T20:16:44+08:00 ] 127.0.0.1 /index.php/Home/Book/book
INFO: [ app_init ] --START--
INFO: Run Behavior\BuildLiteBehavior [ RunTime:0.000054s ]
INFO: [ app_init ] --END-- [ RunTime:0.001676s ]
INFO: [ app_begin ] --START--
INFO: Run Behavior\ReadHtmlCacheBehavior [ RunTime:0.002694s ]
INFO: [ app_begin ] --END-- [ RunTime:0.003087s ]
ERR: 1146:Table 'shuliang.book' doesn't exist
 [ SQL语句 ] : SHOW COLUMNS FROM `book`
ERR: 1146:Table 'shuliang.book' doesn't exist
 [ SQL语句 ] : SHOW COLUMNS FROM `book`

[ 2018-09-19T20:18:00+08:00 ] 127.0.0.1 /index.php/Home/Book/book
INFO: [ app_init ] --START--
INFO: Run Behavior\BuildLiteBehavior [ RunTime:0.000024s ]
INFO: [ app_init ] --END-- [ RunTime:0.000372s ]
INFO: [ app_begin ] --START--
INFO: Run Behavior\ReadHtmlCacheBehavior [ RunTime:0.000432s ]
INFO: [ app_begin ] --END-- [ RunTime:0.000536s ]
SQL: SHOW COLUMNS FROM `book` [ RunTime:0.0025s ]
NOTIC: [8] Undefined index: validate G:\tp\first\ThinkPHP\Library\Think\Model.class.php 第 1185 行.
NOTIC: [8] Undefined index: auto G:\tp\first\ThinkPHP\Library\Think\Model.class.php 第 1128 行.
INFO: [ app_end ] --START--
INFO: Run Behavior\ShowPageTraceBehavior [ RunTime:0.000777s ]
INFO: [ app_end ] --END-- [ RunTime:0.000912s ]

[ 2018-09-19T20:18:02+08:00 ] 127.0.0.1 /index.php/Home/Book/book
INFO: [ app_init ] --START--
INFO: Run Behavior\BuildLiteBehavior [ RunTime:0.000028s ]
INFO: [ app_init ] --END-- [ RunTime:0.000487s ]
INFO: [ app_begin ] --START--
INFO: Run Behavior\ReadHtmlCacheBehavior [ RunTime:0.001440s ]
INFO: [ app_begin ] --END-- [ RunTime:0.001653s ]
SQL: SHOW COLUMNS FROM `book` [ RunTime:0.0024s ]
NOTIC: [8] Undefined index: validate G:\tp\first\ThinkPHP\Library\Think\Model.class.php 第 1185 行.
NOTIC: [8] Undefined index: auto G:\tp\first\ThinkPHP\Library\Think\Model.class.php 第 1128 行.
INFO: [ app_end ] --START--
INFO: Run Behavior\ShowPageTraceBehavior [ RunTime:0.000626s ]
INFO: [ app_end ] --END-- [ RunTime:0.000738s ]

[ 2018-09-19T20:20:06+08:00 ] 127.0.0.1 /index.php/Home/Book/book
INFO: [ app_init ] --START--
INFO: Run Behavior\BuildLiteBehavior [ RunTime:0.000027s ]
INFO: [ app_init ] --END-- [ RunTime:0.000620s ]
INFO: [ app_begin ] --START--
INFO: Run Behavior\ReadHtmlCacheBehavior [ RunTime:0.000712s ]
INFO: [ app_begin ] --END-- [ RunTime:0.000878s ]
SQL: SHOW COLUMNS FROM `book` [ RunTime:0.0023s ]
NOTIC: [8] Undefined index: validate G:\tp\first\ThinkPHP\Library\Think\Model.class.php 第 1185 行.
NOTIC: [8] Undefined index: auto G:\tp\first\ThinkPHP\Library\Think\Model.class.php 第 1128 行.
INFO: [ app_end ] --START--
INFO: Run Behavior\ShowPageTraceBehavior [ RunTime:0.000619s ]
INFO: [ app_end ] --END-- [ RunTime:0.000719s ]

[ 2018-09-19T20:21:50+08:00 ] 127.0.0.1 /index.php/Home/Book/book
INFO: [ app_init ] --START--
INFO: Run Behavior\BuildLiteBehavior [ RunTime:0.000024s ]
INFO: [ app_init ] --END-- [ RunTime:0.000416s ]
INFO: [ app_begin ] --START--
INFO: Run Behavior\ReadHtmlCacheBehavior [ RunTime:0.000434s ]
INFO: [ app_begin ] --END-- [ RunTime:0.000538s ]
SQL: SHOW COLUMNS FROM `book` [ RunTime:0.0038s ]
NOTIC: [8] Undefined index: validate G:\tp\first\ThinkPHP\Library\Think\Model.class.php 第 1185 行.
NOTIC: [8] Undefined index: auto G:\tp\first\ThinkPHP\Library\Think\Model.class.php 第 1128 行.
INFO: [ app_end ] --START--
INFO: Run Behavior\ShowPageTraceBehavior [ RunTime:0.000781s ]
INFO: [ app_end ] --END-- [ RunTime:0.000912s ]

[ 2018-09-19T20:22:14+08:00 ] 127.0.0.1 /index.php/Home/Book/book
INFO: [ app_init ] --START--
INFO: Run Behavior\BuildLiteBehavior [ RunTime:0.000075s ]
INFO: [ app_init ] --END-- [ RunTime:0.001671s ]
INFO: [ app_begin ] --START--
INFO: Run Behavior\ReadHtmlCacheBehavior [ RunTime:0.000677s ]
INFO: [ app_begin ] --END-- [ RunTime:0.000843s ]
SQL: SHOW COLUMNS FROM `book` [ RunTime:0.0029s ]
NOTIC: [8] Undefined index: validate G:\tp\first\ThinkPHP\Library\Think\Model.class.php 第 1185 行.
NOTIC: [8] Undefined index: auto G:\tp\first\ThinkPHP\Library\Think\Model.class.php 第 1128 行.
INFO: [ app_end ] --START--
INFO: Run Behavior\ShowPageTraceBehavior [ RunTime:0.000787s ]
INFO: [ app_end ] --END-- [ RunTime:0.000958s ]

[ 2018-09-19T20:22:37+08:00 ] 127.0.0.1 /index.php/Home/Book/book
INFO: [ app_init ] --START--
INFO: Run Behavior\BuildLiteBehavior [ RunTime:0.000033s ]
INFO: [ app_init ] --END-- [ RunTime:0.000443s ]
INFO: [ app_begin ] --START--
INFO: Run Behavior\ReadHtmlCacheBehavior [ RunTime:0.001324s ]
INFO: [ app_begin ] --END-- [ RunTime:0.001658s ]
SQL: SHOW COLUMNS FROM `book` [ RunTime:0.0024s ]
NOTIC: [8] Undefined index: validate G:\tp\first\ThinkPHP\Library\Think\Model.class.php 第 1185 行.
NOTIC: [8] Undefined index: auto G:\tp\first\ThinkPHP\Library\Think\Model.class.php 第 1128 行.
INFO: [ app_end ] --START--
INFO: Run Behavior\ShowPageTraceBehavior [ RunTime:0.000662s ]
INFO: [ app_end ] --END-- [ RunTime:0.000822s ]

[ 2018-09-19T20:22:53+08:00 ] 127.0.0.1 /index.php/Home/Book/book
INFO: [ app_init ] --START--
INFO: Run Behavior\BuildLiteBehavior [ RunTime:0.000026s ]
INFO: [ app_init ] --END-- [ RunTime:0.000553s ]
INFO: [ app_begin ] --START--
INFO: Run Behavior\ReadHtmlCacheBehavior [ RunTime:0.000592s ]
INFO: [ app_begin ] --END-- [ RunTime:0.000742s ]
SQL: SHOW COLUMNS FROM `book` [ RunTime:0.0041s ]
NOTIC: [8] Undefined index: validate G:\tp\first\ThinkPHP\Library\Think\Model.class.php 第 1185 行.
NOTIC: [8] Undefined index: auto G:\tp\first\ThinkPHP\Library\Think\Model.class.php 第 1128 行.
INFO: [ app_end ] --START--
INFO: Run Behavior\ShowPageTraceBehavior [ RunTime:0.000578s ]
INFO: [ app_end ] --END-- [ RunTime:0.000681s ]

