[ 2018-09-17T17:56:41+08:00 ] 127.0.0.1 /index.php/Home/Search/user
INFO: [ app_init ] --START--
INFO: Run Behavior\BuildLiteBehavior [ RunTime:0.000031s ]
INFO: [ app_init ] --END-- [ RunTime:0.023864s ]
INFO: [ app_begin ] --START--
INFO: Run Behavior\ReadHtmlCacheBehavior [ RunTime:0.001597s ]
INFO: [ app_begin ] --END-- [ RunTime:0.001828s ]
INFO: [ app_end ] --START--
INFO: Run Behavior\ShowPageTraceBehavior [ RunTime:0.001358s ]
INFO: [ app_end ] --END-- [ RunTime:0.001496s ]

[ 2018-09-17T17:57:09+08:00 ] 127.0.0.1 /index.php/Home/Bk/BK
INFO: [ app_init ] --START--
INFO: Run Behavior\BuildLiteBehavior [ RunTime:0.000066s ]
INFO: [ app_init ] --END-- [ RunTime:0.000548s ]
INFO: [ app_begin ] --START--
INFO: Run Behavior\ReadHtmlCacheBehavior [ RunTime:0.002343s ]
INFO: [ app_begin ] --END-- [ RunTime:0.002771s ]
SQL: SHOW COLUMNS FROM `bk` [ RunTime:0.0205s ]
SQL: SELECT * FROM `bk` LIMIT 1   [ RunTime:0.0003s ]
INFO: [ app_end ] --START--
INFO: Run Behavior\ShowPageTraceBehavior [ RunTime:0.000718s ]
INFO: [ app_end ] --END-- [ RunTime:0.000836s ]

[ 2018-09-17T17:57:24+08:00 ] 127.0.0.1 /index.php/Home/BK
INFO: [ app_init ] --START--
INFO: Run Behavior\BuildLiteBehavior [ RunTime:0.000025s ]
INFO: [ app_init ] --END-- [ RunTime:0.000429s ]
INFO: [ app_begin ] --START--
INFO: Run Behavior\ReadHtmlCacheBehavior [ RunTime:0.000556s ]
INFO: [ app_begin ] --END-- [ RunTime:0.000660s ]
ERR: 无法加载控制器:BK

[ 2018-09-17T17:57:36+08:00 ] 127.0.0.1 /index.php/Home/BK/BK
INFO: [ app_init ] --START--
INFO: Run Behavior\BuildLiteBehavior [ RunTime:0.000023s ]
INFO: [ app_init ] --END-- [ RunTime:0.000363s ]
INFO: [ app_begin ] --START--
INFO: Run Behavior\ReadHtmlCacheBehavior [ RunTime:0.000430s ]
INFO: [ app_begin ] --END-- [ RunTime:0.000532s ]
ERR: 无法加载控制器:BK

[ 2018-09-17T17:57:39+08:00 ] 127.0.0.1 /index.php/Home/BK/BK
INFO: [ app_init ] --START--
INFO: Run Behavior\BuildLiteBehavior [ RunTime:0.000023s ]
INFO: [ app_init ] --END-- [ RunTime:0.000475s ]
INFO: [ app_begin ] --START--
INFO: Run Behavior\ReadHtmlCacheBehavior [ RunTime:0.000490s ]
INFO: [ app_begin ] --END-- [ RunTime:0.000593s ]
ERR: 无法加载控制器:BK

[ 2018-09-17T17:57:46+08:00 ] 127.0.0.1 /index.php/Home/Bk/BK
INFO: [ app_init ] --START--
INFO: Run Behavior\BuildLiteBehavior [ RunTime:0.000023s ]
INFO: [ app_init ] --END-- [ RunTime:0.000358s ]
INFO: [ app_begin ] --START--
INFO: Run Behavior\ReadHtmlCacheBehavior [ RunTime:0.001620s ]
INFO: [ app_begin ] --END-- [ RunTime:0.001786s ]
SQL: SHOW COLUMNS FROM `bk` [ RunTime:0.0022s ]
SQL: SELECT * FROM `bk` LIMIT 1   [ RunTime:0.0002s ]
INFO: [ app_end ] --START--
INFO: Run Behavior\ShowPageTraceBehavior [ RunTime:0.000816s ]
INFO: [ app_end ] --END-- [ RunTime:0.000922s ]

[ 2018-09-17T17:57:56+08:00 ] 127.0.0.1 /index.php/Home/Bk/BK
INFO: [ app_init ] --START--
INFO: Run Behavior\BuildLiteBehavior [ RunTime:0.000025s ]
INFO: [ app_init ] --END-- [ RunTime:0.000373s ]
INFO: [ app_begin ] --START--
INFO: Run Behavior\ReadHtmlCacheBehavior [ RunTime:0.000434s ]
INFO: [ app_begin ] --END-- [ RunTime:0.000547s ]
SQL: SHOW COLUMNS FROM `bk` [ RunTime:0.0024s ]
SQL: SELECT * FROM `bk` LIMIT 1   [ RunTime:0.0002s ]
INFO: [ app_end ] --START--
INFO: Run Behavior\ShowPageTraceBehavior [ RunTime:0.000531s ]
INFO: [ app_end ] --END-- [ RunTime:0.000654s ]

[ 2018-09-17T17:58:04+08:00 ] 127.0.0.1 /index.php/Home/Bk/BK
INFO: [ app_init ] --START--
INFO: Run Behavior\BuildLiteBehavior [ RunTime:0.000023s ]
INFO: [ app_init ] --END-- [ RunTime:0.000400s ]
INFO: [ app_begin ] --START--
INFO: Run Behavior\ReadHtmlCacheBehavior [ RunTime:0.000423s ]
INFO: [ app_begin ] --END-- [ RunTime:0.000522s ]
SQL: SHOW COLUMNS FROM `bk` [ RunTime:0.0023s ]
SQL: SELECT * FROM `bk` LIMIT 1   [ RunTime:0.0002s ]
INFO: [ app_end ] --START--
INFO: Run Behavior\ShowPageTraceBehavior [ RunTime:0.000687s ]
INFO: [ app_end ] --END-- [ RunTime:0.000791s ]

[ 2018-09-17T17:58:55+08:00 ] 127.0.0.1 /index.php/Home/Bk/BK
INFO: [ app_init ] --START--
INFO: Run Behavior\BuildLiteBehavior [ RunTime:0.000025s ]
INFO: [ app_init ] --END-- [ RunTime:0.000371s ]
INFO: [ app_begin ] --START--
INFO: Run Behavior\ReadHtmlCacheBehavior [ RunTime:0.000430s ]
INFO: [ app_begin ] --END-- [ RunTime:0.000533s ]
SQL: SHOW COLUMNS FROM `bk` [ RunTime:0.0022s ]
SQL: SELECT * FROM `bk` LIMIT 1   [ RunTime:0.0002s ]
INFO: [ app_end ] --START--
INFO: Run Behavior\ShowPageTraceBehavior [ RunTime:0.000511s ]
INFO: [ app_end ] --END-- [ RunTime:0.000611s ]

[ 2018-09-17T17:58:58+08:00 ] 127.0.0.1 /index.php/Home/Bk/BK
INFO: [ app_init ] --START--
INFO: Run Behavior\BuildLiteBehavior [ RunTime:0.000024s ]
INFO: [ app_init ] --END-- [ RunTime:0.000449s ]
INFO: [ app_begin ] --START--
INFO: Run Behavior\ReadHtmlCacheBehavior [ RunTime:0.000542s ]
INFO: [ app_begin ] --END-- [ RunTime:0.000672s ]
SQL: SHOW COLUMNS FROM `bk` [ RunTime:0.0021s ]
SQL: SELECT * FROM `bk` LIMIT 1   [ RunTime:0.0004s ]
INFO: [ app_end ] --START--
INFO: Run Behavior\ShowPageTraceBehavior [ RunTime:0.000708s ]
INFO: [ app_end ] --END-- [ RunTime:0.000809s ]

[ 2018-09-17T17:59:04+08:00 ] 127.0.0.1 /index.php/Home/Bk
INFO: [ app_init ] --START--
INFO: Run Behavior\BuildLiteBehavior [ RunTime:0.000035s ]
INFO: [ app_init ] --END-- [ RunTime:0.000423s ]
INFO: [ app_begin ] --START--
INFO: Run Behavior\ReadHtmlCacheBehavior [ RunTime:0.000464s ]
INFO: [ app_begin ] --END-- [ RunTime:0.000570s ]
ERR: 非法操作:index

[ 2018-09-17T17:59:08+08:00 ] 127.0.0.1 /index.php/Home/Bk/BK
INFO: [ app_init ] --START--
INFO: Run Behavior\BuildLiteBehavior [ RunTime:0.000023s ]
INFO: [ app_init ] --END-- [ RunTime:0.000396s ]
INFO: [ app_begin ] --START--
INFO: Run Behavior\ReadHtmlCacheBehavior [ RunTime:0.000430s ]
INFO: [ app_begin ] --END-- [ RunTime:0.000531s ]
SQL: SHOW COLUMNS FROM `bk` [ RunTime:0.0026s ]
SQL: SELECT * FROM `bk` LIMIT 1   [ RunTime:0.0002s ]
INFO: [ app_end ] --START--
INFO: Run Behavior\ShowPageTraceBehavior [ RunTime:0.000594s ]
INFO: [ app_end ] --END-- [ RunTime:0.000695s ]

[ 2018-09-17T18:24:28+08:00 ] 127.0.0.1 /index.php/Home/Bk/BK
INFO: [ app_init ] --START--
INFO: Run Behavior\BuildLiteBehavior [ RunTime:0.000024s ]
INFO: [ app_init ] --END-- [ RunTime:0.000446s ]
INFO: [ app_begin ] --START--
INFO: Run Behavior\ReadHtmlCacheBehavior [ RunTime:0.000786s ]
INFO: [ app_begin ] --END-- [ RunTime:0.000904s ]
SQL: SHOW COLUMNS FROM `bk` [ RunTime:0.0020s ]
SQL: SELECT * FROM `bk` WHERE ( id=3 ) LIMIT 1   [ RunTime:0.1000s ]
INFO: [ app_end ] --START--
INFO: Run Behavior\ShowPageTraceBehavior [ RunTime:0.000663s ]
INFO: [ app_end ] --END-- [ RunTime:0.000764s ]

[ 2018-09-17T18:25:21+08:00 ] 127.0.0.1 /index.php/Home/Bk/BK
INFO: [ app_init ] --START--
INFO: Run Behavior\BuildLiteBehavior [ RunTime:0.000027s ]
INFO: [ app_init ] --END-- [ RunTime:0.000388s ]
INFO: [ app_begin ] --START--
INFO: Run Behavior\ReadHtmlCacheBehavior [ RunTime:0.000454s ]
INFO: [ app_begin ] --END-- [ RunTime:0.000564s ]
SQL: SHOW COLUMNS FROM `bk` [ RunTime:0.0020s ]
ERR: 1054:Unknown column 'yl' in 'where clause'
 [ SQL语句 ] : SELECT * FROM `bk` WHERE ( title=yl ) LIMIT 1  
ERR: 1054:Unknown column 'yl' in 'where clause'
 [ SQL语句 ] : SELECT * FROM `bk` WHERE ( title=yl ) LIMIT 1  

[ 2018-09-17T18:25:44+08:00 ] 127.0.0.1 /index.php/Home/Bk/BK
INFO: [ app_init ] --START--
INFO: Run Behavior\BuildLiteBehavior [ RunTime:0.000025s ]
INFO: [ app_init ] --END-- [ RunTime:0.000394s ]
INFO: [ app_begin ] --START--
INFO: Run Behavior\ReadHtmlCacheBehavior [ RunTime:0.000461s ]
INFO: [ app_begin ] --END-- [ RunTime:0.000566s ]
SQL: SHOW COLUMNS FROM `bk` [ RunTime:0.0037s ]
ERR: 1054:Unknown column '‘yl’' in 'where clause'
 [ SQL语句 ] : SELECT * FROM `bk` WHERE ( title=‘yl’ ) LIMIT 1  
ERR: 1054:Unknown column '‘yl’' in 'where clause'
 [ SQL语句 ] : SELECT * FROM `bk` WHERE ( title=‘yl’ ) LIMIT 1  

[ 2018-09-17T18:25:58+08:00 ] 127.0.0.1 /index.php/Home/Bk/BK
INFO: [ app_init ] --START--
INFO: Run Behavior\BuildLiteBehavior [ RunTime:0.000026s ]
INFO: [ app_init ] --END-- [ RunTime:0.000551s ]
INFO: [ app_begin ] --START--
INFO: Run Behavior\ReadHtmlCacheBehavior [ RunTime:0.000621s ]
INFO: [ app_begin ] --END-- [ RunTime:0.000730s ]
SQL: SHOW COLUMNS FROM `bk` [ RunTime:0.0036s ]
ERR: 1054:Unknown column '“yl”' in 'where clause'
 [ SQL语句 ] : SELECT * FROM `bk` WHERE ( title=“yl” ) LIMIT 1  
ERR: 1054:Unknown column '“yl”' in 'where clause'
 [ SQL语句 ] : SELECT * FROM `bk` WHERE ( title=“yl” ) LIMIT 1  

[ 2018-09-17T18:26:00+08:00 ] 127.0.0.1 /index.php/Home/Bk/BK
INFO: [ app_init ] --START--
INFO: Run Behavior\BuildLiteBehavior [ RunTime:0.000024s ]
INFO: [ app_init ] --END-- [ RunTime:0.000429s ]
INFO: [ app_begin ] --START--
INFO: Run Behavior\ReadHtmlCacheBehavior [ RunTime:0.000467s ]
INFO: [ app_begin ] --END-- [ RunTime:0.000569s ]
SQL: SHOW COLUMNS FROM `bk` [ RunTime:0.0022s ]
ERR: 1054:Unknown column '“yl”' in 'where clause'
 [ SQL语句 ] : SELECT * FROM `bk` WHERE ( title=“yl” ) LIMIT 1  
ERR: 1054:Unknown column '“yl”' in 'where clause'
 [ SQL语句 ] : SELECT * FROM `bk` WHERE ( title=“yl” ) LIMIT 1  

[ 2018-09-17T18:27:27+08:00 ] 127.0.0.1 /index.php/Home/Bk/BK
INFO: [ app_init ] --START--
INFO: Run Behavior\BuildLiteBehavior [ RunTime:0.000026s ]
INFO: [ app_init ] --END-- [ RunTime:0.000457s ]
INFO: [ app_begin ] --START--
INFO: Run Behavior\ReadHtmlCacheBehavior [ RunTime:0.000607s ]
INFO: [ app_begin ] --END-- [ RunTime:0.000713s ]
SQL: SHOW COLUMNS FROM `bk` [ RunTime:0.0039s ]
ERR: 1054:Unknown column 'yl' in 'where clause'
 [ SQL语句 ] : SELECT * FROM `bk` WHERE ( title=yl ) LIMIT 1  
ERR: 1054:Unknown column 'yl' in 'where clause'
 [ SQL语句 ] : SELECT * FROM `bk` WHERE ( title=yl ) LIMIT 1  

[ 2018-09-17T18:28:02+08:00 ] 127.0.0.1 /index.php/Home/Bk/BK
INFO: [ app_init ] --START--
INFO: Run Behavior\BuildLiteBehavior [ RunTime:0.000027s ]
INFO: [ app_init ] --END-- [ RunTime:0.000604s ]
INFO: [ app_begin ] --START--
INFO: Run Behavior\ReadHtmlCacheBehavior [ RunTime:0.000646s ]
INFO: [ app_begin ] --END-- [ RunTime:0.000778s ]
SQL: SHOW COLUMNS FROM `bk` [ RunTime:0.0034s ]
SQL: SELECT * FROM `bk` WHERE ( id=3 ) LIMIT 1   [ RunTime:0.0002s ]
INFO: [ app_end ] --START--
INFO: Run Behavior\ShowPageTraceBehavior [ RunTime:0.000665s ]
INFO: [ app_end ] --END-- [ RunTime:0.000769s ]

[ 2018-09-17T19:03:51+08:00 ] 127.0.0.1 /index.php/Home/Bk/BK
INFO: [ app_init ] --START--
INFO: Run Behavior\BuildLiteBehavior [ RunTime:0.000028s ]
INFO: [ app_init ] --END-- [ RunTime:0.000549s ]
INFO: [ app_begin ] --START--
INFO: Run Behavior\ReadHtmlCacheBehavior [ RunTime:0.000845s ]
INFO: [ app_begin ] --END-- [ RunTime:0.000985s ]
SQL: SHOW COLUMNS FROM `bk` [ RunTime:0.0023s ]
SQL: SELECT * FROM `bk` WHERE ( id=3 ) LIMIT 1   [ RunTime:0.0002s ]
INFO: [ app_end ] --START--
INFO: Run Behavior\ShowPageTraceBehavior [ RunTime:0.000654s ]
INFO: [ app_end ] --END-- [ RunTime:0.000760s ]

[ 2018-09-17T19:03:52+08:00 ] 127.0.0.1 /index.php/Home/Bk/BK
INFO: [ app_init ] --START--
INFO: Run Behavior\BuildLiteBehavior [ RunTime:0.000037s ]
INFO: [ app_init ] --END-- [ RunTime:0.000555s ]
INFO: [ app_begin ] --START--
INFO: Run Behavior\ReadHtmlCacheBehavior [ RunTime:0.003136s ]
INFO: [ app_begin ] --END-- [ RunTime:0.003788s ]
SQL: SHOW COLUMNS FROM `bk` [ RunTime:0.0019s ]
SQL: SELECT * FROM `bk` WHERE ( id=3 ) LIMIT 1   [ RunTime:0.0002s ]
INFO: [ app_end ] --START--
INFO: Run Behavior\ShowPageTraceBehavior [ RunTime:0.000699s ]
INFO: [ app_end ] --END-- [ RunTime:0.000803s ]

[ 2018-09-17T19:03:53+08:00 ] 127.0.0.1 /index.php/Home/Bk/BK
INFO: [ app_init ] --START--
INFO: Run Behavior\BuildLiteBehavior [ RunTime:0.000027s ]
INFO: [ app_init ] --END-- [ RunTime:0.000578s ]
INFO: [ app_begin ] --START--
INFO: Run Behavior\ReadHtmlCacheBehavior [ RunTime:0.000651s ]
INFO: [ app_begin ] --END-- [ RunTime:0.000783s ]
SQL: SHOW COLUMNS FROM `bk` [ RunTime:0.0022s ]
SQL: SELECT * FROM `bk` WHERE ( id=3 ) LIMIT 1   [ RunTime:0.0002s ]
INFO: [ app_end ] --START--
INFO: Run Behavior\ShowPageTraceBehavior [ RunTime:0.000549s ]
INFO: [ app_end ] --END-- [ RunTime:0.000653s ]

[ 2018-09-17T19:04:28+08:00 ] 127.0.0.1 /index.php/Home/Bk/BK
INFO: [ app_init ] --START--
INFO: Run Behavior\BuildLiteBehavior [ RunTime:0.000036s ]
INFO: [ app_init ] --END-- [ RunTime:0.000579s ]
INFO: [ app_begin ] --START--
INFO: Run Behavior\ReadHtmlCacheBehavior [ RunTime:0.000607s ]
INFO: [ app_begin ] --END-- [ RunTime:0.000717s ]
SQL: SHOW COLUMNS FROM `bk` [ RunTime:0.0022s ]
SQL: SELECT * FROM `bk` LIMIT 1   [ RunTime:0.0002s ]
INFO: [ app_end ] --START--
INFO: Run Behavior\ShowPageTraceBehavior [ RunTime:0.000567s ]
INFO: [ app_end ] --END-- [ RunTime:0.000675s ]

[ 2018-09-17T19:09:21+08:00 ] 127.0.0.1 /index.php/Home/Bk/BK
INFO: [ app_init ] --START--
INFO: Run Behavior\BuildLiteBehavior [ RunTime:0.000027s ]
INFO: [ app_init ] --END-- [ RunTime:0.000456s ]
INFO: [ app_begin ] --START--
INFO: Run Behavior\ReadHtmlCacheBehavior [ RunTime:0.000746s ]
INFO: [ app_begin ] --END-- [ RunTime:0.000888s ]
SQL: SHOW COLUMNS FROM `bk` [ RunTime:0.0022s ]
SQL: SELECT * FROM `bk` LIMIT 1   [ RunTime:0.0002s ]
INFO: [ app_end ] --START--
INFO: Run Behavior\ShowPageTraceBehavior [ RunTime:0.000791s ]
INFO: [ app_end ] --END-- [ RunTime:0.000892s ]

[ 2018-09-17T19:09:45+08:00 ] 127.0.0.1 /index.php/Home/Bk/BK
INFO: [ app_init ] --START--
INFO: Run Behavior\BuildLiteBehavior [ RunTime:0.000027s ]
INFO: [ app_init ] --END-- [ RunTime:0.000570s ]
INFO: [ app_begin ] --START--
INFO: Run Behavior\ReadHtmlCacheBehavior [ RunTime:0.001461s ]
INFO: [ app_begin ] --END-- [ RunTime:0.001778s ]
SQL: SHOW COLUMNS FROM `bk` [ RunTime:0.0038s ]
SQL: SELECT * FROM `bk` LIMIT 1   [ RunTime:0.0002s ]
INFO: [ app_end ] --START--
INFO: Run Behavior\ShowPageTraceBehavior [ RunTime:0.000701s ]
INFO: [ app_end ] --END-- [ RunTime:0.000801s ]

[ 2018-09-17T19:11:50+08:00 ] 127.0.0.1 /index.php/Home/Search/user
INFO: [ app_init ] --START--
INFO: Run Behavior\BuildLiteBehavior [ RunTime:0.000037s ]
INFO: [ app_init ] --END-- [ RunTime:0.000968s ]
INFO: [ app_begin ] --START--
INFO: Run Behavior\ReadHtmlCacheBehavior [ RunTime:0.001682s ]
INFO: [ app_begin ] --END-- [ RunTime:0.002065s ]
INFO: [ app_end ] --START--
INFO: Run Behavior\ShowPageTraceBehavior [ RunTime:0.000881s ]
INFO: [ app_end ] --END-- [ RunTime:0.001060s ]

[ 2018-09-17T19:12:23+08:00 ] 127.0.0.1 /index.php/Home/Author/book
INFO: [ app_init ] --START--
INFO: Run Behavior\BuildLiteBehavior [ RunTime:0.000041s ]
INFO: [ app_init ] --END-- [ RunTime:0.000459s ]
INFO: [ app_begin ] --START--
INFO: Run Behavior\ReadHtmlCacheBehavior [ RunTime:0.000986s ]
INFO: [ app_begin ] --END-- [ RunTime:0.001307s ]
ERR: 1146:Table 'shuliang.author' doesn't exist
 [ SQL语句 ] : SHOW COLUMNS FROM `author`
ERR: 1146:Table 'shuliang.author' doesn't exist
 [ SQL语句 ] : SHOW COLUMNS FROM `author`

[ 2018-09-17T19:12:47+08:00 ] 127.0.0.1 /index.php/Home/Author/book
INFO: [ app_init ] --START--
INFO: Run Behavior\BuildLiteBehavior [ RunTime:0.000024s ]
INFO: [ app_init ] --END-- [ RunTime:0.000380s ]
INFO: [ app_begin ] --START--
INFO: Run Behavior\ReadHtmlCacheBehavior [ RunTime:0.001346s ]
INFO: [ app_begin ] --END-- [ RunTime:0.001679s ]
SQL: SHOW COLUMNS FROM `author` [ RunTime:0.0666s ]
SQL: SELECT * FROM `author` WHERE ( sex="1" ) LIMIT 1   [ RunTime:0.0254s ]
INFO: [ app_end ] --START--
INFO: Run Behavior\ShowPageTraceBehavior [ RunTime:0.000631s ]
INFO: [ app_end ] --END-- [ RunTime:0.000732s ]

[ 2018-09-17T19:12:56+08:00 ] 127.0.0.1 /index.php/Home/Author/book
INFO: [ app_init ] --START--
INFO: Run Behavior\BuildLiteBehavior [ RunTime:0.000024s ]
INFO: [ app_init ] --END-- [ RunTime:0.000402s ]
INFO: [ app_begin ] --START--
INFO: Run Behavior\ReadHtmlCacheBehavior [ RunTime:0.000478s ]
INFO: [ app_begin ] --END-- [ RunTime:0.000588s ]
ERR: 1146:Table 'shuliang.author' doesn't exist
 [ SQL语句 ] : SHOW COLUMNS FROM `author`
ERR: 1146:Table 'shuliang.author' doesn't exist
 [ SQL语句 ] : SHOW COLUMNS FROM `author`

[ 2018-09-17T19:14:00+08:00 ] 127.0.0.1 /index.php/Home/Author/book
INFO: [ app_init ] --START--
INFO: Run Behavior\BuildLiteBehavior [ RunTime:0.000026s ]
INFO: [ app_init ] --END-- [ RunTime:0.000601s ]
INFO: [ app_begin ] --START--
INFO: Run Behavior\ReadHtmlCacheBehavior [ RunTime:0.000763s ]
INFO: [ app_begin ] --END-- [ RunTime:0.000894s ]
ERR: 1146:Table 'shuliang.author' doesn't exist
 [ SQL语句 ] : SHOW COLUMNS FROM `author`
ERR: 1146:Table 'shuliang.author' doesn't exist
 [ SQL语句 ] : SHOW COLUMNS FROM `author`

[ 2018-09-17T19:14:02+08:00 ] 127.0.0.1 /index.php/Home/Author/book
INFO: [ app_init ] --START--
INFO: Run Behavior\BuildLiteBehavior [ RunTime:0.000026s ]
INFO: [ app_init ] --END-- [ RunTime:0.000381s ]
INFO: [ app_begin ] --START--
INFO: Run Behavior\ReadHtmlCacheBehavior [ RunTime:0.000458s ]
INFO: [ app_begin ] --END-- [ RunTime:0.000562s ]
ERR: 1146:Table 'shuliang.author' doesn't exist
 [ SQL语句 ] : SHOW COLUMNS FROM `author`
ERR: 1146:Table 'shuliang.author' doesn't exist
 [ SQL语句 ] : SHOW COLUMNS FROM `author`

[ 2018-09-17T19:14:03+08:00 ] 127.0.0.1 /index.php/Home/Author/book
INFO: [ app_init ] --START--
INFO: Run Behavior\BuildLiteBehavior [ RunTime:0.000036s ]
INFO: [ app_init ] --END-- [ RunTime:0.000519s ]
INFO: [ app_begin ] --START--
INFO: Run Behavior\ReadHtmlCacheBehavior [ RunTime:0.000668s ]
INFO: [ app_begin ] --END-- [ RunTime:0.000810s ]
ERR: 1146:Table 'shuliang.author' doesn't exist
 [ SQL语句 ] : SHOW COLUMNS FROM `author`
ERR: 1146:Table 'shuliang.author' doesn't exist
 [ SQL语句 ] : SHOW COLUMNS FROM `author`

[ 2018-09-17T19:14:32+08:00 ] 127.0.0.1 /index.php/Home/Author/book
INFO: [ app_init ] --START--
INFO: Run Behavior\BuildLiteBehavior [ RunTime:0.000024s ]
INFO: [ app_init ] --END-- [ RunTime:0.000540s ]
INFO: [ app_begin ] --START--
INFO: Run Behavior\ReadHtmlCacheBehavior [ RunTime:0.000494s ]
INFO: [ app_begin ] --END-- [ RunTime:0.000597s ]
ERR: 1146:Table 'shuliang.author' doesn't exist
 [ SQL语句 ] : SHOW COLUMNS FROM `author`
ERR: 1146:Table 'shuliang.author' doesn't exist
 [ SQL语句 ] : SHOW COLUMNS FROM `author`

[ 2018-09-17T19:14:33+08:00 ] 127.0.0.1 /index.php/Home/Author/book
INFO: [ app_init ] --START--
INFO: Run Behavior\BuildLiteBehavior [ RunTime:0.000024s ]
INFO: [ app_init ] --END-- [ RunTime:0.000405s ]
INFO: [ app_begin ] --START--
INFO: Run Behavior\ReadHtmlCacheBehavior [ RunTime:0.000505s ]
INFO: [ app_begin ] --END-- [ RunTime:0.000639s ]
ERR: 1146:Table 'shuliang.author' doesn't exist
 [ SQL语句 ] : SHOW COLUMNS FROM `author`
ERR: 1146:Table 'shuliang.author' doesn't exist
 [ SQL语句 ] : SHOW COLUMNS FROM `author`

[ 2018-09-17T19:15:00+08:00 ] 127.0.0.1 /index.php/Home/Author/book
INFO: [ app_init ] --START--
INFO: Run Behavior\BuildLiteBehavior [ RunTime:0.000025s ]
INFO: [ app_init ] --END-- [ RunTime:0.000421s ]
INFO: [ app_begin ] --START--
INFO: Run Behavior\ReadHtmlCacheBehavior [ RunTime:0.000434s ]
INFO: [ app_begin ] --END-- [ RunTime:0.000534s ]
ERR: 1146:Table 'shuliang.author' doesn't exist
 [ SQL语句 ] : SHOW COLUMNS FROM `author`
ERR: 1146:Table 'shuliang.author' doesn't exist
 [ SQL语句 ] : SHOW COLUMNS FROM `author`

[ 2018-09-17T19:16:08+08:00 ] 127.0.0.1 /index.php/Home/Author/book
INFO: [ app_init ] --START--
INFO: Run Behavior\BuildLiteBehavior [ RunTime:0.000027s ]
INFO: [ app_init ] --END-- [ RunTime:0.000987s ]
INFO: [ app_begin ] --START--
INFO: Run Behavior\ReadHtmlCacheBehavior [ RunTime:0.000793s ]
INFO: [ app_begin ] --END-- [ RunTime:0.000924s ]
ERR: 1146:Table 'shuliang.author' doesn't exist
 [ SQL语句 ] : SHOW COLUMNS FROM `author`
ERR: 1146:Table 'shuliang.author' doesn't exist
 [ SQL语句 ] : SHOW COLUMNS FROM `author`

[ 2018-09-17T19:16:10+08:00 ] 127.0.0.1 /index.php/Home/Bk/BK
INFO: [ app_init ] --START--
INFO: Run Behavior\BuildLiteBehavior [ RunTime:0.000028s ]
INFO: [ app_init ] --END-- [ RunTime:0.000751s ]
INFO: [ app_begin ] --START--
INFO: Run Behavior\ReadHtmlCacheBehavior [ RunTime:0.000564s ]
INFO: [ app_begin ] --END-- [ RunTime:0.000697s ]
SQL: SHOW COLUMNS FROM `bk` [ RunTime:0.0023s ]
SQL: SELECT * FROM `bk` LIMIT 1   [ RunTime:0.0002s ]
INFO: [ app_end ] --START--
INFO: Run Behavior\ShowPageTraceBehavior [ RunTime:0.000662s ]
INFO: [ app_end ] --END-- [ RunTime:0.000767s ]

[ 2018-09-17T19:16:30+08:00 ] 127.0.0.1 /index.php/Home/Bk/BK
INFO: [ app_init ] --START--
INFO: Run Behavior\BuildLiteBehavior [ RunTime:0.000166s ]
INFO: [ app_init ] --END-- [ RunTime:0.002728s ]
INFO: [ app_begin ] --START--
INFO: Run Behavior\ReadHtmlCacheBehavior [ RunTime:0.001264s ]
INFO: [ app_begin ] --END-- [ RunTime:0.001632s ]
SQL: SHOW COLUMNS FROM `bk` [ RunTime:0.0021s ]
SQL: SELECT * FROM `bk` LIMIT 1   [ RunTime:0.0002s ]
INFO: [ app_end ] --START--
INFO: Run Behavior\ShowPageTraceBehavior [ RunTime:0.000935s ]
INFO: [ app_end ] --END-- [ RunTime:0.001106s ]

[ 2018-09-17T19:16:31+08:00 ] 127.0.0.1 /index.php/Home/Bk/BK
INFO: [ app_init ] --START--
INFO: Run Behavior\BuildLiteBehavior [ RunTime:0.000115s ]
INFO: [ app_init ] --END-- [ RunTime:0.001652s ]
INFO: [ app_begin ] --START--
INFO: Run Behavior\ReadHtmlCacheBehavior [ RunTime:0.001704s ]
INFO: [ app_begin ] --END-- [ RunTime:0.002009s ]
SQL: SHOW COLUMNS FROM `bk` [ RunTime:0.0022s ]
SQL: SELECT * FROM `bk` LIMIT 1   [ RunTime:0.0002s ]
INFO: [ app_end ] --START--
INFO: Run Behavior\ShowPageTraceBehavior [ RunTime:0.000727s ]
INFO: [ app_end ] --END-- [ RunTime:0.000832s ]

[ 2018-09-17T19:32:52+08:00 ] 127.0.0.1 /index.php/Home/Bk/BK
INFO: [ app_init ] --START--
INFO: Run Behavior\BuildLiteBehavior [ RunTime:0.000027s ]
INFO: [ app_init ] --END-- [ RunTime:0.000465s ]
INFO: [ app_begin ] --START--
INFO: Run Behavior\ReadHtmlCacheBehavior [ RunTime:0.002228s ]
INFO: [ app_begin ] --END-- [ RunTime:0.002357s ]
SQL: SHOW COLUMNS FROM `bk` [ RunTime:0.0019s ]
SQL: SELECT * FROM `bk` LIMIT 1   [ RunTime:0.0002s ]
SQL: SELECT * FROM `bk` WHERE ( id=3 )  [ RunTime:0.0001s ]
INFO: [ app_end ] --START--
INFO: Run Behavior\ShowPageTraceBehavior [ RunTime:0.000688s ]
INFO: [ app_end ] --END-- [ RunTime:0.000826s ]

[ 2018-09-17T19:33:07+08:00 ] 127.0.0.1 /index.php/Home/Bk/BK
INFO: [ app_init ] --START--
INFO: Run Behavior\BuildLiteBehavior [ RunTime:0.000154s ]
INFO: [ app_init ] --END-- [ RunTime:0.002403s ]
INFO: [ app_begin ] --START--
INFO: Run Behavior\ReadHtmlCacheBehavior [ RunTime:0.000904s ]
INFO: [ app_begin ] --END-- [ RunTime:0.001069s ]
SQL: SHOW COLUMNS FROM `bk` [ RunTime:0.0019s ]
SQL: SELECT * FROM `bk` LIMIT 1   [ RunTime:0.0002s ]
SQL: SELECT * FROM `bk` WHERE ( id=3 )  [ RunTime:0.0002s ]
INFO: [ app_end ] --START--
INFO: Run Behavior\ShowPageTraceBehavior [ RunTime:0.000723s ]
INFO: [ app_end ] --END-- [ RunTime:0.000853s ]

[ 2018-09-17T19:33:08+08:00 ] 127.0.0.1 /index.php/Home/Bk/BK
INFO: [ app_init ] --START--
INFO: Run Behavior\BuildLiteBehavior [ RunTime:0.000040s ]
INFO: [ app_init ] --END-- [ RunTime:0.000806s ]
INFO: [ app_begin ] --START--
INFO: Run Behavior\ReadHtmlCacheBehavior [ RunTime:0.000568s ]
INFO: [ app_begin ] --END-- [ RunTime:0.000690s ]
SQL: SHOW COLUMNS FROM `bk` [ RunTime:0.0019s ]
SQL: SELECT * FROM `bk` LIMIT 1   [ RunTime:0.0002s ]
SQL: SELECT * FROM `bk` WHERE ( id=3 )  [ RunTime:0.0001s ]
INFO: [ app_end ] --START--
INFO: Run Behavior\ShowPageTraceBehavior [ RunTime:0.000602s ]
INFO: [ app_end ] --END-- [ RunTime:0.000711s ]

[ 2018-09-17T19:41:25+08:00 ] 127.0.0.1 /index.php/Home/Author/book
INFO: [ app_init ] --START--
INFO: Run Behavior\BuildLiteBehavior [ RunTime:0.000025s ]
INFO: [ app_init ] --END-- [ RunTime:0.000423s ]
INFO: [ app_begin ] --START--
INFO: Run Behavior\ReadHtmlCacheBehavior [ RunTime:0.000577s ]
INFO: [ app_begin ] --END-- [ RunTime:0.000681s ]
SQL: SHOW COLUMNS FROM `author` [ RunTime:0.0023s ]
SQL: SELECT * FROM `author` WHERE ( sex="1" ) LIMIT 1   [ RunTime:0.0002s ]
INFO: [ app_end ] --START--
INFO: Run Behavior\ShowPageTraceBehavior [ RunTime:0.000668s ]
INFO: [ app_end ] --END-- [ RunTime:0.000774s ]

[ 2018-09-17T19:43:02+08:00 ] 127.0.0.1 /index.php/Home/Bk/BK
INFO: [ app_init ] --START--
INFO: Run Behavior\BuildLiteBehavior [ RunTime:0.000024s ]
INFO: [ app_init ] --END-- [ RunTime:0.000368s ]
INFO: [ app_begin ] --START--
INFO: Run Behavior\ReadHtmlCacheBehavior [ RunTime:0.000980s ]
INFO: [ app_begin ] --END-- [ RunTime:0.001230s ]
SQL: SHOW COLUMNS FROM `bk` [ RunTime:0.0100s ]
SQL: SELECT * FROM `bk` LIMIT 1   [ RunTime:0.0003s ]
ERR: 1054:Unknown column 'ly' in 'where clause'
 [ SQL语句 ] : SELECT * FROM `bk` WHERE ( author=ly ) ORDER BY create_time LIMIT 10  
ERR: 1054:Unknown column 'ly' in 'where clause'
 [ SQL语句 ] : SELECT * FROM `bk` WHERE ( author=ly ) ORDER BY create_time LIMIT 10  

[ 2018-09-17T19:43:19+08:00 ] 127.0.0.1 /index.php/Home/Bk/BK
INFO: [ app_init ] --START--
INFO: Run Behavior\BuildLiteBehavior [ RunTime:0.000041s ]
INFO: [ app_init ] --END-- [ RunTime:0.000573s ]
INFO: [ app_begin ] --START--
INFO: Run Behavior\ReadHtmlCacheBehavior [ RunTime:0.000662s ]
INFO: [ app_begin ] --END-- [ RunTime:0.000871s ]
SQL: SHOW COLUMNS FROM `bk` [ RunTime:0.0021s ]
SQL: SELECT * FROM `bk` LIMIT 1   [ RunTime:0.0002s ]
INFO: [ app_end ] --START--
INFO: Run Behavior\ShowPageTraceBehavior [ RunTime:0.000760s ]
INFO: [ app_end ] --END-- [ RunTime:0.000860s ]

[ 2018-09-17T19:46:31+08:00 ] 127.0.0.1 /index.php/Home/Bk/BK
INFO: [ app_init ] --START--
INFO: Run Behavior\BuildLiteBehavior [ RunTime:0.000026s ]
INFO: [ app_init ] --END-- [ RunTime:0.000598s ]
INFO: [ app_begin ] --START--
INFO: Run Behavior\ReadHtmlCacheBehavior [ RunTime:0.000768s ]
INFO: [ app_begin ] --END-- [ RunTime:0.000892s ]
SQL: SHOW COLUMNS FROM `bk` [ RunTime:0.0025s ]
SQL: SELECT * FROM `bk` LIMIT 1   [ RunTime:0.0002s ]
ERR: 1054:Unknown column 'ly' in 'field list'
 [ SQL语句 ] : SELECT `ly` FROM `bk` WHERE ( id=2 ) LIMIT 1  
ERR: 1054:Unknown column 'ly' in 'field list'
 [ SQL语句 ] : SELECT `ly` FROM `bk` WHERE ( id=2 ) LIMIT 1  

[ 2018-09-17T19:49:37+08:00 ] 127.0.0.1 /index.php/Home/Author/book
INFO: [ app_init ] --START--
INFO: Run Behavior\BuildLiteBehavior [ RunTime:0.000025s ]
INFO: [ app_init ] --END-- [ RunTime:0.000412s ]
INFO: [ app_begin ] --START--
INFO: Run Behavior\ReadHtmlCacheBehavior [ RunTime:0.000544s ]
INFO: [ app_begin ] --END-- [ RunTime:0.000647s ]
ERR: 1146:Table 'shuliang.author' doesn't exist
 [ SQL语句 ] : SHOW COLUMNS FROM `author`
ERR: 1146:Table 'shuliang.author' doesn't exist
 [ SQL语句 ] : SHOW COLUMNS FROM `author`

[ 2018-09-17T19:49:41+08:00 ] 127.0.0.1 /index.php/Home/Bk/BK
INFO: [ app_init ] --START--
INFO: Run Behavior\BuildLiteBehavior [ RunTime:0.000025s ]
INFO: [ app_init ] --END-- [ RunTime:0.000382s ]
INFO: [ app_begin ] --START--
INFO: Run Behavior\ReadHtmlCacheBehavior [ RunTime:0.000789s ]
INFO: [ app_begin ] --END-- [ RunTime:0.000966s ]
SQL: SHOW COLUMNS FROM `bk` [ RunTime:0.0074s ]
SQL: SELECT * FROM `bk` LIMIT 1   [ RunTime:0.0014s ]
SQL: SELECT `author` FROM `bk` WHERE ( id=2 ) LIMIT 1   [ RunTime:0.0002s ]
INFO: [ app_end ] --START--
INFO: Run Behavior\ShowPageTraceBehavior [ RunTime:0.000750s ]
INFO: [ app_end ] --END-- [ RunTime:0.000854s ]

[ 2018-09-17T19:52:25+08:00 ] 127.0.0.1 /index.php/Home/Bk/BK
INFO: [ app_init ] --START--
INFO: Run Behavior\BuildLiteBehavior [ RunTime:0.000130s ]
INFO: [ app_init ] --END-- [ RunTime:0.002206s ]
INFO: [ app_begin ] --START--
INFO: Run Behavior\ReadHtmlCacheBehavior [ RunTime:0.000648s ]
INFO: [ app_begin ] --END-- [ RunTime:0.000800s ]
SQL: SHOW COLUMNS FROM `bk` [ RunTime:0.0024s ]
SQL: SELECT * FROM `bk` LIMIT 1   [ RunTime:0.0003s ]
ERR: 1064:You have an error in your SQL syntax; check the manual that corresponds to your MySQL server version for the right syntax to use near '"mudi ) LIMIT 1' at line 1
 [ SQL语句 ] : SELECT * FROM `bk` WHERE ( id=1 AND title="mudi ) LIMIT 1  
ERR: 1064:You have an error in your SQL syntax; check the manual that corresponds to your MySQL server version for the right syntax to use near '"mudi ) LIMIT 1' at line 1
 [ SQL语句 ] : SELECT * FROM `bk` WHERE ( id=1 AND title="mudi ) LIMIT 1  

[ 2018-09-17T19:54:24+08:00 ] 127.0.0.1 /index.php/Home/Bk/BK
INFO: [ app_init ] --START--
INFO: Run Behavior\BuildLiteBehavior [ RunTime:0.000122s ]
INFO: [ app_init ] --END-- [ RunTime:0.001715s ]
INFO: [ app_begin ] --START--
INFO: Run Behavior\ReadHtmlCacheBehavior [ RunTime:0.000673s ]
INFO: [ app_begin ] --END-- [ RunTime:0.000814s ]
SQL: SHOW COLUMNS FROM `bk` [ RunTime:0.0020s ]
SQL: SELECT * FROM `bk` LIMIT 1   [ RunTime:0.0002s ]
ERR: 1064:You have an error in your SQL syntax; check the manual that corresponds to your MySQL server version for the right syntax to use near '"mudi ) LIMIT 1' at line 1
 [ SQL语句 ] : SELECT * FROM `bk` WHERE ( id=1 AND title="mudi ) LIMIT 1  
ERR: 1064:You have an error in your SQL syntax; check the manual that corresponds to your MySQL server version for the right syntax to use near '"mudi ) LIMIT 1' at line 1
 [ SQL语句 ] : SELECT * FROM `bk` WHERE ( id=1 AND title="mudi ) LIMIT 1  

[ 2018-09-17T19:54:26+08:00 ] 127.0.0.1 /index.php/Home/Bk/BK
INFO: [ app_init ] --START--
INFO: Run Behavior\BuildLiteBehavior [ RunTime:0.000045s ]
INFO: [ app_init ] --END-- [ RunTime:0.000713s ]
INFO: [ app_begin ] --START--
INFO: Run Behavior\ReadHtmlCacheBehavior [ RunTime:0.000918s ]
INFO: [ app_begin ] --END-- [ RunTime:0.001091s ]
SQL: SHOW COLUMNS FROM `bk` [ RunTime:0.0022s ]
SQL: SELECT * FROM `bk` LIMIT 1   [ RunTime:0.0002s ]
ERR: 1064:You have an error in your SQL syntax; check the manual that corresponds to your MySQL server version for the right syntax to use near '"mudi ) LIMIT 1' at line 1
 [ SQL语句 ] : SELECT * FROM `bk` WHERE ( id=1 AND title="mudi ) LIMIT 1  
ERR: 1064:You have an error in your SQL syntax; check the manual that corresponds to your MySQL server version for the right syntax to use near '"mudi ) LIMIT 1' at line 1
 [ SQL语句 ] : SELECT * FROM `bk` WHERE ( id=1 AND title="mudi ) LIMIT 1  

[ 2018-09-17T19:54:27+08:00 ] 127.0.0.1 /index.php/Home/Bk/BK
INFO: [ app_init ] --START--
INFO: Run Behavior\BuildLiteBehavior [ RunTime:0.000024s ]
INFO: [ app_init ] --END-- [ RunTime:0.000368s ]
INFO: [ app_begin ] --START--
INFO: Run Behavior\ReadHtmlCacheBehavior [ RunTime:0.000497s ]
INFO: [ app_begin ] --END-- [ RunTime:0.000604s ]
SQL: SHOW COLUMNS FROM `bk` [ RunTime:0.0079s ]
SQL: SELECT * FROM `bk` LIMIT 1   [ RunTime:0.0004s ]
ERR: 1064:You have an error in your SQL syntax; check the manual that corresponds to your MySQL server version for the right syntax to use near '"mudi ) LIMIT 1' at line 1
 [ SQL语句 ] : SELECT * FROM `bk` WHERE ( id=1 AND title="mudi ) LIMIT 1  
ERR: 1064:You have an error in your SQL syntax; check the manual that corresponds to your MySQL server version for the right syntax to use near '"mudi ) LIMIT 1' at line 1
 [ SQL语句 ] : SELECT * FROM `bk` WHERE ( id=1 AND title="mudi ) LIMIT 1  

[ 2018-09-17T19:54:28+08:00 ] 127.0.0.1 /index.php/Home/Bk/BK
INFO: [ app_init ] --START--
INFO: Run Behavior\BuildLiteBehavior [ RunTime:0.000042s ]
INFO: [ app_init ] --END-- [ RunTime:0.000555s ]
INFO: [ app_begin ] --START--
INFO: Run Behavior\ReadHtmlCacheBehavior [ RunTime:0.000678s ]
INFO: [ app_begin ] --END-- [ RunTime:0.000871s ]
SQL: SHOW COLUMNS FROM `bk` [ RunTime:0.0050s ]
SQL: SELECT * FROM `bk` LIMIT 1   [ RunTime:0.0003s ]
ERR: 1064:You have an error in your SQL syntax; check the manual that corresponds to your MySQL server version for the right syntax to use near '"mudi ) LIMIT 1' at line 1
 [ SQL语句 ] : SELECT * FROM `bk` WHERE ( id=1 AND title="mudi ) LIMIT 1  
ERR: 1064:You have an error in your SQL syntax; check the manual that corresponds to your MySQL server version for the right syntax to use near '"mudi ) LIMIT 1' at line 1
 [ SQL语句 ] : SELECT * FROM `bk` WHERE ( id=1 AND title="mudi ) LIMIT 1  

[ 2018-09-17T19:54:28+08:00 ] 127.0.0.1 /index.php/Home/Bk/BK
INFO: [ app_init ] --START--
INFO: Run Behavior\BuildLiteBehavior [ RunTime:0.000023s ]
INFO: [ app_init ] --END-- [ RunTime:0.000366s ]
INFO: [ app_begin ] --START--
INFO: Run Behavior\ReadHtmlCacheBehavior [ RunTime:0.000447s ]
INFO: [ app_begin ] --END-- [ RunTime:0.000550s ]
SQL: SHOW COLUMNS FROM `bk` [ RunTime:0.0024s ]
SQL: SELECT * FROM `bk` LIMIT 1   [ RunTime:0.0003s ]
ERR: 1064:You have an error in your SQL syntax; check the manual that corresponds to your MySQL server version for the right syntax to use near '"mudi ) LIMIT 1' at line 1
 [ SQL语句 ] : SELECT * FROM `bk` WHERE ( id=1 AND title="mudi ) LIMIT 1  
ERR: 1064:You have an error in your SQL syntax; check the manual that corresponds to your MySQL server version for the right syntax to use near '"mudi ) LIMIT 1' at line 1
 [ SQL语句 ] : SELECT * FROM `bk` WHERE ( id=1 AND title="mudi ) LIMIT 1  

[ 2018-09-17T19:54:29+08:00 ] 127.0.0.1 /index.php/Home/Bk/BK
INFO: [ app_init ] --START--
INFO: Run Behavior\BuildLiteBehavior [ RunTime:0.000045s ]
INFO: [ app_init ] --END-- [ RunTime:0.000532s ]
INFO: [ app_begin ] --START--
INFO: Run Behavior\ReadHtmlCacheBehavior [ RunTime:0.000693s ]
INFO: [ app_begin ] --END-- [ RunTime:0.000847s ]
SQL: SHOW COLUMNS FROM `bk` [ RunTime:0.0031s ]
SQL: SELECT * FROM `bk` LIMIT 1   [ RunTime:0.0002s ]
ERR: 1064:You have an error in your SQL syntax; check the manual that corresponds to your MySQL server version for the right syntax to use near '"mudi ) LIMIT 1' at line 1
 [ SQL语句 ] : SELECT * FROM `bk` WHERE ( id=1 AND title="mudi ) LIMIT 1  
ERR: 1064:You have an error in your SQL syntax; check the manual that corresponds to your MySQL server version for the right syntax to use near '"mudi ) LIMIT 1' at line 1
 [ SQL语句 ] : SELECT * FROM `bk` WHERE ( id=1 AND title="mudi ) LIMIT 1  

[ 2018-09-17T19:54:30+08:00 ] 127.0.0.1 /index.php/Home/Bk/BK
INFO: [ app_init ] --START--
INFO: Run Behavior\BuildLiteBehavior [ RunTime:0.000129s ]
INFO: [ app_init ] --END-- [ RunTime:0.001499s ]
INFO: [ app_begin ] --START--
INFO: Run Behavior\ReadHtmlCacheBehavior [ RunTime:0.000673s ]
INFO: [ app_begin ] --END-- [ RunTime:0.000812s ]
SQL: SHOW COLUMNS FROM `bk` [ RunTime:0.0025s ]
SQL: SELECT * FROM `bk` LIMIT 1   [ RunTime:0.0004s ]
ERR: 1064:You have an error in your SQL syntax; check the manual that corresponds to your MySQL server version for the right syntax to use near '"mudi ) LIMIT 1' at line 1
 [ SQL语句 ] : SELECT * FROM `bk` WHERE ( id=1 AND title="mudi ) LIMIT 1  
ERR: 1064:You have an error in your SQL syntax; check the manual that corresponds to your MySQL server version for the right syntax to use near '"mudi ) LIMIT 1' at line 1
 [ SQL语句 ] : SELECT * FROM `bk` WHERE ( id=1 AND title="mudi ) LIMIT 1  

[ 2018-09-17T19:54:30+08:00 ] 127.0.0.1 /index.php/Home/Bk/BK
INFO: [ app_init ] --START--
INFO: Run Behavior\BuildLiteBehavior [ RunTime:0.000025s ]
INFO: [ app_init ] --END-- [ RunTime:0.000376s ]
INFO: [ app_begin ] --START--
INFO: Run Behavior\ReadHtmlCacheBehavior [ RunTime:0.000439s ]
INFO: [ app_begin ] --END-- [ RunTime:0.000540s ]
SQL: SHOW COLUMNS FROM `bk` [ RunTime:0.0028s ]
SQL: SELECT * FROM `bk` LIMIT 1   [ RunTime:0.0018s ]
ERR: 1064:You have an error in your SQL syntax; check the manual that corresponds to your MySQL server version for the right syntax to use near '"mudi ) LIMIT 1' at line 1
 [ SQL语句 ] : SELECT * FROM `bk` WHERE ( id=1 AND title="mudi ) LIMIT 1  
ERR: 1064:You have an error in your SQL syntax; check the manual that corresponds to your MySQL server version for the right syntax to use near '"mudi ) LIMIT 1' at line 1
 [ SQL语句 ] : SELECT * FROM `bk` WHERE ( id=1 AND title="mudi ) LIMIT 1  

[ 2018-09-17T19:55:09+08:00 ] 127.0.0.1 /index.php/Home/Bk/BK
INFO: [ app_init ] --START--
INFO: Run Behavior\BuildLiteBehavior [ RunTime:0.000047s ]
INFO: [ app_init ] --END-- [ RunTime:0.000909s ]
INFO: [ app_begin ] --START--
INFO: Run Behavior\ReadHtmlCacheBehavior [ RunTime:0.000527s ]
INFO: [ app_begin ] --END-- [ RunTime:0.000652s ]
SQL: SHOW COLUMNS FROM `bk` [ RunTime:0.0022s ]
SQL: SELECT * FROM `bk` LIMIT 1   [ RunTime:0.0002s ]
SQL: SELECT * FROM `bk` WHERE ( id=1 AND title="mudi" ) LIMIT 1   [ RunTime:0.0374s ]
SQL: SELECT `author` FROM `bk` WHERE ( id=2 ) LIMIT 1   [ RunTime:0.0002s ]
INFO: [ app_end ] --START--
INFO: Run Behavior\ShowPageTraceBehavior [ RunTime:0.000858s ]
INFO: [ app_end ] --END-- [ RunTime:0.000968s ]

[ 2018-09-17T19:59:54+08:00 ] 127.0.0.1 /index.php/Home/Bk/BK
INFO: [ app_init ] --START--
INFO: Run Behavior\BuildLiteBehavior [ RunTime:0.000027s ]
INFO: [ app_init ] --END-- [ RunTime:0.000425s ]
INFO: [ app_begin ] --START--
INFO: Run Behavior\ReadHtmlCacheBehavior [ RunTime:0.000590s ]
INFO: [ app_begin ] --END-- [ RunTime:0.000703s ]
SQL: SHOW COLUMNS FROM `bk` [ RunTime:0.0609s ]
SQL: SELECT * FROM `bk` LIMIT 1   [ RunTime:0.0002s ]
SQL: SELECT * FROM `bk` WHERE ( id=1 AND title="mudi" ) LIMIT 1   [ RunTime:0.0002s ]
SQL: SELECT `author` FROM `bk` WHERE ( id=2 ) LIMIT 1   [ RunTime:0.0002s ]
SQL: SELECT `id` FROM `bk`  [ RunTime:0.0002s ]
INFO: [ app_end ] --START--
INFO: Run Behavior\ShowPageTraceBehavior [ RunTime:0.000834s ]
INFO: [ app_end ] --END-- [ RunTime:0.000945s ]

[ 2018-09-17T20:03:12+08:00 ] 127.0.0.1 /index.php/Home/Bk/BK
INFO: [ app_init ] --START--
INFO: Run Behavior\BuildLiteBehavior [ RunTime:0.000053s ]
INFO: [ app_init ] --END-- [ RunTime:0.000697s ]
INFO: [ app_begin ] --START--
INFO: Run Behavior\ReadHtmlCacheBehavior [ RunTime:0.000949s ]
INFO: [ app_begin ] --END-- [ RunTime:0.001143s ]
SQL: SHOW COLUMNS FROM `bk` [ RunTime:0.0020s ]
SQL: SELECT * FROM `bk` LIMIT 1   [ RunTime:0.0002s ]
SQL: SELECT * FROM `bk` WHERE ( id=1 AND title="mudi" ) LIMIT 1   [ RunTime:0.0002s ]
SQL: SELECT `author` FROM `bk` WHERE ( id=2 ) LIMIT 1   [ RunTime:0.0001s ]
SQL: SELECT `id` FROM `bk`  [ RunTime:0.0002s ]
SQL: SELECT `id`,`author` FROM `bk`  [ RunTime:0.0383s ]
INFO: [ app_end ] --START--
INFO: Run Behavior\ShowPageTraceBehavior [ RunTime:0.000735s ]
INFO: [ app_end ] --END-- [ RunTime:0.000851s ]

[ 2018-09-17T20:04:55+08:00 ] 127.0.0.1 /index.php/Home/Bk/BK
INFO: [ app_init ] --START--
INFO: Run Behavior\BuildLiteBehavior [ RunTime:0.000027s ]
INFO: [ app_init ] --END-- [ RunTime:0.000441s ]
INFO: [ app_begin ] --START--
INFO: Run Behavior\ReadHtmlCacheBehavior [ RunTime:0.000623s ]
INFO: [ app_begin ] --END-- [ RunTime:0.000749s ]
SQL: SHOW COLUMNS FROM `bk` [ RunTime:0.0023s ]
SQL: SELECT * FROM `bk` LIMIT 1   [ RunTime:0.0002s ]
SQL: SELECT * FROM `bk` WHERE ( id=1 AND title="mudi" ) LIMIT 1   [ RunTime:0.0002s ]
SQL: SELECT `author` FROM `bk` WHERE ( id=2 ) LIMIT 1   [ RunTime:0.0001s ]
SQL: SELECT `id` FROM `bk`  [ RunTime:0.0001s ]
SQL: SELECT `id`,`author` FROM `bk`  [ RunTime:0.0001s ]
SQL: SELECT `id`,`title`,`author` FROM `bk`  [ RunTime:0.0001s ]
INFO: [ app_end ] --START--
INFO: Run Behavior\ShowPageTraceBehavior [ RunTime:0.000598s ]
INFO: [ app_end ] --END-- [ RunTime:0.000711s ]

[ 2018-09-17T20:08:39+08:00 ] 127.0.0.1 /index.php/Home/Bk/BK
INFO: [ app_init ] --START--
INFO: Run Behavior\BuildLiteBehavior [ RunTime:0.000026s ]
INFO: [ app_init ] --END-- [ RunTime:0.000686s ]
INFO: [ app_begin ] --START--
INFO: Run Behavior\ReadHtmlCacheBehavior [ RunTime:0.000774s ]
INFO: [ app_begin ] --END-- [ RunTime:0.001217s ]
SQL: SHOW COLUMNS FROM `bk` [ RunTime:0.0027s ]
SQL: SELECT * FROM `bk` LIMIT 1   [ RunTime:0.0002s ]
SQL: SELECT * FROM `bk` WHERE ( id=1 AND title="mudi" ) LIMIT 1   [ RunTime:0.0002s ]
SQL: SELECT `author` FROM `bk` WHERE ( id=2 ) LIMIT 1   [ RunTime:0.0001s ]
SQL: SELECT `id` FROM `bk`  [ RunTime:0.0001s ]
SQL: SELECT `id`,`author` FROM `bk`  [ RunTime:0.0002s ]
SQL: SELECT `id`,`title`,`author` FROM `bk`  [ RunTime:0.0001s ]
INFO: [ app_end ] --START--
INFO: Run Behavior\ShowPageTraceBehavior [ RunTime:0.000690s ]
INFO: [ app_end ] --END-- [ RunTime:0.000795s ]

[ 2018-09-17T20:09:46+08:00 ] 127.0.0.1 /index.php/Home/Bk/BK
INFO: [ app_init ] --START--
INFO: Run Behavior\BuildLiteBehavior [ RunTime:0.000028s ]
INFO: [ app_init ] --END-- [ RunTime:0.000511s ]
INFO: [ app_begin ] --START--
INFO: Run Behavior\ReadHtmlCacheBehavior [ RunTime:0.000527s ]
INFO: [ app_begin ] --END-- [ RunTime:0.000642s ]
SQL: SHOW COLUMNS FROM `bk` [ RunTime:0.0021s ]
SQL: SELECT * FROM `bk` LIMIT 1   [ RunTime:0.0002s ]
SQL: SELECT * FROM `bk` WHERE ( id=1 AND title="mudi" ) LIMIT 1   [ RunTime:0.0002s ]
SQL: SELECT `author` FROM `bk` WHERE ( id=2 ) LIMIT 1   [ RunTime:0.0001s ]
SQL: SELECT `id` FROM `bk`  [ RunTime:0.0001s ]
SQL: SELECT `id`,`author` FROM `bk`  [ RunTime:0.0001s ]
SQL: SELECT `id`,`title`,`author` FROM `bk`  [ RunTime:0.0001s ]
INFO: [ app_end ] --START--
INFO: Run Behavior\ShowPageTraceBehavior [ RunTime:0.000598s ]
INFO: [ app_end ] --END-- [ RunTime:0.000702s ]

[ 2018-09-17T20:10:12+08:00 ] 127.0.0.1 /index.php/Home/Bk/BK
INFO: [ app_init ] --START--
INFO: Run Behavior\BuildLiteBehavior [ RunTime:0.000025s ]
INFO: [ app_init ] --END-- [ RunTime:0.000435s ]
INFO: [ app_begin ] --START--
INFO: Run Behavior\ReadHtmlCacheBehavior [ RunTime:0.000562s ]
INFO: [ app_begin ] --END-- [ RunTime:0.000686s ]
SQL: SHOW COLUMNS FROM `bk` [ RunTime:0.0090s ]
SQL: SELECT * FROM `bk` LIMIT 1   [ RunTime:0.0005s ]
SQL: SELECT * FROM `bk` WHERE ( id=1 AND title="mudi" ) LIMIT 1   [ RunTime:0.0002s ]
SQL: SELECT `author` FROM `bk` WHERE ( id=2 ) LIMIT 1   [ RunTime:0.0002s ]
SQL: SELECT `id` FROM `bk`  [ RunTime:0.0002s ]
SQL: SELECT `id`,`author` FROM `bk`  [ RunTime:0.0002s ]
SQL: SELECT `id`,`title`,`author` FROM `bk`  [ RunTime:0.0002s ]
INFO: [ app_end ] --START--
INFO: Run Behavior\ShowPageTraceBehavior [ RunTime:0.000759s ]
INFO: [ app_end ] --END-- [ RunTime:0.000860s ]

[ 2018-09-17T20:10:26+08:00 ] 127.0.0.1 /index.php/Home/Bk/BK
INFO: [ app_init ] --START--
INFO: Run Behavior\BuildLiteBehavior [ RunTime:0.000043s ]
INFO: [ app_init ] --END-- [ RunTime:0.000516s ]
INFO: [ app_begin ] --START--
INFO: Run Behavior\ReadHtmlCacheBehavior [ RunTime:0.000671s ]
INFO: [ app_begin ] --END-- [ RunTime:0.000803s ]
SQL: SHOW COLUMNS FROM `bk` [ RunTime:0.0029s ]
SQL: SELECT * FROM `bk` LIMIT 1   [ RunTime:0.0023s ]
SQL: SELECT * FROM `bk` WHERE ( id=1 AND title="mudi" ) LIMIT 1   [ RunTime:0.0007s ]
SQL: SELECT `author` FROM `bk` WHERE ( id=2 ) LIMIT 1   [ RunTime:0.0002s ]
SQL: SELECT `id` FROM `bk`  [ RunTime:0.0002s ]
SQL: SELECT `id`,`author` FROM `bk`  [ RunTime:0.0002s ]
SQL: SELECT `id`,`title`,`author` FROM `bk`  [ RunTime:0.0002s ]
INFO: [ app_end ] --START--
INFO: Run Behavior\ShowPageTraceBehavior [ RunTime:0.000771s ]
INFO: [ app_end ] --END-- [ RunTime:0.000871s ]

[ 2018-09-17T20:14:03+08:00 ] 127.0.0.1 /index.php/Home/Bk/BK
INFO: [ app_init ] --START--
INFO: Run Behavior\BuildLiteBehavior [ RunTime:0.000026s ]
INFO: [ app_init ] --END-- [ RunTime:0.000460s ]
INFO: [ app_begin ] --START--
INFO: Run Behavior\ReadHtmlCacheBehavior [ RunTime:0.001173s ]
INFO: [ app_begin ] --END-- [ RunTime:0.001472s ]
SQL: SHOW COLUMNS FROM `bk` [ RunTime:0.0022s ]
SQL: SELECT * FROM `bk` LIMIT 1   [ RunTime:0.0002s ]
SQL: SELECT * FROM `bk` WHERE ( id=1 AND title="mudi" ) LIMIT 1   [ RunTime:0.0002s ]
SQL: SELECT `author` FROM `bk` WHERE ( id=2 ) LIMIT 1   [ RunTime:0.0001s ]
SQL: SELECT `id` FROM `bk`  [ RunTime:0.0001s ]
SQL: SELECT `id`,`author` FROM `bk`  [ RunTime:0.0001s ]
SQL: SELECT `id`,`author` FROM `bk` LIMIT 3   [ RunTime:0.0001s ]
SQL: SELECT `id`,`title`,`author` FROM `bk`  [ RunTime:0.0002s ]
INFO: [ app_end ] --START--
INFO: Run Behavior\ShowPageTraceBehavior [ RunTime:0.000693s ]
INFO: [ app_end ] --END-- [ RunTime:0.000804s ]

[ 2018-09-17T20:19:14+08:00 ] 127.0.0.1 /index.php/Home/Bk/BK
INFO: [ app_init ] --START--
INFO: Run Behavior\BuildLiteBehavior [ RunTime:0.000045s ]
INFO: [ app_init ] --END-- [ RunTime:0.000554s ]
INFO: [ app_begin ] --START--
INFO: Run Behavior\ReadHtmlCacheBehavior [ RunTime:0.000823s ]
INFO: [ app_begin ] --END-- [ RunTime:0.001024s ]
SQL: SHOW COLUMNS FROM `bk` [ RunTime:0.0022s ]
SQL: SELECT * FROM `bk` LIMIT 1   [ RunTime:0.0002s ]
SQL: SELECT * FROM `bk` WHERE ( id=1 AND title="mudi" ) LIMIT 1   [ RunTime:0.0002s ]
SQL: SELECT `author` FROM `bk` WHERE ( id=2 ) LIMIT 1   [ RunTime:0.0001s ]
SQL: SELECT `id` FROM `bk`  [ RunTime:0.0002s ]
SQL: SELECT `id`,`author` FROM `bk`  [ RunTime:0.0002s ]
SQL: SELECT `id`,`author` FROM `bk` LIMIT 3   [ RunTime:0.0001s ]
SQL: SELECT `id`,`title`,`author` FROM `bk`  [ RunTime:0.0002s ]
ERR: 1062:Duplicate entry '1' for key 'PRIMARY'
 [ SQL语句 ] : UPDATE `bk` SET `id`='1',`title`='mm',`author`='Think' WHERE ( id=5 )
ERR: 1062:Duplicate entry '1' for key 'PRIMARY'
 [ SQL语句 ] : UPDATE `bk` SET `id`='1',`title`='mm',`author`='Think' WHERE ( id=5 )

[ 2018-09-17T20:22:08+08:00 ] 127.0.0.1 /index.php/Home/Bk/BK
INFO: [ app_init ] --START--
INFO: Run Behavior\BuildLiteBehavior [ RunTime:0.000109s ]
INFO: [ app_init ] --END-- [ RunTime:0.001306s ]
INFO: [ app_begin ] --START--
INFO: Run Behavior\ReadHtmlCacheBehavior [ RunTime:0.002003s ]
INFO: [ app_begin ] --END-- [ RunTime:0.002323s ]
SQL: SHOW COLUMNS FROM `bk` [ RunTime:0.0020s ]
SQL: SELECT * FROM `bk` LIMIT 1   [ RunTime:0.0002s ]
SQL: SELECT * FROM `bk` WHERE ( id=1 AND title="mudi" ) LIMIT 1   [ RunTime:0.0002s ]
SQL: SELECT `author` FROM `bk` WHERE ( id=2 ) LIMIT 1   [ RunTime:0.0001s ]
SQL: SELECT `id` FROM `bk`  [ RunTime:0.0001s ]
SQL: SELECT `id`,`author` FROM `bk`  [ RunTime:0.0001s ]
SQL: SELECT `id`,`author` FROM `bk` LIMIT 3   [ RunTime:0.0001s ]
SQL: SELECT `id`,`title`,`author` FROM `bk`  [ RunTime:0.0001s ]
ERR: 1062:Duplicate entry '1' for key 'PRIMARY'
 [ SQL语句 ] : UPDATE `bk` SET `id`='1',`title`='mm',`author`='Think' WHERE ( id=5 )
ERR: 1062:Duplicate entry '1' for key 'PRIMARY'
 [ SQL语句 ] : UPDATE `bk` SET `id`='1',`title`='mm',`author`='Think' WHERE ( id=5 )

[ 2018-09-17T20:22:11+08:00 ] 127.0.0.1 /index.php/Home/Bk/BK
INFO: [ app_init ] --START--
INFO: Run Behavior\BuildLiteBehavior [ RunTime:0.000026s ]
INFO: [ app_init ] --END-- [ RunTime:0.000496s ]
INFO: [ app_begin ] --START--
INFO: Run Behavior\ReadHtmlCacheBehavior [ RunTime:0.000807s ]
INFO: [ app_begin ] --END-- [ RunTime:0.000972s ]
SQL: SHOW COLUMNS FROM `bk` [ RunTime:0.0019s ]
SQL: SELECT * FROM `bk` LIMIT 1   [ RunTime:0.0002s ]
SQL: SELECT * FROM `bk` WHERE ( id=1 AND title="mudi" ) LIMIT 1   [ RunTime:0.0002s ]
SQL: SELECT `author` FROM `bk` WHERE ( id=2 ) LIMIT 1   [ RunTime:0.0002s ]
SQL: SELECT `id` FROM `bk`  [ RunTime:0.0002s ]
SQL: SELECT `id`,`author` FROM `bk`  [ RunTime:0.0002s ]
SQL: SELECT `id`,`author` FROM `bk` LIMIT 3   [ RunTime:0.0001s ]
SQL: SELECT `id`,`title`,`author` FROM `bk`  [ RunTime:0.0002s ]
ERR: 1062:Duplicate entry '1' for key 'PRIMARY'
 [ SQL语句 ] : UPDATE `bk` SET `id`='1',`title`='mm',`author`='Think' WHERE ( id=5 )
ERR: 1062:Duplicate entry '1' for key 'PRIMARY'
 [ SQL语句 ] : UPDATE `bk` SET `id`='1',`title`='mm',`author`='Think' WHERE ( id=5 )

[ 2018-09-17T20:22:13+08:00 ] 127.0.0.1 /index.php/Home/Bk/BK
INFO: [ app_init ] --START--
INFO: Run Behavior\BuildLiteBehavior [ RunTime:0.000043s ]
INFO: [ app_init ] --END-- [ RunTime:0.000726s ]
INFO: [ app_begin ] --START--
INFO: Run Behavior\ReadHtmlCacheBehavior [ RunTime:0.000717s ]
INFO: [ app_begin ] --END-- [ RunTime:0.000896s ]
SQL: SHOW COLUMNS FROM `bk` [ RunTime:0.0023s ]
SQL: SELECT * FROM `bk` LIMIT 1   [ RunTime:0.0002s ]
SQL: SELECT * FROM `bk` WHERE ( id=1 AND title="mudi" ) LIMIT 1   [ RunTime:0.0002s ]
SQL: SELECT `author` FROM `bk` WHERE ( id=2 ) LIMIT 1   [ RunTime:0.0001s ]
SQL: SELECT `id` FROM `bk`  [ RunTime:0.0001s ]
SQL: SELECT `id`,`author` FROM `bk`  [ RunTime:0.0001s ]
SQL: SELECT `id`,`author` FROM `bk` LIMIT 3   [ RunTime:0.0001s ]
SQL: SELECT `id`,`title`,`author` FROM `bk`  [ RunTime:0.0002s ]
ERR: 1062:Duplicate entry '1' for key 'PRIMARY'
 [ SQL语句 ] : UPDATE `bk` SET `id`='1',`title`='mm',`author`='Think' WHERE ( id=5 )
ERR: 1062:Duplicate entry '1' for key 'PRIMARY'
 [ SQL语句 ] : UPDATE `bk` SET `id`='1',`title`='mm',`author`='Think' WHERE ( id=5 )

[ 2018-09-17T20:25:15+08:00 ] 127.0.0.1 /index.php/Home/Bk/BK
INFO: [ app_init ] --START--
INFO: Run Behavior\BuildLiteBehavior [ RunTime:0.000027s ]
INFO: [ app_init ] --END-- [ RunTime:0.000645s ]
INFO: [ app_begin ] --START--
INFO: Run Behavior\ReadHtmlCacheBehavior [ RunTime:0.000748s ]
INFO: [ app_begin ] --END-- [ RunTime:0.000882s ]
SQL: SHOW COLUMNS FROM `bk` [ RunTime:0.0021s ]
SQL: SELECT * FROM `bk` LIMIT 1   [ RunTime:0.0002s ]
SQL: SELECT * FROM `bk` WHERE ( id=1 AND title="mudi" ) LIMIT 1   [ RunTime:0.0003s ]
SQL: SELECT `author` FROM `bk` WHERE ( id=2 ) LIMIT 1   [ RunTime:0.0002s ]
SQL: SELECT `id` FROM `bk`  [ RunTime:0.0002s ]
SQL: SELECT `id`,`author` FROM `bk`  [ RunTime:0.0002s ]
SQL: SELECT `id`,`author` FROM `bk` LIMIT 3   [ RunTime:0.0001s ]
SQL: SELECT `id`,`title`,`author` FROM `bk`  [ RunTime:0.0002s ]

[ 2018-09-17T20:26:58+08:00 ] 127.0.0.1 /index.php/Home/Bk/BK
INFO: [ app_init ] --START--
INFO: Run Behavior\BuildLiteBehavior [ RunTime:0.000031s ]
INFO: [ app_init ] --END-- [ RunTime:0.000463s ]
INFO: [ app_begin ] --START--
INFO: Run Behavior\ReadHtmlCacheBehavior [ RunTime:0.000516s ]
INFO: [ app_begin ] --END-- [ RunTime:0.000635s ]
SQL: SHOW COLUMNS FROM `bk` [ RunTime:0.0020s ]
SQL: SELECT * FROM `bk` LIMIT 1   [ RunTime:0.0002s ]
SQL: SELECT * FROM `bk` WHERE ( id=1 AND title="mudi" ) LIMIT 1   [ RunTime:0.0002s ]
SQL: SELECT `author` FROM `bk` WHERE ( id=2 ) LIMIT 1   [ RunTime:0.0001s ]
SQL: SELECT `id` FROM `bk`  [ RunTime:0.0001s ]
SQL: SELECT `id`,`author` FROM `bk`  [ RunTime:0.0001s ]
SQL: SELECT `id`,`author` FROM `bk` LIMIT 3   [ RunTime:0.0001s ]
SQL: SELECT `id`,`title`,`author` FROM `bk`  [ RunTime:0.0011s ]
ERR: 1062:Duplicate entry '1' for key 'PRIMARY'
 [ SQL语句 ] : UPDATE `bk` SET `id`='1',`title`='mm',`author`='Think' WHERE ( id=5 )
ERR: 1062:Duplicate entry '1' for key 'PRIMARY'
 [ SQL语句 ] : UPDATE `bk` SET `id`='1',`title`='mm',`author`='Think' WHERE ( id=5 )

[ 2018-09-17T20:40:59+08:00 ] 127.0.0.1 /index.php/Home/Bk/BK
INFO: [ app_init ] --START--
INFO: Run Behavior\BuildLiteBehavior [ RunTime:0.000040s ]
INFO: [ app_init ] --END-- [ RunTime:0.000668s ]
INFO: [ app_begin ] --START--
INFO: Run Behavior\ReadHtmlCacheBehavior [ RunTime:0.003910s ]
INFO: [ app_begin ] --END-- [ RunTime:0.004746s ]
SQL: SHOW COLUMNS FROM `bk` [ RunTime:0.0041s ]
SQL: SELECT * FROM `bk` LIMIT 1   [ RunTime:0.0002s ]
SQL: SELECT * FROM `bk` WHERE ( id=1 AND title="mudi" ) LIMIT 1   [ RunTime:0.0002s ]
SQL: SELECT `author` FROM `bk` WHERE ( id=2 ) LIMIT 1   [ RunTime:0.0001s ]
SQL: SELECT `id` FROM `bk`  [ RunTime:0.0001s ]
SQL: SELECT `id`,`author` FROM `bk`  [ RunTime:0.0001s ]
SQL: SELECT `id`,`author` FROM `bk` LIMIT 3   [ RunTime:0.0001s ]
SQL: SELECT `id`,`title`,`author` FROM `bk`  [ RunTime:0.0001s ]
ERR: 1062:Duplicate entry '1' for key 'PRIMARY'
 [ SQL语句 ] : UPDATE `bk` SET `id`='1',`title`='mm',`author`='Think' WHERE ( id=5 )
ERR: 1062:Duplicate entry '1' for key 'PRIMARY'
 [ SQL语句 ] : UPDATE `bk` SET `id`='1',`title`='mm',`author`='Think' WHERE ( id=5 )

[ 2018-09-17T20:41:03+08:00 ] 127.0.0.1 /index.php/Home/Bk/BK
INFO: [ app_init ] --START--
INFO: Run Behavior\BuildLiteBehavior [ RunTime:0.000047s ]
INFO: [ app_init ] --END-- [ RunTime:0.000901s ]
INFO: [ app_begin ] --START--
INFO: Run Behavior\ReadHtmlCacheBehavior [ RunTime:0.000702s ]
INFO: [ app_begin ] --END-- [ RunTime:0.000896s ]
SQL: SHOW COLUMNS FROM `bk` [ RunTime:0.0027s ]
SQL: SELECT * FROM `bk` LIMIT 1   [ RunTime:0.0002s ]
SQL: SELECT * FROM `bk` WHERE ( id=1 AND title="mudi" ) LIMIT 1   [ RunTime:0.0002s ]
SQL: SELECT `author` FROM `bk` WHERE ( id=2 ) LIMIT 1   [ RunTime:0.0001s ]
SQL: SELECT `id` FROM `bk`  [ RunTime:0.0002s ]
SQL: SELECT `id`,`author` FROM `bk`  [ RunTime:0.0002s ]
SQL: SELECT `id`,`author` FROM `bk` LIMIT 3   [ RunTime:0.0001s ]
SQL: SELECT `id`,`title`,`author` FROM `bk`  [ RunTime:0.0002s ]
ERR: 1062:Duplicate entry '1' for key 'PRIMARY'
 [ SQL语句 ] : UPDATE `bk` SET `id`='1',`title`='mm',`author`='Think' WHERE ( id=5 )
ERR: 1062:Duplicate entry '1' for key 'PRIMARY'
 [ SQL语句 ] : UPDATE `bk` SET `id`='1',`title`='mm',`author`='Think' WHERE ( id=5 )

[ 2018-09-17T20:41:20+08:00 ] 127.0.0.1 /index.php/Home/Bk/BK
INFO: [ app_init ] --START--
INFO: Run Behavior\BuildLiteBehavior [ RunTime:0.000100s ]
INFO: [ app_init ] --END-- [ RunTime:0.002586s ]
INFO: [ app_begin ] --START--
INFO: Run Behavior\ReadHtmlCacheBehavior [ RunTime:0.001221s ]
INFO: [ app_begin ] --END-- [ RunTime:0.001479s ]
SQL: SHOW COLUMNS FROM `bk` [ RunTime:0.0052s ]
SQL: SELECT * FROM `bk` LIMIT 1   [ RunTime:0.0002s ]
SQL: SELECT * FROM `bk` WHERE ( id=1 AND title="mudi" ) LIMIT 1   [ RunTime:0.0002s ]
SQL: SELECT `author` FROM `bk` WHERE ( id=2 ) LIMIT 1   [ RunTime:0.0001s ]
SQL: SELECT `id` FROM `bk`  [ RunTime:0.0002s ]
SQL: SELECT `id`,`author` FROM `bk`  [ RunTime:0.0002s ]
SQL: SELECT `id`,`author` FROM `bk` LIMIT 3   [ RunTime:0.0001s ]
SQL: SELECT `id`,`title`,`author` FROM `bk`  [ RunTime:0.0001s ]
INFO: [ app_end ] --START--
INFO: Run Behavior\ShowPageTraceBehavior [ RunTime:0.000715s ]
INFO: [ app_end ] --END-- [ RunTime:0.000826s ]

[ 2018-09-17T20:41:38+08:00 ] 127.0.0.1 /index.php/Home/Bk/BK
INFO: [ app_init ] --START--
INFO: Run Behavior\BuildLiteBehavior [ RunTime:0.000229s ]
INFO: [ app_init ] --END-- [ RunTime:0.002139s ]
INFO: [ app_begin ] --START--
INFO: Run Behavior\ReadHtmlCacheBehavior [ RunTime:0.001215s ]
INFO: [ app_begin ] --END-- [ RunTime:0.001504s ]
SQL: SHOW COLUMNS FROM `bk` [ RunTime:0.0025s ]
SQL: SELECT * FROM `bk` LIMIT 1   [ RunTime:0.0002s ]
SQL: SELECT * FROM `bk` WHERE ( id=1 AND title="mudi" ) LIMIT 1   [ RunTime:0.0002s ]
SQL: SELECT `author` FROM `bk` WHERE ( id=2 ) LIMIT 1   [ RunTime:0.0002s ]
SQL: SELECT `id` FROM `bk`  [ RunTime:0.0002s ]
SQL: SELECT `id`,`author` FROM `bk`  [ RunTime:0.0002s ]
SQL: SELECT `id`,`author` FROM `bk` LIMIT 3   [ RunTime:0.0001s ]
SQL: SELECT `id`,`title`,`author` FROM `bk`  [ RunTime:0.0002s ]
ERR: 1062:Duplicate entry '1' for key 'PRIMARY'
 [ SQL语句 ] : UPDATE `bk` SET `id`='1',`title`='mm',`author`='Think' WHERE ( id=5 )
ERR: 1062:Duplicate entry '1' for key 'PRIMARY'
 [ SQL语句 ] : UPDATE `bk` SET `id`='1',`title`='mm',`author`='Think' WHERE ( id=5 )

[ 2018-09-17T20:43:15+08:00 ] 127.0.0.1 /index.php/Home/Bk/BK
INFO: [ app_init ] --START--
INFO: Run Behavior\BuildLiteBehavior [ RunTime:0.000028s ]
INFO: [ app_init ] --END-- [ RunTime:0.000483s ]
INFO: [ app_begin ] --START--
INFO: Run Behavior\ReadHtmlCacheBehavior [ RunTime:0.000587s ]
INFO: [ app_begin ] --END-- [ RunTime:0.000708s ]
SQL: SHOW COLUMNS FROM `bk` [ RunTime:0.0020s ]
SQL: SELECT * FROM `bk` LIMIT 1   [ RunTime:0.0002s ]
SQL: SELECT * FROM `bk` WHERE ( id=1 AND title="mudi" ) LIMIT 1   [ RunTime:0.0002s ]
SQL: SELECT `author` FROM `bk` WHERE ( id=2 ) LIMIT 1   [ RunTime:0.0001s ]
SQL: SELECT `id` FROM `bk`  [ RunTime:0.0001s ]
SQL: SELECT `id`,`author` FROM `bk`  [ RunTime:0.0001s ]
SQL: SELECT `id`,`author` FROM `bk` LIMIT 3   [ RunTime:0.0001s ]
SQL: SELECT `id`,`title`,`author` FROM `bk`  [ RunTime:0.0001s ]
INFO: [ app_end ] --START--
INFO: Run Behavior\ShowPageTraceBehavior [ RunTime:0.001283s ]
INFO: [ app_end ] --END-- [ RunTime:0.001720s ]

[ 2018-09-17T20:51:45+08:00 ] 127.0.0.1 /index.php/Home/Author/book
INFO: [ app_init ] --START--
INFO: Run Behavior\BuildLiteBehavior [ RunTime:0.000025s ]
INFO: [ app_init ] --END-- [ RunTime:0.000414s ]
INFO: [ app_begin ] --START--
INFO: Run Behavior\ReadHtmlCacheBehavior [ RunTime:0.000580s ]
INFO: [ app_begin ] --END-- [ RunTime:0.000694s ]
ERR: 1146:Table 'shuliang.author' doesn't exist
 [ SQL语句 ] : SHOW COLUMNS FROM `author`
ERR: 1146:Table 'shuliang.author' doesn't exist
 [ SQL语句 ] : SHOW COLUMNS FROM `author`

[ 2018-09-17T20:51:54+08:00 ] 127.0.0.1 /index.php/Home/Author/book
INFO: [ app_init ] --START--
INFO: Run Behavior\BuildLiteBehavior [ RunTime:0.000025s ]
INFO: [ app_init ] --END-- [ RunTime:0.000421s ]
INFO: [ app_begin ] --START--
INFO: Run Behavior\ReadHtmlCacheBehavior [ RunTime:0.000495s ]
INFO: [ app_begin ] --END-- [ RunTime:0.000606s ]
ERR: 1146:Table 'shuliang.author' doesn't exist
 [ SQL语句 ] : SHOW COLUMNS FROM `author`
ERR: 1146:Table 'shuliang.author' doesn't exist
 [ SQL语句 ] : SHOW COLUMNS FROM `author`

[ 2018-09-17T20:52:00+08:00 ] 127.0.0.1 /index.php/Home/Bk/BK
INFO: [ app_init ] --START--
INFO: Run Behavior\BuildLiteBehavior [ RunTime:0.000025s ]
INFO: [ app_init ] --END-- [ RunTime:0.000470s ]
INFO: [ app_begin ] --START--
INFO: Run Behavior\ReadHtmlCacheBehavior [ RunTime:0.000621s ]
INFO: [ app_begin ] --END-- [ RunTime:0.000750s ]
SQL: SHOW COLUMNS FROM `bk` [ RunTime:0.0085s ]
SQL: SELECT * FROM `bk` LIMIT 1   [ RunTime:0.0003s ]
SQL: SELECT * FROM `bk` WHERE ( id=1 AND title="mudi" ) LIMIT 1   [ RunTime:0.0002s ]
SQL: SELECT `author` FROM `bk` WHERE ( id=2 ) LIMIT 1   [ RunTime:0.0002s ]
SQL: SELECT `id` FROM `bk`  [ RunTime:0.0001s ]
SQL: SELECT `id`,`author` FROM `bk`  [ RunTime:0.0001s ]
SQL: SELECT `id`,`author` FROM `bk` LIMIT 3   [ RunTime:0.0001s ]
SQL: SELECT `id`,`title`,`author` FROM `bk`  [ RunTime:0.0002s ]
INFO: [ app_end ] --START--
INFO: Run Behavior\ShowPageTraceBehavior [ RunTime:0.000700s ]
INFO: [ app_end ] --END-- [ RunTime:0.000804s ]

[ 2018-09-17T20:52:02+08:00 ] 127.0.0.1 /index.php/Home/Bk/BK
INFO: [ app_init ] --START--
INFO: Run Behavior\BuildLiteBehavior [ RunTime:0.000028s ]
INFO: [ app_init ] --END-- [ RunTime:0.000638s ]
INFO: [ app_begin ] --START--
INFO: Run Behavior\ReadHtmlCacheBehavior [ RunTime:0.000545s ]
INFO: [ app_begin ] --END-- [ RunTime:0.000702s ]
SQL: SHOW COLUMNS FROM `bk` [ RunTime:0.0052s ]
SQL: SELECT * FROM `bk` LIMIT 1   [ RunTime:0.0019s ]
SQL: SELECT * FROM `bk` WHERE ( id=1 AND title="mudi" ) LIMIT 1   [ RunTime:0.0003s ]
SQL: SELECT `author` FROM `bk` WHERE ( id=2 ) LIMIT 1   [ RunTime:0.0002s ]
SQL: SELECT `id` FROM `bk`  [ RunTime:0.0002s ]
SQL: SELECT `id`,`author` FROM `bk`  [ RunTime:0.0002s ]
SQL: SELECT `id`,`author` FROM `bk` LIMIT 3   [ RunTime:0.0002s ]
SQL: SELECT `id`,`title`,`author` FROM `bk`  [ RunTime:0.0002s ]
INFO: [ app_end ] --START--
INFO: Run Behavior\ShowPageTraceBehavior [ RunTime:0.000844s ]
INFO: [ app_end ] --END-- [ RunTime:0.000977s ]

[ 2018-09-17T20:53:01+08:00 ] 127.0.0.1 /index.php/Home/Bk/BK
INFO: [ app_init ] --START--
INFO: Run Behavior\BuildLiteBehavior [ RunTime:0.000046s ]
INFO: [ app_init ] --END-- [ RunTime:0.000936s ]
INFO: [ app_begin ] --START--
INFO: Run Behavior\ReadHtmlCacheBehavior [ RunTime:0.000660s ]
INFO: [ app_begin ] --END-- [ RunTime:0.000798s ]
SQL: SHOW COLUMNS FROM `bk` [ RunTime:0.0020s ]
SQL: SELECT * FROM `bk` LIMIT 1   [ RunTime:0.0002s ]
SQL: SELECT * FROM `bk` WHERE ( id=1 AND title="mudi" ) LIMIT 1   [ RunTime:0.0002s ]
SQL: SELECT `author` FROM `bk` WHERE ( id=2 ) LIMIT 1   [ RunTime:0.0002s ]
SQL: SELECT `id` FROM `bk`  [ RunTime:0.0002s ]
SQL: SELECT `id`,`author` FROM `bk`  [ RunTime:0.0002s ]
SQL: SELECT `id`,`author` FROM `bk` LIMIT 3   [ RunTime:0.0001s ]
SQL: SELECT `id`,`title`,`author` FROM `bk`  [ RunTime:0.0001s ]
INFO: [ app_end ] --START--
INFO: Run Behavior\ShowPageTraceBehavior [ RunTime:0.000677s ]
INFO: [ app_end ] --END-- [ RunTime:0.000816s ]

[ 2018-09-17T20:53:10+08:00 ] 127.0.0.1 /index.php/Home/Bk/BK
INFO: [ app_init ] --START--
INFO: Run Behavior\BuildLiteBehavior [ RunTime:0.000045s ]
INFO: [ app_init ] --END-- [ RunTime:0.000742s ]
INFO: [ app_begin ] --START--
INFO: Run Behavior\ReadHtmlCacheBehavior [ RunTime:0.000775s ]
INFO: [ app_begin ] --END-- [ RunTime:0.000944s ]
ERR: 1146:Table 'xiaoshuo.bk' doesn't exist
 [ SQL语句 ] : SHOW COLUMNS FROM `bk`
ERR: 1146:Table 'xiaoshuo.bk' doesn't exist
 [ SQL语句 ] : SHOW COLUMNS FROM `bk`

[ 2018-09-17T20:53:13+08:00 ] 127.0.0.1 /index.php/Home/Author/book
INFO: [ app_init ] --START--
INFO: Run Behavior\BuildLiteBehavior [ RunTime:0.000024s ]
INFO: [ app_init ] --END-- [ RunTime:0.000395s ]
INFO: [ app_begin ] --START--
INFO: Run Behavior\ReadHtmlCacheBehavior [ RunTime:0.000486s ]
INFO: [ app_begin ] --END-- [ RunTime:0.000596s ]
SQL: SHOW COLUMNS FROM `author` [ RunTime:0.0020s ]
SQL: SELECT * FROM `author` WHERE ( sex="1" ) LIMIT 1   [ RunTime:0.0003s ]
INFO: [ app_end ] --START--
INFO: Run Behavior\ShowPageTraceBehavior [ RunTime:0.000714s ]
INFO: [ app_end ] --END-- [ RunTime:0.000824s ]

[ 2018-09-17T20:53:24+08:00 ] 127.0.0.1 /index.php/Home/Author/book
INFO: [ app_init ] --START--
INFO: Run Behavior\BuildLiteBehavior [ RunTime:0.000025s ]
INFO: [ app_init ] --END-- [ RunTime:0.000559s ]
INFO: [ app_begin ] --START--
INFO: Run Behavior\ReadHtmlCacheBehavior [ RunTime:0.000651s ]
INFO: [ app_begin ] --END-- [ RunTime:0.000782s ]
ERR: 1146:Table 'shuliang.author' doesn't exist
 [ SQL语句 ] : SHOW COLUMNS FROM `author`
ERR: 1146:Table 'shuliang.author' doesn't exist
 [ SQL语句 ] : SHOW COLUMNS FROM `author`

[ 2018-09-17T20:53:26+08:00 ] 127.0.0.1 /index.php/Home/Bk/BK
INFO: [ app_init ] --START--
INFO: Run Behavior\BuildLiteBehavior [ RunTime:0.000107s ]
INFO: [ app_init ] --END-- [ RunTime:0.001629s ]
INFO: [ app_begin ] --START--
INFO: Run Behavior\ReadHtmlCacheBehavior [ RunTime:0.004488s ]
INFO: [ app_begin ] --END-- [ RunTime:0.005093s ]
SQL: SHOW COLUMNS FROM `bk` [ RunTime:0.0026s ]
SQL: SELECT * FROM `bk` LIMIT 1   [ RunTime:0.0002s ]
SQL: SELECT * FROM `bk` WHERE ( id=1 AND title="mudi" ) LIMIT 1   [ RunTime:0.0002s ]
SQL: SELECT `author` FROM `bk` WHERE ( id=2 ) LIMIT 1   [ RunTime:0.0002s ]
SQL: SELECT `id` FROM `bk`  [ RunTime:0.0002s ]
SQL: SELECT `id`,`author` FROM `bk`  [ RunTime:0.0002s ]
SQL: SELECT `id`,`author` FROM `bk` LIMIT 3   [ RunTime:0.0001s ]
SQL: SELECT `id`,`title`,`author` FROM `bk`  [ RunTime:0.0002s ]
INFO: [ app_end ] --START--
INFO: Run Behavior\ShowPageTraceBehavior [ RunTime:0.000770s ]
INFO: [ app_end ] --END-- [ RunTime:0.000901s ]

[ 2018-09-17T20:57:00+08:00 ] 127.0.0.1 /index.php/Home/Author/book
INFO: [ app_init ] --START--
INFO: Run Behavior\BuildLiteBehavior [ RunTime:0.000025s ]
INFO: [ app_init ] --END-- [ RunTime:0.000445s ]
INFO: [ app_begin ] --START--
INFO: Run Behavior\ReadHtmlCacheBehavior [ RunTime:0.000567s ]
INFO: [ app_begin ] --END-- [ RunTime:0.000714s ]
ERR: 1146:Table 'shuliang.author' doesn't exist
 [ SQL语句 ] : SHOW COLUMNS FROM `author`
ERR: 1146:Table 'shuliang.author' doesn't exist
 [ SQL语句 ] : SHOW COLUMNS FROM `author`

[ 2018-09-17T20:57:01+08:00 ] 127.0.0.1 /index.php/Home/Author/book
INFO: [ app_init ] --START--
INFO: Run Behavior\BuildLiteBehavior [ RunTime:0.000024s ]
INFO: [ app_init ] --END-- [ RunTime:0.000365s ]
INFO: [ app_begin ] --START--
INFO: Run Behavior\ReadHtmlCacheBehavior [ RunTime:0.000527s ]
INFO: [ app_begin ] --END-- [ RunTime:0.000629s ]
ERR: 1146:Table 'shuliang.author' doesn't exist
 [ SQL语句 ] : SHOW COLUMNS FROM `author`
ERR: 1146:Table 'shuliang.author' doesn't exist
 [ SQL语句 ] : SHOW COLUMNS FROM `author`

[ 2018-09-17T20:57:02+08:00 ] 127.0.0.1 /index.php/Home/Author/book
INFO: [ app_init ] --START--
INFO: Run Behavior\BuildLiteBehavior [ RunTime:0.000027s ]
INFO: [ app_init ] --END-- [ RunTime:0.000417s ]
INFO: [ app_begin ] --START--
INFO: Run Behavior\ReadHtmlCacheBehavior [ RunTime:0.000544s ]
INFO: [ app_begin ] --END-- [ RunTime:0.000694s ]
ERR: 1146:Table 'shuliang.author' doesn't exist
 [ SQL语句 ] : SHOW COLUMNS FROM `author`
ERR: 1146:Table 'shuliang.author' doesn't exist
 [ SQL语句 ] : SHOW COLUMNS FROM `author`

[ 2018-09-17T20:57:03+08:00 ] 127.0.0.1 /index.php/Home/Author/book
INFO: [ app_init ] --START--
INFO: Run Behavior\BuildLiteBehavior [ RunTime:0.000023s ]
INFO: [ app_init ] --END-- [ RunTime:0.000368s ]
INFO: [ app_begin ] --START--
INFO: Run Behavior\ReadHtmlCacheBehavior [ RunTime:0.000429s ]
INFO: [ app_begin ] --END-- [ RunTime:0.000532s ]
ERR: 1146:Table 'shuliang.author' doesn't exist
 [ SQL语句 ] : SHOW COLUMNS FROM `author`
ERR: 1146:Table 'shuliang.author' doesn't exist
 [ SQL语句 ] : SHOW COLUMNS FROM `author`

[ 2018-09-17T20:57:05+08:00 ] 127.0.0.1 /index.php/Home/Bk/BK
INFO: [ app_init ] --START--
INFO: Run Behavior\BuildLiteBehavior [ RunTime:0.000041s ]
INFO: [ app_init ] --END-- [ RunTime:0.000559s ]
INFO: [ app_begin ] --START--
INFO: Run Behavior\ReadHtmlCacheBehavior [ RunTime:0.000578s ]
INFO: [ app_begin ] --END-- [ RunTime:0.000764s ]
SQL: SHOW COLUMNS FROM `bk` [ RunTime:0.0023s ]
SQL: SELECT * FROM `bk` LIMIT 1   [ RunTime:0.0002s ]
SQL: SELECT * FROM `bk` WHERE ( id=1 AND title="mudi" ) LIMIT 1   [ RunTime:0.0002s ]
SQL: SELECT `author` FROM `bk` WHERE ( id=2 ) LIMIT 1   [ RunTime:0.0002s ]
SQL: SELECT `id` FROM `bk`  [ RunTime:0.0002s ]
SQL: SELECT `id`,`author` FROM `bk`  [ RunTime:0.0002s ]
SQL: SELECT `id`,`author` FROM `bk` LIMIT 3   [ RunTime:0.0002s ]
SQL: SELECT `id`,`title`,`author` FROM `bk`  [ RunTime:0.0002s ]
INFO: [ app_end ] --START--
INFO: Run Behavior\ShowPageTraceBehavior [ RunTime:0.000815s ]
INFO: [ app_end ] --END-- [ RunTime:0.000949s ]

[ 2018-09-17T20:57:06+08:00 ] 127.0.0.1 /index.php/Home/Bk/BK
INFO: [ app_init ] --START--
INFO: Run Behavior\BuildLiteBehavior [ RunTime:0.000114s ]
INFO: [ app_init ] --END-- [ RunTime:0.001718s ]
INFO: [ app_begin ] --START--
INFO: Run Behavior\ReadHtmlCacheBehavior [ RunTime:0.001797s ]
INFO: [ app_begin ] --END-- [ RunTime:0.002117s ]
SQL: SHOW COLUMNS FROM `bk` [ RunTime:0.0023s ]
SQL: SELECT * FROM `bk` LIMIT 1   [ RunTime:0.0003s ]
SQL: SELECT * FROM `bk` WHERE ( id=1 AND title="mudi" ) LIMIT 1   [ RunTime:0.0010s ]
SQL: SELECT `author` FROM `bk` WHERE ( id=2 ) LIMIT 1   [ RunTime:0.0002s ]
SQL: SELECT `id` FROM `bk`  [ RunTime:0.0001s ]
SQL: SELECT `id`,`author` FROM `bk`  [ RunTime:0.0001s ]
SQL: SELECT `id`,`author` FROM `bk` LIMIT 3   [ RunTime:0.0001s ]
SQL: SELECT `id`,`title`,`author` FROM `bk`  [ RunTime:0.0001s ]
INFO: [ app_end ] --START--
INFO: Run Behavior\ShowPageTraceBehavior [ RunTime:0.000611s ]
INFO: [ app_end ] --END-- [ RunTime:0.000730s ]

[ 2018-09-17T22:52:19+08:00 ] 127.0.0.1 /index.php/Home/Author/book
INFO: [ app_init ] --START--
INFO: Run Behavior\BuildLiteBehavior [ RunTime:0.000029s ]
INFO: [ app_init ] --END-- [ RunTime:0.000527s ]
INFO: [ app_begin ] --START--
INFO: Run Behavior\ReadHtmlCacheBehavior [ RunTime:0.000632s ]
INFO: [ app_begin ] --END-- [ RunTime:0.000764s ]
SQL: SHOW COLUMNS FROM `author` [ RunTime:0.0031s ]
SQL: SELECT * FROM `author` WHERE ( sex="1" ) LIMIT 1   [ RunTime:0.0005s ]
INFO: [ app_end ] --START--
INFO: Run Behavior\ShowPageTraceBehavior [ RunTime:0.000964s ]
INFO: [ app_end ] --END-- [ RunTime:0.001158s ]

[ 2018-09-17T23:01:34+08:00 ] 127.0.0.1 /index.php/Home/Search/user
INFO: [ app_init ] --START--
INFO: Run Behavior\BuildLiteBehavior [ RunTime:0.000047s ]
INFO: [ app_init ] --END-- [ RunTime:0.001005s ]
INFO: [ app_begin ] --START--
INFO: Run Behavior\ReadHtmlCacheBehavior [ RunTime:0.004021s ]
INFO: [ app_begin ] --END-- [ RunTime:0.004718s ]
INFO: [ app_end ] --START--
INFO: Run Behavior\ShowPageTraceBehavior [ RunTime:0.000906s ]
INFO: [ app_end ] --END-- [ RunTime:0.001060s ]

[ 2018-09-17T23:01:41+08:00 ] 127.0.0.1 /index.php/Home/Author/book
INFO: [ app_init ] --START--
INFO: Run Behavior\BuildLiteBehavior [ RunTime:0.000090s ]
INFO: [ app_init ] --END-- [ RunTime:0.001077s ]
INFO: [ app_begin ] --START--
INFO: Run Behavior\ReadHtmlCacheBehavior [ RunTime:0.001330s ]
INFO: [ app_begin ] --END-- [ RunTime:0.001589s ]
SQL: SHOW COLUMNS FROM `author` [ RunTime:0.0029s ]
SQL: SELECT * FROM `author` WHERE ( sex="1" ) LIMIT 1   [ RunTime:0.0016s ]
INFO: [ app_end ] --START--
INFO: Run Behavior\ShowPageTraceBehavior [ RunTime:0.003615s ]
INFO: [ app_end ] --END-- [ RunTime:0.004320s ]

