[ 2018-09-26T16:20:50+08:00 ] 127.0.0.1 /index.php/Home/Fopen/fopen
INFO: [ app_init ] --START--
INFO: Run Behavior\BuildLiteBehavior [ RunTime:0.000103s ]
INFO: [ app_init ] --END-- [ RunTime:0.084713s ]
INFO: [ app_begin ] --START--
INFO: Run Behavior\ReadHtmlCacheBehavior [ RunTime:0.000846s ]
INFO: [ app_begin ] --END-- [ RunTime:0.000967s ]
NOTIC: [8] Undefined index: user_id G:\tp\first\Application\Home\Controller\FopenController.class.php 第 33 行.
NOTIC: [8] Undefined index: user_name G:\tp\first\Application\Home\Controller\FopenController.class.php 第 35 行.
INFO: [ app_end ] --START--
INFO: Run Behavior\ShowPageTraceBehavior [ RunTime:0.001027s ]
INFO: [ app_end ] --END-- [ RunTime:0.001170s ]

[ 2018-09-26T16:21:34+08:00 ] 127.0.0.1 /index.php/Home/Mui/mui
INFO: [ app_init ] --START--
INFO: Run Behavior\BuildLiteBehavior [ RunTime:0.000041s ]
INFO: [ app_init ] --END-- [ RunTime:0.000770s ]
INFO: [ app_begin ] --START--
INFO: Run Behavior\ReadHtmlCacheBehavior [ RunTime:0.003218s ]
INFO: [ app_begin ] --END-- [ RunTime:0.003767s ]
NOTIC: [8] Undefined index: user_id G:\tp\first\Application\Home\Controller\MuiController.class.php 第 14 行.
SQL: SHOW COLUMNS FROM `meiui_user` [ RunTime:0.0713s ]
SQL: SELECT * FROM `meiui_user` WHERE ( id="3" ) LIMIT 1   [ RunTime:0.0182s ]
ERR: 1064:You have an error in your SQL syntax; check the manual that corresponds to your MySQL server version for the right syntax to use near ') LIMIT 1' at line 1
 [ SQL语句 ] : SELECT * FROM `meiui_user` WHERE ( id= ) LIMIT 1  
ERR: 1064:You have an error in your SQL syntax; check the manual that corresponds to your MySQL server version for the right syntax to use near ') LIMIT 1' at line 1
 [ SQL语句 ] : SELECT * FROM `meiui_user` WHERE ( id= ) LIMIT 1  

[ 2018-09-26T16:21:52+08:00 ] 127.0.0.1 /index.php/Home/Mui/mui%EF%BC%9Fuser_id=5
INFO: [ app_init ] --START--
INFO: Run Behavior\BuildLiteBehavior [ RunTime:0.000023s ]
INFO: [ app_init ] --END-- [ RunTime:0.000358s ]
INFO: [ app_begin ] --START--
INFO: Run Behavior\ReadHtmlCacheBehavior [ RunTime:0.000468s ]
INFO: [ app_begin ] --END-- [ RunTime:0.000570s ]
ERR: 非法操作:mui？user_id=5

[ 2018-09-26T16:22:56+08:00 ] 127.0.0.1 /index.php/Home/Mui/mui%EF%BC%9Fuser_id=5
INFO: [ app_init ] --START--
INFO: Run Behavior\BuildLiteBehavior [ RunTime:0.000025s ]
INFO: [ app_init ] --END-- [ RunTime:0.000397s ]
INFO: [ app_begin ] --START--
INFO: Run Behavior\ReadHtmlCacheBehavior [ RunTime:0.000462s ]
INFO: [ app_begin ] --END-- [ RunTime:0.000590s ]
ERR: 非法操作:mui？user_id=5

[ 2018-09-26T16:22:57+08:00 ] 127.0.0.1 /index.php/Home/Mui/mui%EF%BC%9Fuser_id=5
INFO: [ app_init ] --START--
INFO: Run Behavior\BuildLiteBehavior [ RunTime:0.000024s ]
INFO: [ app_init ] --END-- [ RunTime:0.000541s ]
INFO: [ app_begin ] --START--
INFO: Run Behavior\ReadHtmlCacheBehavior [ RunTime:0.000566s ]
INFO: [ app_begin ] --END-- [ RunTime:0.000670s ]
ERR: 非法操作:mui？user_id=5

[ 2018-09-26T16:23:27+08:00 ] 127.0.0.1 /index.php/Home/Mui/mui%EF%BC%9Fuser_id=5
INFO: [ app_init ] --START--
INFO: Run Behavior\BuildLiteBehavior [ RunTime:0.000026s ]
INFO: [ app_init ] --END-- [ RunTime:0.000400s ]
INFO: [ app_begin ] --START--
INFO: Run Behavior\ReadHtmlCacheBehavior [ RunTime:0.000466s ]
INFO: [ app_begin ] --END-- [ RunTime:0.000583s ]
ERR: 非法操作:mui？user_id=5

[ 2018-09-26T16:23:29+08:00 ] 127.0.0.1 /index.php/Home/Mui/mui%EF%BC%9Fuser_id=5
INFO: [ app_init ] --START--
INFO: Run Behavior\BuildLiteBehavior [ RunTime:0.000023s ]
INFO: [ app_init ] --END-- [ RunTime:0.000379s ]
INFO: [ app_begin ] --START--
INFO: Run Behavior\ReadHtmlCacheBehavior [ RunTime:0.000423s ]
INFO: [ app_begin ] --END-- [ RunTime:0.000526s ]
ERR: 非法操作:mui？user_id=5

[ 2018-09-26T16:23:30+08:00 ] 127.0.0.1 /index.php/Home/Mui/mui%EF%BC%9Fuser_id=5
INFO: [ app_init ] --START--
INFO: Run Behavior\BuildLiteBehavior [ RunTime:0.000063s ]
INFO: [ app_init ] --END-- [ RunTime:0.001064s ]
INFO: [ app_begin ] --START--
INFO: Run Behavior\ReadHtmlCacheBehavior [ RunTime:0.000441s ]
INFO: [ app_begin ] --END-- [ RunTime:0.000569s ]
ERR: 非法操作:mui？user_id=5

[ 2018-09-26T16:23:59+08:00 ] 127.0.0.1 /index.php/Home/Mui/mui%EF%BC%9Fuser_id=5
INFO: [ app_init ] --START--
INFO: Run Behavior\BuildLiteBehavior [ RunTime:0.000024s ]
INFO: [ app_init ] --END-- [ RunTime:0.000398s ]
INFO: [ app_begin ] --START--
INFO: Run Behavior\ReadHtmlCacheBehavior [ RunTime:0.000572s ]
INFO: [ app_begin ] --END-- [ RunTime:0.000676s ]
ERR: 非法操作:mui？user_id=5

[ 2018-09-26T16:24:39+08:00 ] 127.0.0.1 /index.php/Home/Mui/mui%EF%BC%9Fuser_id=5
INFO: [ app_init ] --START--
INFO: Run Behavior\BuildLiteBehavior [ RunTime:0.000028s ]
INFO: [ app_init ] --END-- [ RunTime:0.000396s ]
INFO: [ app_begin ] --START--
INFO: Run Behavior\ReadHtmlCacheBehavior [ RunTime:0.000470s ]
INFO: [ app_begin ] --END-- [ RunTime:0.000587s ]
ERR: 非法操作:mui？user_id=5

[ 2018-09-26T16:24:53+08:00 ] 127.0.0.1 /index.php/Home/Mui/mui?user_id=155
INFO: [ app_init ] --START--
INFO: Run Behavior\BuildLiteBehavior [ RunTime:0.000055s ]
INFO: [ app_init ] --END-- [ RunTime:0.000819s ]
INFO: [ app_begin ] --START--
INFO: Run Behavior\ReadHtmlCacheBehavior [ RunTime:0.001117s ]
INFO: [ app_begin ] --END-- [ RunTime:0.001394s ]

[ 2018-09-26T16:25:27+08:00 ] 127.0.0.1 /index.php/Home/Mui/mui?user_id=155
INFO: [ app_init ] --START--
INFO: Run Behavior\BuildLiteBehavior [ RunTime:0.000040s ]
INFO: [ app_init ] --END-- [ RunTime:0.000593s ]
INFO: [ app_begin ] --START--
INFO: Run Behavior\ReadHtmlCacheBehavior [ RunTime:0.000673s ]
INFO: [ app_begin ] --END-- [ RunTime:0.000847s ]
SQL: SHOW COLUMNS FROM `meiui_user` [ RunTime:0.0026s ]
SQL: SELECT * FROM `meiui_user` WHERE ( id="3" ) LIMIT 1   [ RunTime:0.0003s ]

[ 2018-09-26T16:25:36+08:00 ] 127.0.0.1 /index.php/Home/Mui/mui?user_id=155
INFO: [ app_init ] --START--
INFO: Run Behavior\BuildLiteBehavior [ RunTime:0.000023s ]
INFO: [ app_init ] --END-- [ RunTime:0.000350s ]
INFO: [ app_begin ] --START--
INFO: Run Behavior\ReadHtmlCacheBehavior [ RunTime:0.000562s ]
INFO: [ app_begin ] --END-- [ RunTime:0.000676s ]
SQL: SHOW COLUMNS FROM `meiui_user` [ RunTime:0.0025s ]
SQL: SELECT * FROM `meiui_user` WHERE ( id="3" ) LIMIT 1   [ RunTime:0.0003s ]
SQL: SELECT * FROM `meiui_user` WHERE ( id=155 ) LIMIT 1   [ RunTime:0.0251s ]
INFO: [ app_end ] --START--
INFO: Run Behavior\ShowPageTraceBehavior [ RunTime:0.000735s ]
INFO: [ app_end ] --END-- [ RunTime:0.000891s ]

[ 2018-09-26T16:26:57+08:00 ] 127.0.0.1 /index.php/Home/Mui/mui?user_id=155
INFO: [ app_init ] --START--
INFO: Run Behavior\BuildLiteBehavior [ RunTime:0.000025s ]
INFO: [ app_init ] --END-- [ RunTime:0.000432s ]
INFO: [ app_begin ] --START--
INFO: Run Behavior\ReadHtmlCacheBehavior [ RunTime:0.000562s ]
INFO: [ app_begin ] --END-- [ RunTime:0.000667s ]
SQL: SHOW COLUMNS FROM `meiui_user` [ RunTime:0.0022s ]
SQL: SELECT * FROM `meiui_user` WHERE ( id="3" ) LIMIT 1   [ RunTime:0.0003s ]
SQL: SELECT * FROM `meiui_user` WHERE ( id=155 ) LIMIT 1   [ RunTime:0.0002s ]
INFO: [ app_end ] --START--
INFO: Run Behavior\ShowPageTraceBehavior [ RunTime:0.000484s ]
INFO: [ app_end ] --END-- [ RunTime:0.000591s ]

[ 2018-09-26T16:27:02+08:00 ] 127.0.0.1 /index.php/Home/Mui/mui?user_id=8
INFO: [ app_init ] --START--
INFO: Run Behavior\BuildLiteBehavior [ RunTime:0.000024s ]
INFO: [ app_init ] --END-- [ RunTime:0.000367s ]
INFO: [ app_begin ] --START--
INFO: Run Behavior\ReadHtmlCacheBehavior [ RunTime:0.000432s ]
INFO: [ app_begin ] --END-- [ RunTime:0.000538s ]
SQL: SHOW COLUMNS FROM `meiui_user` [ RunTime:0.0023s ]
SQL: SELECT * FROM `meiui_user` WHERE ( id="3" ) LIMIT 1   [ RunTime:0.0003s ]
SQL: SELECT * FROM `meiui_user` WHERE ( id=8 ) LIMIT 1   [ RunTime:0.0002s ]
INFO: [ app_end ] --START--
INFO: Run Behavior\ShowPageTraceBehavior [ RunTime:0.000818s ]
INFO: [ app_end ] --END-- [ RunTime:0.001003s ]

[ 2018-09-26T17:03:57+08:00 ] 127.0.0.1 /
INFO: [ app_init ] --START--
INFO: Run Behavior\BuildLiteBehavior [ RunTime:0.000028s ]
INFO: [ app_init ] --END-- [ RunTime:0.000471s ]
INFO: [ app_begin ] --START--
INFO: Run Behavior\ReadHtmlCacheBehavior [ RunTime:0.001029s ]
INFO: [ app_begin ] --END-- [ RunTime:0.001228s ]
INFO: [ view_parse ] --START--
INFO: Run Behavior\ParseTemplateBehavior [ RunTime:0.024585s ]
INFO: [ view_parse ] --END-- [ RunTime:0.024733s ]
INFO: [ view_filter ] --START--
INFO: Run Behavior\WriteHtmlCacheBehavior [ RunTime:0.022795s ]
INFO: [ view_filter ] --END-- [ RunTime:0.022918s ]
INFO: [ app_end ] --START--
INFO: Run Behavior\ShowPageTraceBehavior [ RunTime:0.000646s ]
INFO: [ app_end ] --END-- [ RunTime:0.000752s ]

[ 2018-09-26T17:04:59+08:00 ] 127.0.0.1 /index.php/Home/Meiui_tag/getTagItem
INFO: [ app_init ] --START--
INFO: Run Behavior\BuildLiteBehavior [ RunTime:0.000027s ]
INFO: [ app_init ] --END-- [ RunTime:0.000562s ]
INFO: [ app_begin ] --START--
INFO: Run Behavior\ReadHtmlCacheBehavior [ RunTime:0.000630s ]
INFO: [ app_begin ] --END-- [ RunTime:0.000812s ]
ERR: 无法加载控制器:Meiui_tag

[ 2018-09-26T17:05:59+08:00 ] 127.0.0.1 /index.php/Home/Meiui_tag/getTagItem?tag_id=5
INFO: [ app_init ] --START--
INFO: Run Behavior\BuildLiteBehavior [ RunTime:0.000027s ]
INFO: [ app_init ] --END-- [ RunTime:0.000411s ]
INFO: [ app_begin ] --START--
INFO: Run Behavior\ReadHtmlCacheBehavior [ RunTime:0.000530s ]
INFO: [ app_begin ] --END-- [ RunTime:0.000641s ]
ERR: 无法加载控制器:Meiui_tag

[ 2018-09-26T17:06:01+08:00 ] 127.0.0.1 /index.php/Home/Meiui_tag/getTagItem?tag_id=5
INFO: [ app_init ] --START--
INFO: Run Behavior\BuildLiteBehavior [ RunTime:0.000029s ]
INFO: [ app_init ] --END-- [ RunTime:0.000635s ]
INFO: [ app_begin ] --START--
INFO: Run Behavior\ReadHtmlCacheBehavior [ RunTime:0.000612s ]
INFO: [ app_begin ] --END-- [ RunTime:0.000793s ]
ERR: 无法加载控制器:Meiui_tag

[ 2018-09-26T17:12:51+08:00 ] 127.0.0.1 /index.php/Home/Meiui_tag/getTagItem?tag_id=5
INFO: [ app_init ] --START--
INFO: Run Behavior\BuildLiteBehavior [ RunTime:0.000025s ]
INFO: [ app_init ] --END-- [ RunTime:0.000441s ]
INFO: [ app_begin ] --START--
INFO: Run Behavior\ReadHtmlCacheBehavior [ RunTime:0.000544s ]
INFO: [ app_begin ] --END-- [ RunTime:0.000663s ]
ERR: 无法加载控制器:Meiui_tag

[ 2018-09-26T17:12:53+08:00 ] 127.0.0.1 /index.php/Home/Meiui_tag/getTagItem?tag_id=5
INFO: [ app_init ] --START--
INFO: Run Behavior\BuildLiteBehavior [ RunTime:0.000025s ]
INFO: [ app_init ] --END-- [ RunTime:0.000387s ]
INFO: [ app_begin ] --START--
INFO: Run Behavior\ReadHtmlCacheBehavior [ RunTime:0.000444s ]
INFO: [ app_begin ] --END-- [ RunTime:0.000557s ]
ERR: 无法加载控制器:Meiui_tag

[ 2018-09-26T17:15:05+08:00 ] 127.0.0.1 /index.php/Home/Meiui_tag/getTagItem?tag_id=5
INFO: [ app_init ] --START--
INFO: Run Behavior\BuildLiteBehavior [ RunTime:0.000026s ]
INFO: [ app_init ] --END-- [ RunTime:0.000395s ]
INFO: [ app_begin ] --START--
INFO: Run Behavior\ReadHtmlCacheBehavior [ RunTime:0.000522s ]
INFO: [ app_begin ] --END-- [ RunTime:0.000631s ]
ERR: 无法加载控制器:Meiui_tag

[ 2018-09-26T17:15:06+08:00 ] 127.0.0.1 /index.php/Home/Meiui_tag/getTagItem?tag_id=5
INFO: [ app_init ] --START--
INFO: Run Behavior\BuildLiteBehavior [ RunTime:0.000023s ]
INFO: [ app_init ] --END-- [ RunTime:0.000350s ]
INFO: [ app_begin ] --START--
INFO: Run Behavior\ReadHtmlCacheBehavior [ RunTime:0.000420s ]
INFO: [ app_begin ] --END-- [ RunTime:0.000527s ]
ERR: 无法加载控制器:Meiui_tag

[ 2018-09-26T17:15:07+08:00 ] 127.0.0.1 /index.php/Home/Meiui_tag/getTagItem?tag_id=5
INFO: [ app_init ] --START--
INFO: Run Behavior\BuildLiteBehavior [ RunTime:0.000029s ]
INFO: [ app_init ] --END-- [ RunTime:0.000666s ]
INFO: [ app_begin ] --START--
INFO: Run Behavior\ReadHtmlCacheBehavior [ RunTime:0.000629s ]
INFO: [ app_begin ] --END-- [ RunTime:0.000830s ]
ERR: 无法加载控制器:Meiui_tag

[ 2018-09-26T17:17:04+08:00 ] 127.0.0.1 /index.php/Home/Meiui_tag/getTagItem?tag_id=5
INFO: [ app_init ] --START--
INFO: Run Behavior\BuildLiteBehavior [ RunTime:0.000025s ]
INFO: [ app_init ] --END-- [ RunTime:0.000505s ]
INFO: [ app_begin ] --START--
INFO: Run Behavior\ReadHtmlCacheBehavior [ RunTime:0.000607s ]
INFO: [ app_begin ] --END-- [ RunTime:0.000788s ]
ERR: 无法加载控制器:Meiui_tag

[ 2018-09-26T17:17:05+08:00 ] 127.0.0.1 /index.php/Home/Meiui_tag/getTagItem?tag_id=5
INFO: [ app_init ] --START--
INFO: Run Behavior\BuildLiteBehavior [ RunTime:0.000023s ]
INFO: [ app_init ] --END-- [ RunTime:0.000353s ]
INFO: [ app_begin ] --START--
INFO: Run Behavior\ReadHtmlCacheBehavior [ RunTime:0.000421s ]
INFO: [ app_begin ] --END-- [ RunTime:0.000529s ]
ERR: 无法加载控制器:Meiui_tag

[ 2018-09-26T17:17:59+08:00 ] 127.0.0.1 /index.php/Home/Meiui_tag/getTagItem?tag_id=5
INFO: [ app_init ] --START--
INFO: Run Behavior\BuildLiteBehavior [ RunTime:0.000024s ]
INFO: [ app_init ] --END-- [ RunTime:0.000407s ]
INFO: [ app_begin ] --START--
INFO: Run Behavior\ReadHtmlCacheBehavior [ RunTime:0.000637s ]
INFO: [ app_begin ] --END-- [ RunTime:0.000784s ]
ERR: 无法加载控制器:Meiui_tag

[ 2018-09-26T17:18:02+08:00 ] 127.0.0.1 /index.php/Home/Meiui_tag/getTagItem?tag_id=5
INFO: [ app_init ] --START--
INFO: Run Behavior\BuildLiteBehavior [ RunTime:0.000026s ]
INFO: [ app_init ] --END-- [ RunTime:0.000364s ]
INFO: [ app_begin ] --START--
INFO: Run Behavior\ReadHtmlCacheBehavior [ RunTime:0.000451s ]
INFO: [ app_begin ] --END-- [ RunTime:0.000563s ]
ERR: 无法加载控制器:Meiui_tag

[ 2018-09-26T17:18:14+08:00 ] 127.0.0.1 /index.php/Home/Search/user
INFO: [ app_init ] --START--
INFO: Run Behavior\BuildLiteBehavior [ RunTime:0.000025s ]
INFO: [ app_init ] --END-- [ RunTime:0.000352s ]
INFO: [ app_begin ] --START--
INFO: Run Behavior\ReadHtmlCacheBehavior [ RunTime:0.000547s ]
INFO: [ app_begin ] --END-- [ RunTime:0.000684s ]
INFO: [ app_end ] --START--
INFO: Run Behavior\ShowPageTraceBehavior [ RunTime:0.000644s ]
INFO: [ app_end ] --END-- [ RunTime:0.000788s ]

[ 2018-09-26T17:18:22+08:00 ] 127.0.0.1 /index.php/Home/Mui/mui
INFO: [ app_init ] --START--
INFO: Run Behavior\BuildLiteBehavior [ RunTime:0.000028s ]
INFO: [ app_init ] --END-- [ RunTime:0.000513s ]
INFO: [ app_begin ] --START--
INFO: Run Behavior\ReadHtmlCacheBehavior [ RunTime:0.000510s ]
INFO: [ app_begin ] --END-- [ RunTime:0.000653s ]
NOTIC: [8] Undefined index: user_id G:\tp\first\Application\Home\Controller\MuiController.class.php 第 14 行.
SQL: SHOW COLUMNS FROM `meiui_user` [ RunTime:0.0023s ]
SQL: SELECT * FROM `meiui_user` WHERE ( id="3" ) LIMIT 1   [ RunTime:0.0003s ]
ERR: 1064:You have an error in your SQL syntax; check the manual that corresponds to your MySQL server version for the right syntax to use near ') LIMIT 1' at line 1
 [ SQL语句 ] : SELECT * FROM `meiui_user` WHERE ( id= ) LIMIT 1  
ERR: 1064:You have an error in your SQL syntax; check the manual that corresponds to your MySQL server version for the right syntax to use near ') LIMIT 1' at line 1
 [ SQL语句 ] : SELECT * FROM `meiui_user` WHERE ( id= ) LIMIT 1  

[ 2018-09-26T17:19:08+08:00 ] 127.0.0.1 /index.php/Home/Mmeiui_tag/getTagItem
INFO: [ app_init ] --START--
INFO: Run Behavior\BuildLiteBehavior [ RunTime:0.000025s ]
INFO: [ app_init ] --END-- [ RunTime:0.000358s ]
INFO: [ app_begin ] --START--
INFO: Run Behavior\ReadHtmlCacheBehavior [ RunTime:0.000432s ]
INFO: [ app_begin ] --END-- [ RunTime:0.000549s ]
ERR: 无法加载控制器:Mmeiui_tag

[ 2018-09-26T17:19:38+08:00 ] 127.0.0.1 /index.php/Home/Mmeiui_tag/getTagItem?tag_id=5
INFO: [ app_init ] --START--
INFO: Run Behavior\BuildLiteBehavior [ RunTime:0.000046s ]
INFO: [ app_init ] --END-- [ RunTime:0.000387s ]
INFO: [ app_begin ] --START--
INFO: Run Behavior\ReadHtmlCacheBehavior [ RunTime:0.000490s ]
INFO: [ app_begin ] --END-- [ RunTime:0.000606s ]
ERR: 无法加载控制器:Mmeiui_tag

[ 2018-09-26T17:19:39+08:00 ] 127.0.0.1 /index.php/Home/Mmeiui_tag/getTagItem?tag_id=5
INFO: [ app_init ] --START--
INFO: Run Behavior\BuildLiteBehavior [ RunTime:0.000026s ]
INFO: [ app_init ] --END-- [ RunTime:0.000413s ]
INFO: [ app_begin ] --START--
INFO: Run Behavior\ReadHtmlCacheBehavior [ RunTime:0.001186s ]
INFO: [ app_begin ] --END-- [ RunTime:0.001447s ]
ERR: 无法加载控制器:Mmeiui_tag

[ 2018-09-26T17:19:45+08:00 ] 127.0.0.1 /index.php/Home/Mmeiui_tag/getTagItem?tag_id=5
INFO: [ app_init ] --START--
INFO: Run Behavior\BuildLiteBehavior [ RunTime:0.000024s ]
INFO: [ app_init ] --END-- [ RunTime:0.000402s ]
INFO: [ app_begin ] --START--
INFO: Run Behavior\ReadHtmlCacheBehavior [ RunTime:0.000511s ]
INFO: [ app_begin ] --END-- [ RunTime:0.000635s ]
ERR: 无法加载控制器:Mmeiui_tag

[ 2018-09-26T17:19:52+08:00 ] 127.0.0.1 /index.php/Home/Meiui_tag/getTagItem?tag_id=5
INFO: [ app_init ] --START--
INFO: Run Behavior\BuildLiteBehavior [ RunTime:0.000025s ]
INFO: [ app_init ] --END-- [ RunTime:0.000361s ]
INFO: [ app_begin ] --START--
INFO: Run Behavior\ReadHtmlCacheBehavior [ RunTime:0.000427s ]
INFO: [ app_begin ] --END-- [ RunTime:0.000535s ]
ERR: 无法加载控制器:Meiui_tag

[ 2018-09-26T17:20:13+08:00 ] 127.0.0.1 /index.php/Home/Meiui_tag/getTagItem?tag_id=5
INFO: [ app_init ] --START--
INFO: Run Behavior\BuildLiteBehavior [ RunTime:0.000025s ]
INFO: [ app_init ] --END-- [ RunTime:0.000404s ]
INFO: [ app_begin ] --START--
INFO: Run Behavior\ReadHtmlCacheBehavior [ RunTime:0.000543s ]
INFO: [ app_begin ] --END-- [ RunTime:0.000670s ]
ERR: 无法加载控制器:Meiui_tag

[ 2018-09-26T17:20:39+08:00 ] 127.0.0.1 /index.php/Home/Meiui_tag/getTagItem?tag_id=5
INFO: [ app_init ] --START--
INFO: Run Behavior\BuildLiteBehavior [ RunTime:0.000024s ]
INFO: [ app_init ] --END-- [ RunTime:0.000388s ]
INFO: [ app_begin ] --START--
INFO: Run Behavior\ReadHtmlCacheBehavior [ RunTime:0.000475s ]
INFO: [ app_begin ] --END-- [ RunTime:0.000615s ]
ERR: 无法加载控制器:Meiui_tag

[ 2018-09-26T17:20:40+08:00 ] 127.0.0.1 /index.php/Home/Meiui_tag/getTagItem?tag_id=5
INFO: [ app_init ] --START--
INFO: Run Behavior\BuildLiteBehavior [ RunTime:0.000023s ]
INFO: [ app_init ] --END-- [ RunTime:0.000351s ]
INFO: [ app_begin ] --START--
INFO: Run Behavior\ReadHtmlCacheBehavior [ RunTime:0.000448s ]
INFO: [ app_begin ] --END-- [ RunTime:0.000555s ]
ERR: 无法加载控制器:Meiui_tag

[ 2018-09-26T17:21:05+08:00 ] 127.0.0.1 /index.php/Home/Meiui_tag/getTagItem?tag_id=5
INFO: [ app_init ] --START--
INFO: Run Behavior\BuildLiteBehavior [ RunTime:0.000024s ]
INFO: [ app_init ] --END-- [ RunTime:0.000545s ]
INFO: [ app_begin ] --START--
INFO: Run Behavior\ReadHtmlCacheBehavior [ RunTime:0.000629s ]
INFO: [ app_begin ] --END-- [ RunTime:0.000792s ]
ERR: 无法加载控制器:Meiui_tag

[ 2018-09-26T17:21:16+08:00 ] 127.0.0.1 /index.php/Home/Meiui_tag/getTagItem?tag_id=5
INFO: [ app_init ] --START--
INFO: Run Behavior\BuildLiteBehavior [ RunTime:0.000025s ]
INFO: [ app_init ] --END-- [ RunTime:0.000378s ]
INFO: [ app_begin ] --START--
INFO: Run Behavior\ReadHtmlCacheBehavior [ RunTime:0.000607s ]
INFO: [ app_begin ] --END-- [ RunTime:0.000806s ]
ERR: 无法加载控制器:Meiui_tag

[ 2018-09-26T17:21:17+08:00 ] 127.0.0.1 /index.php/Home/Meiui_tag/getTagItem?tag_id=5
INFO: [ app_init ] --START--
INFO: Run Behavior\BuildLiteBehavior [ RunTime:0.000024s ]
INFO: [ app_init ] --END-- [ RunTime:0.000390s ]
INFO: [ app_begin ] --START--
INFO: Run Behavior\ReadHtmlCacheBehavior [ RunTime:0.000533s ]
INFO: [ app_begin ] --END-- [ RunTime:0.000685s ]
ERR: 无法加载控制器:Meiui_tag

[ 2018-09-26T17:21:47+08:00 ] 127.0.0.1 /index.php/Home/Meiui_tag/getTagItem?tag_id=5
INFO: [ app_init ] --START--
INFO: Run Behavior\BuildLiteBehavior [ RunTime:0.000024s ]
INFO: [ app_init ] --END-- [ RunTime:0.000356s ]
INFO: [ app_begin ] --START--
INFO: Run Behavior\ReadHtmlCacheBehavior [ RunTime:0.000449s ]
INFO: [ app_begin ] --END-- [ RunTime:0.000558s ]
ERR: 无法加载控制器:Meiui_tag

[ 2018-09-26T17:21:48+08:00 ] 127.0.0.1 /index.php/Home/Meiui_tag/getTagItem?tag_id=5
INFO: [ app_init ] --START--
INFO: Run Behavior\BuildLiteBehavior [ RunTime:0.000028s ]
INFO: [ app_init ] --END-- [ RunTime:0.001243s ]
INFO: [ app_begin ] --START--
INFO: Run Behavior\ReadHtmlCacheBehavior [ RunTime:0.000503s ]
INFO: [ app_begin ] --END-- [ RunTime:0.000642s ]
ERR: 无法加载控制器:Meiui_tag

[ 2018-09-26T17:22:22+08:00 ] 127.0.0.1 /index.php/Home/Meiui_tag/getTagItem?tag_id=5
INFO: [ app_init ] --START--
INFO: Run Behavior\BuildLiteBehavior [ RunTime:0.000024s ]
INFO: [ app_init ] --END-- [ RunTime:0.000390s ]
INFO: [ app_begin ] --START--
INFO: Run Behavior\ReadHtmlCacheBehavior [ RunTime:0.000636s ]
INFO: [ app_begin ] --END-- [ RunTime:0.000745s ]
ERR: 无法加载控制器:Meiui_tag

[ 2018-09-26T17:22:35+08:00 ] 127.0.0.1 /index.php/Home/Mui/mui?user_id=155
INFO: [ app_init ] --START--
INFO: Run Behavior\BuildLiteBehavior [ RunTime:0.000031s ]
INFO: [ app_init ] --END-- [ RunTime:0.000416s ]
INFO: [ app_begin ] --START--
INFO: Run Behavior\ReadHtmlCacheBehavior [ RunTime:0.000665s ]
INFO: [ app_begin ] --END-- [ RunTime:0.000854s ]
SQL: SHOW COLUMNS FROM `meiui_user` [ RunTime:0.0022s ]
SQL: SELECT * FROM `meiui_user` WHERE ( id="3" ) LIMIT 1   [ RunTime:0.0003s ]
SQL: SELECT * FROM `meiui_user` WHERE ( id=155 ) LIMIT 1   [ RunTime:0.0012s ]
INFO: [ app_end ] --START--
INFO: Run Behavior\ShowPageTraceBehavior [ RunTime:0.000635s ]
INFO: [ app_end ] --END-- [ RunTime:0.000754s ]

[ 2018-09-26T17:22:41+08:00 ] 127.0.0.1 /index.php/Home/Mui/mui?user_id=155
INFO: [ app_init ] --START--
INFO: Run Behavior\BuildLiteBehavior [ RunTime:0.000026s ]
INFO: [ app_init ] --END-- [ RunTime:0.000414s ]
INFO: [ app_begin ] --START--
INFO: Run Behavior\ReadHtmlCacheBehavior [ RunTime:0.000483s ]
INFO: [ app_begin ] --END-- [ RunTime:0.000612s ]
SQL: SHOW COLUMNS FROM `meiui_user` [ RunTime:0.0023s ]
SQL: SELECT * FROM `meiui_user` WHERE ( id="3" ) LIMIT 1   [ RunTime:0.0003s ]
SQL: SELECT * FROM `meiui_user` WHERE ( id=155 ) LIMIT 1   [ RunTime:0.0013s ]
INFO: [ app_end ] --START--
INFO: Run Behavior\ShowPageTraceBehavior [ RunTime:0.000702s ]
INFO: [ app_end ] --END-- [ RunTime:0.000849s ]

[ 2018-09-26T17:22:47+08:00 ] 127.0.0.1 /index.php/Home/Meiui_tag/getTagItem?tag_id=5
INFO: [ app_init ] --START--
INFO: Run Behavior\BuildLiteBehavior [ RunTime:0.000023s ]
INFO: [ app_init ] --END-- [ RunTime:0.000355s ]
INFO: [ app_begin ] --START--
INFO: Run Behavior\ReadHtmlCacheBehavior [ RunTime:0.000420s ]
INFO: [ app_begin ] --END-- [ RunTime:0.000527s ]
ERR: 无法加载控制器:Meiui_tag

[ 2018-09-26T17:23:07+08:00 ] 127.0.0.1 /index.php/Home/Meiui_tag/getTagItem?tag_id=5
INFO: [ app_init ] --START--
INFO: Run Behavior\BuildLiteBehavior [ RunTime:0.000024s ]
INFO: [ app_init ] --END-- [ RunTime:0.000356s ]
INFO: [ app_begin ] --START--
INFO: Run Behavior\ReadHtmlCacheBehavior [ RunTime:0.000423s ]
INFO: [ app_begin ] --END-- [ RunTime:0.000533s ]
ERR: 无法加载控制器:Meiui_tag

[ 2018-09-26T17:25:16+08:00 ] 127.0.0.1 /index.php/Home/Meiui_tag/getTagItem?tag_id=5
INFO: [ app_init ] --START--
INFO: Run Behavior\BuildLiteBehavior [ RunTime:0.000025s ]
INFO: [ app_init ] --END-- [ RunTime:0.000410s ]
INFO: [ app_begin ] --START--
INFO: Run Behavior\ReadHtmlCacheBehavior [ RunTime:0.000521s ]
INFO: [ app_begin ] --END-- [ RunTime:0.000629s ]
ERR: 无法加载控制器:Meiui_tag

[ 2018-09-26T17:25:21+08:00 ] 127.0.0.1 /index.php/Home/Meiui_tag/getTagItem
INFO: [ app_init ] --START--
INFO: Run Behavior\BuildLiteBehavior [ RunTime:0.000024s ]
INFO: [ app_init ] --END-- [ RunTime:0.000395s ]
INFO: [ app_begin ] --START--
INFO: Run Behavior\ReadHtmlCacheBehavior [ RunTime:0.000469s ]
INFO: [ app_begin ] --END-- [ RunTime:0.000599s ]
ERR: 无法加载控制器:Meiui_tag

[ 2018-09-26T17:25:25+08:00 ] 127.0.0.1 /index.php/Home/Meiui_tag/getTagItem
INFO: [ app_init ] --START--
INFO: Run Behavior\BuildLiteBehavior [ RunTime:0.000033s ]
INFO: [ app_init ] --END-- [ RunTime:0.000381s ]
INFO: [ app_begin ] --START--
INFO: Run Behavior\ReadHtmlCacheBehavior [ RunTime:0.000457s ]
INFO: [ app_begin ] --END-- [ RunTime:0.000574s ]
ERR: 无法加载控制器:Meiui_tag

[ 2018-09-26T17:26:04+08:00 ] 127.0.0.1 /index.php/Home/Meiui_tag/tag
INFO: [ app_init ] --START--
INFO: Run Behavior\BuildLiteBehavior [ RunTime:0.000075s ]
INFO: [ app_init ] --END-- [ RunTime:0.001295s ]
INFO: [ app_begin ] --START--
INFO: Run Behavior\ReadHtmlCacheBehavior [ RunTime:0.000456s ]
INFO: [ app_begin ] --END-- [ RunTime:0.000569s ]
ERR: 无法加载控制器:Meiui_tag

[ 2018-09-26T17:26:07+08:00 ] 127.0.0.1 /index.php/Home/Meiui_tag/tag
INFO: [ app_init ] --START--
INFO: Run Behavior\BuildLiteBehavior [ RunTime:0.000025s ]
INFO: [ app_init ] --END-- [ RunTime:0.000393s ]
INFO: [ app_begin ] --START--
INFO: Run Behavior\ReadHtmlCacheBehavior [ RunTime:0.000463s ]
INFO: [ app_begin ] --END-- [ RunTime:0.000594s ]
ERR: 无法加载控制器:Meiui_tag

[ 2018-09-26T17:26:31+08:00 ] 127.0.0.1 /index.php/Home/Mui/mui?user_id=155
INFO: [ app_init ] --START--
INFO: Run Behavior\BuildLiteBehavior [ RunTime:0.000049s ]
INFO: [ app_init ] --END-- [ RunTime:0.000833s ]
INFO: [ app_begin ] --START--
INFO: Run Behavior\ReadHtmlCacheBehavior [ RunTime:0.000896s ]
INFO: [ app_begin ] --END-- [ RunTime:0.001181s ]
SQL: SHOW COLUMNS FROM `meiui_user` [ RunTime:0.0023s ]
SQL: SELECT * FROM `meiui_user` WHERE ( id="3" ) LIMIT 1   [ RunTime:0.0005s ]
SQL: SELECT * FROM `meiui_user` WHERE ( id=155 ) LIMIT 1   [ RunTime:0.0003s ]
INFO: [ app_end ] --START--
INFO: Run Behavior\ShowPageTraceBehavior [ RunTime:0.000989s ]
INFO: [ app_end ] --END-- [ RunTime:0.001228s ]

[ 2018-09-26T17:27:10+08:00 ] 127.0.0.1 /index.php/Home/Meiui/tag?tag_id=155
INFO: [ app_init ] --START--
INFO: Run Behavior\BuildLiteBehavior [ RunTime:0.000127s ]
INFO: [ app_init ] --END-- [ RunTime:0.001150s ]
INFO: [ app_begin ] --START--
INFO: Run Behavior\ReadHtmlCacheBehavior [ RunTime:0.001964s ]
INFO: [ app_begin ] --END-- [ RunTime:0.002390s ]
ERR: 无法加载控制器:Meiui

[ 2018-09-26T17:29:57+08:00 ] 127.0.0.1 /index.php/Home/Meiui/tag?tag_id=155
INFO: [ app_init ] --START--
INFO: Run Behavior\BuildLiteBehavior [ RunTime:0.000023s ]
INFO: [ app_init ] --END-- [ RunTime:0.000399s ]
INFO: [ app_begin ] --START--
INFO: Run Behavior\ReadHtmlCacheBehavior [ RunTime:0.002807s ]
INFO: [ app_begin ] --END-- [ RunTime:0.002977s ]
ERR: 无法加载控制器:Meiui

[ 2018-09-26T17:29:58+08:00 ] 127.0.0.1 /index.php/Home/Meiui/tag?tag_id=155
INFO: [ app_init ] --START--
INFO: Run Behavior\BuildLiteBehavior [ RunTime:0.000024s ]
INFO: [ app_init ] --END-- [ RunTime:0.000376s ]
INFO: [ app_begin ] --START--
INFO: Run Behavior\ReadHtmlCacheBehavior [ RunTime:0.000445s ]
INFO: [ app_begin ] --END-- [ RunTime:0.000582s ]
ERR: 无法加载控制器:Meiui

[ 2018-09-26T17:31:17+08:00 ] 127.0.0.1 /index.php/Home/Meiui/tag?tag_id=155
INFO: [ app_init ] --START--
INFO: Run Behavior\BuildLiteBehavior [ RunTime:0.000025s ]
INFO: [ app_init ] --END-- [ RunTime:0.000392s ]
INFO: [ app_begin ] --START--
INFO: Run Behavior\ReadHtmlCacheBehavior [ RunTime:0.000445s ]
INFO: [ app_begin ] --END-- [ RunTime:0.000589s ]
ERR: 无法加载控制器:Meiui

[ 2018-09-26T17:31:42+08:00 ] 127.0.0.1 /index.php/Home/Meiui_tag/tag?tag_id=155
INFO: [ app_init ] --START--
INFO: Run Behavior\BuildLiteBehavior [ RunTime:0.000058s ]
INFO: [ app_init ] --END-- [ RunTime:0.000849s ]
INFO: [ app_begin ] --START--
INFO: Run Behavior\ReadHtmlCacheBehavior [ RunTime:0.001552s ]
INFO: [ app_begin ] --END-- [ RunTime:0.001924s ]
ERR: 无法加载控制器:Meiui_tag

[ 2018-09-26T17:31:48+08:00 ] 127.0.0.1 /index.php/Home/Meiui_tag/tag?tag_id=155
INFO: [ app_init ] --START--
INFO: Run Behavior\BuildLiteBehavior [ RunTime:0.000026s ]
INFO: [ app_init ] --END-- [ RunTime:0.000405s ]
INFO: [ app_begin ] --START--
INFO: Run Behavior\ReadHtmlCacheBehavior [ RunTime:0.001280s ]
INFO: [ app_begin ] --END-- [ RunTime:0.001527s ]
ERR: 无法加载控制器:Meiui_tag

[ 2018-09-26T17:31:49+08:00 ] 127.0.0.1 /index.php/Home/Meiui_tag/tag?tag_id=155
INFO: [ app_init ] --START--
INFO: Run Behavior\BuildLiteBehavior [ RunTime:0.000024s ]
INFO: [ app_init ] --END-- [ RunTime:0.000368s ]
INFO: [ app_begin ] --START--
INFO: Run Behavior\ReadHtmlCacheBehavior [ RunTime:0.000424s ]
INFO: [ app_begin ] --END-- [ RunTime:0.000532s ]
ERR: 无法加载控制器:Meiui_tag

[ 2018-09-26T17:32:07+08:00 ] 127.0.0.1 /index.php/Home/Meiui_tag/tag?tag_id=155
INFO: [ app_init ] --START--
INFO: Run Behavior\BuildLiteBehavior [ RunTime:0.000026s ]
INFO: [ app_init ] --END-- [ RunTime:0.000614s ]
INFO: [ app_begin ] --START--
INFO: Run Behavior\ReadHtmlCacheBehavior [ RunTime:0.000688s ]
INFO: [ app_begin ] --END-- [ RunTime:0.000870s ]
ERR: 无法加载控制器:Meiui_tag

[ 2018-09-26T17:32:08+08:00 ] 127.0.0.1 /index.php/Home/Meiui_tag/tag?tag_id=155
INFO: [ app_init ] --START--
INFO: Run Behavior\BuildLiteBehavior [ RunTime:0.000026s ]
INFO: [ app_init ] --END-- [ RunTime:0.000392s ]
INFO: [ app_begin ] --START--
INFO: Run Behavior\ReadHtmlCacheBehavior [ RunTime:0.000886s ]
INFO: [ app_begin ] --END-- [ RunTime:0.001097s ]
ERR: 无法加载控制器:Meiui_tag

[ 2018-09-26T17:34:03+08:00 ] 127.0.0.1 /index.php/Home/Meiui_tag/tag?tag_id=155
INFO: [ app_init ] --START--
INFO: Run Behavior\BuildLiteBehavior [ RunTime:0.000061s ]
INFO: [ app_init ] --END-- [ RunTime:0.000745s ]
INFO: [ app_begin ] --START--
INFO: Run Behavior\ReadHtmlCacheBehavior [ RunTime:0.001006s ]
INFO: [ app_begin ] --END-- [ RunTime:0.001337s ]
ERR: 无法加载控制器:Meiui_tag

[ 2018-09-26T17:34:04+08:00 ] 127.0.0.1 /index.php/Home/Meiui_tag/tag?tag_id=155
INFO: [ app_init ] --START--
INFO: Run Behavior\BuildLiteBehavior [ RunTime:0.000027s ]
INFO: [ app_init ] --END-- [ RunTime:0.000456s ]
INFO: [ app_begin ] --START--
INFO: Run Behavior\ReadHtmlCacheBehavior [ RunTime:0.001122s ]
INFO: [ app_begin ] --END-- [ RunTime:0.001342s ]
ERR: 无法加载控制器:Meiui_tag

[ 2018-09-26T17:34:05+08:00 ] 127.0.0.1 /index.php/Home/Meiui_tag/tag?tag_id=155
INFO: [ app_init ] --START--
INFO: Run Behavior\BuildLiteBehavior [ RunTime:0.000023s ]
INFO: [ app_init ] --END-- [ RunTime:0.000357s ]
INFO: [ app_begin ] --START--
INFO: Run Behavior\ReadHtmlCacheBehavior [ RunTime:0.000511s ]
INFO: [ app_begin ] --END-- [ RunTime:0.000618s ]
ERR: 无法加载控制器:Meiui_tag

[ 2018-09-26T17:34:43+08:00 ] 127.0.0.1 /index.php/Home/Meiui_tag/tag?tag_id=155
INFO: [ app_init ] --START--
INFO: Run Behavior\BuildLiteBehavior [ RunTime:0.000024s ]
INFO: [ app_init ] --END-- [ RunTime:0.000436s ]
INFO: [ app_begin ] --START--
INFO: Run Behavior\ReadHtmlCacheBehavior [ RunTime:0.000544s ]
INFO: [ app_begin ] --END-- [ RunTime:0.000652s ]
ERR: 无法加载控制器:Meiui_tag

[ 2018-09-26T17:34:48+08:00 ] 127.0.0.1 /index.php/Home/Meiui_tag/tag
INFO: [ app_init ] --START--
INFO: Run Behavior\BuildLiteBehavior [ RunTime:0.000022s ]
INFO: [ app_init ] --END-- [ RunTime:0.000369s ]
INFO: [ app_begin ] --START--
INFO: Run Behavior\ReadHtmlCacheBehavior [ RunTime:0.000419s ]
INFO: [ app_begin ] --END-- [ RunTime:0.000558s ]
ERR: 无法加载控制器:Meiui_tag

[ 2018-09-26T17:34:50+08:00 ] 127.0.0.1 /index.php/Home/Meiui_tag/tag
INFO: [ app_init ] --START--
INFO: Run Behavior\BuildLiteBehavior [ RunTime:0.000024s ]
INFO: [ app_init ] --END-- [ RunTime:0.000372s ]
INFO: [ app_begin ] --START--
INFO: Run Behavior\ReadHtmlCacheBehavior [ RunTime:0.000459s ]
INFO: [ app_begin ] --END-- [ RunTime:0.000580s ]
ERR: 无法加载控制器:Meiui_tag

[ 2018-09-26T17:34:51+08:00 ] 127.0.0.1 /index.php/Home/Meiui_tag/tag
INFO: [ app_init ] --START--
INFO: Run Behavior\BuildLiteBehavior [ RunTime:0.000026s ]
INFO: [ app_init ] --END-- [ RunTime:0.000378s ]
INFO: [ app_begin ] --START--
INFO: Run Behavior\ReadHtmlCacheBehavior [ RunTime:0.001015s ]
INFO: [ app_begin ] --END-- [ RunTime:0.001336s ]
ERR: 无法加载控制器:Meiui_tag

[ 2018-09-26T17:36:37+08:00 ] 127.0.0.1 /index.php/Home/Meiui_tag/tag
INFO: [ app_init ] --START--
INFO: Run Behavior\BuildLiteBehavior [ RunTime:0.000025s ]
INFO: [ app_init ] --END-- [ RunTime:0.000398s ]
INFO: [ app_begin ] --START--
INFO: Run Behavior\ReadHtmlCacheBehavior [ RunTime:0.000462s ]
INFO: [ app_begin ] --END-- [ RunTime:0.000590s ]
ERR: 无法加载控制器:Meiui_tag

[ 2018-09-26T17:36:38+08:00 ] 127.0.0.1 /index.php/Home/Meiui_tag/tag
INFO: [ app_init ] --START--
INFO: Run Behavior\BuildLiteBehavior [ RunTime:0.000026s ]
INFO: [ app_init ] --END-- [ RunTime:0.000461s ]
INFO: [ app_begin ] --START--
INFO: Run Behavior\ReadHtmlCacheBehavior [ RunTime:0.000432s ]
INFO: [ app_begin ] --END-- [ RunTime:0.000541s ]
ERR: 无法加载控制器:Meiui_tag

[ 2018-09-26T17:37:17+08:00 ] 127.0.0.1 /index.php/Home/Fopen/fopen
INFO: [ app_init ] --START--
INFO: Run Behavior\BuildLiteBehavior [ RunTime:0.000061s ]
INFO: [ app_init ] --END-- [ RunTime:0.000713s ]
INFO: [ app_begin ] --START--
INFO: Run Behavior\ReadHtmlCacheBehavior [ RunTime:0.000746s ]
INFO: [ app_begin ] --END-- [ RunTime:0.000931s ]
NOTIC: [8] Undefined index: user_id G:\tp\first\Application\Home\Controller\FopenController.class.php 第 33 行.
NOTIC: [8] Undefined index: user_name G:\tp\first\Application\Home\Controller\FopenController.class.php 第 35 行.
INFO: [ app_end ] --START--
INFO: Run Behavior\ShowPageTraceBehavior [ RunTime:0.000682s ]
INFO: [ app_end ] --END-- [ RunTime:0.000807s ]

[ 2018-09-26T17:39:21+08:00 ] 127.0.0.1 /index.php/Home/Fopen/fopen
INFO: [ app_init ] --START--
INFO: Run Behavior\BuildLiteBehavior [ RunTime:0.000041s ]
INFO: [ app_init ] --END-- [ RunTime:0.000666s ]
INFO: [ app_begin ] --START--
INFO: Run Behavior\ReadHtmlCacheBehavior [ RunTime:0.000877s ]
INFO: [ app_begin ] --END-- [ RunTime:0.001054s ]

[ 2018-09-26T17:40:11+08:00 ] 127.0.0.1 /index.php/Home/Fopen/fopen
INFO: [ app_init ] --START--
INFO: Run Behavior\BuildLiteBehavior [ RunTime:0.000041s ]
INFO: [ app_init ] --END-- [ RunTime:0.000832s ]
INFO: [ app_begin ] --START--
INFO: Run Behavior\ReadHtmlCacheBehavior [ RunTime:0.001022s ]
INFO: [ app_begin ] --END-- [ RunTime:0.001303s ]

[ 2018-09-26T17:40:13+08:00 ] 127.0.0.1 /index.php/Home/Fopen/fopen
INFO: [ app_init ] --START--
INFO: Run Behavior\BuildLiteBehavior [ RunTime:0.000023s ]
INFO: [ app_init ] --END-- [ RunTime:0.000364s ]
INFO: [ app_begin ] --START--
INFO: Run Behavior\ReadHtmlCacheBehavior [ RunTime:0.001113s ]
INFO: [ app_begin ] --END-- [ RunTime:0.001347s ]

[ 2018-09-26T17:40:14+08:00 ] 127.0.0.1 /index.php/Home/Fopen/fopen
INFO: [ app_init ] --START--
INFO: Run Behavior\BuildLiteBehavior [ RunTime:0.000027s ]
INFO: [ app_init ] --END-- [ RunTime:0.000678s ]
INFO: [ app_begin ] --START--
INFO: Run Behavior\ReadHtmlCacheBehavior [ RunTime:0.000556s ]
INFO: [ app_begin ] --END-- [ RunTime:0.000728s ]

[ 2018-09-26T17:40:16+08:00 ] 127.0.0.1 /index.php/Home/Fopen/fopen
INFO: [ app_init ] --START--
INFO: Run Behavior\BuildLiteBehavior [ RunTime:0.000050s ]
INFO: [ app_init ] --END-- [ RunTime:0.000694s ]
INFO: [ app_begin ] --START--
INFO: Run Behavior\ReadHtmlCacheBehavior [ RunTime:0.000707s ]
INFO: [ app_begin ] --END-- [ RunTime:0.000919s ]

[ 2018-09-26T17:40:18+08:00 ] 127.0.0.1 /index.php/Home/Fopen/fopen
INFO: [ app_init ] --START--
INFO: Run Behavior\BuildLiteBehavior [ RunTime:0.000055s ]
INFO: [ app_init ] --END-- [ RunTime:0.000791s ]
INFO: [ app_begin ] --START--
INFO: Run Behavior\ReadHtmlCacheBehavior [ RunTime:0.000555s ]
INFO: [ app_begin ] --END-- [ RunTime:0.000693s ]

[ 2018-09-26T17:42:39+08:00 ] 127.0.0.1 /index.php/Home/Fopen/fopen
INFO: [ app_init ] --START--
INFO: Run Behavior\BuildLiteBehavior [ RunTime:0.000032s ]
INFO: [ app_init ] --END-- [ RunTime:0.000502s ]
INFO: [ app_begin ] --START--
INFO: Run Behavior\ReadHtmlCacheBehavior [ RunTime:0.000733s ]
INFO: [ app_begin ] --END-- [ RunTime:0.000888s ]
NOTIC: [8] Undefined index: user_id G:\tp\first\Application\Home\Controller\FopenController.class.php 第 36 行.
NOTIC: [8] Undefined index: user_name G:\tp\first\Application\Home\Controller\FopenController.class.php 第 38 行.
INFO: [ app_end ] --START--
INFO: Run Behavior\ShowPageTraceBehavior [ RunTime:0.000574s ]
INFO: [ app_end ] --END-- [ RunTime:0.000697s ]

[ 2018-09-26T17:43:03+08:00 ] 127.0.0.1 /index.php/Home/Fopen/fopen
INFO: [ app_init ] --START--
INFO: Run Behavior\BuildLiteBehavior [ RunTime:0.000025s ]
INFO: [ app_init ] --END-- [ RunTime:0.000399s ]
INFO: [ app_begin ] --START--
INFO: Run Behavior\ReadHtmlCacheBehavior [ RunTime:0.002263s ]
INFO: [ app_begin ] --END-- [ RunTime:0.002676s ]
NOTIC: [8] Undefined index: user_id G:\tp\first\Application\Home\Controller\FopenController.class.php 第 36 行.
NOTIC: [8] Undefined index: user_name G:\tp\first\Application\Home\Controller\FopenController.class.php 第 38 行.
INFO: [ app_end ] --START--
INFO: Run Behavior\ShowPageTraceBehavior [ RunTime:0.000671s ]
INFO: [ app_end ] --END-- [ RunTime:0.000814s ]

[ 2018-09-26T17:43:44+08:00 ] 127.0.0.1 /index.php/Home/Meiui_tag/tag
INFO: [ app_init ] --START--
INFO: Run Behavior\BuildLiteBehavior [ RunTime:0.000133s ]
INFO: [ app_init ] --END-- [ RunTime:0.002380s ]
INFO: [ app_begin ] --START--
INFO: Run Behavior\ReadHtmlCacheBehavior [ RunTime:0.001738s ]
INFO: [ app_begin ] --END-- [ RunTime:0.002311s ]
ERR: 无法加载控制器:Meiui_tag

[ 2018-09-26T17:44:15+08:00 ] 127.0.0.1 /index.php/Home/Search/user
INFO: [ app_init ] --START--
INFO: Run Behavior\BuildLiteBehavior [ RunTime:0.000023s ]
INFO: [ app_init ] --END-- [ RunTime:0.000503s ]
INFO: [ app_begin ] --START--
INFO: Run Behavior\ReadHtmlCacheBehavior [ RunTime:0.000542s ]
INFO: [ app_begin ] --END-- [ RunTime:0.000682s ]
INFO: [ app_end ] --START--
INFO: Run Behavior\ShowPageTraceBehavior [ RunTime:0.000416s ]
INFO: [ app_end ] --END-- [ RunTime:0.000516s ]

[ 2018-09-26T17:44:28+08:00 ] 127.0.0.1 /index.php/Home/Mui/mui?user_id=155
INFO: [ app_init ] --START--
INFO: Run Behavior\BuildLiteBehavior [ RunTime:0.000045s ]
INFO: [ app_init ] --END-- [ RunTime:0.000654s ]
INFO: [ app_begin ] --START--
INFO: Run Behavior\ReadHtmlCacheBehavior [ RunTime:0.002361s ]
INFO: [ app_begin ] --END-- [ RunTime:0.003009s ]
SQL: SHOW COLUMNS FROM `meiui_user` [ RunTime:0.0025s ]
SQL: SELECT * FROM `meiui_user` WHERE ( id="3" ) LIMIT 1   [ RunTime:0.0005s ]
SQL: SELECT * FROM `meiui_user` WHERE ( id=155 ) LIMIT 1   [ RunTime:0.0002s ]
INFO: [ app_end ] --START--
INFO: Run Behavior\ShowPageTraceBehavior [ RunTime:0.000707s ]
INFO: [ app_end ] --END-- [ RunTime:0.000853s ]

[ 2018-09-26T17:45:09+08:00 ] 127.0.0.1 /index.php/Home/Meiui_tag/tag
INFO: [ app_init ] --START--
INFO: Run Behavior\BuildLiteBehavior [ RunTime:0.000026s ]
INFO: [ app_init ] --END-- [ RunTime:0.000405s ]
INFO: [ app_begin ] --START--
INFO: Run Behavior\ReadHtmlCacheBehavior [ RunTime:0.000658s ]
INFO: [ app_begin ] --END-- [ RunTime:0.000803s ]
ERR: 无法加载控制器:Meiui_tag

[ 2018-09-26T17:46:37+08:00 ] 127.0.0.1 /index.php/Home/Meiui_tag/tag
INFO: [ app_init ] --START--
INFO: Run Behavior\BuildLiteBehavior [ RunTime:0.000024s ]
INFO: [ app_init ] --END-- [ RunTime:0.000365s ]
INFO: [ app_begin ] --START--
INFO: Run Behavior\ReadHtmlCacheBehavior [ RunTime:0.000490s ]
INFO: [ app_begin ] --END-- [ RunTime:0.000600s ]
ERR: 无法加载控制器:Meiui_tag

[ 2018-09-26T17:53:23+08:00 ] 127.0.0.1 /index.php/Home/Meiuitag/tag
INFO: [ app_init ] --START--
INFO: Run Behavior\BuildLiteBehavior [ RunTime:0.000025s ]
INFO: [ app_init ] --END-- [ RunTime:0.000420s ]
INFO: [ app_begin ] --START--
INFO: Run Behavior\ReadHtmlCacheBehavior [ RunTime:0.000559s ]
INFO: [ app_begin ] --END-- [ RunTime:0.000672s ]
ERR: 无法加载控制器:Meiuitag

[ 2018-09-26T17:55:03+08:00 ] 127.0.0.1 /index.php/Home/Meiuitag/tag
INFO: [ app_init ] --START--
INFO: Run Behavior\BuildLiteBehavior [ RunTime:0.000095s ]
INFO: [ app_init ] --END-- [ RunTime:0.001168s ]
INFO: [ app_begin ] --START--
INFO: Run Behavior\ReadHtmlCacheBehavior [ RunTime:0.000642s ]
INFO: [ app_begin ] --END-- [ RunTime:0.000824s ]
ERR: 无法加载控制器:Meiuitag

[ 2018-09-26T17:56:20+08:00 ] 127.0.0.1 /index.php/Home/MeiuiTag/tag
INFO: [ app_init ] --START--
INFO: Run Behavior\BuildLiteBehavior [ RunTime:0.000024s ]
INFO: [ app_init ] --END-- [ RunTime:0.000409s ]
INFO: [ app_begin ] --START--
INFO: Run Behavior\ReadHtmlCacheBehavior [ RunTime:0.000761s ]
INFO: [ app_begin ] --END-- [ RunTime:0.000907s ]
INFO: [ app_end ] --START--
INFO: Run Behavior\ShowPageTraceBehavior [ RunTime:0.000571s ]
INFO: [ app_end ] --END-- [ RunTime:0.000678s ]

[ 2018-09-26T17:58:59+08:00 ] 127.0.0.1 /index.php/Home/MeiuiTag/tag?tag_id=5
INFO: [ app_init ] --START--
INFO: Run Behavior\BuildLiteBehavior [ RunTime:0.000023s ]
INFO: [ app_init ] --END-- [ RunTime:0.000393s ]
INFO: [ app_begin ] --START--
INFO: Run Behavior\ReadHtmlCacheBehavior [ RunTime:0.000546s ]
INFO: [ app_begin ] --END-- [ RunTime:0.000656s ]
ERR: 1146:Table 'shuliang.meiui_tag' doesn't exist
 [ SQL语句 ] : SHOW COLUMNS FROM `meiui_tag`
ERR: 1146:Table 'shuliang.meiui_tag' doesn't exist
 [ SQL语句 ] : SHOW COLUMNS FROM `meiui_tag`

[ 2018-09-26T17:59:31+08:00 ] 127.0.0.1 /index.php/Home/MeiuiTag/tag?tag_id=5
INFO: [ app_init ] --START--
INFO: Run Behavior\BuildLiteBehavior [ RunTime:0.000076s ]
INFO: [ app_init ] --END-- [ RunTime:0.001856s ]
INFO: [ app_begin ] --START--
INFO: Run Behavior\ReadHtmlCacheBehavior [ RunTime:0.000630s ]
INFO: [ app_begin ] --END-- [ RunTime:0.000809s ]

[ 2018-09-26T18:00:14+08:00 ] 127.0.0.1 /index.php/Home/MeiuiTag/tag?tag_id=5
INFO: [ app_init ] --START--
INFO: Run Behavior\BuildLiteBehavior [ RunTime:0.000036s ]
INFO: [ app_init ] --END-- [ RunTime:0.000398s ]
INFO: [ app_begin ] --START--
INFO: Run Behavior\ReadHtmlCacheBehavior [ RunTime:0.000516s ]
INFO: [ app_begin ] --END-- [ RunTime:0.000659s ]
ERR: 1146:Table 'shuliang.meiui_tag' doesn't exist
 [ SQL语句 ] : SHOW COLUMNS FROM `meiui_tag`
ERR: 1146:Table 'shuliang.meiui_tag' doesn't exist
 [ SQL语句 ] : SHOW COLUMNS FROM `meiui_tag`

[ 2018-09-26T18:03:56+08:00 ] 127.0.0.1 /index.php/Home/MeiuiTag/tag?tag_id=5
INFO: [ app_init ] --START--
INFO: Run Behavior\BuildLiteBehavior [ RunTime:0.000024s ]
INFO: [ app_init ] --END-- [ RunTime:0.000438s ]
INFO: [ app_begin ] --START--
INFO: Run Behavior\ReadHtmlCacheBehavior [ RunTime:0.000583s ]
INFO: [ app_begin ] --END-- [ RunTime:0.000713s ]
ERR: 1146:Table 'shuliang.meiui_tag' doesn't exist
 [ SQL语句 ] : SHOW COLUMNS FROM `meiui_tag`
ERR: 1146:Table 'shuliang.meiui_tag' doesn't exist
 [ SQL语句 ] : SHOW COLUMNS FROM `meiui_tag`

[ 2018-09-26T18:03:58+08:00 ] 127.0.0.1 /index.php/Home/MeiuiTag/tag?tag_id=5
INFO: [ app_init ] --START--
INFO: Run Behavior\BuildLiteBehavior [ RunTime:0.000023s ]
INFO: [ app_init ] --END-- [ RunTime:0.000373s ]
INFO: [ app_begin ] --START--
INFO: Run Behavior\ReadHtmlCacheBehavior [ RunTime:0.000469s ]
INFO: [ app_begin ] --END-- [ RunTime:0.000579s ]
ERR: 1146:Table 'shuliang.meiui_tag' doesn't exist
 [ SQL语句 ] : SHOW COLUMNS FROM `meiui_tag`
ERR: 1146:Table 'shuliang.meiui_tag' doesn't exist
 [ SQL语句 ] : SHOW COLUMNS FROM `meiui_tag`

[ 2018-09-26T18:04:59+08:00 ] 127.0.0.1 /index.php/Home/MeiuiTag/tag?tag_id=5
INFO: [ app_init ] --START--
INFO: Run Behavior\BuildLiteBehavior [ RunTime:0.000025s ]
INFO: [ app_init ] --END-- [ RunTime:0.000572s ]
INFO: [ app_begin ] --START--
INFO: Run Behavior\ReadHtmlCacheBehavior [ RunTime:0.000650s ]
INFO: [ app_begin ] --END-- [ RunTime:0.000833s ]
ERR: 1146:Table 'shuliang.meiui_tag' doesn't exist
 [ SQL语句 ] : SHOW COLUMNS FROM `meiui_tag`
ERR: 1146:Table 'shuliang.meiui_tag' doesn't exist
 [ SQL语句 ] : SHOW COLUMNS FROM `meiui_tag`

[ 2018-09-26T18:05:38+08:00 ] 127.0.0.1 /index.php/Home/MeiuiTag/tag?tag_id=5
INFO: [ app_init ] --START--
INFO: Run Behavior\BuildLiteBehavior [ RunTime:0.000023s ]
INFO: [ app_init ] --END-- [ RunTime:0.000351s ]
INFO: [ app_begin ] --START--
INFO: Run Behavior\ReadHtmlCacheBehavior [ RunTime:0.000519s ]
INFO: [ app_begin ] --END-- [ RunTime:0.000631s ]
ERR: 1146:Table 'shuliang.meiui_tag' doesn't exist
 [ SQL语句 ] : SHOW COLUMNS FROM `meiui_tag`
ERR: 1146:Table 'shuliang.meiui_tag' doesn't exist
 [ SQL语句 ] : SHOW COLUMNS FROM `meiui_tag`

[ 2018-09-26T18:07:47+08:00 ] 127.0.0.1 /index.php/Home/MeiuiTag/tag?tag_id=5
INFO: [ app_init ] --START--
INFO: Run Behavior\BuildLiteBehavior [ RunTime:0.000024s ]
INFO: [ app_init ] --END-- [ RunTime:0.000450s ]
INFO: [ app_begin ] --START--
INFO: Run Behavior\ReadHtmlCacheBehavior [ RunTime:0.000620s ]
INFO: [ app_begin ] --END-- [ RunTime:0.000770s ]
ERR: 1146:Table 'shuliang.meiui_tag' doesn't exist
 [ SQL语句 ] : SHOW COLUMNS FROM `meiui_tag`
ERR: 1146:Table 'shuliang.meiui_tag' doesn't exist
 [ SQL语句 ] : SHOW COLUMNS FROM `meiui_tag`

[ 2018-09-26T18:07:48+08:00 ] 127.0.0.1 /index.php/Home/MeiuiTag/tag?tag_id=5
INFO: [ app_init ] --START--
INFO: Run Behavior\BuildLiteBehavior [ RunTime:0.000023s ]
INFO: [ app_init ] --END-- [ RunTime:0.000357s ]
INFO: [ app_begin ] --START--
INFO: Run Behavior\ReadHtmlCacheBehavior [ RunTime:0.000435s ]
INFO: [ app_begin ] --END-- [ RunTime:0.000554s ]
ERR: 1146:Table 'shuliang.meiui_tag' doesn't exist
 [ SQL语句 ] : SHOW COLUMNS FROM `meiui_tag`
ERR: 1146:Table 'shuliang.meiui_tag' doesn't exist
 [ SQL语句 ] : SHOW COLUMNS FROM `meiui_tag`

[ 2018-09-26T18:07:50+08:00 ] 127.0.0.1 /index.php/Home/MeiuiTag/tag?tag_id=5
INFO: [ app_init ] --START--
INFO: Run Behavior\BuildLiteBehavior [ RunTime:0.000024s ]
INFO: [ app_init ] --END-- [ RunTime:0.000354s ]
INFO: [ app_begin ] --START--
INFO: Run Behavior\ReadHtmlCacheBehavior [ RunTime:0.000442s ]
INFO: [ app_begin ] --END-- [ RunTime:0.000548s ]
ERR: 1146:Table 'shuliang.meiui_tag' doesn't exist
 [ SQL语句 ] : SHOW COLUMNS FROM `meiui_tag`
ERR: 1146:Table 'shuliang.meiui_tag' doesn't exist
 [ SQL语句 ] : SHOW COLUMNS FROM `meiui_tag`

[ 2018-09-26T18:12:00+08:00 ] 127.0.0.1 /index.php/Home/MeiuiTag/tag?tag_id=5
INFO: [ app_init ] --START--
INFO: Run Behavior\BuildLiteBehavior [ RunTime:0.000024s ]
INFO: [ app_init ] --END-- [ RunTime:0.000412s ]
INFO: [ app_begin ] --START--
INFO: Run Behavior\ReadHtmlCacheBehavior [ RunTime:0.001298s ]
INFO: [ app_begin ] --END-- [ RunTime:0.001571s ]
SQL: SHOW COLUMNS FROM `meiui_tag` [ RunTime:0.0022s ]
SQL: SELECT * FROM `meiui_tag` WHERE ( id=5 ) LIMIT 1   [ RunTime:0.0003s ]

[ 2018-09-26T18:13:37+08:00 ] 127.0.0.1 /index.php/Home/MeiuiTag/tag?tag_id=5
INFO: [ app_init ] --START--
INFO: Run Behavior\BuildLiteBehavior [ RunTime:0.000025s ]
INFO: [ app_init ] --END-- [ RunTime:0.000384s ]
INFO: [ app_begin ] --START--
INFO: Run Behavior\ReadHtmlCacheBehavior [ RunTime:0.000422s ]
INFO: [ app_begin ] --END-- [ RunTime:0.000523s ]
SQL: SHOW COLUMNS FROM `meiui_tag` [ RunTime:0.0022s ]
SQL: SELECT * FROM `meiui_tag` WHERE ( id=5 ) LIMIT 1   [ RunTime:0.0003s ]
INFO: [ app_end ] --START--
INFO: Run Behavior\ShowPageTraceBehavior [ RunTime:0.000652s ]
INFO: [ app_end ] --END-- [ RunTime:0.000785s ]

[ 2018-09-26T18:13:56+08:00 ] 127.0.0.1 /index.php/Home/MeiuiTag/tag?tag_id=5
INFO: [ app_init ] --START--
INFO: Run Behavior\BuildLiteBehavior [ RunTime:0.000026s ]
INFO: [ app_init ] --END-- [ RunTime:0.000380s ]
INFO: [ app_begin ] --START--
INFO: Run Behavior\ReadHtmlCacheBehavior [ RunTime:0.001644s ]
INFO: [ app_begin ] --END-- [ RunTime:0.001823s ]
SQL: SHOW COLUMNS FROM `meiui_tag` [ RunTime:0.0026s ]
SQL: SELECT * FROM `meiui_tag` WHERE ( id=5 ) LIMIT 1   [ RunTime:0.0003s ]
INFO: [ app_end ] --START--
INFO: Run Behavior\ShowPageTraceBehavior [ RunTime:0.000686s ]
INFO: [ app_end ] --END-- [ RunTime:0.000793s ]

[ 2018-09-26T18:13:57+08:00 ] 127.0.0.1 /index.php/Home/MeiuiTag/tag?tag_id=5
INFO: [ app_init ] --START--
INFO: Run Behavior\BuildLiteBehavior [ RunTime:0.000025s ]
INFO: [ app_init ] --END-- [ RunTime:0.000395s ]
INFO: [ app_begin ] --START--
INFO: Run Behavior\ReadHtmlCacheBehavior [ RunTime:0.000466s ]
INFO: [ app_begin ] --END-- [ RunTime:0.000577s ]
SQL: SHOW COLUMNS FROM `meiui_tag` [ RunTime:0.0020s ]
SQL: SELECT * FROM `meiui_tag` WHERE ( id=5 ) LIMIT 1   [ RunTime:0.0004s ]
INFO: [ app_end ] --START--
INFO: Run Behavior\ShowPageTraceBehavior [ RunTime:0.000872s ]
INFO: [ app_end ] --END-- [ RunTime:0.001085s ]

[ 2018-09-26T18:13:59+08:00 ] 127.0.0.1 /index.php/Home/MeiuiTag/tag?tag_id=5
INFO: [ app_init ] --START--
INFO: Run Behavior\BuildLiteBehavior [ RunTime:0.000024s ]
INFO: [ app_init ] --END-- [ RunTime:0.000360s ]
INFO: [ app_begin ] --START--
INFO: Run Behavior\ReadHtmlCacheBehavior [ RunTime:0.000489s ]
INFO: [ app_begin ] --END-- [ RunTime:0.000605s ]
SQL: SHOW COLUMNS FROM `meiui_tag` [ RunTime:0.0021s ]
SQL: SELECT * FROM `meiui_tag` WHERE ( id=5 ) LIMIT 1   [ RunTime:0.0002s ]
INFO: [ app_end ] --START--
INFO: Run Behavior\ShowPageTraceBehavior [ RunTime:0.000580s ]
INFO: [ app_end ] --END-- [ RunTime:0.000729s ]

[ 2018-09-26T18:14:01+08:00 ] 127.0.0.1 /index.php/Home/MeiuiTag/tag?tag_id=155
INFO: [ app_init ] --START--
INFO: Run Behavior\BuildLiteBehavior [ RunTime:0.000025s ]
INFO: [ app_init ] --END-- [ RunTime:0.000413s ]
INFO: [ app_begin ] --START--
INFO: Run Behavior\ReadHtmlCacheBehavior [ RunTime:0.000547s ]
INFO: [ app_begin ] --END-- [ RunTime:0.000651s ]
SQL: SHOW COLUMNS FROM `meiui_tag` [ RunTime:0.0020s ]
SQL: SELECT * FROM `meiui_tag` WHERE ( id=155 ) LIMIT 1   [ RunTime:0.0002s ]
NOTIC: [8] Undefined index: user_id G:\tp\first\Application\Home\Controller\LogTool.class.php 第 12 行.
INFO: [ app_end ] --START--
INFO: Run Behavior\ShowPageTraceBehavior [ RunTime:0.000546s ]
INFO: [ app_end ] --END-- [ RunTime:0.000681s ]

[ 2018-09-26T18:14:03+08:00 ] 127.0.0.1 /index.php/Home/MeiuiTag/tag?tag_id=155
INFO: [ app_init ] --START--
INFO: Run Behavior\BuildLiteBehavior [ RunTime:0.000026s ]
INFO: [ app_init ] --END-- [ RunTime:0.000958s ]
INFO: [ app_begin ] --START--
INFO: Run Behavior\ReadHtmlCacheBehavior [ RunTime:0.000476s ]
INFO: [ app_begin ] --END-- [ RunTime:0.000593s ]
SQL: SHOW COLUMNS FROM `meiui_tag` [ RunTime:0.0019s ]
SQL: SELECT * FROM `meiui_tag` WHERE ( id=155 ) LIMIT 1   [ RunTime:0.0002s ]
NOTIC: [8] Undefined index: user_id G:\tp\first\Application\Home\Controller\LogTool.class.php 第 12 行.
INFO: [ app_end ] --START--
INFO: Run Behavior\ShowPageTraceBehavior [ RunTime:0.000746s ]
INFO: [ app_end ] --END-- [ RunTime:0.000891s ]

[ 2018-09-26T18:15:32+08:00 ] 127.0.0.1 /index.php/Home/MeiuiTag/tag?tag_id=155
INFO: [ app_init ] --START--
INFO: Run Behavior\BuildLiteBehavior [ RunTime:0.000024s ]
INFO: [ app_init ] --END-- [ RunTime:0.000374s ]
INFO: [ app_begin ] --START--
INFO: Run Behavior\ReadHtmlCacheBehavior [ RunTime:0.000443s ]
INFO: [ app_begin ] --END-- [ RunTime:0.000544s ]
SQL: SHOW COLUMNS FROM `meiui_tag` [ RunTime:0.0022s ]
SQL: SELECT * FROM `meiui_tag` WHERE ( id=155 ) LIMIT 1   [ RunTime:0.0002s ]
NOTIC: [8] Undefined index: user_id G:\tp\first\Application\Home\Controller\LogTool.class.php 第 12 行.
INFO: [ app_end ] --START--
INFO: Run Behavior\ShowPageTraceBehavior [ RunTime:0.000558s ]
INFO: [ app_end ] --END-- [ RunTime:0.000683s ]

[ 2018-09-26T18:16:00+08:00 ] 127.0.0.1 /index.php/Home/MeiuiTag/tag?
INFO: [ app_init ] --START--
INFO: Run Behavior\BuildLiteBehavior [ RunTime:0.000024s ]
INFO: [ app_init ] --END-- [ RunTime:0.000545s ]
INFO: [ app_begin ] --START--
INFO: Run Behavior\ReadHtmlCacheBehavior [ RunTime:0.000595s ]
INFO: [ app_begin ] --END-- [ RunTime:0.000762s ]
NOTIC: [8] Undefined index: tag_id G:\tp\first\Application\Home\Controller\MeiuiTagController.class.php 第 13 行.
NOTIC: [8] Undefined index: user_id G:\tp\first\Application\Home\Controller\LogTool.class.php 第 12 行.
INFO: [ app_end ] --START--
INFO: Run Behavior\ShowPageTraceBehavior [ RunTime:0.000742s ]
INFO: [ app_end ] --END-- [ RunTime:0.000889s ]

[ 2018-09-26T18:16:10+08:00 ] 127.0.0.1 /index.php/Home/MeiuiTag/tag?tag_id=5
INFO: [ app_init ] --START--
INFO: Run Behavior\BuildLiteBehavior [ RunTime:0.000023s ]
INFO: [ app_init ] --END-- [ RunTime:0.000388s ]
INFO: [ app_begin ] --START--
INFO: Run Behavior\ReadHtmlCacheBehavior [ RunTime:0.000558s ]
INFO: [ app_begin ] --END-- [ RunTime:0.000665s ]
SQL: SHOW COLUMNS FROM `meiui_tag` [ RunTime:0.0023s ]
SQL: SELECT * FROM `meiui_tag` WHERE ( id=5 ) LIMIT 1   [ RunTime:0.0003s ]
INFO: [ app_end ] --START--
INFO: Run Behavior\ShowPageTraceBehavior [ RunTime:0.000510s ]
INFO: [ app_end ] --END-- [ RunTime:0.000615s ]

[ 2018-09-26T18:17:14+08:00 ] 127.0.0.1 /index.php/Home/MeiuiTag/tag?tag_id=5
INFO: [ app_init ] --START--
INFO: Run Behavior\BuildLiteBehavior [ RunTime:0.000023s ]
INFO: [ app_init ] --END-- [ RunTime:0.000375s ]
INFO: [ app_begin ] --START--
INFO: Run Behavior\ReadHtmlCacheBehavior [ RunTime:0.000421s ]
INFO: [ app_begin ] --END-- [ RunTime:0.000531s ]
SQL: SHOW COLUMNS FROM `meiui_tag` [ RunTime:0.0021s ]
SQL: SELECT * FROM `meiui_tag` WHERE ( id=5 ) LIMIT 1   [ RunTime:0.0003s ]
INFO: [ app_end ] --START--
INFO: Run Behavior\ShowPageTraceBehavior [ RunTime:0.000793s ]
INFO: [ app_end ] --END-- [ RunTime:0.000951s ]

[ 2018-09-26T18:17:40+08:00 ] 127.0.0.1 /index.php/Home/MeiuiTag/tag?tag_id=5
INFO: [ app_init ] --START--
INFO: Run Behavior\BuildLiteBehavior [ RunTime:0.000025s ]
INFO: [ app_init ] --END-- [ RunTime:0.000398s ]
INFO: [ app_begin ] --START--
INFO: Run Behavior\ReadHtmlCacheBehavior [ RunTime:0.000425s ]
INFO: [ app_begin ] --END-- [ RunTime:0.000527s ]
SQL: SHOW COLUMNS FROM `meiui_tag` [ RunTime:0.0026s ]
SQL: SELECT * FROM `meiui_tag` WHERE ( id=5 ) LIMIT 1   [ RunTime:0.0003s ]
INFO: [ app_end ] --START--
INFO: Run Behavior\ShowPageTraceBehavior [ RunTime:0.000516s ]
INFO: [ app_end ] --END-- [ RunTime:0.000648s ]

[ 2018-09-26T18:19:04+08:00 ] 127.0.0.1 /index.php/Home/MeiuiTag/tag?tag_id=5
INFO: [ app_init ] --START--
INFO: Run Behavior\BuildLiteBehavior [ RunTime:0.000024s ]
INFO: [ app_init ] --END-- [ RunTime:0.000392s ]
INFO: [ app_begin ] --START--
INFO: Run Behavior\ReadHtmlCacheBehavior [ RunTime:0.000522s ]
INFO: [ app_begin ] --END-- [ RunTime:0.000624s ]
SQL: SHOW COLUMNS FROM `meiui_tag` [ RunTime:0.0019s ]
SQL: SELECT * FROM `meiui_tag` WHERE ( id=5 ) LIMIT 1   [ RunTime:0.0002s ]
NOTIC: [2] json_decode() expects parameter 1 to be string, array given G:\tp\first\Application\Home\Controller\MeiuiTagController.class.php 第 23 行.
INFO: [ app_end ] --START--
INFO: Run Behavior\ShowPageTraceBehavior [ RunTime:0.000625s ]
INFO: [ app_end ] --END-- [ RunTime:0.000726s ]

[ 2018-09-26T18:19:38+08:00 ] 127.0.0.1 /index.php/Home/MeiuiTag/tag?tag_id=5
INFO: [ app_init ] --START--
INFO: Run Behavior\BuildLiteBehavior [ RunTime:0.000024s ]
INFO: [ app_init ] --END-- [ RunTime:0.000502s ]
INFO: [ app_begin ] --START--
INFO: Run Behavior\ReadHtmlCacheBehavior [ RunTime:0.000490s ]
INFO: [ app_begin ] --END-- [ RunTime:0.000618s ]
SQL: SHOW COLUMNS FROM `meiui_tag` [ RunTime:0.0022s ]
SQL: SELECT * FROM `meiui_tag` WHERE ( id=5 ) LIMIT 1   [ RunTime:0.0004s ]
NOTIC: [2] json_decode() expects parameter 1 to be string, array given G:\tp\first\Application\Home\Controller\MeiuiTagController.class.php 第 23 行.
INFO: [ app_end ] --START--
INFO: Run Behavior\ShowPageTraceBehavior [ RunTime:0.000691s ]
INFO: [ app_end ] --END-- [ RunTime:0.000789s ]

[ 2018-09-26T18:20:01+08:00 ] 127.0.0.1 /index.php/Home/MeiuiTag/tag?tag_id=5
INFO: [ app_init ] --START--
INFO: Run Behavior\BuildLiteBehavior [ RunTime:0.000025s ]
INFO: [ app_init ] --END-- [ RunTime:0.000370s ]
INFO: [ app_begin ] --START--
INFO: Run Behavior\ReadHtmlCacheBehavior [ RunTime:0.000426s ]
INFO: [ app_begin ] --END-- [ RunTime:0.000529s ]
SQL: SHOW COLUMNS FROM `meiui_tag` [ RunTime:0.0019s ]
SQL: SELECT * FROM `meiui_tag` WHERE ( id=5 ) LIMIT 1   [ RunTime:0.0005s ]
INFO: [ app_end ] --START--
INFO: Run Behavior\ShowPageTraceBehavior [ RunTime:0.000762s ]
INFO: [ app_end ] --END-- [ RunTime:0.000909s ]

[ 2018-09-26T19:52:45+08:00 ] 127.0.0.1 /index.php/Home/MeiuiTag/tag?tag_id=5
INFO: [ app_init ] --START--
INFO: Run Behavior\BuildLiteBehavior [ RunTime:0.000026s ]
INFO: [ app_init ] --END-- [ RunTime:0.000410s ]
INFO: [ app_begin ] --START--
INFO: Run Behavior\ReadHtmlCacheBehavior [ RunTime:0.000546s ]
INFO: [ app_begin ] --END-- [ RunTime:0.000678s ]
ERR: SQLSTATE[HY000] [1045] Access denied for user 'root'@'localhost' (using password: YES)

[ 2018-09-26T19:54:02+08:00 ] 127.0.0.1 /index.php/Home/MeiuiTag/tag?tag_id=5
INFO: [ app_init ] --START--
INFO: Run Behavior\BuildLiteBehavior [ RunTime:0.000024s ]
INFO: [ app_init ] --END-- [ RunTime:0.000378s ]
INFO: [ app_begin ] --START--
INFO: Run Behavior\ReadHtmlCacheBehavior [ RunTime:0.000427s ]
INFO: [ app_begin ] --END-- [ RunTime:0.000537s ]
ERR: 1146:Table 'shuliang.meiui_tag' doesn't exist
 [ SQL语句 ] : SHOW COLUMNS FROM `meiui_tag`
ERR: 1146:Table 'shuliang.meiui_tag' doesn't exist
 [ SQL语句 ] : SHOW COLUMNS FROM `meiui_tag`

[ 2018-09-26T19:54:23+08:00 ] 127.0.0.1 /index.php/Home/MeiuiTag/tag?tag_id=5
INFO: [ app_init ] --START--
INFO: Run Behavior\BuildLiteBehavior [ RunTime:0.000025s ]
INFO: [ app_init ] --END-- [ RunTime:0.000539s ]
INFO: [ app_begin ] --START--
INFO: Run Behavior\ReadHtmlCacheBehavior [ RunTime:0.000567s ]
INFO: [ app_begin ] --END-- [ RunTime:0.000720s ]
ERR: 1146:Table 'shuliang.meiui_tag' doesn't exist
 [ SQL语句 ] : SHOW COLUMNS FROM `meiui_tag`
ERR: 1146:Table 'shuliang.meiui_tag' doesn't exist
 [ SQL语句 ] : SHOW COLUMNS FROM `meiui_tag`

[ 2018-09-26T19:54:24+08:00 ] 127.0.0.1 /index.php/Home/MeiuiTag/tag?tag_id=5
INFO: [ app_init ] --START--
INFO: Run Behavior\BuildLiteBehavior [ RunTime:0.000024s ]
INFO: [ app_init ] --END-- [ RunTime:0.000355s ]
INFO: [ app_begin ] --START--
INFO: Run Behavior\ReadHtmlCacheBehavior [ RunTime:0.000531s ]
INFO: [ app_begin ] --END-- [ RunTime:0.000643s ]
ERR: 1146:Table 'shuliang.meiui_tag' doesn't exist
 [ SQL语句 ] : SHOW COLUMNS FROM `meiui_tag`
ERR: 1146:Table 'shuliang.meiui_tag' doesn't exist
 [ SQL语句 ] : SHOW COLUMNS FROM `meiui_tag`

[ 2018-09-26T19:57:17+08:00 ] 127.0.0.1 /index.php/Home/MeiuiTag/tag?tag_id=5
INFO: [ app_init ] --START--
INFO: Run Behavior\BuildLiteBehavior [ RunTime:0.000362s ]
INFO: [ app_init ] --END-- [ RunTime:0.001960s ]
INFO: [ app_begin ] --START--
INFO: Run Behavior\ReadHtmlCacheBehavior [ RunTime:0.000730s ]
INFO: [ app_begin ] --END-- [ RunTime:0.000913s ]
ERR: 1146:Table 'shuliang.meiui_tag' doesn't exist
 [ SQL语句 ] : SHOW COLUMNS FROM `meiui_tag`
ERR: 1146:Table 'shuliang.meiui_tag' doesn't exist
 [ SQL语句 ] : SHOW COLUMNS FROM `meiui_tag`

[ 2018-09-26T19:57:28+08:00 ] 127.0.0.1 /index.php/Home/MeiuiTag/tag?tag_id=5
INFO: [ app_init ] --START--
INFO: Run Behavior\BuildLiteBehavior [ RunTime:0.000026s ]
INFO: [ app_init ] --END-- [ RunTime:0.000392s ]
INFO: [ app_begin ] --START--
INFO: Run Behavior\ReadHtmlCacheBehavior [ RunTime:0.000651s ]
INFO: [ app_begin ] --END-- [ RunTime:0.000846s ]
ERR: 1146:Table 'shuliang.meiui_tag' doesn't exist
 [ SQL语句 ] : SHOW COLUMNS FROM `meiui_tag`
ERR: 1146:Table 'shuliang.meiui_tag' doesn't exist
 [ SQL语句 ] : SHOW COLUMNS FROM `meiui_tag`

[ 2018-09-26T20:00:34+08:00 ] 127.0.0.1 /index.php/Home/Search/user
INFO: [ app_init ] --START--
INFO: Run Behavior\BuildLiteBehavior [ RunTime:0.000053s ]
INFO: [ app_init ] --END-- [ RunTime:0.000804s ]
INFO: [ app_begin ] --START--
INFO: Run Behavior\ReadHtmlCacheBehavior [ RunTime:0.000648s ]
INFO: [ app_begin ] --END-- [ RunTime:0.000792s ]
INFO: [ app_end ] --START--
INFO: Run Behavior\ShowPageTraceBehavior [ RunTime:0.000899s ]
INFO: [ app_end ] --END-- [ RunTime:0.001098s ]

[ 2018-09-26T20:00:36+08:00 ] 127.0.0.1 /index.php/Home/Search/user
INFO: [ app_init ] --START--
INFO: Run Behavior\BuildLiteBehavior [ RunTime:0.000027s ]
INFO: [ app_init ] --END-- [ RunTime:0.000554s ]
INFO: [ app_begin ] --START--
INFO: Run Behavior\ReadHtmlCacheBehavior [ RunTime:0.000613s ]
INFO: [ app_begin ] --END-- [ RunTime:0.000797s ]
INFO: [ app_end ] --START--
INFO: Run Behavior\ShowPageTraceBehavior [ RunTime:0.002402s ]
INFO: [ app_end ] --END-- [ RunTime:0.002889s ]

[ 2018-09-26T20:00:39+08:00 ] 127.0.0.1 /index.php/Home/Search/user
INFO: [ app_init ] --START--
INFO: Run Behavior\BuildLiteBehavior [ RunTime:0.000042s ]
INFO: [ app_init ] --END-- [ RunTime:0.000598s ]
INFO: [ app_begin ] --START--
INFO: Run Behavior\ReadHtmlCacheBehavior [ RunTime:0.000621s ]
INFO: [ app_begin ] --END-- [ RunTime:0.000859s ]
INFO: [ app_end ] --START--
INFO: Run Behavior\ShowPageTraceBehavior [ RunTime:0.004136s ]
INFO: [ app_end ] --END-- [ RunTime:0.004734s ]

[ 2018-09-26T20:00:45+08:00 ] 127.0.0.1 /index.php/Home/Bk/BK
INFO: [ app_init ] --START--
INFO: Run Behavior\BuildLiteBehavior [ RunTime:0.000026s ]
INFO: [ app_init ] --END-- [ RunTime:0.000517s ]
INFO: [ app_begin ] --START--
INFO: Run Behavior\ReadHtmlCacheBehavior [ RunTime:0.000739s ]
INFO: [ app_begin ] --END-- [ RunTime:0.000927s ]
SQL: SHOW COLUMNS FROM `bk` [ RunTime:0.1257s ]
SQL: SELECT * FROM `bk` LIMIT 1   [ RunTime:0.0002s ]
SQL: SELECT * FROM `bk` WHERE ( id=1 AND title="mudi" ) LIMIT 1   [ RunTime:0.0321s ]
SQL: SELECT `author` FROM `bk` WHERE ( id=2 ) LIMIT 1   [ RunTime:0.0002s ]
SQL: SELECT `id` FROM `bk`  [ RunTime:0.0002s ]
SQL: SELECT `id`,`author` FROM `bk`  [ RunTime:0.0041s ]
SQL: SELECT `id`,`author` FROM `bk` LIMIT 3   [ RunTime:0.0002s ]
SQL: SELECT `id`,`title`,`author` FROM `bk`  [ RunTime:0.0002s ]
SQL: UPDATE `bk` SET `id`='8',`title`='mm',`author`='Think' WHERE ( id=8 ) [ RunTime:0.0849s ]
SQL: SELECT * FROM `bk` WHERE ( id=8 ) LIMIT 1   [ RunTime:0.0003s ]
INFO: [ app_end ] --START--
INFO: Run Behavior\ShowPageTraceBehavior [ RunTime:0.000662s ]
INFO: [ app_end ] --END-- [ RunTime:0.000762s ]

[ 2018-09-26T20:01:31+08:00 ] 127.0.0.1 /index.php/Home/Bk/BK
INFO: [ app_init ] --START--
INFO: Run Behavior\BuildLiteBehavior [ RunTime:0.000024s ]
INFO: [ app_init ] --END-- [ RunTime:0.000379s ]
INFO: [ app_begin ] --START--
INFO: Run Behavior\ReadHtmlCacheBehavior [ RunTime:0.000436s ]
INFO: [ app_begin ] --END-- [ RunTime:0.000548s ]
SQL: SHOW COLUMNS FROM `bk` [ RunTime:0.0018s ]
SQL: SELECT * FROM `bk` LIMIT 1   [ RunTime:0.0002s ]
SQL: SELECT * FROM `bk` WHERE ( id=1 AND title="mudi" ) LIMIT 1   [ RunTime:0.0002s ]
SQL: SELECT `author` FROM `bk` WHERE ( id=2 ) LIMIT 1   [ RunTime:0.0001s ]
SQL: SELECT `id` FROM `bk`  [ RunTime:0.0002s ]
SQL: SELECT `id`,`author` FROM `bk`  [ RunTime:0.0002s ]
SQL: SELECT `id`,`author` FROM `bk` LIMIT 3   [ RunTime:0.0001s ]
SQL: SELECT `id`,`title`,`author` FROM `bk`  [ RunTime:0.0002s ]
SQL: UPDATE `bk` SET `id`='8',`title`='mm',`author`='Think' WHERE ( id=8 ) [ RunTime:0.0800s ]
SQL: SELECT * FROM `bk` WHERE ( id=8 ) LIMIT 1   [ RunTime:0.0002s ]
INFO: [ app_end ] --START--
INFO: Run Behavior\ShowPageTraceBehavior [ RunTime:0.000509s ]
INFO: [ app_end ] --END-- [ RunTime:0.000610s ]

[ 2018-09-26T20:01:32+08:00 ] 127.0.0.1 /index.php/Home/Bk/BK
INFO: [ app_init ] --START--
INFO: Run Behavior\BuildLiteBehavior [ RunTime:0.000024s ]
INFO: [ app_init ] --END-- [ RunTime:0.000397s ]
INFO: [ app_begin ] --START--
INFO: Run Behavior\ReadHtmlCacheBehavior [ RunTime:0.000426s ]
INFO: [ app_begin ] --END-- [ RunTime:0.000570s ]
SQL: SHOW COLUMNS FROM `bk` [ RunTime:0.0023s ]
SQL: SELECT * FROM `bk` LIMIT 1   [ RunTime:0.0004s ]
SQL: SELECT * FROM `bk` WHERE ( id=1 AND title="mudi" ) LIMIT 1   [ RunTime:0.0003s ]
SQL: SELECT `author` FROM `bk` WHERE ( id=2 ) LIMIT 1   [ RunTime:0.0002s ]
SQL: SELECT `id` FROM `bk`  [ RunTime:0.0002s ]
SQL: SELECT `id`,`author` FROM `bk`  [ RunTime:0.0002s ]
SQL: SELECT `id`,`author` FROM `bk` LIMIT 3   [ RunTime:0.0002s ]
SQL: SELECT `id`,`title`,`author` FROM `bk`  [ RunTime:0.0002s ]
SQL: UPDATE `bk` SET `id`='8',`title`='mm',`author`='Think' WHERE ( id=8 ) [ RunTime:0.0350s ]
SQL: SELECT * FROM `bk` WHERE ( id=8 ) LIMIT 1   [ RunTime:0.0003s ]
INFO: [ app_end ] --START--
INFO: Run Behavior\ShowPageTraceBehavior [ RunTime:0.000567s ]
INFO: [ app_end ] --END-- [ RunTime:0.000668s ]

[ 2018-09-26T20:04:32+08:00 ] 127.0.0.1 /index.php/Home/MeiuiTag/tag?tag_id=5
INFO: [ app_init ] --START--
INFO: Run Behavior\BuildLiteBehavior [ RunTime:0.000027s ]
INFO: [ app_init ] --END-- [ RunTime:0.000464s ]
INFO: [ app_begin ] --START--
INFO: Run Behavior\ReadHtmlCacheBehavior [ RunTime:0.000623s ]
INFO: [ app_begin ] --END-- [ RunTime:0.000766s ]
ERR: 1146:Table 'shuliang.meiui_tag' doesn't exist
 [ SQL语句 ] : SHOW COLUMNS FROM `meiui_tag`
ERR: 1146:Table 'shuliang.meiui_tag' doesn't exist
 [ SQL语句 ] : SHOW COLUMNS FROM `meiui_tag`

[ 2018-09-26T20:04:43+08:00 ] 127.0.0.1 /index.php/Home/MeiuiTag/tag?tag_id=5
INFO: [ app_init ] --START--
INFO: Run Behavior\BuildLiteBehavior [ RunTime:0.000024s ]
INFO: [ app_init ] --END-- [ RunTime:0.000400s ]
INFO: [ app_begin ] --START--
INFO: Run Behavior\ReadHtmlCacheBehavior [ RunTime:0.000482s ]
INFO: [ app_begin ] --END-- [ RunTime:0.000614s ]
ERR: 1146:Table 'shuliang.meiui_tag' doesn't exist
 [ SQL语句 ] : SHOW COLUMNS FROM `meiui_tag`
ERR: 1146:Table 'shuliang.meiui_tag' doesn't exist
 [ SQL语句 ] : SHOW COLUMNS FROM `meiui_tag`

[ 2018-09-26T20:06:16+08:00 ] 127.0.0.1 /index.php/Home/Mui/mui?user_id=155
INFO: [ app_init ] --START--
INFO: Run Behavior\BuildLiteBehavior [ RunTime:0.000043s ]
INFO: [ app_init ] --END-- [ RunTime:0.000814s ]
INFO: [ app_begin ] --START--
INFO: Run Behavior\ReadHtmlCacheBehavior [ RunTime:0.002147s ]
INFO: [ app_begin ] --END-- [ RunTime:0.002573s ]
SQL: SHOW COLUMNS FROM `meiui_user` [ RunTime:0.0023s ]
SQL: SELECT * FROM `meiui_user` WHERE ( id="3" ) LIMIT 1   [ RunTime:0.0003s ]
SQL: SELECT * FROM `meiui_user` WHERE ( id=155 ) LIMIT 1   [ RunTime:0.0002s ]
INFO: [ app_end ] --START--
INFO: Run Behavior\ShowPageTraceBehavior [ RunTime:0.000707s ]
INFO: [ app_end ] --END-- [ RunTime:0.000855s ]

[ 2018-09-26T20:06:28+08:00 ] 127.0.0.1 /index.php/Home/Tag/tag
INFO: [ app_init ] --START--
INFO: Run Behavior\BuildLiteBehavior [ RunTime:0.000050s ]
INFO: [ app_init ] --END-- [ RunTime:0.000620s ]
INFO: [ app_begin ] --START--
INFO: Run Behavior\ReadHtmlCacheBehavior [ RunTime:0.000755s ]
INFO: [ app_begin ] --END-- [ RunTime:0.000973s ]
SQL: SHOW COLUMNS FROM `meiui_tag` [ RunTime:0.0020s ]
SQL: SELECT * FROM `meiui_tag` WHERE ( id=3 ) LIMIT 1   [ RunTime:0.0002s ]
NOTIC: [8] Undefined index: validate G:\tp\first\ThinkPHP\Library\Think\Model.class.php 第 1185 行.
NOTIC: [8] Undefined index: auto G:\tp\first\ThinkPHP\Library\Think\Model.class.php 第 1128 行.
NOTIC: [8] Undefined index: validate G:\tp\first\ThinkPHP\Library\Think\Model.class.php 第 1185 行.
NOTIC: [8] Undefined index: auto G:\tp\first\ThinkPHP\Library\Think\Model.class.php 第 1128 行.
SQL: SELECT * FROM `meiui_tag` WHERE ( tag_type=2 ) LIMIT 1   [ RunTime:0.0004s ]
SQL: SELECT * FROM `meiui_tag` WHERE ( tag_type=2 ) ORDER BY create_time LIMIT 3   [ RunTime:0.0314s ]
SQL: SELECT `id` FROM `meiui_tag`  [ RunTime:0.0003s ]
SQL: SELECT `id` FROM `meiui_tag` LIMIT 3   [ RunTime:0.0002s ]
SQL: SELECT `id`,`tag_type` FROM `meiui_tag`  [ RunTime:0.0003s ]
SQL: SELECT `id`,`tag_type`,`create_user` FROM `meiui_tag`  [ RunTime:0.0003s ]
SQL: SELECT `id`,`tag_type`,`create_user` FROM `meiui_tag`  [ RunTime:0.0003s ]
INFO: [ app_end ] --START--
INFO: Run Behavior\ShowPageTraceBehavior [ RunTime:0.000689s ]
INFO: [ app_end ] --END-- [ RunTime:0.000790s ]

[ 2018-09-26T20:09:57+08:00 ] 127.0.0.1 /index.php/Home/Tag/tag
INFO: [ app_init ] --START--
INFO: Run Behavior\BuildLiteBehavior [ RunTime:0.000024s ]
INFO: [ app_init ] --END-- [ RunTime:0.000417s ]
INFO: [ app_begin ] --START--
INFO: Run Behavior\ReadHtmlCacheBehavior [ RunTime:0.000599s ]
INFO: [ app_begin ] --END-- [ RunTime:0.000711s ]
SQL: SHOW COLUMNS FROM `meiui_tag` [ RunTime:0.0023s ]
SQL: SELECT * FROM `meiui_tag` WHERE ( id=3 ) LIMIT 1   [ RunTime:0.0003s ]
NOTIC: [8] Undefined index: validate G:\tp\first\ThinkPHP\Library\Think\Model.class.php 第 1185 行.
NOTIC: [8] Undefined index: auto G:\tp\first\ThinkPHP\Library\Think\Model.class.php 第 1128 行.
NOTIC: [8] Undefined index: validate G:\tp\first\ThinkPHP\Library\Think\Model.class.php 第 1185 行.
NOTIC: [8] Undefined index: auto G:\tp\first\ThinkPHP\Library\Think\Model.class.php 第 1128 行.
SQL: SELECT * FROM `meiui_tag` WHERE ( tag_type=2 ) LIMIT 1   [ RunTime:0.0002s ]
SQL: SELECT * FROM `meiui_tag` WHERE ( tag_type=2 ) ORDER BY create_time LIMIT 3   [ RunTime:0.0003s ]
SQL: SELECT `id` FROM `meiui_tag`  [ RunTime:0.0002s ]
SQL: SELECT `id` FROM `meiui_tag` LIMIT 3   [ RunTime:0.0002s ]
SQL: SELECT `id`,`tag_type` FROM `meiui_tag`  [ RunTime:0.0002s ]
SQL: SELECT `id`,`tag_type`,`create_user` FROM `meiui_tag`  [ RunTime:0.0002s ]
SQL: SELECT `id`,`tag_type`,`create_user` FROM `meiui_tag`  [ RunTime:0.0011s ]
ERR: 1062:Duplicate entry '1' for key 'PRIMARY'
 [ SQL语句 ] : UPDATE `meiui_tag` SET `id`='1',`tag_name`='sign',`create_user`='ly',`create_time`='1453362801',`tag_type`='6',`using_flag`='1' WHERE ( id=5 )
ERR: 1062:Duplicate entry '1' for key 'PRIMARY'
 [ SQL语句 ] : UPDATE `meiui_tag` SET `id`='1',`tag_name`='sign',`create_user`='ly',`create_time`='1453362801',`tag_type`='6',`using_flag`='1' WHERE ( id=5 )

[ 2018-09-26T20:10:45+08:00 ] 127.0.0.1 /index.php/Home/Tag/tag
INFO: [ app_init ] --START--
INFO: Run Behavior\BuildLiteBehavior [ RunTime:0.000024s ]
INFO: [ app_init ] --END-- [ RunTime:0.000381s ]
INFO: [ app_begin ] --START--
INFO: Run Behavior\ReadHtmlCacheBehavior [ RunTime:0.000427s ]
INFO: [ app_begin ] --END-- [ RunTime:0.000548s ]
SQL: SHOW COLUMNS FROM `meiui_tag` [ RunTime:0.0023s ]
SQL: SELECT * FROM `meiui_tag` WHERE ( id=3 ) LIMIT 1   [ RunTime:0.0003s ]
NOTIC: [8] Undefined index: validate G:\tp\first\ThinkPHP\Library\Think\Model.class.php 第 1185 行.
NOTIC: [8] Undefined index: auto G:\tp\first\ThinkPHP\Library\Think\Model.class.php 第 1128 行.
NOTIC: [8] Undefined index: validate G:\tp\first\ThinkPHP\Library\Think\Model.class.php 第 1185 行.
NOTIC: [8] Undefined index: auto G:\tp\first\ThinkPHP\Library\Think\Model.class.php 第 1128 行.
SQL: SELECT * FROM `meiui_tag` WHERE ( tag_type=2 ) LIMIT 1   [ RunTime:0.0002s ]
SQL: SELECT * FROM `meiui_tag` WHERE ( tag_type=2 ) ORDER BY create_time LIMIT 3   [ RunTime:0.0003s ]
SQL: SELECT `id` FROM `meiui_tag`  [ RunTime:0.0002s ]
SQL: SELECT `id` FROM `meiui_tag` LIMIT 3   [ RunTime:0.0002s ]
SQL: SELECT `id`,`tag_type` FROM `meiui_tag`  [ RunTime:0.0003s ]
SQL: SELECT `id`,`tag_type`,`create_user` FROM `meiui_tag`  [ RunTime:0.0003s ]
SQL: SELECT `id`,`tag_type`,`create_user` FROM `meiui_tag`  [ RunTime:0.0003s ]
ERR: 1062:Duplicate entry '1' for key 'PRIMARY'
 [ SQL语句 ] : UPDATE `meiui_tag` SET `id`='1',`tag_name`='sign',`create_user`='8',`create_time`='1453362801',`tag_type`='6',`using_flag`='1' WHERE ( id=5 )
ERR: 1062:Duplicate entry '1' for key 'PRIMARY'
 [ SQL语句 ] : UPDATE `meiui_tag` SET `id`='1',`tag_name`='sign',`create_user`='8',`create_time`='1453362801',`tag_type`='6',`using_flag`='1' WHERE ( id=5 )

[ 2018-09-26T20:11:31+08:00 ] 127.0.0.1 /index.php/Home/Tag/tag
INFO: [ app_init ] --START--
INFO: Run Behavior\BuildLiteBehavior [ RunTime:0.000024s ]
INFO: [ app_init ] --END-- [ RunTime:0.000355s ]
INFO: [ app_begin ] --START--
INFO: Run Behavior\ReadHtmlCacheBehavior [ RunTime:0.000460s ]
INFO: [ app_begin ] --END-- [ RunTime:0.000574s ]
SQL: SHOW COLUMNS FROM `meiui_tag` [ RunTime:0.0021s ]
SQL: SELECT * FROM `meiui_tag` WHERE ( id=3 ) LIMIT 1   [ RunTime:0.0003s ]
NOTIC: [8] Undefined index: validate G:\tp\first\ThinkPHP\Library\Think\Model.class.php 第 1185 行.
NOTIC: [8] Undefined index: auto G:\tp\first\ThinkPHP\Library\Think\Model.class.php 第 1128 行.
NOTIC: [8] Undefined index: validate G:\tp\first\ThinkPHP\Library\Think\Model.class.php 第 1185 行.
NOTIC: [8] Undefined index: auto G:\tp\first\ThinkPHP\Library\Think\Model.class.php 第 1128 行.
SQL: SELECT * FROM `meiui_tag` WHERE ( tag_type=2 ) LIMIT 1   [ RunTime:0.0003s ]
SQL: SELECT * FROM `meiui_tag` WHERE ( tag_type=2 ) ORDER BY create_time LIMIT 3   [ RunTime:0.0002s ]
SQL: SELECT `id` FROM `meiui_tag`  [ RunTime:0.0002s ]
SQL: SELECT `id` FROM `meiui_tag` LIMIT 3   [ RunTime:0.0002s ]
SQL: SELECT `id`,`tag_type` FROM `meiui_tag`  [ RunTime:0.0003s ]
SQL: SELECT `id`,`tag_type`,`create_user` FROM `meiui_tag`  [ RunTime:0.0003s ]
SQL: SELECT `id`,`tag_type`,`create_user` FROM `meiui_tag`  [ RunTime:0.0003s ]
ERR: 1062:Duplicate entry '1' for key 'PRIMARY'
 [ SQL语句 ] : UPDATE `meiui_tag` SET `id`='1',`tag_name`='sign',`create_user`='8',`create_time`='1453362801',`tag_type`='6',`using_flag`='1' WHERE ( id=5 )
ERR: 1062:Duplicate entry '1' for key 'PRIMARY'
 [ SQL语句 ] : UPDATE `meiui_tag` SET `id`='1',`tag_name`='sign',`create_user`='8',`create_time`='1453362801',`tag_type`='6',`using_flag`='1' WHERE ( id=5 )

[ 2018-09-26T20:11:37+08:00 ] 127.0.0.1 /index.php/Home/Tag/tag
INFO: [ app_init ] --START--
INFO: Run Behavior\BuildLiteBehavior [ RunTime:0.000044s ]
INFO: [ app_init ] --END-- [ RunTime:0.000463s ]
INFO: [ app_begin ] --START--
INFO: Run Behavior\ReadHtmlCacheBehavior [ RunTime:0.001363s ]
INFO: [ app_begin ] --END-- [ RunTime:0.001595s ]
SQL: SHOW COLUMNS FROM `meiui_tag` [ RunTime:0.0019s ]
SQL: SELECT * FROM `meiui_tag` WHERE ( id=3 ) LIMIT 1   [ RunTime:0.0003s ]
NOTIC: [8] Undefined index: validate G:\tp\first\ThinkPHP\Library\Think\Model.class.php 第 1185 行.
NOTIC: [8] Undefined index: auto G:\tp\first\ThinkPHP\Library\Think\Model.class.php 第 1128 行.
NOTIC: [8] Undefined index: validate G:\tp\first\ThinkPHP\Library\Think\Model.class.php 第 1185 行.
NOTIC: [8] Undefined index: auto G:\tp\first\ThinkPHP\Library\Think\Model.class.php 第 1128 行.
SQL: SELECT * FROM `meiui_tag` WHERE ( tag_type=2 ) LIMIT 1   [ RunTime:0.0003s ]
SQL: SELECT * FROM `meiui_tag` WHERE ( tag_type=2 ) ORDER BY create_time LIMIT 3   [ RunTime:0.0003s ]
SQL: SELECT `id` FROM `meiui_tag`  [ RunTime:0.0003s ]
SQL: SELECT `id` FROM `meiui_tag` LIMIT 3   [ RunTime:0.0002s ]
SQL: SELECT `id`,`tag_type` FROM `meiui_tag`  [ RunTime:0.0003s ]
SQL: SELECT `id`,`tag_type`,`create_user` FROM `meiui_tag`  [ RunTime:0.0003s ]
SQL: SELECT `id`,`tag_type`,`create_user` FROM `meiui_tag`  [ RunTime:0.0005s ]
ERR: 1062:Duplicate entry '1' for key 'PRIMARY'
 [ SQL语句 ] : UPDATE `meiui_tag` SET `id`='1',`tag_name`='sign',`create_user`='8',`create_time`='1453362801',`tag_type`='6',`using_flag`='1' WHERE ( id=5 )
ERR: 1062:Duplicate entry '1' for key 'PRIMARY'
 [ SQL语句 ] : UPDATE `meiui_tag` SET `id`='1',`tag_name`='sign',`create_user`='8',`create_time`='1453362801',`tag_type`='6',`using_flag`='1' WHERE ( id=5 )

[ 2018-09-26T20:13:59+08:00 ] 127.0.0.1 /index.php/Home/Tag/tag
INFO: [ app_init ] --START--
INFO: Run Behavior\BuildLiteBehavior [ RunTime:0.000025s ]
INFO: [ app_init ] --END-- [ RunTime:0.000422s ]
INFO: [ app_begin ] --START--
INFO: Run Behavior\ReadHtmlCacheBehavior [ RunTime:0.000690s ]
INFO: [ app_begin ] --END-- [ RunTime:0.000856s ]
SQL: SHOW COLUMNS FROM `meiui_tag` [ RunTime:0.0022s ]
SQL: SELECT * FROM `meiui_tag` WHERE ( id=3 ) LIMIT 1   [ RunTime:0.0003s ]
NOTIC: [8] Undefined index: validate G:\tp\first\ThinkPHP\Library\Think\Model.class.php 第 1185 行.
NOTIC: [8] Undefined index: auto G:\tp\first\ThinkPHP\Library\Think\Model.class.php 第 1128 行.
NOTIC: [8] Undefined index: validate G:\tp\first\ThinkPHP\Library\Think\Model.class.php 第 1185 行.
NOTIC: [8] Undefined index: auto G:\tp\first\ThinkPHP\Library\Think\Model.class.php 第 1128 行.
SQL: SELECT * FROM `meiui_tag` WHERE ( tag_type=2 ) LIMIT 1   [ RunTime:0.0003s ]
SQL: SELECT * FROM `meiui_tag` WHERE ( tag_type=2 ) ORDER BY create_time LIMIT 3   [ RunTime:0.0002s ]
SQL: SELECT `id` FROM `meiui_tag`  [ RunTime:0.0002s ]
SQL: SELECT `id` FROM `meiui_tag` LIMIT 3   [ RunTime:0.0002s ]
SQL: SELECT `id`,`tag_type` FROM `meiui_tag`  [ RunTime:0.0003s ]
SQL: SELECT `id`,`tag_type`,`create_user` FROM `meiui_tag`  [ RunTime:0.0003s ]
SQL: SELECT `id`,`tag_type`,`create_user` FROM `meiui_tag`  [ RunTime:0.0003s ]
SQL: UPDATE `meiui_tag` SET `id`='5',`tag_name`='sign',`create_user`='8',`create_time`='1453362801',`tag_type`='6',`using_flag`='1' WHERE ( id=5 ) [ RunTime:0.0020s ]
INFO: [ app_end ] --START--
INFO: Run Behavior\ShowPageTraceBehavior [ RunTime:0.000687s ]
INFO: [ app_end ] --END-- [ RunTime:0.000787s ]

[ 2018-09-26T20:14:20+08:00 ] 127.0.0.1 /index.php/Home/Tag/tag
INFO: [ app_init ] --START--
INFO: Run Behavior\BuildLiteBehavior [ RunTime:0.000023s ]
INFO: [ app_init ] --END-- [ RunTime:0.000351s ]
INFO: [ app_begin ] --START--
INFO: Run Behavior\ReadHtmlCacheBehavior [ RunTime:0.000443s ]
INFO: [ app_begin ] --END-- [ RunTime:0.000553s ]
SQL: SHOW COLUMNS FROM `meiui_tag` [ RunTime:0.0023s ]
SQL: SELECT * FROM `meiui_tag` WHERE ( id=3 ) LIMIT 1   [ RunTime:0.0004s ]
NOTIC: [8] Undefined index: validate G:\tp\first\ThinkPHP\Library\Think\Model.class.php 第 1185 行.
NOTIC: [8] Undefined index: auto G:\tp\first\ThinkPHP\Library\Think\Model.class.php 第 1128 行.
NOTIC: [8] Undefined index: validate G:\tp\first\ThinkPHP\Library\Think\Model.class.php 第 1185 行.
NOTIC: [8] Undefined index: auto G:\tp\first\ThinkPHP\Library\Think\Model.class.php 第 1128 行.
SQL: SELECT * FROM `meiui_tag` WHERE ( tag_type=2 ) LIMIT 1   [ RunTime:0.0003s ]
SQL: SELECT * FROM `meiui_tag` WHERE ( tag_type=2 ) ORDER BY create_time LIMIT 3   [ RunTime:0.0003s ]
SQL: SELECT `id` FROM `meiui_tag`  [ RunTime:0.0002s ]
SQL: SELECT `id` FROM `meiui_tag` LIMIT 3   [ RunTime:0.0002s ]
SQL: SELECT `id`,`tag_type` FROM `meiui_tag`  [ RunTime:0.0003s ]
SQL: SELECT `id`,`tag_type`,`create_user` FROM `meiui_tag`  [ RunTime:0.0003s ]
SQL: SELECT `id`,`tag_type`,`create_user` FROM `meiui_tag`  [ RunTime:0.0003s ]
SQL: UPDATE `meiui_tag` SET `id`='5',`tag_name`='sign',`create_user`='8',`create_time`='1453362801',`tag_type`='6',`using_flag`='1' WHERE ( id=5 ) [ RunTime:0.0003s ]
INFO: [ app_end ] --START--
INFO: Run Behavior\ShowPageTraceBehavior [ RunTime:0.000511s ]
INFO: [ app_end ] --END-- [ RunTime:0.000612s ]

[ 2018-09-26T20:22:35+08:00 ] 127.0.0.1 /index.php/Home/Tag/tag
INFO: [ app_init ] --START--
INFO: Run Behavior\BuildLiteBehavior [ RunTime:0.000025s ]
INFO: [ app_init ] --END-- [ RunTime:0.000571s ]
INFO: [ app_begin ] --START--
INFO: Run Behavior\ReadHtmlCacheBehavior [ RunTime:0.000719s ]
INFO: [ app_begin ] --END-- [ RunTime:0.000887s ]
SQL: SHOW COLUMNS FROM `meiui_tag` [ RunTime:0.0020s ]
SQL: SELECT * FROM `meiui_tag` WHERE ( id=3 ) LIMIT 1   [ RunTime:0.0002s ]
NOTIC: [8] Undefined index: validate G:\tp\first\ThinkPHP\Library\Think\Model.class.php 第 1185 行.
NOTIC: [8] Undefined index: auto G:\tp\first\ThinkPHP\Library\Think\Model.class.php 第 1128 行.
NOTIC: [8] Undefined index: validate G:\tp\first\ThinkPHP\Library\Think\Model.class.php 第 1185 行.
NOTIC: [8] Undefined index: auto G:\tp\first\ThinkPHP\Library\Think\Model.class.php 第 1128 行.
SQL: SELECT * FROM `meiui_tag` WHERE ( tag_type=2 ) LIMIT 1   [ RunTime:0.0002s ]
SQL: SELECT * FROM `meiui_tag` WHERE ( tag_type=2 ) ORDER BY create_time LIMIT 3   [ RunTime:0.0002s ]
SQL: SELECT `id` FROM `meiui_tag`  [ RunTime:0.0002s ]
SQL: SELECT `id` FROM `meiui_tag` LIMIT 3   [ RunTime:0.0001s ]
SQL: SELECT `id`,`tag_type` FROM `meiui_tag`  [ RunTime:0.0002s ]
SQL: SELECT `id`,`tag_type`,`create_user` FROM `meiui_tag`  [ RunTime:0.0002s ]
SQL: SELECT `id`,`tag_type`,`create_user` FROM `meiui_tag`  [ RunTime:0.0002s ]
SQL: UPDATE `meiui_tag` SET `id`='5',`tag_name`='sign',`create_user`='8',`create_time`='1453362801',`tag_type`='6',`using_flag`='1' WHERE ( id=5 ) [ RunTime:0.0002s ]
SQL: UPDATE `meiui_tag` SET `tag_type`='5' WHERE ( id=1 ) [ RunTime:0.0002s ]
INFO: [ app_end ] --START--
INFO: Run Behavior\ShowPageTraceBehavior [ RunTime:0.000642s ]
INFO: [ app_end ] --END-- [ RunTime:0.000745s ]

[ 2018-09-26T20:24:40+08:00 ] 127.0.0.1 /index.php/Home/Tag/tag
INFO: [ app_init ] --START--
INFO: Run Behavior\BuildLiteBehavior [ RunTime:0.000024s ]
INFO: [ app_init ] --END-- [ RunTime:0.000395s ]
INFO: [ app_begin ] --START--
INFO: Run Behavior\ReadHtmlCacheBehavior [ RunTime:0.000542s ]
INFO: [ app_begin ] --END-- [ RunTime:0.000653s ]
SQL: SHOW COLUMNS FROM `meiui_tag` [ RunTime:0.0024s ]
SQL: SELECT * FROM `meiui_tag` WHERE ( id=3 ) LIMIT 1   [ RunTime:0.0003s ]
NOTIC: [8] Undefined index: validate G:\tp\first\ThinkPHP\Library\Think\Model.class.php 第 1185 行.
NOTIC: [8] Undefined index: auto G:\tp\first\ThinkPHP\Library\Think\Model.class.php 第 1128 行.
NOTIC: [8] Undefined index: validate G:\tp\first\ThinkPHP\Library\Think\Model.class.php 第 1185 行.
NOTIC: [8] Undefined index: auto G:\tp\first\ThinkPHP\Library\Think\Model.class.php 第 1128 行.
SQL: SELECT * FROM `meiui_tag` WHERE ( tag_type=2 ) LIMIT 1   [ RunTime:0.0003s ]
SQL: SELECT * FROM `meiui_tag` WHERE ( tag_type=2 ) ORDER BY create_time LIMIT 3   [ RunTime:0.0002s ]
SQL: SELECT `id` FROM `meiui_tag`  [ RunTime:0.0007s ]
SQL: SELECT `id` FROM `meiui_tag` LIMIT 3   [ RunTime:0.0005s ]
SQL: SELECT `id`,`tag_type` FROM `meiui_tag`  [ RunTime:0.0003s ]
SQL: SELECT `id`,`tag_type`,`create_user` FROM `meiui_tag`  [ RunTime:0.0003s ]
SQL: SELECT `id`,`tag_type`,`create_user` FROM `meiui_tag`  [ RunTime:0.0003s ]
SQL: UPDATE `meiui_tag` SET `id`='5',`tag_name`='login',`create_user`='8',`create_time`='1453362801',`tag_type`='6',`using_flag`='1' WHERE ( id=5 ) [ RunTime:0.0003s ]
SQL: UPDATE `meiui_tag` SET `tag_type`='5' WHERE ( id=1 ) [ RunTime:0.0002s ]
SQL: DELETE FROM `meiui_tag` WHERE ( id=2 ) [ RunTime:0.0499s ]
INFO: [ app_end ] --START--
INFO: Run Behavior\ShowPageTraceBehavior [ RunTime:0.000732s ]
INFO: [ app_end ] --END-- [ RunTime:0.000833s ]

[ 2018-09-26T21:48:13+08:00 ] 127.0.0.1 /index.php/Home/MeiuiTag/tag?tag_id=5
INFO: [ app_init ] --START--
INFO: Run Behavior\BuildLiteBehavior [ RunTime:0.000029s ]
INFO: [ app_init ] --END-- [ RunTime:0.000496s ]
INFO: [ app_begin ] --START--
INFO: Run Behavior\ReadHtmlCacheBehavior [ RunTime:0.000749s ]
INFO: [ app_begin ] --END-- [ RunTime:0.000911s ]
ERR: 1146:Table 'shuliang.meiui_tag' doesn't exist
 [ SQL语句 ] : SHOW COLUMNS FROM `meiui_tag`
ERR: 1146:Table 'shuliang.meiui_tag' doesn't exist
 [ SQL语句 ] : SHOW COLUMNS FROM `meiui_tag`

[ 2018-09-26T21:48:16+08:00 ] 127.0.0.1 /index.php/Home/MeiuiTag/tag?tag_id=5
INFO: [ app_init ] --START--
INFO: Run Behavior\BuildLiteBehavior [ RunTime:0.000028s ]
INFO: [ app_init ] --END-- [ RunTime:0.000516s ]
INFO: [ app_begin ] --START--
INFO: Run Behavior\ReadHtmlCacheBehavior [ RunTime:0.002702s ]
INFO: [ app_begin ] --END-- [ RunTime:0.003068s ]
ERR: 1146:Table 'shuliang.meiui_tag' doesn't exist
 [ SQL语句 ] : SHOW COLUMNS FROM `meiui_tag`
ERR: 1146:Table 'shuliang.meiui_tag' doesn't exist
 [ SQL语句 ] : SHOW COLUMNS FROM `meiui_tag`

[ 2018-09-26T21:50:41+08:00 ] 127.0.0.1 /index.php/Home/MeiuiTag/tag?tag_id=5
INFO: [ app_init ] --START--
INFO: Run Behavior\BuildLiteBehavior [ RunTime:0.000459s ]
INFO: [ app_init ] --END-- [ RunTime:0.002449s ]
INFO: [ app_begin ] --START--
INFO: Run Behavior\ReadHtmlCacheBehavior [ RunTime:0.004564s ]
INFO: [ app_begin ] --END-- [ RunTime:0.005510s ]
SQL: SHOW COLUMNS FROM `meiui_tag` [ RunTime:0.0028s ]
SQL: SELECT * FROM `meiui_tag` WHERE ( id=5 ) LIMIT 1   [ RunTime:0.0003s ]
INFO: [ app_end ] --START--
INFO: Run Behavior\ShowPageTraceBehavior [ RunTime:0.000730s ]
INFO: [ app_end ] --END-- [ RunTime:0.000842s ]

[ 2018-09-26T21:55:17+08:00 ] 127.0.0.1 /index.php/Home/MeiuiTag/tag?tag_id=5
INFO: [ app_init ] --START--
INFO: Run Behavior\BuildLiteBehavior [ RunTime:0.000037s ]
INFO: [ app_init ] --END-- [ RunTime:0.000447s ]
INFO: [ app_begin ] --START--
INFO: Run Behavior\ReadHtmlCacheBehavior [ RunTime:0.000611s ]
INFO: [ app_begin ] --END-- [ RunTime:0.000734s ]
SQL: SHOW COLUMNS FROM `meiui_tag` [ RunTime:0.0149s ]
SQL: SELECT * FROM `meiui_tag` WHERE ( id=5 ) LIMIT 1   [ RunTime:0.0003s ]
INFO: [ app_end ] --START--
INFO: Run Behavior\ShowPageTraceBehavior [ RunTime:0.001600s ]
INFO: [ app_end ] --END-- [ RunTime:0.001850s ]

[ 2018-09-26T22:04:26+08:00 ] 127.0.0.1 /index.php/Home/MeiuiTag/tag?tag_id=5
INFO: [ app_init ] --START--
INFO: Run Behavior\BuildLiteBehavior [ RunTime:0.000122s ]
INFO: [ app_init ] --END-- [ RunTime:0.003218s ]
INFO: [ app_begin ] --START--
INFO: Run Behavior\ReadHtmlCacheBehavior [ RunTime:0.001417s ]
INFO: [ app_begin ] --END-- [ RunTime:0.001898s ]
SQL: SHOW COLUMNS FROM `meiui_tag` [ RunTime:0.0027s ]
SQL: SELECT * FROM `meiui_tag` WHERE ( id=5 ) LIMIT 1   [ RunTime:0.0004s ]
INFO: [ app_end ] --START--
INFO: Run Behavior\ShowPageTraceBehavior [ RunTime:0.000916s ]
INFO: [ app_end ] --END-- [ RunTime:0.001081s ]

[ 2018-09-26T22:07:55+08:00 ] 127.0.0.1 /index.php/Home/MeiuiTag/tag?tag_id=5
INFO: [ app_init ] --START--
INFO: Run Behavior\BuildLiteBehavior [ RunTime:0.000039s ]
INFO: [ app_init ] --END-- [ RunTime:0.000760s ]
INFO: [ app_begin ] --START--
INFO: Run Behavior\ReadHtmlCacheBehavior [ RunTime:0.002346s ]
INFO: [ app_begin ] --END-- [ RunTime:0.003823s ]
SQL: SHOW COLUMNS FROM `meiui_tag` [ RunTime:0.0037s ]
SQL: SELECT * FROM `meiui_tag` WHERE ( id=5 ) LIMIT 1   [ RunTime:0.0003s ]
INFO: [ app_end ] --START--
INFO: Run Behavior\ShowPageTraceBehavior [ RunTime:0.004167s ]
INFO: [ app_end ] --END-- [ RunTime:0.004438s ]

[ 2018-09-26T22:08:30+08:00 ] 127.0.0.1 /index.php/Home/MeiuiTag/tag
INFO: [ app_init ] --START--
INFO: Run Behavior\BuildLiteBehavior [ RunTime:0.000039s ]
INFO: [ app_init ] --END-- [ RunTime:0.000553s ]
INFO: [ app_begin ] --START--
INFO: Run Behavior\ReadHtmlCacheBehavior [ RunTime:0.000657s ]
INFO: [ app_begin ] --END-- [ RunTime:0.000906s ]
NOTIC: [8] Undefined index: tag_id G:\tp\first\Application\Home\Controller\MeiuiTagController.class.php 第 12 行.
NOTIC: [8] Undefined index: user_id G:\tp\first\Application\Home\Controller\LogTool.class.php 第 12 行.
INFO: [ app_end ] --START--
INFO: Run Behavior\ShowPageTraceBehavior [ RunTime:0.000805s ]
INFO: [ app_end ] --END-- [ RunTime:0.001012s ]

[ 2018-09-26T22:13:32+08:00 ] 127.0.0.1 /index.php/Home/MeiuiTag/tag
INFO: [ app_init ] --START--
INFO: Run Behavior\BuildLiteBehavior [ RunTime:0.000039s ]
INFO: [ app_init ] --END-- [ RunTime:0.000625s ]
INFO: [ app_begin ] --START--
INFO: Run Behavior\ReadHtmlCacheBehavior [ RunTime:0.000849s ]
INFO: [ app_begin ] --END-- [ RunTime:0.001017s ]
NOTIC: [8] Undefined index: tag_id G:\tp\first\Application\Home\Controller\MeiuiTagController.class.php 第 12 行.
NOTIC: [8] Undefined index: user_id G:\tp\first\Application\Home\Controller\LogTool.class.php 第 12 行.
INFO: [ app_end ] --START--
INFO: Run Behavior\ShowPageTraceBehavior [ RunTime:0.000570s ]
INFO: [ app_end ] --END-- [ RunTime:0.000699s ]

[ 2018-09-26T22:13:38+08:00 ] 127.0.0.1 /index.php/Home/MeiuiTag/tag?tag_id=5
INFO: [ app_init ] --START--
INFO: Run Behavior\BuildLiteBehavior [ RunTime:0.000078s ]
INFO: [ app_init ] --END-- [ RunTime:0.001027s ]
INFO: [ app_begin ] --START--
INFO: Run Behavior\ReadHtmlCacheBehavior [ RunTime:0.000974s ]
INFO: [ app_begin ] --END-- [ RunTime:0.001396s ]
SQL: SHOW COLUMNS FROM `meiui_tag` [ RunTime:0.0109s ]
SQL: SELECT * FROM `meiui_tag` WHERE ( id=5 ) LIMIT 1   [ RunTime:0.0004s ]
INFO: [ app_end ] --START--
INFO: Run Behavior\ShowPageTraceBehavior [ RunTime:0.000630s ]
INFO: [ app_end ] --END-- [ RunTime:0.000748s ]

[ 2018-09-26T22:19:34+08:00 ] 127.0.0.1 /index.php/Home/MeiuiTag/tag?tag_id=5
INFO: [ app_init ] --START--
INFO: Run Behavior\BuildLiteBehavior [ RunTime:0.000037s ]
INFO: [ app_init ] --END-- [ RunTime:0.000601s ]
INFO: [ app_begin ] --START--
INFO: Run Behavior\ReadHtmlCacheBehavior [ RunTime:0.000782s ]
INFO: [ app_begin ] --END-- [ RunTime:0.000957s ]
SQL: SHOW COLUMNS FROM `meiui_tag` [ RunTime:0.0029s ]
SQL: SELECT * FROM `meiui_tag` WHERE ( id=5 ) LIMIT 1   [ RunTime:0.0003s ]
NOTIC: [2] Missing argument 1 for Home\Controller\MeiuiTagController::outData(), called in G:\tp\first\Application\Home\Controller\MeiuiTagController.class.php on line 19 and defined G:\tp\first\Application\Home\Controller\MeiuiTagController.class.php 第 30 行.
NOTIC: [8] Undefined variable: content G:\tp\first\Application\Home\Controller\MeiuiTagController.class.php 第 34 行.

[ 2018-09-26T22:21:33+08:00 ] 127.0.0.1 /index.php/Home/MeiuiTag/tag?tag_id=5
INFO: [ app_init ] --START--
INFO: Run Behavior\BuildLiteBehavior [ RunTime:0.000082s ]
INFO: [ app_init ] --END-- [ RunTime:0.004333s ]
INFO: [ app_begin ] --START--
INFO: Run Behavior\ReadHtmlCacheBehavior [ RunTime:0.001148s ]
INFO: [ app_begin ] --END-- [ RunTime:0.001416s ]
SQL: SHOW COLUMNS FROM `meiui_tag` [ RunTime:0.0032s ]
SQL: SELECT * FROM `meiui_tag` WHERE ( id=5 ) LIMIT 1   [ RunTime:0.0005s ]

[ 2018-09-26T22:24:14+08:00 ] 127.0.0.1 /index.php/Home/MeiuiTag/tag?tag_id=5888
INFO: [ app_init ] --START--
INFO: Run Behavior\BuildLiteBehavior [ RunTime:0.000028s ]
INFO: [ app_init ] --END-- [ RunTime:0.000446s ]
INFO: [ app_begin ] --START--
INFO: Run Behavior\ReadHtmlCacheBehavior [ RunTime:0.001847s ]
INFO: [ app_begin ] --END-- [ RunTime:0.002512s ]
SQL: SHOW COLUMNS FROM `meiui_tag` [ RunTime:0.0025s ]
SQL: SELECT * FROM `meiui_tag` WHERE ( id=5888 ) LIMIT 1   [ RunTime:0.0002s ]
NOTIC: [8] Undefined index: user_id G:\tp\first\Application\Home\Controller\LogTool.class.php 第 12 行.
INFO: [ app_end ] --START--
INFO: Run Behavior\ShowPageTraceBehavior [ RunTime:0.000782s ]
INFO: [ app_end ] --END-- [ RunTime:0.000903s ]

[ 2018-09-26T22:26:35+08:00 ] 127.0.0.1 /index.php/Home/MeiuiTag/tag?tag_id=5888
INFO: [ app_init ] --START--
INFO: Run Behavior\BuildLiteBehavior [ RunTime:0.000048s ]
INFO: [ app_init ] --END-- [ RunTime:0.001121s ]
INFO: [ app_begin ] --START--
INFO: Run Behavior\ReadHtmlCacheBehavior [ RunTime:0.000885s ]
INFO: [ app_begin ] --END-- [ RunTime:0.001124s ]
SQL: SHOW COLUMNS FROM `meiui_tag` [ RunTime:0.0066s ]
SQL: SELECT * FROM `meiui_tag` WHERE ( id=5888 ) LIMIT 1   [ RunTime:0.0003s ]

[ 2018-09-26T22:26:59+08:00 ] 127.0.0.1 /index.php/Home/MeiuiTag/tag?tag_id=5
INFO: [ app_init ] --START--
INFO: Run Behavior\BuildLiteBehavior [ RunTime:0.000043s ]
INFO: [ app_init ] --END-- [ RunTime:0.000700s ]
INFO: [ app_begin ] --START--
INFO: Run Behavior\ReadHtmlCacheBehavior [ RunTime:0.002434s ]
INFO: [ app_begin ] --END-- [ RunTime:0.003061s ]
SQL: SHOW COLUMNS FROM `meiui_tag` [ RunTime:0.0027s ]
SQL: SELECT * FROM `meiui_tag` WHERE ( id=5 ) LIMIT 1   [ RunTime:0.0035s ]

[ 2018-09-26T22:53:17+08:00 ] 127.0.0.1 /index.php/Home/MeiuiTag/tag?tag_id=5
INFO: [ app_init ] --START--
INFO: Run Behavior\BuildLiteBehavior [ RunTime:0.000057s ]
INFO: [ app_init ] --END-- [ RunTime:0.000864s ]
INFO: [ app_begin ] --START--
INFO: Run Behavior\ReadHtmlCacheBehavior [ RunTime:0.001107s ]
INFO: [ app_begin ] --END-- [ RunTime:0.001356s ]
ERR: 非法操作:tag

[ 2018-09-26T22:53:34+08:00 ] 127.0.0.1 /index.php/Home/MeiuiTag/getTagItem?tag_id=5
INFO: [ app_init ] --START--
INFO: Run Behavior\BuildLiteBehavior [ RunTime:0.000036s ]
INFO: [ app_init ] --END-- [ RunTime:0.000501s ]
INFO: [ app_begin ] --START--
INFO: Run Behavior\ReadHtmlCacheBehavior [ RunTime:0.000651s ]
INFO: [ app_begin ] --END-- [ RunTime:0.000832s ]
SQL: SHOW COLUMNS FROM `meiui_tag` [ RunTime:0.0044s ]
SQL: SELECT * FROM `meiui_tag` WHERE ( id=5 ) LIMIT 1   [ RunTime:0.0003s ]

[ 2018-09-26T22:59:57+08:00 ] 127.0.0.1 /index.php/Home/MeiuiTag/getTagItem?tag_id=5
INFO: [ app_init ] --START--
INFO: Run Behavior\BuildLiteBehavior [ RunTime:0.000036s ]
INFO: [ app_init ] --END-- [ RunTime:0.000586s ]
INFO: [ app_begin ] --START--
INFO: Run Behavior\ReadHtmlCacheBehavior [ RunTime:0.001413s ]
INFO: [ app_begin ] --END-- [ RunTime:0.001969s ]
SQL: SHOW COLUMNS FROM `meiui_tag` [ RunTime:0.0022s ]
SQL: SELECT * FROM `meiui_tag` WHERE ( id=5 ) LIMIT 1   [ RunTime:0.0002s ]

[ 2018-09-26T23:00:58+08:00 ] 127.0.0.1 /index.php/Home/MeiuiTag/getTagItem?
INFO: [ app_init ] --START--
INFO: Run Behavior\BuildLiteBehavior [ RunTime:0.000025s ]
INFO: [ app_init ] --END-- [ RunTime:0.000380s ]
INFO: [ app_begin ] --START--
INFO: Run Behavior\ReadHtmlCacheBehavior [ RunTime:0.000445s ]
INFO: [ app_begin ] --END-- [ RunTime:0.000559s ]
NOTIC: [8] Undefined index: tag_id G:\tp\first\Application\Home\Controller\MeiuiTagController.class.php 第 12 行.

[ 2018-09-26T23:01:25+08:00 ] 127.0.0.1 /index.php/Home/MeiuiTag/getTagItem?
INFO: [ app_init ] --START--
INFO: Run Behavior\BuildLiteBehavior [ RunTime:0.000025s ]
INFO: [ app_init ] --END-- [ RunTime:0.000387s ]
INFO: [ app_begin ] --START--
INFO: Run Behavior\ReadHtmlCacheBehavior [ RunTime:0.000437s ]
INFO: [ app_begin ] --END-- [ RunTime:0.000551s ]
NOTIC: [8] Undefined index: tag_id G:\tp\first\Application\Home\Controller\MeiuiTagController.class.php 第 12 行.

