[ 2018-09-28T15:27:39+08:00 ] 127.0.0.1 /index.php/Home/Mui/mui?user_id=155
INFO: [ app_init ] --START--
INFO: Run Behavior\BuildLiteBehavior [ RunTime:0.000032s ]
INFO: [ app_init ] --END-- [ RunTime:0.040368s ]
INFO: [ app_begin ] --START--
INFO: Run Behavior\ReadHtmlCacheBehavior [ RunTime:0.001248s ]
INFO: [ app_begin ] --END-- [ RunTime:0.001425s ]
SQL: SHOW COLUMNS FROM `meiui_user` [ RunTime:0.0033s ]
SQL: SELECT * FROM `meiui_user` WHERE ( id="3" ) LIMIT 1   [ RunTime:0.0229s ]
SQL: SELECT * FROM `meiui_user` WHERE ( id=155 ) LIMIT 1   [ RunTime:0.0215s ]
INFO: [ app_end ] --START--
INFO: Run Behavior\ShowPageTraceBehavior [ RunTime:0.011761s ]
INFO: [ app_end ] --END-- [ RunTime:0.011920s ]

[ 2018-09-28T15:28:45+08:00 ] 127.0.0.1 /index.php/Home/User/insertUserItem
INFO: [ app_init ] --START--
INFO: Run Behavior\BuildLiteBehavior [ RunTime:0.000023s ]
INFO: [ app_init ] --END-- [ RunTime:0.000367s ]
INFO: [ app_begin ] --START--
INFO: Run Behavior\ReadHtmlCacheBehavior [ RunTime:0.000445s ]
INFO: [ app_begin ] --END-- [ RunTime:0.000569s ]

[ 2018-09-28T15:29:25+08:00 ] 127.0.0.1 /index.php/Home/User/insertUserItem
INFO: [ app_init ] --START--
INFO: Run Behavior\BuildLiteBehavior [ RunTime:0.000024s ]
INFO: [ app_init ] --END-- [ RunTime:0.000401s ]
INFO: [ app_begin ] --START--
INFO: Run Behavior\ReadHtmlCacheBehavior [ RunTime:0.000463s ]
INFO: [ app_begin ] --END-- [ RunTime:0.000572s ]

[ 2018-09-28T15:29:26+08:00 ] 127.0.0.1 /index.php/Home/User/insertUserItem
INFO: [ app_init ] --START--
INFO: Run Behavior\BuildLiteBehavior [ RunTime:0.000027s ]
INFO: [ app_init ] --END-- [ RunTime:0.000428s ]
INFO: [ app_begin ] --START--
INFO: Run Behavior\ReadHtmlCacheBehavior [ RunTime:0.000494s ]
INFO: [ app_begin ] --END-- [ RunTime:0.000647s ]

[ 2018-09-28T15:29:28+08:00 ] 127.0.0.1 /index.php/Home/User/insertUserItem
INFO: [ app_init ] --START--
INFO: Run Behavior\BuildLiteBehavior [ RunTime:0.000040s ]
INFO: [ app_init ] --END-- [ RunTime:0.000885s ]
INFO: [ app_begin ] --START--
INFO: Run Behavior\ReadHtmlCacheBehavior [ RunTime:0.000651s ]
INFO: [ app_begin ] --END-- [ RunTime:0.000837s ]

[ 2018-09-28T15:30:14+08:00 ] 127.0.0.1 /index.php/Home/User/insertUserItem
INFO: [ app_init ] --START--
INFO: Run Behavior\BuildLiteBehavior [ RunTime:0.000027s ]
INFO: [ app_init ] --END-- [ RunTime:0.000454s ]
INFO: [ app_begin ] --START--
INFO: Run Behavior\ReadHtmlCacheBehavior [ RunTime:0.000638s ]
INFO: [ app_begin ] --END-- [ RunTime:0.000795s ]

[ 2018-09-28T15:30:16+08:00 ] 127.0.0.1 /index.php/Home/User/insertUserItem
INFO: [ app_init ] --START--
INFO: Run Behavior\BuildLiteBehavior [ RunTime:0.000039s ]
INFO: [ app_init ] --END-- [ RunTime:0.000980s ]
INFO: [ app_begin ] --START--
INFO: Run Behavior\ReadHtmlCacheBehavior [ RunTime:0.000793s ]
INFO: [ app_begin ] --END-- [ RunTime:0.000982s ]

[ 2018-09-28T15:30:41+08:00 ] 127.0.0.1 /index.php/Home/User/insertUserItem
INFO: [ app_init ] --START--
INFO: Run Behavior\BuildLiteBehavior [ RunTime:0.000040s ]
INFO: [ app_init ] --END-- [ RunTime:0.000403s ]
INFO: [ app_begin ] --START--
INFO: Run Behavior\ReadHtmlCacheBehavior [ RunTime:0.000447s ]
INFO: [ app_begin ] --END-- [ RunTime:0.000558s ]

[ 2018-09-28T15:30:42+08:00 ] 127.0.0.1 /index.php/Home/User/insertUserItem
INFO: [ app_init ] --START--
INFO: Run Behavior\BuildLiteBehavior [ RunTime:0.000024s ]
INFO: [ app_init ] --END-- [ RunTime:0.000368s ]
INFO: [ app_begin ] --START--
INFO: Run Behavior\ReadHtmlCacheBehavior [ RunTime:0.000436s ]
INFO: [ app_begin ] --END-- [ RunTime:0.000620s ]

[ 2018-09-28T15:31:50+08:00 ] 127.0.0.1 /index.php/Home/User/insertUserItem
INFO: [ app_init ] --START--
INFO: Run Behavior\BuildLiteBehavior [ RunTime:0.000030s ]
INFO: [ app_init ] --END-- [ RunTime:0.000589s ]
INFO: [ app_begin ] --START--
INFO: Run Behavior\ReadHtmlCacheBehavior [ RunTime:0.000438s ]
INFO: [ app_begin ] --END-- [ RunTime:0.000586s ]

[ 2018-09-28T15:31:51+08:00 ] 127.0.0.1 /index.php/Home/User/insertUserItem
INFO: [ app_init ] --START--
INFO: Run Behavior\BuildLiteBehavior [ RunTime:0.000024s ]
INFO: [ app_init ] --END-- [ RunTime:0.000385s ]
INFO: [ app_begin ] --START--
INFO: Run Behavior\ReadHtmlCacheBehavior [ RunTime:0.000480s ]
INFO: [ app_begin ] --END-- [ RunTime:0.000590s ]

[ 2018-09-28T15:33:48+08:00 ] 127.0.0.1 /index.php/Home/User/insertUserItem
INFO: [ app_init ] --START--
INFO: Run Behavior\BuildLiteBehavior [ RunTime:0.000024s ]
INFO: [ app_init ] --END-- [ RunTime:0.000407s ]
INFO: [ app_begin ] --START--
INFO: Run Behavior\ReadHtmlCacheBehavior [ RunTime:0.000574s ]
INFO: [ app_begin ] --END-- [ RunTime:0.000713s ]
INFO: [ app_end ] --START--
INFO: Run Behavior\ShowPageTraceBehavior [ RunTime:0.000718s ]
INFO: [ app_end ] --END-- [ RunTime:0.000889s ]

[ 2018-09-28T15:38:35+08:00 ] 127.0.0.1 /index.php/Home/User/insertUserItem
INFO: [ app_init ] --START--
INFO: Run Behavior\BuildLiteBehavior [ RunTime:0.000039s ]
INFO: [ app_init ] --END-- [ RunTime:0.000562s ]
INFO: [ app_begin ] --START--
INFO: Run Behavior\ReadHtmlCacheBehavior [ RunTime:0.000716s ]
INFO: [ app_begin ] --END-- [ RunTime:0.000899s ]
INFO: [ app_end ] --START--
INFO: Run Behavior\ShowPageTraceBehavior [ RunTime:0.000693s ]
INFO: [ app_end ] --END-- [ RunTime:0.000796s ]

[ 2018-09-28T15:39:49+08:00 ] 127.0.0.1 /index.php/Home/User/insertUserItem?username=ly&nickname=yun&user_pic=sky&password=k&phone=15523645128&eil
INFO: [ app_init ] --START--
INFO: Run Behavior\BuildLiteBehavior [ RunTime:0.000027s ]
INFO: [ app_init ] --END-- [ RunTime:0.000590s ]
INFO: [ app_begin ] --START--
INFO: Run Behavior\ReadHtmlCacheBehavior [ RunTime:0.000611s ]
INFO: [ app_begin ] --END-- [ RunTime:0.000765s ]
INFO: [ app_end ] --START--
INFO: Run Behavior\ShowPageTraceBehavior [ RunTime:0.001236s ]
INFO: [ app_end ] --END-- [ RunTime:0.001832s ]

[ 2018-09-28T15:40:30+08:00 ] 127.0.0.1 /index.php/Home/User/insertUserItem?username=ly&nickname=yun&user_pic=sky&password=k&phone=15523645128&eil
INFO: [ app_init ] --START--
INFO: Run Behavior\BuildLiteBehavior [ RunTime:0.000086s ]
INFO: [ app_init ] --END-- [ RunTime:0.001021s ]
INFO: [ app_begin ] --START--
INFO: Run Behavior\ReadHtmlCacheBehavior [ RunTime:0.000560s ]
INFO: [ app_begin ] --END-- [ RunTime:0.000695s ]
INFO: [ app_end ] --START--
INFO: Run Behavior\ShowPageTraceBehavior [ RunTime:0.000546s ]
INFO: [ app_end ] --END-- [ RunTime:0.000653s ]

[ 2018-09-28T15:45:09+08:00 ] 127.0.0.1 /index.php/Home/User/insertUserItem?username=ly&nickname=yun&user_pic=sky&password=k&phone=15523645128&eil
INFO: [ app_init ] --START--
INFO: Run Behavior\BuildLiteBehavior [ RunTime:0.000024s ]
INFO: [ app_init ] --END-- [ RunTime:0.000406s ]
INFO: [ app_begin ] --START--
INFO: Run Behavior\ReadHtmlCacheBehavior [ RunTime:0.000552s ]
INFO: [ app_begin ] --END-- [ RunTime:0.000665s ]
NOTIC: [8] Undefined index: nikename G:\ui\Application\Home\Controller\UserController.class.php 第 15 行.
NOTIC: [8] Undefined index: email G:\ui\Application\Home\Controller\UserController.class.php 第 19 行.
INFO: [ app_end ] --START--
INFO: Run Behavior\ShowPageTraceBehavior [ RunTime:0.000604s ]
INFO: [ app_end ] --END-- [ RunTime:0.000703s ]

[ 2018-09-28T15:45:11+08:00 ] 127.0.0.1 /index.php/Home/User/insertUserItem?username=ly&nickname=yun&user_pic=sky&password=k&phone=15523645128&email=sky
INFO: [ app_init ] --START--
INFO: Run Behavior\BuildLiteBehavior [ RunTime:0.000024s ]
INFO: [ app_init ] --END-- [ RunTime:0.000366s ]
INFO: [ app_begin ] --START--
INFO: Run Behavior\ReadHtmlCacheBehavior [ RunTime:0.001283s ]
INFO: [ app_begin ] --END-- [ RunTime:0.001517s ]
NOTIC: [8] Undefined index: nikename G:\ui\Application\Home\Controller\UserController.class.php 第 15 行.
INFO: [ app_end ] --START--
INFO: Run Behavior\ShowPageTraceBehavior [ RunTime:0.000459s ]
INFO: [ app_end ] --END-- [ RunTime:0.000564s ]

[ 2018-09-28T15:45:58+08:00 ] 127.0.0.1 /index.php/Home/User/insertUserItem?username=ly&nickname=yun&user_pic=sky&password=k&phone=15523645128&email=sky
INFO: [ app_init ] --START--
INFO: Run Behavior\BuildLiteBehavior [ RunTime:0.000024s ]
INFO: [ app_init ] --END-- [ RunTime:0.000404s ]
INFO: [ app_begin ] --START--
INFO: Run Behavior\ReadHtmlCacheBehavior [ RunTime:0.000457s ]
INFO: [ app_begin ] --END-- [ RunTime:0.000568s ]
INFO: [ app_end ] --START--
INFO: Run Behavior\ShowPageTraceBehavior [ RunTime:0.000459s ]
INFO: [ app_end ] --END-- [ RunTime:0.000561s ]

[ 2018-09-28T15:54:16+08:00 ] 127.0.0.1 /index.php/Home/User/insertUserItem?username=ly&nickname=yun&user_pic=sky&password=k&phone=15523645128&email=sky
INFO: [ app_init ] --START--
INFO: Run Behavior\BuildLiteBehavior [ RunTime:0.000026s ]
INFO: [ app_init ] --END-- [ RunTime:0.000607s ]
INFO: [ app_begin ] --START--
INFO: Run Behavior\ReadHtmlCacheBehavior [ RunTime:0.000730s ]
INFO: [ app_begin ] --END-- [ RunTime:0.000913s ]
SQL: SHOW COLUMNS FROM `meiui_user` [ RunTime:0.0024s ]
SQL: INSERT INTO `meiui_user` () VALUES () [ RunTime:0.0003s ]
INFO: [ app_end ] --START--
INFO: Run Behavior\ShowPageTraceBehavior [ RunTime:0.000678s ]
INFO: [ app_end ] --END-- [ RunTime:0.000784s ]

[ 2018-09-28T15:58:17+08:00 ] 127.0.0.1 /index.php/Home/User/insertUserItem?username=ly&nickname=yun&user_pic=sky&password=k&phone=15523645128&email=sky
INFO: [ app_init ] --START--
INFO: Run Behavior\BuildLiteBehavior [ RunTime:0.000106s ]
INFO: [ app_init ] --END-- [ RunTime:0.001688s ]
INFO: [ app_begin ] --START--
INFO: Run Behavior\ReadHtmlCacheBehavior [ RunTime:0.000759s ]
INFO: [ app_begin ] --END-- [ RunTime:0.000942s ]
SQL: SHOW COLUMNS FROM `meiui_user` [ RunTime:0.0024s ]
ERR: 1062:Duplicate entry '' for key 'username'
 [ SQL语句 ] : INSERT INTO `meiui_user` () VALUES ()
ERR: 1062:Duplicate entry '' for key 'username'
 [ SQL语句 ] : INSERT INTO `meiui_user` () VALUES ()

[ 2018-09-28T16:05:44+08:00 ] 127.0.0.1 /index.php/Home/User/insertUserItem?username=ly&nickname=yun&user_pic=sky&password=k&phone=15523645128&email=sky
INFO: [ app_init ] --START--
INFO: Run Behavior\BuildLiteBehavior [ RunTime:0.000023s ]
INFO: [ app_init ] --END-- [ RunTime:0.000438s ]
INFO: [ app_begin ] --START--
INFO: Run Behavior\ReadHtmlCacheBehavior [ RunTime:0.000998s ]
INFO: [ app_begin ] --END-- [ RunTime:0.001318s ]

[ 2018-09-28T16:06:11+08:00 ] 127.0.0.1 /index.php/Home/User/insertUserItem?username=ly&nickname=yun&user_pic=sky&password=k&phone=15523645128&email=sky
INFO: [ app_init ] --START--
INFO: Run Behavior\BuildLiteBehavior [ RunTime:0.000026s ]
INFO: [ app_init ] --END-- [ RunTime:0.000412s ]
INFO: [ app_begin ] --START--
INFO: Run Behavior\ReadHtmlCacheBehavior [ RunTime:0.001388s ]
INFO: [ app_begin ] --END-- [ RunTime:0.001669s ]

[ 2018-09-28T16:10:01+08:00 ] 127.0.0.1 /index.php/Home/User/insertUserItem?username=ly&nickname=yun&user_pic=sky&password=k&phone=15523645128&email=sky
INFO: [ app_init ] --START--
INFO: Run Behavior\BuildLiteBehavior [ RunTime:0.000024s ]
INFO: [ app_init ] --END-- [ RunTime:0.000627s ]
INFO: [ app_begin ] --START--
INFO: Run Behavior\ReadHtmlCacheBehavior [ RunTime:0.001506s ]
INFO: [ app_begin ] --END-- [ RunTime:0.001838s ]
SQL: SHOW COLUMNS FROM `meiui_user` [ RunTime:0.0023s ]
ERR: 1062:Duplicate entry '' for key 'username'
 [ SQL语句 ] : INSERT INTO `meiui_user` () VALUES ()
ERR: 1062:Duplicate entry '' for key 'username'
 [ SQL语句 ] : INSERT INTO `meiui_user` () VALUES ()

[ 2018-09-28T16:10:44+08:00 ] 127.0.0.1 /index.php/Home/User/insertUserItem?username=ly&nickname=yun&user_pic=sky&password=k&phone=15523645128&email=sky
INFO: [ app_init ] --START--
INFO: Run Behavior\BuildLiteBehavior [ RunTime:0.000024s ]
INFO: [ app_init ] --END-- [ RunTime:0.000382s ]
INFO: [ app_begin ] --START--
INFO: Run Behavior\ReadHtmlCacheBehavior [ RunTime:0.000583s ]
INFO: [ app_begin ] --END-- [ RunTime:0.000704s ]
SQL: SHOW COLUMNS FROM `meiui_user` [ RunTime:0.0021s ]
ERR: 1062:Duplicate entry '' for key 'username'
 [ SQL语句 ] : INSERT INTO `meiui_user` () VALUES ()
ERR: 1062:Duplicate entry '' for key 'username'
 [ SQL语句 ] : INSERT INTO `meiui_user` () VALUES ()

[ 2018-09-28T16:10:47+08:00 ] 127.0.0.1 /index.php/Home/User/insertUserItem?username=ly&nickname=yun&user_pic=sky&password=k&phone=15523645128&email=sky
INFO: [ app_init ] --START--
INFO: Run Behavior\BuildLiteBehavior [ RunTime:0.000061s ]
INFO: [ app_init ] --END-- [ RunTime:0.001122s ]
INFO: [ app_begin ] --START--
INFO: Run Behavior\ReadHtmlCacheBehavior [ RunTime:0.001248s ]
INFO: [ app_begin ] --END-- [ RunTime:0.001606s ]
SQL: SHOW COLUMNS FROM `meiui_user` [ RunTime:0.0024s ]
ERR: 1062:Duplicate entry '' for key 'username'
 [ SQL语句 ] : INSERT INTO `meiui_user` () VALUES ()
ERR: 1062:Duplicate entry '' for key 'username'
 [ SQL语句 ] : INSERT INTO `meiui_user` () VALUES ()

[ 2018-09-28T16:10:48+08:00 ] 127.0.0.1 /index.php/Home/User/insertUserItem?username=ly&nickname=yun&user_pic=sky&password=k&phone=15523645128&email=sky
INFO: [ app_init ] --START--
INFO: Run Behavior\BuildLiteBehavior [ RunTime:0.000024s ]
INFO: [ app_init ] --END-- [ RunTime:0.000407s ]
INFO: [ app_begin ] --START--
INFO: Run Behavior\ReadHtmlCacheBehavior [ RunTime:0.000433s ]
INFO: [ app_begin ] --END-- [ RunTime:0.000542s ]
SQL: SHOW COLUMNS FROM `meiui_user` [ RunTime:0.0026s ]
ERR: 1062:Duplicate entry '' for key 'username'
 [ SQL语句 ] : INSERT INTO `meiui_user` () VALUES ()
ERR: 1062:Duplicate entry '' for key 'username'
 [ SQL语句 ] : INSERT INTO `meiui_user` () VALUES ()

[ 2018-09-28T16:11:18+08:00 ] 127.0.0.1 /index.php/Home/User/insertUserItem?username=ly&nickname=yun&user_pic=sky&password=k&phone=15523645128&email=sky
INFO: [ app_init ] --START--
INFO: Run Behavior\BuildLiteBehavior [ RunTime:0.000025s ]
INFO: [ app_init ] --END-- [ RunTime:0.000516s ]
INFO: [ app_begin ] --START--
INFO: Run Behavior\ReadHtmlCacheBehavior [ RunTime:0.000568s ]
INFO: [ app_begin ] --END-- [ RunTime:0.000722s ]
SQL: SHOW COLUMNS FROM `meiui_user` [ RunTime:0.0021s ]
ERR: 1062:Duplicate entry '' for key 'username'
 [ SQL语句 ] : INSERT INTO `meiui_user` () VALUES ()
ERR: 1062:Duplicate entry '' for key 'username'
 [ SQL语句 ] : INSERT INTO `meiui_user` () VALUES ()

[ 2018-09-28T16:11:32+08:00 ] 127.0.0.1 /index.php/Home/User/insertUserItem?username=ly&nickname=yun&user_pic=sky&password=k&phone=15523645128&email=sky
INFO: [ app_init ] --START--
INFO: Run Behavior\BuildLiteBehavior [ RunTime:0.000025s ]
INFO: [ app_init ] --END-- [ RunTime:0.000461s ]
INFO: [ app_begin ] --START--
INFO: Run Behavior\ReadHtmlCacheBehavior [ RunTime:0.000441s ]
INFO: [ app_begin ] --END-- [ RunTime:0.000550s ]
SQL: SHOW COLUMNS FROM `meiui_user` [ RunTime:0.0026s ]
ERR: 1062:Duplicate entry '' for key 'username'
 [ SQL语句 ] : INSERT INTO `meiui_user` () VALUES ()
ERR: 1062:Duplicate entry '' for key 'username'
 [ SQL语句 ] : INSERT INTO `meiui_user` () VALUES ()

[ 2018-09-28T16:12:43+08:00 ] 127.0.0.1 /index.php/Home/User/insertUserItem?username=ly&nickname=yun&user_pic=sky&password=k&phone=15523645128&email=sky
INFO: [ app_init ] --START--
INFO: Run Behavior\BuildLiteBehavior [ RunTime:0.000024s ]
INFO: [ app_init ] --END-- [ RunTime:0.000433s ]
INFO: [ app_begin ] --START--
INFO: Run Behavior\ReadHtmlCacheBehavior [ RunTime:0.001580s ]
INFO: [ app_begin ] --END-- [ RunTime:0.001903s ]
SQL: SHOW COLUMNS FROM `meiui_user` [ RunTime:0.0024s ]
ERR: 1062:Duplicate entry '' for key 'username'
 [ SQL语句 ] : INSERT INTO `meiui_user` () VALUES ()
ERR: 1062:Duplicate entry '' for key 'username'
 [ SQL语句 ] : INSERT INTO `meiui_user` () VALUES ()

[ 2018-09-28T16:12:45+08:00 ] 127.0.0.1 /index.php/Home/User/insertUserItem?username=ly&nickname=yun&user_pic=sky&password=k&phone=15523645128&email=sky
INFO: [ app_init ] --START--
INFO: Run Behavior\BuildLiteBehavior [ RunTime:0.000027s ]
INFO: [ app_init ] --END-- [ RunTime:0.000485s ]
INFO: [ app_begin ] --START--
INFO: Run Behavior\ReadHtmlCacheBehavior [ RunTime:0.001349s ]
INFO: [ app_begin ] --END-- [ RunTime:0.001612s ]
SQL: SHOW COLUMNS FROM `meiui_user` [ RunTime:0.0025s ]
ERR: 1062:Duplicate entry '' for key 'username'
 [ SQL语句 ] : INSERT INTO `meiui_user` () VALUES ()
ERR: 1062:Duplicate entry '' for key 'username'
 [ SQL语句 ] : INSERT INTO `meiui_user` () VALUES ()

[ 2018-09-28T16:13:03+08:00 ] 127.0.0.1 /index.php/Home/User/insertUserItem?username=ly&nickname=yun&user_pic=sky&password=k&phone=15523645128&email=sky
INFO: [ app_init ] --START--
INFO: Run Behavior\BuildLiteBehavior [ RunTime:0.000024s ]
INFO: [ app_init ] --END-- [ RunTime:0.000440s ]
INFO: [ app_begin ] --START--
INFO: Run Behavior\ReadHtmlCacheBehavior [ RunTime:0.000528s ]
INFO: [ app_begin ] --END-- [ RunTime:0.000677s ]
SQL: SHOW COLUMNS FROM `meiui_user` [ RunTime:0.0021s ]
ERR: 1062:Duplicate entry '' for key 'username'
 [ SQL语句 ] : INSERT INTO `meiui_user` () VALUES ()
ERR: 1062:Duplicate entry '' for key 'username'
 [ SQL语句 ] : INSERT INTO `meiui_user` () VALUES ()

[ 2018-09-28T16:13:04+08:00 ] 127.0.0.1 /index.php/Home/User/insertUserItem?username=ly&nickname=yun&user_pic=sky&password=k&phone=15523645128&email=sky
INFO: [ app_init ] --START--
INFO: Run Behavior\BuildLiteBehavior [ RunTime:0.000060s ]
INFO: [ app_init ] --END-- [ RunTime:0.001055s ]
INFO: [ app_begin ] --START--
INFO: Run Behavior\ReadHtmlCacheBehavior [ RunTime:0.001454s ]
INFO: [ app_begin ] --END-- [ RunTime:0.001668s ]
SQL: SHOW COLUMNS FROM `meiui_user` [ RunTime:0.0024s ]
ERR: 1062:Duplicate entry '' for key 'username'
 [ SQL语句 ] : INSERT INTO `meiui_user` () VALUES ()
ERR: 1062:Duplicate entry '' for key 'username'
 [ SQL语句 ] : INSERT INTO `meiui_user` () VALUES ()

[ 2018-09-28T16:14:18+08:00 ] 127.0.0.1 /index.php/Home/User/insertUserItem?username=ly&nickname=yun&user_pic=sky&password=k&phone=15523645128&email=sky
INFO: [ app_init ] --START--
INFO: Run Behavior\BuildLiteBehavior [ RunTime:0.000022s ]
INFO: [ app_init ] --END-- [ RunTime:0.000364s ]
INFO: [ app_begin ] --START--
INFO: Run Behavior\ReadHtmlCacheBehavior [ RunTime:0.000455s ]
INFO: [ app_begin ] --END-- [ RunTime:0.000565s ]
SQL: SHOW COLUMNS FROM `meiui_user` [ RunTime:0.0024s ]
ERR: 1062:Duplicate entry '' for key 'username'
 [ SQL语句 ] : INSERT INTO `meiui_user` () VALUES ()
ERR: 1062:Duplicate entry '' for key 'username'
 [ SQL语句 ] : INSERT INTO `meiui_user` () VALUES ()

[ 2018-09-28T16:14:20+08:00 ] 127.0.0.1 /index.php/Home/User/insertUserItem?username=ly&nickname=yun&user_pic=sky&password=k&phone=15523645128&email=sky
INFO: [ app_init ] --START--
INFO: Run Behavior\BuildLiteBehavior [ RunTime:0.000025s ]
INFO: [ app_init ] --END-- [ RunTime:0.000415s ]
INFO: [ app_begin ] --START--
INFO: Run Behavior\ReadHtmlCacheBehavior [ RunTime:0.000481s ]
INFO: [ app_begin ] --END-- [ RunTime:0.000613s ]
SQL: SHOW COLUMNS FROM `meiui_user` [ RunTime:0.0024s ]
ERR: 1062:Duplicate entry '' for key 'username'
 [ SQL语句 ] : INSERT INTO `meiui_user` () VALUES ()
ERR: 1062:Duplicate entry '' for key 'username'
 [ SQL语句 ] : INSERT INTO `meiui_user` () VALUES ()

[ 2018-09-28T16:14:22+08:00 ] 127.0.0.1 /index.php/Home/User/insertUserItem?username=ly&nickname=yun&user_pic=sky&password=k&phone=15523645128&email=sky
INFO: [ app_init ] --START--
INFO: Run Behavior\BuildLiteBehavior [ RunTime:0.000069s ]
INFO: [ app_init ] --END-- [ RunTime:0.000699s ]
INFO: [ app_begin ] --START--
INFO: Run Behavior\ReadHtmlCacheBehavior [ RunTime:0.000482s ]
INFO: [ app_begin ] --END-- [ RunTime:0.000627s ]
SQL: SHOW COLUMNS FROM `meiui_user` [ RunTime:0.0024s ]
ERR: 1062:Duplicate entry '' for key 'username'
 [ SQL语句 ] : INSERT INTO `meiui_user` () VALUES ()
ERR: 1062:Duplicate entry '' for key 'username'
 [ SQL语句 ] : INSERT INTO `meiui_user` () VALUES ()

[ 2018-09-28T16:16:50+08:00 ] 127.0.0.1 /index.php/Home/MeiuiTag/getTagItem?tag_id=5
INFO: [ app_init ] --START--
INFO: Run Behavior\BuildLiteBehavior [ RunTime:0.000027s ]
INFO: [ app_init ] --END-- [ RunTime:0.000600s ]
INFO: [ app_begin ] --START--
INFO: Run Behavior\ReadHtmlCacheBehavior [ RunTime:0.000566s ]
INFO: [ app_begin ] --END-- [ RunTime:0.000693s ]
SQL: SHOW COLUMNS FROM `meiui_tag` [ RunTime:0.1096s ]
SQL: SELECT * FROM `meiui_tag` WHERE ( id=5 ) LIMIT 1   [ RunTime:0.0404s ]

[ 2018-09-28T16:16:55+08:00 ] 127.0.0.1 /index.php/Home/MeiuiTag/getTagItem?tag_id=5
INFO: [ app_init ] --START--
INFO: Run Behavior\BuildLiteBehavior [ RunTime:0.000041s ]
INFO: [ app_init ] --END-- [ RunTime:0.000491s ]
INFO: [ app_begin ] --START--
INFO: Run Behavior\ReadHtmlCacheBehavior [ RunTime:0.000863s ]
INFO: [ app_begin ] --END-- [ RunTime:0.001241s ]
SQL: SHOW COLUMNS FROM `meiui_tag` [ RunTime:0.0033s ]
SQL: SELECT * FROM `meiui_tag` WHERE ( id=5 ) LIMIT 1   [ RunTime:0.0005s ]

[ 2018-09-28T16:17:32+08:00 ] 127.0.0.1 /index.php/Home/User/insertUserItem?username=ly&nickname=yun&user_pic=sky&password=k&phone=15523645128&email=sky
INFO: [ app_init ] --START--
INFO: Run Behavior\BuildLiteBehavior [ RunTime:0.000024s ]
INFO: [ app_init ] --END-- [ RunTime:0.000385s ]
INFO: [ app_begin ] --START--
INFO: Run Behavior\ReadHtmlCacheBehavior [ RunTime:0.000496s ]
INFO: [ app_begin ] --END-- [ RunTime:0.000609s ]
SQL: SHOW COLUMNS FROM `meiui_user` [ RunTime:0.0025s ]
ERR: 1062:Duplicate entry '' for key 'username'
 [ SQL语句 ] : INSERT INTO `meiui_user` () VALUES ()
ERR: 1062:Duplicate entry '' for key 'username'
 [ SQL语句 ] : INSERT INTO `meiui_user` () VALUES ()

[ 2018-09-28T16:21:25+08:00 ] 127.0.0.1 /index.php/Home/User/insertUserItem?username=ly&nickname=yun&user_pic=sky&password=k&phone=15523645128&email=sky
INFO: [ app_init ] --START--
INFO: Run Behavior\BuildLiteBehavior [ RunTime:0.000024s ]
INFO: [ app_init ] --END-- [ RunTime:0.000431s ]
INFO: [ app_begin ] --START--
INFO: Run Behavior\ReadHtmlCacheBehavior [ RunTime:0.000575s ]
INFO: [ app_begin ] --END-- [ RunTime:0.000747s ]
SQL: SHOW COLUMNS FROM `meiui_user` [ RunTime:0.0025s ]
ERR: 1062:Duplicate entry '' for key 'username'
 [ SQL语句 ] : INSERT INTO `meiui_user` () VALUES ()
ERR: 1062:Duplicate entry '' for key 'username'
 [ SQL语句 ] : INSERT INTO `meiui_user` () VALUES ()

[ 2018-09-28T16:21:26+08:00 ] 127.0.0.1 /index.php/Home/User/insertUserItem?username=ly&nickname=yun&user_pic=sky&password=k&phone=15523645128&email=sky
INFO: [ app_init ] --START--
INFO: Run Behavior\BuildLiteBehavior [ RunTime:0.000024s ]
INFO: [ app_init ] --END-- [ RunTime:0.000406s ]
INFO: [ app_begin ] --START--
INFO: Run Behavior\ReadHtmlCacheBehavior [ RunTime:0.000442s ]
INFO: [ app_begin ] --END-- [ RunTime:0.000553s ]
SQL: SHOW COLUMNS FROM `meiui_user` [ RunTime:0.0024s ]
ERR: 1062:Duplicate entry '' for key 'username'
 [ SQL语句 ] : INSERT INTO `meiui_user` () VALUES ()
ERR: 1062:Duplicate entry '' for key 'username'
 [ SQL语句 ] : INSERT INTO `meiui_user` () VALUES ()

[ 2018-09-28T16:21:28+08:00 ] 127.0.0.1 /index.php/Home/User/insertUserItem?username=ly&nickname=yun&user_pic=sky&password=k&phone=15523645128&email=sky
INFO: [ app_init ] --START--
INFO: Run Behavior\BuildLiteBehavior [ RunTime:0.000024s ]
INFO: [ app_init ] --END-- [ RunTime:0.000390s ]
INFO: [ app_begin ] --START--
INFO: Run Behavior\ReadHtmlCacheBehavior [ RunTime:0.000452s ]
INFO: [ app_begin ] --END-- [ RunTime:0.000561s ]
SQL: SHOW COLUMNS FROM `meiui_user` [ RunTime:0.0042s ]
ERR: 1062:Duplicate entry '' for key 'username'
 [ SQL语句 ] : INSERT INTO `meiui_user` () VALUES ()
ERR: 1062:Duplicate entry '' for key 'username'
 [ SQL语句 ] : INSERT INTO `meiui_user` () VALUES ()

[ 2018-09-28T16:23:45+08:00 ] 127.0.0.1 /index.php/Home/User/insertUserItem?username=ly&nickname=yun&user_pic=sky&password=k&phone=15523645128&email=sky
INFO: [ app_init ] --START--
INFO: Run Behavior\BuildLiteBehavior [ RunTime:0.000025s ]
INFO: [ app_init ] --END-- [ RunTime:0.000430s ]
INFO: [ app_begin ] --START--
INFO: Run Behavior\ReadHtmlCacheBehavior [ RunTime:0.000567s ]
INFO: [ app_begin ] --END-- [ RunTime:0.000677s ]
SQL: SHOW COLUMNS FROM `meiui_user` [ RunTime:0.0026s ]
ERR: 1062:Duplicate entry '' for key 'username'
 [ SQL语句 ] : INSERT INTO `meiui_user` () VALUES ()
ERR: 1062:Duplicate entry '' for key 'username'
 [ SQL语句 ] : INSERT INTO `meiui_user` () VALUES ()

[ 2018-09-28T16:24:11+08:00 ] 127.0.0.1 /index.php/Home/User/insertUserItem?username=ly&nickname=yun&user_pic=sky&password=k&phone=15523645128&email=sky
INFO: [ app_init ] --START--
INFO: Run Behavior\BuildLiteBehavior [ RunTime:0.000034s ]
INFO: [ app_init ] --END-- [ RunTime:0.000397s ]
INFO: [ app_begin ] --START--
INFO: Run Behavior\ReadHtmlCacheBehavior [ RunTime:0.000470s ]
INFO: [ app_begin ] --END-- [ RunTime:0.000580s ]
SQL: SHOW COLUMNS FROM `meiui_user` [ RunTime:0.0028s ]
ERR: 1062:Duplicate entry '' for key 'username'
 [ SQL语句 ] : INSERT INTO `meiui_user` () VALUES ()
ERR: 1062:Duplicate entry '' for key 'username'
 [ SQL语句 ] : INSERT INTO `meiui_user` () VALUES ()

[ 2018-09-28T16:24:48+08:00 ] 127.0.0.1 /index.php/Home/User/insertUserItem?username=ly&nickname=yun&user_pic=sky&password=k&phone=15523645128&email=sky
INFO: [ app_init ] --START--
INFO: Run Behavior\BuildLiteBehavior [ RunTime:0.000025s ]
INFO: [ app_init ] --END-- [ RunTime:0.000410s ]
INFO: [ app_begin ] --START--
INFO: Run Behavior\ReadHtmlCacheBehavior [ RunTime:0.000480s ]
INFO: [ app_begin ] --END-- [ RunTime:0.000610s ]
SQL: SHOW COLUMNS FROM `meiui_user` [ RunTime:0.0020s ]
ERR: 1062:Duplicate entry '' for key 'username'
 [ SQL语句 ] : INSERT INTO `meiui_user` () VALUES ()
ERR: 1062:Duplicate entry '' for key 'username'
 [ SQL语句 ] : INSERT INTO `meiui_user` () VALUES ()

[ 2018-09-28T16:24:50+08:00 ] 127.0.0.1 /index.php/Home/User/insertUserItem?username=ly&nickname=yun&user_pic=sky&password=k&phone=15523645128&email=sky
INFO: [ app_init ] --START--
INFO: Run Behavior\BuildLiteBehavior [ RunTime:0.000031s ]
INFO: [ app_init ] --END-- [ RunTime:0.000908s ]
INFO: [ app_begin ] --START--
INFO: Run Behavior\ReadHtmlCacheBehavior [ RunTime:0.000740s ]
INFO: [ app_begin ] --END-- [ RunTime:0.000987s ]
SQL: SHOW COLUMNS FROM `meiui_user` [ RunTime:0.0026s ]
ERR: 1062:Duplicate entry '' for key 'username'
 [ SQL语句 ] : INSERT INTO `meiui_user` () VALUES ()
ERR: 1062:Duplicate entry '' for key 'username'
 [ SQL语句 ] : INSERT INTO `meiui_user` () VALUES ()

[ 2018-09-28T16:25:03+08:00 ] 127.0.0.1 /index.php/Home/User/insertUserItem?username=ly&nickname=yun&user_pic=sky&password=k&phone=15523645128&email=sky
INFO: [ app_init ] --START--
INFO: Run Behavior\BuildLiteBehavior [ RunTime:0.000025s ]
INFO: [ app_init ] --END-- [ RunTime:0.000466s ]
INFO: [ app_begin ] --START--
INFO: Run Behavior\ReadHtmlCacheBehavior [ RunTime:0.000485s ]
INFO: [ app_begin ] --END-- [ RunTime:0.000619s ]
SQL: SHOW COLUMNS FROM `meiui_user` [ RunTime:0.0021s ]
ERR: 1062:Duplicate entry '' for key 'username'
 [ SQL语句 ] : INSERT INTO `meiui_user` () VALUES ()
ERR: 1062:Duplicate entry '' for key 'username'
 [ SQL语句 ] : INSERT INTO `meiui_user` () VALUES ()

[ 2018-09-28T16:26:52+08:00 ] 127.0.0.1 /index.php/Home/User/insertUserItem?username=ly&nickname=yun&user_pic=sky&password=k&phone=15523645128&email=sky
INFO: [ app_init ] --START--
INFO: Run Behavior\BuildLiteBehavior [ RunTime:0.000027s ]
INFO: [ app_init ] --END-- [ RunTime:0.000457s ]
INFO: [ app_begin ] --START--
INFO: Run Behavior\ReadHtmlCacheBehavior [ RunTime:0.001037s ]
INFO: [ app_begin ] --END-- [ RunTime:0.001311s ]
SQL: SHOW COLUMNS FROM `meiui_user` [ RunTime:0.0023s ]
ERR: 1062:Duplicate entry '' for key 'username'
 [ SQL语句 ] : INSERT INTO `meiui_user` () VALUES ()
ERR: 1062:Duplicate entry '' for key 'username'
 [ SQL语句 ] : INSERT INTO `meiui_user` () VALUES ()

[ 2018-09-28T16:26:53+08:00 ] 127.0.0.1 /index.php/Home/User/insertUserItem?username=ly&nickname=yun&user_pic=sky&password=k&phone=15523645128&email=sky
INFO: [ app_init ] --START--
INFO: Run Behavior\BuildLiteBehavior [ RunTime:0.000025s ]
INFO: [ app_init ] --END-- [ RunTime:0.000379s ]
INFO: [ app_begin ] --START--
INFO: Run Behavior\ReadHtmlCacheBehavior [ RunTime:0.000461s ]
INFO: [ app_begin ] --END-- [ RunTime:0.000574s ]
SQL: SHOW COLUMNS FROM `meiui_user` [ RunTime:0.0023s ]
ERR: 1062:Duplicate entry '' for key 'username'
 [ SQL语句 ] : INSERT INTO `meiui_user` () VALUES ()
ERR: 1062:Duplicate entry '' for key 'username'
 [ SQL语句 ] : INSERT INTO `meiui_user` () VALUES ()

[ 2018-09-28T16:26:55+08:00 ] 127.0.0.1 /index.php/Home/User/insertUserItem?nickname=yun&user_pic=sky&password=k&phone=15523645128&email=sky
INFO: [ app_init ] --START--
INFO: Run Behavior\BuildLiteBehavior [ RunTime:0.000022s ]
INFO: [ app_init ] --END-- [ RunTime:0.000362s ]
INFO: [ app_begin ] --START--
INFO: Run Behavior\ReadHtmlCacheBehavior [ RunTime:0.001323s ]
INFO: [ app_begin ] --END-- [ RunTime:0.001651s ]
SQL: SHOW COLUMNS FROM `meiui_user` [ RunTime:0.0023s ]
ERR: 1062:Duplicate entry '' for key 'username'
 [ SQL语句 ] : INSERT INTO `meiui_user` () VALUES ()
ERR: 1062:Duplicate entry '' for key 'username'
 [ SQL语句 ] : INSERT INTO `meiui_user` () VALUES ()

[ 2018-09-28T16:26:57+08:00 ] 127.0.0.1 /index.php/Home/User/insertUserItem?nickname=yun&user_pic=sky&password=k&phone=15523645128&email=sky
INFO: [ app_init ] --START--
INFO: Run Behavior\BuildLiteBehavior [ RunTime:0.000024s ]
INFO: [ app_init ] --END-- [ RunTime:0.000388s ]
INFO: [ app_begin ] --START--
INFO: Run Behavior\ReadHtmlCacheBehavior [ RunTime:0.000573s ]
INFO: [ app_begin ] --END-- [ RunTime:0.000725s ]
SQL: SHOW COLUMNS FROM `meiui_user` [ RunTime:0.0026s ]
ERR: 1062:Duplicate entry '' for key 'username'
 [ SQL语句 ] : INSERT INTO `meiui_user` () VALUES ()
ERR: 1062:Duplicate entry '' for key 'username'
 [ SQL语句 ] : INSERT INTO `meiui_user` () VALUES ()

[ 2018-09-28T16:26:59+08:00 ] 127.0.0.1 /index.php/Home/User/insertUserItem?nickname=yun&user_pic=sky&password=k&phone=15523645128&email=sky
INFO: [ app_init ] --START--
INFO: Run Behavior\BuildLiteBehavior [ RunTime:0.000024s ]
INFO: [ app_init ] --END-- [ RunTime:0.000367s ]
INFO: [ app_begin ] --START--
INFO: Run Behavior\ReadHtmlCacheBehavior [ RunTime:0.000470s ]
INFO: [ app_begin ] --END-- [ RunTime:0.000581s ]
SQL: SHOW COLUMNS FROM `meiui_user` [ RunTime:0.0023s ]
ERR: 1062:Duplicate entry '' for key 'username'
 [ SQL语句 ] : INSERT INTO `meiui_user` () VALUES ()
ERR: 1062:Duplicate entry '' for key 'username'
 [ SQL语句 ] : INSERT INTO `meiui_user` () VALUES ()

[ 2018-09-28T16:27:05+08:00 ] 127.0.0.1 /index.php/Home/User/insertUserItem?nickname=yun&user_pic=sky&password=k&phone=15523645128&email=sky
INFO: [ app_init ] --START--
INFO: Run Behavior\BuildLiteBehavior [ RunTime:0.000024s ]
INFO: [ app_init ] --END-- [ RunTime:0.000433s ]
INFO: [ app_begin ] --START--
INFO: Run Behavior\ReadHtmlCacheBehavior [ RunTime:0.000589s ]
INFO: [ app_begin ] --END-- [ RunTime:0.000721s ]
SQL: SHOW COLUMNS FROM `meiui_user` [ RunTime:0.0022s ]
ERR: 1062:Duplicate entry '' for key 'username'
 [ SQL语句 ] : INSERT INTO `meiui_user` () VALUES ()
ERR: 1062:Duplicate entry '' for key 'username'
 [ SQL语句 ] : INSERT INTO `meiui_user` () VALUES ()

[ 2018-09-28T16:27:06+08:00 ] 127.0.0.1 /index.php/Home/User/insertUserItem?nickname=yun&user_pic=sky&password=k&phone=15523645128&email=sky
INFO: [ app_init ] --START--
INFO: Run Behavior\BuildLiteBehavior [ RunTime:0.000025s ]
INFO: [ app_init ] --END-- [ RunTime:0.000371s ]
INFO: [ app_begin ] --START--
INFO: Run Behavior\ReadHtmlCacheBehavior [ RunTime:0.000457s ]
INFO: [ app_begin ] --END-- [ RunTime:0.000569s ]
SQL: SHOW COLUMNS FROM `meiui_user` [ RunTime:0.0027s ]
ERR: 1062:Duplicate entry '' for key 'username'
 [ SQL语句 ] : INSERT INTO `meiui_user` () VALUES ()
ERR: 1062:Duplicate entry '' for key 'username'
 [ SQL语句 ] : INSERT INTO `meiui_user` () VALUES ()

[ 2018-09-28T16:27:07+08:00 ] 127.0.0.1 /index.php/Home/User/insertUserItem?nickname=yun&user_pic=sky&password=k&phone=15523645128&email=sky
INFO: [ app_init ] --START--
INFO: Run Behavior\BuildLiteBehavior [ RunTime:0.000025s ]
INFO: [ app_init ] --END-- [ RunTime:0.000457s ]
INFO: [ app_begin ] --START--
INFO: Run Behavior\ReadHtmlCacheBehavior [ RunTime:0.000523s ]
INFO: [ app_begin ] --END-- [ RunTime:0.000663s ]
SQL: SHOW COLUMNS FROM `meiui_user` [ RunTime:0.0022s ]
ERR: 1062:Duplicate entry '' for key 'username'
 [ SQL语句 ] : INSERT INTO `meiui_user` () VALUES ()
ERR: 1062:Duplicate entry '' for key 'username'
 [ SQL语句 ] : INSERT INTO `meiui_user` () VALUES ()

[ 2018-09-28T16:27:08+08:00 ] 127.0.0.1 /index.php/Home/User/insertUserItem?nickname=yun&user_pic=sky&password=k&phone=15523645128&email=sky
INFO: [ app_init ] --START--
INFO: Run Behavior\BuildLiteBehavior [ RunTime:0.000025s ]
INFO: [ app_init ] --END-- [ RunTime:0.000395s ]
INFO: [ app_begin ] --START--
INFO: Run Behavior\ReadHtmlCacheBehavior [ RunTime:0.000459s ]
INFO: [ app_begin ] --END-- [ RunTime:0.000578s ]
SQL: SHOW COLUMNS FROM `meiui_user` [ RunTime:0.0039s ]
ERR: 1062:Duplicate entry '' for key 'username'
 [ SQL语句 ] : INSERT INTO `meiui_user` () VALUES ()
ERR: 1062:Duplicate entry '' for key 'username'
 [ SQL语句 ] : INSERT INTO `meiui_user` () VALUES ()

[ 2018-09-28T16:27:10+08:00 ] 127.0.0.1 /index.php/Home/User/insertUserItem?nickname=yun&user_pic=sky&password=k&phone=15523645128&email=sky
INFO: [ app_init ] --START--
INFO: Run Behavior\BuildLiteBehavior [ RunTime:0.000024s ]
INFO: [ app_init ] --END-- [ RunTime:0.000395s ]
INFO: [ app_begin ] --START--
INFO: Run Behavior\ReadHtmlCacheBehavior [ RunTime:0.000473s ]
INFO: [ app_begin ] --END-- [ RunTime:0.000599s ]
SQL: SHOW COLUMNS FROM `meiui_user` [ RunTime:0.0033s ]
ERR: 1062:Duplicate entry '' for key 'username'
 [ SQL语句 ] : INSERT INTO `meiui_user` () VALUES ()
ERR: 1062:Duplicate entry '' for key 'username'
 [ SQL语句 ] : INSERT INTO `meiui_user` () VALUES ()

[ 2018-09-28T16:27:11+08:00 ] 127.0.0.1 /index.php/Home/User/insertUserItem?nickname=yun&user_pic=sky&password=k&phone=15523645128&email=sky
INFO: [ app_init ] --START--
INFO: Run Behavior\BuildLiteBehavior [ RunTime:0.000024s ]
INFO: [ app_init ] --END-- [ RunTime:0.000410s ]
INFO: [ app_begin ] --START--
INFO: Run Behavior\ReadHtmlCacheBehavior [ RunTime:0.000487s ]
INFO: [ app_begin ] --END-- [ RunTime:0.000619s ]
SQL: SHOW COLUMNS FROM `meiui_user` [ RunTime:0.0022s ]
ERR: 1062:Duplicate entry '' for key 'username'
 [ SQL语句 ] : INSERT INTO `meiui_user` () VALUES ()
ERR: 1062:Duplicate entry '' for key 'username'
 [ SQL语句 ] : INSERT INTO `meiui_user` () VALUES ()

[ 2018-09-28T16:29:56+08:00 ] 127.0.0.1 /index.php/Home/User/insertUserItem?nickname=yun&user_pic=sky&password=k&phone=15523645128&email=sky
INFO: [ app_init ] --START--
INFO: Run Behavior\BuildLiteBehavior [ RunTime:0.000025s ]
INFO: [ app_init ] --END-- [ RunTime:0.000443s ]
INFO: [ app_begin ] --START--
INFO: Run Behavior\ReadHtmlCacheBehavior [ RunTime:0.000614s ]
INFO: [ app_begin ] --END-- [ RunTime:0.000757s ]
SQL: SHOW COLUMNS FROM `meiui_user` [ RunTime:0.0040s ]
ERR: 1062:Duplicate entry '' for key 'username'
 [ SQL语句 ] : INSERT INTO `meiui_user` () VALUES ()
ERR: 1062:Duplicate entry '' for key 'username'
 [ SQL语句 ] : INSERT INTO `meiui_user` () VALUES ()

[ 2018-09-28T16:29:58+08:00 ] 127.0.0.1 /index.php/Home/User/insertUserItem?nickname=yun&user_pic=sky&password=k&phone=15523645128&email=sky
INFO: [ app_init ] --START--
INFO: Run Behavior\BuildLiteBehavior [ RunTime:0.000041s ]
INFO: [ app_init ] --END-- [ RunTime:0.000675s ]
INFO: [ app_begin ] --START--
INFO: Run Behavior\ReadHtmlCacheBehavior [ RunTime:0.000634s ]
INFO: [ app_begin ] --END-- [ RunTime:0.000821s ]
SQL: SHOW COLUMNS FROM `meiui_user` [ RunTime:0.0020s ]
ERR: 1062:Duplicate entry '' for key 'username'
 [ SQL语句 ] : INSERT INTO `meiui_user` () VALUES ()
ERR: 1062:Duplicate entry '' for key 'username'
 [ SQL语句 ] : INSERT INTO `meiui_user` () VALUES ()

[ 2018-09-28T16:29:59+08:00 ] 127.0.0.1 /index.php/Home/User/insertUserItem?nickname=yun&user_pic=sky&password=k&phone=15523645128&email=sky
INFO: [ app_init ] --START--
INFO: Run Behavior\BuildLiteBehavior [ RunTime:0.000025s ]
INFO: [ app_init ] --END-- [ RunTime:0.000418s ]
INFO: [ app_begin ] --START--
INFO: Run Behavior\ReadHtmlCacheBehavior [ RunTime:0.000467s ]
INFO: [ app_begin ] --END-- [ RunTime:0.000588s ]
SQL: SHOW COLUMNS FROM `meiui_user` [ RunTime:0.0021s ]
ERR: 1062:Duplicate entry '' for key 'username'
 [ SQL语句 ] : INSERT INTO `meiui_user` () VALUES ()
ERR: 1062:Duplicate entry '' for key 'username'
 [ SQL语句 ] : INSERT INTO `meiui_user` () VALUES ()

[ 2018-09-28T16:30:16+08:00 ] 127.0.0.1 /index.php/Home/User/insertUserItem?nickname=yun&user_pic=sky&password=k&phone=15523645128&email=sky
INFO: [ app_init ] --START--
INFO: Run Behavior\BuildLiteBehavior [ RunTime:0.000023s ]
INFO: [ app_init ] --END-- [ RunTime:0.000369s ]
INFO: [ app_begin ] --START--
INFO: Run Behavior\ReadHtmlCacheBehavior [ RunTime:0.000480s ]
INFO: [ app_begin ] --END-- [ RunTime:0.000591s ]
SQL: SHOW COLUMNS FROM `meiui_user` [ RunTime:0.0027s ]
ERR: 1062:Duplicate entry '' for key 'username'
 [ SQL语句 ] : INSERT INTO `meiui_user` () VALUES ()
ERR: 1062:Duplicate entry '' for key 'username'
 [ SQL语句 ] : INSERT INTO `meiui_user` () VALUES ()

[ 2018-09-28T16:30:21+08:00 ] 127.0.0.1 /index.php/Home/User/insertUserItem?nickname=yun&user_pic=sky&password=k&phone=15523645128&email=sky
INFO: [ app_init ] --START--
INFO: Run Behavior\BuildLiteBehavior [ RunTime:0.000024s ]
INFO: [ app_init ] --END-- [ RunTime:0.000420s ]
INFO: [ app_begin ] --START--
INFO: Run Behavior\ReadHtmlCacheBehavior [ RunTime:0.000486s ]
INFO: [ app_begin ] --END-- [ RunTime:0.000603s ]
SQL: SHOW COLUMNS FROM `meiui_user` [ RunTime:0.0021s ]
ERR: 1062:Duplicate entry '' for key 'username'
 [ SQL语句 ] : INSERT INTO `meiui_user` () VALUES ()
ERR: 1062:Duplicate entry '' for key 'username'
 [ SQL语句 ] : INSERT INTO `meiui_user` () VALUES ()

[ 2018-09-28T16:30:23+08:00 ] 127.0.0.1 /index.php/Home/User/insertUserItem?nickname=yun&user_pic=sky&password=k&phone=15523645128&email=sky
INFO: [ app_init ] --START--
INFO: Run Behavior\BuildLiteBehavior [ RunTime:0.000025s ]
INFO: [ app_init ] --END-- [ RunTime:0.000378s ]
INFO: [ app_begin ] --START--
INFO: Run Behavior\ReadHtmlCacheBehavior [ RunTime:0.000459s ]
INFO: [ app_begin ] --END-- [ RunTime:0.000569s ]
SQL: SHOW COLUMNS FROM `meiui_user` [ RunTime:0.0023s ]
ERR: 1062:Duplicate entry '' for key 'username'
 [ SQL语句 ] : INSERT INTO `meiui_user` () VALUES ()
ERR: 1062:Duplicate entry '' for key 'username'
 [ SQL语句 ] : INSERT INTO `meiui_user` () VALUES ()

[ 2018-09-28T16:30:24+08:00 ] 127.0.0.1 /index.php/Home/User/insertUserItem?nickname=yun&user_pic=sky&password=k&phone=15523645128&email=sky
INFO: [ app_init ] --START--
INFO: Run Behavior\BuildLiteBehavior [ RunTime:0.000024s ]
INFO: [ app_init ] --END-- [ RunTime:0.000377s ]
INFO: [ app_begin ] --START--
INFO: Run Behavior\ReadHtmlCacheBehavior [ RunTime:0.000429s ]
INFO: [ app_begin ] --END-- [ RunTime:0.000537s ]
SQL: SHOW COLUMNS FROM `meiui_user` [ RunTime:0.0040s ]
ERR: 1062:Duplicate entry '' for key 'username'
 [ SQL语句 ] : INSERT INTO `meiui_user` () VALUES ()
ERR: 1062:Duplicate entry '' for key 'username'
 [ SQL语句 ] : INSERT INTO `meiui_user` () VALUES ()

[ 2018-09-28T16:30:37+08:00 ] 127.0.0.1 /index.php/Home/User/insertUserItem?nickname=yun&user_pic=sky&password=k&phone=15523645128&email=sky
INFO: [ app_init ] --START--
INFO: Run Behavior\BuildLiteBehavior [ RunTime:0.000023s ]
INFO: [ app_init ] --END-- [ RunTime:0.000366s ]
INFO: [ app_begin ] --START--
INFO: Run Behavior\ReadHtmlCacheBehavior [ RunTime:0.000513s ]
INFO: [ app_begin ] --END-- [ RunTime:0.000660s ]
SQL: SHOW COLUMNS FROM `meiui_user` [ RunTime:0.0022s ]
ERR: 1062:Duplicate entry '' for key 'username'
 [ SQL语句 ] : INSERT INTO `meiui_user` () VALUES ()
ERR: 1062:Duplicate entry '' for key 'username'
 [ SQL语句 ] : INSERT INTO `meiui_user` () VALUES ()

[ 2018-09-28T16:31:22+08:00 ] 127.0.0.1 /index.php/Home/User/insertUserItem?nickname=yun&user_pic=sky&password=k&phone=15523645128&email=sky
INFO: [ app_init ] --START--
INFO: Run Behavior\BuildLiteBehavior [ RunTime:0.000024s ]
INFO: [ app_init ] --END-- [ RunTime:0.000399s ]
INFO: [ app_begin ] --START--
INFO: Run Behavior\ReadHtmlCacheBehavior [ RunTime:0.000434s ]
INFO: [ app_begin ] --END-- [ RunTime:0.000545s ]
SQL: SHOW COLUMNS FROM `meiui_user` [ RunTime:0.0024s ]
ERR: 1062:Duplicate entry '' for key 'username'
 [ SQL语句 ] : INSERT INTO `meiui_user` () VALUES ()
ERR: 1062:Duplicate entry '' for key 'username'
 [ SQL语句 ] : INSERT INTO `meiui_user` () VALUES ()

[ 2018-09-28T16:31:23+08:00 ] 127.0.0.1 /index.php/Home/User/insertUserItem?nickname=yun&user_pic=sky&password=k&phone=15523645128&email=sky
INFO: [ app_init ] --START--
INFO: Run Behavior\BuildLiteBehavior [ RunTime:0.000024s ]
INFO: [ app_init ] --END-- [ RunTime:0.000393s ]
INFO: [ app_begin ] --START--
INFO: Run Behavior\ReadHtmlCacheBehavior [ RunTime:0.000460s ]
INFO: [ app_begin ] --END-- [ RunTime:0.000581s ]
SQL: SHOW COLUMNS FROM `meiui_user` [ RunTime:0.0044s ]
ERR: 1062:Duplicate entry '' for key 'username'
 [ SQL语句 ] : INSERT INTO `meiui_user` () VALUES ()
ERR: 1062:Duplicate entry '' for key 'username'
 [ SQL语句 ] : INSERT INTO `meiui_user` () VALUES ()

[ 2018-09-28T16:32:07+08:00 ] 127.0.0.1 /index.php/Home/User/insertUserItem?nickname=yun&user_pic=sky&password=k&phone=15523645128&email=sky
INFO: [ app_init ] --START--
INFO: Run Behavior\BuildLiteBehavior [ RunTime:0.000025s ]
INFO: [ app_init ] --END-- [ RunTime:0.000535s ]
INFO: [ app_begin ] --START--
INFO: Run Behavior\ReadHtmlCacheBehavior [ RunTime:0.000549s ]
INFO: [ app_begin ] --END-- [ RunTime:0.000662s ]
SQL: SHOW COLUMNS FROM `meiui_user` [ RunTime:0.0027s ]
ERR: 1062:Duplicate entry '' for key 'username'
 [ SQL语句 ] : INSERT INTO `meiui_user` (`nickname`,`user_pic`,`phone`,`password`,`email`) VALUES ('yun','sky','15523645128','k','sky')
ERR: 1062:Duplicate entry '' for key 'username'
 [ SQL语句 ] : INSERT INTO `meiui_user` (`nickname`,`user_pic`,`phone`,`password`,`email`) VALUES ('yun','sky','15523645128','k','sky')

[ 2018-09-28T16:32:09+08:00 ] 127.0.0.1 /index.php/Home/User/insertUserItem?nickname=yun&user_pic=sky&password=k&phone=15523645128&email=sky
INFO: [ app_init ] --START--
INFO: Run Behavior\BuildLiteBehavior [ RunTime:0.000024s ]
INFO: [ app_init ] --END-- [ RunTime:0.000466s ]
INFO: [ app_begin ] --START--
INFO: Run Behavior\ReadHtmlCacheBehavior [ RunTime:0.000531s ]
INFO: [ app_begin ] --END-- [ RunTime:0.000713s ]
SQL: SHOW COLUMNS FROM `meiui_user` [ RunTime:0.0044s ]
ERR: 1062:Duplicate entry '' for key 'username'
 [ SQL语句 ] : INSERT INTO `meiui_user` (`nickname`,`user_pic`,`phone`,`password`,`email`) VALUES ('yun','sky','15523645128','k','sky')
ERR: 1062:Duplicate entry '' for key 'username'
 [ SQL语句 ] : INSERT INTO `meiui_user` (`nickname`,`user_pic`,`phone`,`password`,`email`) VALUES ('yun','sky','15523645128','k','sky')

[ 2018-09-28T16:32:10+08:00 ] 127.0.0.1 /index.php/Home/User/insertUserItem?nickname=yun&user_pic=sky&password=k&phone=15523645128&email=sky
INFO: [ app_init ] --START--
INFO: Run Behavior\BuildLiteBehavior [ RunTime:0.000025s ]
INFO: [ app_init ] --END-- [ RunTime:0.000392s ]
INFO: [ app_begin ] --START--
INFO: Run Behavior\ReadHtmlCacheBehavior [ RunTime:0.000492s ]
INFO: [ app_begin ] --END-- [ RunTime:0.000612s ]
SQL: SHOW COLUMNS FROM `meiui_user` [ RunTime:0.0021s ]
ERR: 1062:Duplicate entry '' for key 'username'
 [ SQL语句 ] : INSERT INTO `meiui_user` (`nickname`,`user_pic`,`phone`,`password`,`email`) VALUES ('yun','sky','15523645128','k','sky')
ERR: 1062:Duplicate entry '' for key 'username'
 [ SQL语句 ] : INSERT INTO `meiui_user` (`nickname`,`user_pic`,`phone`,`password`,`email`) VALUES ('yun','sky','15523645128','k','sky')

[ 2018-09-28T16:33:15+08:00 ] 127.0.0.1 /index.php/Home/User/insertUserItem?nickname=yun&user_pic=sky&password=k&phone=15523645128&email=skys
INFO: [ app_init ] --START--
INFO: Run Behavior\BuildLiteBehavior [ RunTime:0.000024s ]
INFO: [ app_init ] --END-- [ RunTime:0.000395s ]
INFO: [ app_begin ] --START--
INFO: Run Behavior\ReadHtmlCacheBehavior [ RunTime:0.000493s ]
INFO: [ app_begin ] --END-- [ RunTime:0.000633s ]
SQL: SHOW COLUMNS FROM `meiui_user` [ RunTime:0.0022s ]
ERR: 1062:Duplicate entry '' for key 'username'
 [ SQL语句 ] : INSERT INTO `meiui_user` (`nickname`,`user_pic`,`phone`,`password`,`email`) VALUES ('yun','sky','15523645128','k','skys')
ERR: 1062:Duplicate entry '' for key 'username'
 [ SQL语句 ] : INSERT INTO `meiui_user` (`nickname`,`user_pic`,`phone`,`password`,`email`) VALUES ('yun','sky','15523645128','k','skys')

[ 2018-09-28T16:33:29+08:00 ] 127.0.0.1 /index.php/Home/User/insertUserItem?nickname=yun&user_pic=sky&password=k&phone=15523645128&email=good
INFO: [ app_init ] --START--
INFO: Run Behavior\BuildLiteBehavior [ RunTime:0.000023s ]
INFO: [ app_init ] --END-- [ RunTime:0.000363s ]
INFO: [ app_begin ] --START--
INFO: Run Behavior\ReadHtmlCacheBehavior [ RunTime:0.000455s ]
INFO: [ app_begin ] --END-- [ RunTime:0.000598s ]
SQL: SHOW COLUMNS FROM `meiui_user` [ RunTime:0.0025s ]
ERR: 1062:Duplicate entry '' for key 'username'
 [ SQL语句 ] : INSERT INTO `meiui_user` (`nickname`,`user_pic`,`phone`,`password`,`email`) VALUES ('yun','sky','15523645128','k','good')
ERR: 1062:Duplicate entry '' for key 'username'
 [ SQL语句 ] : INSERT INTO `meiui_user` (`nickname`,`user_pic`,`phone`,`password`,`email`) VALUES ('yun','sky','15523645128','k','good')

[ 2018-09-28T16:33:41+08:00 ] 127.0.0.1 /index.php/Home/User/insertUserItem?nickname=yun&user_pic=sky&password=k&phone=15523645128&email=good
INFO: [ app_init ] --START--
INFO: Run Behavior\BuildLiteBehavior [ RunTime:0.000026s ]
INFO: [ app_init ] --END-- [ RunTime:0.000396s ]
INFO: [ app_begin ] --START--
INFO: Run Behavior\ReadHtmlCacheBehavior [ RunTime:0.000703s ]
INFO: [ app_begin ] --END-- [ RunTime:0.000937s ]
SQL: SHOW COLUMNS FROM `meiui_user` [ RunTime:0.0025s ]
ERR: 1062:Duplicate entry '' for key 'username'
 [ SQL语句 ] : INSERT INTO `meiui_user` (`nickname`,`user_pic`,`phone`,`password`,`email`) VALUES ('yun','sky','15523645128','k','good')
ERR: 1062:Duplicate entry '' for key 'username'
 [ SQL语句 ] : INSERT INTO `meiui_user` (`nickname`,`user_pic`,`phone`,`password`,`email`) VALUES ('yun','sky','15523645128','k','good')

[ 2018-09-28T16:34:51+08:00 ] 127.0.0.1 /index.php/Home/User/insertUserItem?nickname=yun&user_pic=sky&password=k&phone=15523645128&email=good
INFO: [ app_init ] --START--
INFO: Run Behavior\BuildLiteBehavior [ RunTime:0.000026s ]
INFO: [ app_init ] --END-- [ RunTime:0.000470s ]
INFO: [ app_begin ] --START--
INFO: Run Behavior\ReadHtmlCacheBehavior [ RunTime:0.000604s ]
INFO: [ app_begin ] --END-- [ RunTime:0.000737s ]
SQL: SHOW COLUMNS FROM `meiui_user` [ RunTime:0.0022s ]
ERR: 1062:Duplicate entry '' for key 'username'
 [ SQL语句 ] : INSERT INTO `meiui_user` (`nickname`,`user_pic`,`phone`,`password`,`email`) VALUES ('yun','sky','15523645128','k','good')
ERR: 1062:Duplicate entry '' for key 'username'
 [ SQL语句 ] : INSERT INTO `meiui_user` (`nickname`,`user_pic`,`phone`,`password`,`email`) VALUES ('yun','sky','15523645128','k','good')

[ 2018-09-28T16:34:52+08:00 ] 127.0.0.1 /index.php/Home/User/insertUserItem?nickname=yun&user_pic=sky&password=k&phone=15523645128&email=good
INFO: [ app_init ] --START--
INFO: Run Behavior\BuildLiteBehavior [ RunTime:0.000023s ]
INFO: [ app_init ] --END-- [ RunTime:0.000430s ]
INFO: [ app_begin ] --START--
INFO: Run Behavior\ReadHtmlCacheBehavior [ RunTime:0.000451s ]
INFO: [ app_begin ] --END-- [ RunTime:0.000559s ]
SQL: SHOW COLUMNS FROM `meiui_user` [ RunTime:0.0030s ]
ERR: 1062:Duplicate entry '' for key 'username'
 [ SQL语句 ] : INSERT INTO `meiui_user` (`nickname`,`user_pic`,`phone`,`password`,`email`) VALUES ('yun','sky','15523645128','k','good')
ERR: 1062:Duplicate entry '' for key 'username'
 [ SQL语句 ] : INSERT INTO `meiui_user` (`nickname`,`user_pic`,`phone`,`password`,`email`) VALUES ('yun','sky','15523645128','k','good')

[ 2018-09-28T16:35:12+08:00 ] 127.0.0.1 /index.php/Home/User/insertUserItem?nickname=yun&user_pic=sky&password=k&phone=15523645128&email=good
INFO: [ app_init ] --START--
INFO: Run Behavior\BuildLiteBehavior [ RunTime:0.000026s ]
INFO: [ app_init ] --END-- [ RunTime:0.000931s ]
INFO: [ app_begin ] --START--
INFO: Run Behavior\ReadHtmlCacheBehavior [ RunTime:0.000476s ]
INFO: [ app_begin ] --END-- [ RunTime:0.000601s ]
SQL: SHOW COLUMNS FROM `meiui_user` [ RunTime:0.0024s ]
ERR: 1062:Duplicate entry '' for key 'username'
 [ SQL语句 ] : INSERT INTO `meiui_user` (`user_pic`,`phone`,`password`,`email`) VALUES ('sky','15523645128','k','good')
ERR: 1062:Duplicate entry '' for key 'username'
 [ SQL语句 ] : INSERT INTO `meiui_user` (`user_pic`,`phone`,`password`,`email`) VALUES ('sky','15523645128','k','good')

[ 2018-09-28T16:38:04+08:00 ] 127.0.0.1 /index.php/Home/User/insertUserItem?nickname=yun&user_pic=sky&password=k&phone=15523645128&email=good
INFO: [ app_init ] --START--
INFO: Run Behavior\BuildLiteBehavior [ RunTime:0.000025s ]
INFO: [ app_init ] --END-- [ RunTime:0.000451s ]
INFO: [ app_begin ] --START--
INFO: Run Behavior\ReadHtmlCacheBehavior [ RunTime:0.000600s ]
INFO: [ app_begin ] --END-- [ RunTime:0.000735s ]

[ 2018-09-28T16:38:09+08:00 ] 127.0.0.1 /index.php/Home/User/insertUserItem?nickname=yun&user_pic=sky&password=k&phone=15523645128&email=good
INFO: [ app_init ] --START--
INFO: Run Behavior\BuildLiteBehavior [ RunTime:0.000024s ]
INFO: [ app_init ] --END-- [ RunTime:0.000402s ]
INFO: [ app_begin ] --START--
INFO: Run Behavior\ReadHtmlCacheBehavior [ RunTime:0.000520s ]
INFO: [ app_begin ] --END-- [ RunTime:0.000630s ]

[ 2018-09-28T16:38:32+08:00 ] 127.0.0.1 /index.php/Home/User/insertUserItem?nickname=yun&user_pic=sky&password=k&phone=15523645128&email=good
INFO: [ app_init ] --START--
INFO: Run Behavior\BuildLiteBehavior [ RunTime:0.000026s ]
INFO: [ app_init ] --END-- [ RunTime:0.000943s ]
INFO: [ app_begin ] --START--
INFO: Run Behavior\ReadHtmlCacheBehavior [ RunTime:0.001414s ]
INFO: [ app_begin ] --END-- [ RunTime:0.001768s ]
SQL: SHOW COLUMNS FROM `meiui_user` [ RunTime:0.0023s ]
ERR: 1062:Duplicate entry '' for key 'username'
 [ SQL语句 ] : INSERT INTO `meiui_user` (`nickname`,`user_pic`,`phone`,`password`,`email`) VALUES ('yun','sky','15523645128','k','good')
ERR: 1062:Duplicate entry '' for key 'username'
 [ SQL语句 ] : INSERT INTO `meiui_user` (`nickname`,`user_pic`,`phone`,`password`,`email`) VALUES ('yun','sky','15523645128','k','good')

[ 2018-09-28T16:46:26+08:00 ] 127.0.0.1 /index.php/Home/User/updateUserItem?nickname=yun&user_pic=sky&password=k&phone=15523645128&email=good
INFO: [ app_init ] --START--
INFO: Run Behavior\BuildLiteBehavior [ RunTime:0.000043s ]
INFO: [ app_init ] --END-- [ RunTime:0.000797s ]
INFO: [ app_begin ] --START--
INFO: Run Behavior\ReadHtmlCacheBehavior [ RunTime:0.000914s ]
INFO: [ app_begin ] --END-- [ RunTime:0.001085s ]

[ 2018-09-28T16:46:55+08:00 ] 127.0.0.1 /index.php/Home/User/updateUserItem?nickname=yun&user_pic=sky&password=k&phone=15523645128&email=good
INFO: [ app_init ] --START--
INFO: Run Behavior\BuildLiteBehavior [ RunTime:0.000040s ]
INFO: [ app_init ] --END-- [ RunTime:0.000596s ]
INFO: [ app_begin ] --START--
INFO: Run Behavior\ReadHtmlCacheBehavior [ RunTime:0.000620s ]
INFO: [ app_begin ] --END-- [ RunTime:0.000799s ]
INFO: [ app_end ] --START--
INFO: Run Behavior\ShowPageTraceBehavior [ RunTime:0.000733s ]
INFO: [ app_end ] --END-- [ RunTime:0.000881s ]

[ 2018-09-28T16:55:25+08:00 ] 127.0.0.1 /index.php/Home/User/updateUserItem?nickname=yun&user_pic=sky&password=k&phone=15523645128&email=good
INFO: [ app_init ] --START--
INFO: Run Behavior\BuildLiteBehavior [ RunTime:0.000027s ]
INFO: [ app_init ] --END-- [ RunTime:0.000492s ]
INFO: [ app_begin ] --START--
INFO: Run Behavior\ReadHtmlCacheBehavior [ RunTime:0.000884s ]
INFO: [ app_begin ] --END-- [ RunTime:0.001069s ]
NOTIC: [8] Undefined index: id G:\ui\Application\Home\Controller\UserController.class.php 第 43 行.
SQL: SHOW COLUMNS FROM `meiui_user` [ RunTime:0.0022s ]
NOTIC: [8] Undefined variable: user_pic G:\ui\Application\Home\Controller\UserController.class.php 第 48 行.
ERR: 1064:You have an error in your SQL syntax; check the manual that corresponds to your MySQL server version for the right syntax to use near ') LIMIT 1' at line 1
 [ SQL语句 ] : SELECT * FROM `meiui_user` WHERE ( id= ) LIMIT 1  
ERR: 1064:You have an error in your SQL syntax; check the manual that corresponds to your MySQL server version for the right syntax to use near ') LIMIT 1' at line 1
 [ SQL语句 ] : SELECT * FROM `meiui_user` WHERE ( id= ) LIMIT 1  

[ 2018-09-28T17:00:45+08:00 ] 127.0.0.1 /index.php/Home/User/updateUserItem?nickname=yun&user_pic=sky&password=k&phone=15523645128&email=good
INFO: [ app_init ] --START--
INFO: Run Behavior\BuildLiteBehavior [ RunTime:0.000026s ]
INFO: [ app_init ] --END-- [ RunTime:0.000489s ]
INFO: [ app_begin ] --START--
INFO: Run Behavior\ReadHtmlCacheBehavior [ RunTime:0.000623s ]
INFO: [ app_begin ] --END-- [ RunTime:0.000758s ]
NOTIC: [8] Undefined index: id G:\ui\Application\Home\Controller\UserController.class.php 第 43 行.
SQL: SHOW COLUMNS FROM `meiui_user` [ RunTime:0.0021s ]
ERR: 1064:You have an error in your SQL syntax; check the manual that corresponds to your MySQL server version for the right syntax to use near ')' at line 1
 [ SQL语句 ] : UPDATE `meiui_user` SET `id`=NULL,`nickname`='yun',`phone`='15523645128',`email`='good' WHERE ( id= )
ERR: 1064:You have an error in your SQL syntax; check the manual that corresponds to your MySQL server version for the right syntax to use near ')' at line 1
 [ SQL语句 ] : UPDATE `meiui_user` SET `id`=NULL,`nickname`='yun',`phone`='15523645128',`email`='good' WHERE ( id= )

[ 2018-09-28T17:03:27+08:00 ] 127.0.0.1 /index.php/Home/User/updateUserItem?nickname=yun&phone=15523645128&email=good&id=3
INFO: [ app_init ] --START--
INFO: Run Behavior\BuildLiteBehavior [ RunTime:0.000025s ]
INFO: [ app_init ] --END-- [ RunTime:0.000433s ]
INFO: [ app_begin ] --START--
INFO: Run Behavior\ReadHtmlCacheBehavior [ RunTime:0.000580s ]
INFO: [ app_begin ] --END-- [ RunTime:0.000694s ]
SQL: SHOW COLUMNS FROM `meiui_user` [ RunTime:0.0028s ]
SQL: UPDATE `meiui_user` SET `id`='3',`nickname`='yun',`phone`='15523645128',`email`='good' WHERE ( id=3 ) [ RunTime:0.0800s ]
SQL: SELECT * FROM `meiui_user` WHERE ( id=3 ) LIMIT 1   [ RunTime:0.0003s ]
INFO: [ app_end ] --START--
INFO: Run Behavior\ShowPageTraceBehavior [ RunTime:0.000911s ]
INFO: [ app_end ] --END-- [ RunTime:0.001063s ]

[ 2018-09-28T17:13:18+08:00 ] 127.0.0.1 /index.php/Home/User/updateUserItem?nickname=yun&phone=15523645128&email=good&id=3
INFO: [ app_init ] --START--
INFO: Run Behavior\BuildLiteBehavior [ RunTime:0.000024s ]
INFO: [ app_init ] --END-- [ RunTime:0.000424s ]
INFO: [ app_begin ] --START--
INFO: Run Behavior\ReadHtmlCacheBehavior [ RunTime:0.000565s ]
INFO: [ app_begin ] --END-- [ RunTime:0.000679s ]
SQL: SHOW COLUMNS FROM `meiui_user` [ RunTime:0.0023s ]
SQL: UPDATE `meiui_user` SET `id`='3',`nickname`='yun',`phone`='15523645128',`email`='good' WHERE ( id=3 ) [ RunTime:0.0003s ]
SQL: SELECT * FROM `meiui_user` WHERE ( id=3 ) LIMIT 1   [ RunTime:0.0002s ]
NOTIC: [8] Array to string conversion G:\ui\Application\Home\Controller\UserController.class.php 第 58 行.
NOTIC: [8] Undefined variable: Array G:\ui\Application\Home\Controller\UserController.class.php 第 58 行.
NOTIC: [8] Undefined index: user_id G:\ui\Application\Home\Controller\LogTool.class.php 第 12 行.
INFO: [ app_end ] --START--
INFO: Run Behavior\ShowPageTraceBehavior [ RunTime:0.000639s ]
INFO: [ app_end ] --END-- [ RunTime:0.000797s ]

[ 2018-09-28T17:13:33+08:00 ] 127.0.0.1 /index.php/Home/User/updateUserItem?nickname=yun&phone=15523645128&email=good&id=3
INFO: [ app_init ] --START--
INFO: Run Behavior\BuildLiteBehavior [ RunTime:0.000025s ]
INFO: [ app_init ] --END-- [ RunTime:0.000412s ]
INFO: [ app_begin ] --START--
INFO: Run Behavior\ReadHtmlCacheBehavior [ RunTime:0.000487s ]
INFO: [ app_begin ] --END-- [ RunTime:0.000607s ]
SQL: SHOW COLUMNS FROM `meiui_user` [ RunTime:0.0025s ]
SQL: UPDATE `meiui_user` SET `id`='3',`nickname`='yun',`phone`='15523645128',`email`='good' WHERE ( id=3 ) [ RunTime:0.0003s ]
SQL: SELECT * FROM `meiui_user` WHERE ( id=3 ) LIMIT 1   [ RunTime:0.0002s ]
NOTIC: [8] Array to string conversion G:\ui\Application\Home\Controller\UserController.class.php 第 58 行.
NOTIC: [8] Undefined variable: Array G:\ui\Application\Home\Controller\UserController.class.php 第 58 行.
NOTIC: [8] Undefined index: user_id G:\ui\Application\Home\Controller\LogTool.class.php 第 12 行.
INFO: [ app_end ] --START--
INFO: Run Behavior\ShowPageTraceBehavior [ RunTime:0.000510s ]
INFO: [ app_end ] --END-- [ RunTime:0.000618s ]

[ 2018-09-28T17:13:43+08:00 ] 127.0.0.1 /index.php/Home/User/updateUserItem?nickname=yun&phone=15523645128&email=good&id=3
INFO: [ app_init ] --START--
INFO: Run Behavior\BuildLiteBehavior [ RunTime:0.000027s ]
INFO: [ app_init ] --END-- [ RunTime:0.000569s ]
INFO: [ app_begin ] --START--
INFO: Run Behavior\ReadHtmlCacheBehavior [ RunTime:0.000463s ]
INFO: [ app_begin ] --END-- [ RunTime:0.000612s ]
SQL: SHOW COLUMNS FROM `meiui_user` [ RunTime:0.0043s ]
SQL: UPDATE `meiui_user` SET `id`='3',`nickname`='yun',`phone`='15523645128',`email`='good' WHERE ( id=3 ) [ RunTime:0.0003s ]
SQL: SELECT * FROM `meiui_user` WHERE ( id=3 ) LIMIT 1   [ RunTime:0.0002s ]
NOTIC: [8] Array to string conversion G:\ui\Application\Home\Controller\UserController.class.php 第 58 行.
NOTIC: [8] Undefined variable: Array G:\ui\Application\Home\Controller\UserController.class.php 第 58 行.
NOTIC: [8] Undefined index: user_id G:\ui\Application\Home\Controller\LogTool.class.php 第 12 行.
INFO: [ app_end ] --START--
INFO: Run Behavior\ShowPageTraceBehavior [ RunTime:0.000476s ]
INFO: [ app_end ] --END-- [ RunTime:0.000584s ]

[ 2018-09-28T17:13:59+08:00 ] 127.0.0.1 /index.php/Home/User/updateUserItem?nickname=yun&phone=15523645128&email=good&id=4
INFO: [ app_init ] --START--
INFO: Run Behavior\BuildLiteBehavior [ RunTime:0.000035s ]
INFO: [ app_init ] --END-- [ RunTime:0.000502s ]
INFO: [ app_begin ] --START--
INFO: Run Behavior\ReadHtmlCacheBehavior [ RunTime:0.000726s ]
INFO: [ app_begin ] --END-- [ RunTime:0.000899s ]
SQL: SHOW COLUMNS FROM `meiui_user` [ RunTime:0.0022s ]
SQL: UPDATE `meiui_user` SET `id`='4',`nickname`='yun',`phone`='15523645128',`email`='good' WHERE ( id=4 ) [ RunTime:0.0003s ]
SQL: SELECT * FROM `meiui_user` WHERE ( id=4 ) LIMIT 1   [ RunTime:0.0002s ]
NOTIC: [8] Array to string conversion G:\ui\Application\Home\Controller\UserController.class.php 第 58 行.
NOTIC: [8] Undefined variable: Array G:\ui\Application\Home\Controller\UserController.class.php 第 58 行.
NOTIC: [8] Undefined index: user_id G:\ui\Application\Home\Controller\LogTool.class.php 第 12 行.
INFO: [ app_end ] --START--
INFO: Run Behavior\ShowPageTraceBehavior [ RunTime:0.000501s ]
INFO: [ app_end ] --END-- [ RunTime:0.000620s ]

[ 2018-09-28T17:14:04+08:00 ] 127.0.0.1 /index.php/Home/User/updateUserItem?nickname=yun&phone=15523645128&email=good&id=10
INFO: [ app_init ] --START--
INFO: Run Behavior\BuildLiteBehavior [ RunTime:0.000034s ]
INFO: [ app_init ] --END-- [ RunTime:0.000512s ]
INFO: [ app_begin ] --START--
INFO: Run Behavior\ReadHtmlCacheBehavior [ RunTime:0.000650s ]
INFO: [ app_begin ] --END-- [ RunTime:0.000849s ]
SQL: SHOW COLUMNS FROM `meiui_user` [ RunTime:0.0023s ]
SQL: UPDATE `meiui_user` SET `id`='10',`nickname`='yun',`phone`='15523645128',`email`='good' WHERE ( id=10 ) [ RunTime:0.0003s ]
SQL: SELECT * FROM `meiui_user` WHERE ( id=10 ) LIMIT 1   [ RunTime:0.0002s ]
NOTIC: [8] Array to string conversion G:\ui\Application\Home\Controller\UserController.class.php 第 58 行.
NOTIC: [8] Undefined variable: Array G:\ui\Application\Home\Controller\UserController.class.php 第 58 行.
NOTIC: [8] Undefined index: user_id G:\ui\Application\Home\Controller\LogTool.class.php 第 12 行.
INFO: [ app_end ] --START--
INFO: Run Behavior\ShowPageTraceBehavior [ RunTime:0.000857s ]
INFO: [ app_end ] --END-- [ RunTime:0.001085s ]

[ 2018-09-28T17:14:10+08:00 ] 127.0.0.1 /index.php/Home/User/updateUserItem?nickname=yun&phone=15523645128&email=good&id=10
INFO: [ app_init ] --START--
INFO: Run Behavior\BuildLiteBehavior [ RunTime:0.000034s ]
INFO: [ app_init ] --END-- [ RunTime:0.000520s ]
INFO: [ app_begin ] --START--
INFO: Run Behavior\ReadHtmlCacheBehavior [ RunTime:0.000534s ]
INFO: [ app_begin ] --END-- [ RunTime:0.000667s ]
SQL: SHOW COLUMNS FROM `meiui_user` [ RunTime:0.0025s ]
SQL: UPDATE `meiui_user` SET `id`='10',`nickname`='yun',`phone`='15523645128',`email`='good' WHERE ( id=10 ) [ RunTime:0.0003s ]
SQL: SELECT * FROM `meiui_user` WHERE ( id=10 ) LIMIT 1   [ RunTime:0.0002s ]
NOTIC: [8] Array to string conversion G:\ui\Application\Home\Controller\UserController.class.php 第 58 行.
NOTIC: [8] Undefined variable: Array G:\ui\Application\Home\Controller\UserController.class.php 第 58 行.
NOTIC: [8] Undefined index: user_id G:\ui\Application\Home\Controller\LogTool.class.php 第 12 行.
INFO: [ app_end ] --START--
INFO: Run Behavior\ShowPageTraceBehavior [ RunTime:0.000477s ]
INFO: [ app_end ] --END-- [ RunTime:0.000704s ]

[ 2018-09-28T17:14:44+08:00 ] 127.0.0.1 /index.php/Home/User/updateUserItem?nickname=yun&phone=15523645128&email=good&id=5
INFO: [ app_init ] --START--
INFO: Run Behavior\BuildLiteBehavior [ RunTime:0.000034s ]
INFO: [ app_init ] --END-- [ RunTime:0.000540s ]
INFO: [ app_begin ] --START--
INFO: Run Behavior\ReadHtmlCacheBehavior [ RunTime:0.000618s ]
INFO: [ app_begin ] --END-- [ RunTime:0.000776s ]
SQL: SHOW COLUMNS FROM `meiui_user` [ RunTime:0.0026s ]
SQL: UPDATE `meiui_user` SET `id`='5',`nickname`='yun',`phone`='15523645128',`email`='good' WHERE ( id=5 ) [ RunTime:0.0003s ]
SQL: SELECT * FROM `meiui_user` WHERE ( id=5 ) LIMIT 1   [ RunTime:0.0002s ]
NOTIC: [8] Array to string conversion G:\ui\Application\Home\Controller\UserController.class.php 第 59 行.
NOTIC: [8] Undefined variable: Array G:\ui\Application\Home\Controller\UserController.class.php 第 59 行.
NOTIC: [8] Undefined index: user_id G:\ui\Application\Home\Controller\LogTool.class.php 第 12 行.
INFO: [ app_end ] --START--
INFO: Run Behavior\ShowPageTraceBehavior [ RunTime:0.000515s ]
INFO: [ app_end ] --END-- [ RunTime:0.000623s ]

[ 2018-09-28T17:15:06+08:00 ] 127.0.0.1 /index.php/Home/User/updateUserItem?nickname=yun&phone=15523645128&email=good&id=100
INFO: [ app_init ] --START--
INFO: Run Behavior\BuildLiteBehavior [ RunTime:0.000024s ]
INFO: [ app_init ] --END-- [ RunTime:0.000379s ]
INFO: [ app_begin ] --START--
INFO: Run Behavior\ReadHtmlCacheBehavior [ RunTime:0.000449s ]
INFO: [ app_begin ] --END-- [ RunTime:0.000562s ]
SQL: SHOW COLUMNS FROM `meiui_user` [ RunTime:0.0021s ]
SQL: UPDATE `meiui_user` SET `id`='100',`nickname`='yun',`phone`='15523645128',`email`='good' WHERE ( id=100 ) [ RunTime:0.0003s ]
SQL: SELECT * FROM `meiui_user` WHERE ( id=100 ) LIMIT 1   [ RunTime:0.0002s ]
NOTIC: [8] Undefined variable:  G:\ui\Application\Home\Controller\UserController.class.php 第 59 行.
NOTIC: [8] Undefined index: user_id G:\ui\Application\Home\Controller\LogTool.class.php 第 12 行.
INFO: [ app_end ] --START--
INFO: Run Behavior\ShowPageTraceBehavior [ RunTime:0.000488s ]
INFO: [ app_end ] --END-- [ RunTime:0.000599s ]

[ 2018-09-28T17:15:10+08:00 ] 127.0.0.1 /index.php/Home/User/updateUserItem?nickname=yun&phone=15523645128&email=good&id=3
INFO: [ app_init ] --START--
INFO: Run Behavior\BuildLiteBehavior [ RunTime:0.000034s ]
INFO: [ app_init ] --END-- [ RunTime:0.000498s ]
INFO: [ app_begin ] --START--
INFO: Run Behavior\ReadHtmlCacheBehavior [ RunTime:0.000587s ]
INFO: [ app_begin ] --END-- [ RunTime:0.000855s ]
SQL: SHOW COLUMNS FROM `meiui_user` [ RunTime:0.0703s ]
SQL: UPDATE `meiui_user` SET `id`='3',`nickname`='yun',`phone`='15523645128',`email`='good' WHERE ( id=3 ) [ RunTime:0.0003s ]
SQL: SELECT * FROM `meiui_user` WHERE ( id=3 ) LIMIT 1   [ RunTime:0.0002s ]
NOTIC: [8] Array to string conversion G:\ui\Application\Home\Controller\UserController.class.php 第 59 行.
NOTIC: [8] Undefined variable: Array G:\ui\Application\Home\Controller\UserController.class.php 第 59 行.
NOTIC: [8] Undefined index: user_id G:\ui\Application\Home\Controller\LogTool.class.php 第 12 行.
INFO: [ app_end ] --START--
INFO: Run Behavior\ShowPageTraceBehavior [ RunTime:0.000581s ]
INFO: [ app_end ] --END-- [ RunTime:0.000736s ]

[ 2018-09-28T17:15:29+08:00 ] 127.0.0.1 /index.php/Home/User/updateUserItem?nickname=yun&phone=15523645128&email=good&id=3
INFO: [ app_init ] --START--
INFO: Run Behavior\BuildLiteBehavior [ RunTime:0.000025s ]
INFO: [ app_init ] --END-- [ RunTime:0.000488s ]
INFO: [ app_begin ] --START--
INFO: Run Behavior\ReadHtmlCacheBehavior [ RunTime:0.000784s ]
INFO: [ app_begin ] --END-- [ RunTime:0.000961s ]
SQL: SHOW COLUMNS FROM `meiui_user` [ RunTime:0.0026s ]
SQL: UPDATE `meiui_user` SET `id`='3',`nickname`='yun',`phone`='15523645128',`email`='good' WHERE ( id=3 ) [ RunTime:0.0003s ]
SQL: SELECT * FROM `meiui_user` WHERE ( id=3 ) LIMIT 1   [ RunTime:0.0002s ]
INFO: [ app_end ] --START--
INFO: Run Behavior\ShowPageTraceBehavior [ RunTime:0.000861s ]
INFO: [ app_end ] --END-- [ RunTime:0.001019s ]

[ 2018-09-28T17:18:23+08:00 ] 127.0.0.1 /index.php/Home/User/updateUserItem?nickname=yun&phone=15523645128&email=good&id=100
INFO: [ app_init ] --START--
INFO: Run Behavior\BuildLiteBehavior [ RunTime:0.000035s ]
INFO: [ app_init ] --END-- [ RunTime:0.000586s ]
INFO: [ app_begin ] --START--
INFO: Run Behavior\ReadHtmlCacheBehavior [ RunTime:0.000660s ]
INFO: [ app_begin ] --END-- [ RunTime:0.000788s ]
SQL: SHOW COLUMNS FROM `meiui_user` [ RunTime:0.0024s ]
SQL: UPDATE `meiui_user` SET `id`='100',`nickname`='yun',`phone`='15523645128',`email`='good' WHERE ( id=100 ) [ RunTime:0.0003s ]
SQL: SELECT * FROM `meiui_user` WHERE ( id=100 ) LIMIT 1   [ RunTime:0.0002s ]
NOTIC: [8] Undefined index: user_id G:\ui\Application\Home\Controller\LogTool.class.php 第 12 行.
INFO: [ app_end ] --START--
INFO: Run Behavior\ShowPageTraceBehavior [ RunTime:0.000789s ]
INFO: [ app_end ] --END-- [ RunTime:0.000956s ]

[ 2018-09-28T17:18:27+08:00 ] 127.0.0.1 /index.php/Home/User/updateUserItem?nickname=yun&phone=15523645128&email=good&id=
INFO: [ app_init ] --START--
INFO: Run Behavior\BuildLiteBehavior [ RunTime:0.000033s ]
INFO: [ app_init ] --END-- [ RunTime:0.000525s ]
INFO: [ app_begin ] --START--
INFO: Run Behavior\ReadHtmlCacheBehavior [ RunTime:0.000835s ]
INFO: [ app_begin ] --END-- [ RunTime:0.001029s ]
NOTIC: [8] Undefined index: user_id G:\ui\Application\Home\Controller\LogTool.class.php 第 12 行.
INFO: [ app_end ] --START--
INFO: Run Behavior\ShowPageTraceBehavior [ RunTime:0.000535s ]
INFO: [ app_end ] --END-- [ RunTime:0.000655s ]

[ 2018-09-28T17:18:30+08:00 ] 127.0.0.1 /index.php/Home/User/updateUserItem?nickname=yun&phone=15523645128&email=good&id=3
INFO: [ app_init ] --START--
INFO: Run Behavior\BuildLiteBehavior [ RunTime:0.000024s ]
INFO: [ app_init ] --END-- [ RunTime:0.000386s ]
INFO: [ app_begin ] --START--
INFO: Run Behavior\ReadHtmlCacheBehavior [ RunTime:0.000450s ]
INFO: [ app_begin ] --END-- [ RunTime:0.000562s ]
SQL: SHOW COLUMNS FROM `meiui_user` [ RunTime:0.0021s ]
SQL: UPDATE `meiui_user` SET `id`='3',`nickname`='yun',`phone`='15523645128',`email`='good' WHERE ( id=3 ) [ RunTime:0.0003s ]
SQL: SELECT * FROM `meiui_user` WHERE ( id=3 ) LIMIT 1   [ RunTime:0.0002s ]
INFO: [ app_end ] --START--
INFO: Run Behavior\ShowPageTraceBehavior [ RunTime:0.000623s ]
INFO: [ app_end ] --END-- [ RunTime:0.000729s ]

[ 2018-09-28T17:23:34+08:00 ] 127.0.0.1 /index.php/Home/User/insertUserItem?nickname=yun&user_pic=sky&password=k&phone=15523645128&email=good
INFO: [ app_init ] --START--
INFO: Run Behavior\BuildLiteBehavior [ RunTime:0.000024s ]
INFO: [ app_init ] --END-- [ RunTime:0.000423s ]
INFO: [ app_begin ] --START--
INFO: Run Behavior\ReadHtmlCacheBehavior [ RunTime:0.000954s ]
INFO: [ app_begin ] --END-- [ RunTime:0.001152s ]
SQL: SHOW COLUMNS FROM `meiui_user` [ RunTime:0.0023s ]
ERR: 1062:Duplicate entry '' for key 'username'
 [ SQL语句 ] : INSERT INTO `meiui_user` (`nickname`,`user_pic`,`phone`,`password`,`email`) VALUES ('yun','sky','15523645128','k','good')
ERR: 1062:Duplicate entry '' for key 'username'
 [ SQL语句 ] : INSERT INTO `meiui_user` (`nickname`,`user_pic`,`phone`,`password`,`email`) VALUES ('yun','sky','15523645128','k','good')

[ 2018-09-28T17:26:08+08:00 ] 127.0.0.1 /index.php/Home/User/insertUserItem?nickname=yun&user_pic=sky&password=k&phone=15523645128&email=good&username=qq
INFO: [ app_init ] --START--
INFO: Run Behavior\BuildLiteBehavior [ RunTime:0.000024s ]
INFO: [ app_init ] --END-- [ RunTime:0.000433s ]
INFO: [ app_begin ] --START--
INFO: Run Behavior\ReadHtmlCacheBehavior [ RunTime:0.000676s ]
INFO: [ app_begin ] --END-- [ RunTime:0.000825s ]
SQL: SHOW COLUMNS FROM `meiui_user` [ RunTime:0.0024s ]
SQL: INSERT INTO `meiui_user` (`username`,`nickname`,`user_pic`,`phone`,`password`,`email`) VALUES ('qq','yun','sky','15523645128','k','good') [ RunTime:0.0003s ]
INFO: [ app_end ] --START--
INFO: Run Behavior\ShowPageTraceBehavior [ RunTime:0.000889s ]
INFO: [ app_end ] --END-- [ RunTime:0.001072s ]

[ 2018-09-28T17:26:19+08:00 ] 127.0.0.1 /index.php/Home/User/insertUserItem?nickname=yun&user_pic=sky&password=k&phone=15523645128&email=good&username=qq
INFO: [ app_init ] --START--
INFO: Run Behavior\BuildLiteBehavior [ RunTime:0.000026s ]
INFO: [ app_init ] --END-- [ RunTime:0.000448s ]
INFO: [ app_begin ] --START--
INFO: Run Behavior\ReadHtmlCacheBehavior [ RunTime:0.000491s ]
INFO: [ app_begin ] --END-- [ RunTime:0.000624s ]
SQL: SHOW COLUMNS FROM `meiui_user` [ RunTime:0.0021s ]
ERR: 1062:Duplicate entry 'qq' for key 'username'
 [ SQL语句 ] : INSERT INTO `meiui_user` (`username`,`nickname`,`user_pic`,`phone`,`password`,`email`) VALUES ('qq','yun','sky','15523645128','k','good')
ERR: 1062:Duplicate entry 'qq' for key 'username'
 [ SQL语句 ] : INSERT INTO `meiui_user` (`username`,`nickname`,`user_pic`,`phone`,`password`,`email`) VALUES ('qq','yun','sky','15523645128','k','good')

[ 2018-09-28T17:26:24+08:00 ] 127.0.0.1 /index.php/Home/User/insertUserItem?nickname=yun&user_pic=sky&password=k&phone=15523645128&email=good&username=ls
INFO: [ app_init ] --START--
INFO: Run Behavior\BuildLiteBehavior [ RunTime:0.000036s ]
INFO: [ app_init ] --END-- [ RunTime:0.000588s ]
INFO: [ app_begin ] --START--
INFO: Run Behavior\ReadHtmlCacheBehavior [ RunTime:0.000618s ]
INFO: [ app_begin ] --END-- [ RunTime:0.000771s ]
SQL: SHOW COLUMNS FROM `meiui_user` [ RunTime:0.0021s ]
SQL: INSERT INTO `meiui_user` (`username`,`nickname`,`user_pic`,`phone`,`password`,`email`) VALUES ('ls','yun','sky','15523645128','k','good') [ RunTime:0.0002s ]
INFO: [ app_end ] --START--
INFO: Run Behavior\ShowPageTraceBehavior [ RunTime:0.000548s ]
INFO: [ app_end ] --END-- [ RunTime:0.000652s ]

[ 2018-09-28T17:26:51+08:00 ] 127.0.0.1 /index.php/Home/User/insertUserItem?nick=yun&user_pic=sky&password=k&phone=15523645128&email=good&username=ls
INFO: [ app_init ] --START--
INFO: Run Behavior\BuildLiteBehavior [ RunTime:0.000037s ]
INFO: [ app_init ] --END-- [ RunTime:0.000484s ]
INFO: [ app_begin ] --START--
INFO: Run Behavior\ReadHtmlCacheBehavior [ RunTime:0.000595s ]
INFO: [ app_begin ] --END-- [ RunTime:0.000737s ]
NOTIC: [8] Undefined index: nickname G:\ui\Application\Home\Controller\UserController.class.php 第 15 行.
NOTIC: [8] Undefined index: user_id G:\ui\Application\Home\Controller\LogTool.class.php 第 12 行.
INFO: [ app_end ] --START--
INFO: Run Behavior\ShowPageTraceBehavior [ RunTime:0.000668s ]
INFO: [ app_end ] --END-- [ RunTime:0.000825s ]

[ 2018-09-28T17:27:05+08:00 ] 127.0.0.1 /index.php/Home/User/insertUserItem?nickname=yun&user_pic=sky&password=k&phone=15523645128&email=good&username=lsy
INFO: [ app_init ] --START--
INFO: Run Behavior\BuildLiteBehavior [ RunTime:0.000027s ]
INFO: [ app_init ] --END-- [ RunTime:0.000477s ]
INFO: [ app_begin ] --START--
INFO: Run Behavior\ReadHtmlCacheBehavior [ RunTime:0.000695s ]
INFO: [ app_begin ] --END-- [ RunTime:0.000861s ]
SQL: SHOW COLUMNS FROM `meiui_user` [ RunTime:0.0027s ]
SQL: INSERT INTO `meiui_user` (`username`,`nickname`,`user_pic`,`phone`,`password`,`email`) VALUES ('lsy','yun','sky','15523645128','k','good') [ RunTime:0.0003s ]
INFO: [ app_end ] --START--
INFO: Run Behavior\ShowPageTraceBehavior [ RunTime:0.000792s ]
INFO: [ app_end ] --END-- [ RunTime:0.000958s ]

[ 2018-09-28T17:29:22+08:00 ] 127.0.0.1 /index.php/Home/User/insertUserItem?nickname=yun&user_pic=sky&password=k&phone=15523645128&email=good&username=lsys
INFO: [ app_init ] --START--
INFO: Run Behavior\BuildLiteBehavior [ RunTime:0.000025s ]
INFO: [ app_init ] --END-- [ RunTime:0.000440s ]
INFO: [ app_begin ] --START--
INFO: Run Behavior\ReadHtmlCacheBehavior [ RunTime:0.000764s ]
INFO: [ app_begin ] --END-- [ RunTime:0.000935s ]
SQL: SHOW COLUMNS FROM `meiui_user` [ RunTime:0.0024s ]
SQL: INSERT INTO `meiui_user` (`username`,`nickname`,`user_pic`,`phone`,`password`,`email`) VALUES ('lsys','yun','sky','15523645128','k','good') [ RunTime:0.0003s ]
SQL: SELECT * FROM `meiui_user` WHERE ( id=16 ) LIMIT 1   [ RunTime:0.0003s ]
INFO: [ app_end ] --START--
INFO: Run Behavior\ShowPageTraceBehavior [ RunTime:0.000680s ]
INFO: [ app_end ] --END-- [ RunTime:0.000784s ]

[ 2018-09-28T18:56:41+08:00 ] 127.0.0.1 /index.php/Home/User/updateUserItem?nickname=yun&phone=15523645128&email=good&id=3
INFO: [ app_init ] --START--
INFO: Run Behavior\BuildLiteBehavior [ RunTime:0.000026s ]
INFO: [ app_init ] --END-- [ RunTime:0.000464s ]
INFO: [ app_begin ] --START--
INFO: Run Behavior\ReadHtmlCacheBehavior [ RunTime:0.000787s ]
INFO: [ app_begin ] --END-- [ RunTime:0.000942s ]
SQL: SHOW COLUMNS FROM `meiui_user` [ RunTime:0.0022s ]
SQL: UPDATE `meiui_user` SET `id`='3',`nickname`='yun',`phone`='15523645128',`email`='good' WHERE ( id=3 ) [ RunTime:0.0004s ]
SQL: SELECT * FROM `meiui_user` WHERE ( id=3 ) LIMIT 1   [ RunTime:0.0002s ]
INFO: [ app_end ] --START--
INFO: Run Behavior\ShowPageTraceBehavior [ RunTime:0.000689s ]
INFO: [ app_end ] --END-- [ RunTime:0.000797s ]

[ 2018-09-28T19:02:27+08:00 ] 127.0.0.1 /index.php/Home/User/updateUserItem?id=3
INFO: [ app_init ] --START--
INFO: Run Behavior\BuildLiteBehavior [ RunTime:0.000026s ]
INFO: [ app_init ] --END-- [ RunTime:0.000445s ]
INFO: [ app_begin ] --START--
INFO: Run Behavior\ReadHtmlCacheBehavior [ RunTime:0.000880s ]
INFO: [ app_begin ] --END-- [ RunTime:0.001105s ]
NOTIC: [8] Undefined index: nickname G:\ui\Application\Home\Controller\UserController.class.php 第 45 行.
NOTIC: [8] Undefined index: phone G:\ui\Application\Home\Controller\UserController.class.php 第 46 行.
NOTIC: [8] Undefined index: email G:\ui\Application\Home\Controller\UserController.class.php 第 47 行.
SQL: SHOW COLUMNS FROM `meiui_user` [ RunTime:0.0022s ]
SQL: UPDATE `meiui_user` SET `id`='3',`nickname`=NULL,`phone`=NULL,`email`=NULL WHERE ( id=3 ) [ RunTime:0.0520s ]
SQL: SELECT * FROM `meiui_user` WHERE ( id=3 ) LIMIT 1   [ RunTime:0.0003s ]
INFO: [ app_end ] --START--
INFO: Run Behavior\ShowPageTraceBehavior [ RunTime:0.000889s ]
INFO: [ app_end ] --END-- [ RunTime:0.001066s ]

[ 2018-09-28T19:02:30+08:00 ] 127.0.0.1 /index.php/Home/User/updateUserItem?id=3
INFO: [ app_init ] --START--
INFO: Run Behavior\BuildLiteBehavior [ RunTime:0.000034s ]
INFO: [ app_init ] --END-- [ RunTime:0.000511s ]
INFO: [ app_begin ] --START--
INFO: Run Behavior\ReadHtmlCacheBehavior [ RunTime:0.001342s ]
INFO: [ app_begin ] --END-- [ RunTime:0.001797s ]
NOTIC: [8] Undefined index: nickname G:\ui\Application\Home\Controller\UserController.class.php 第 45 行.
NOTIC: [8] Undefined index: phone G:\ui\Application\Home\Controller\UserController.class.php 第 46 行.
NOTIC: [8] Undefined index: email G:\ui\Application\Home\Controller\UserController.class.php 第 47 行.
SQL: SHOW COLUMNS FROM `meiui_user` [ RunTime:0.0028s ]
SQL: UPDATE `meiui_user` SET `id`='3',`nickname`=NULL,`phone`=NULL,`email`=NULL WHERE ( id=3 ) [ RunTime:0.0003s ]
SQL: SELECT * FROM `meiui_user` WHERE ( id=3 ) LIMIT 1   [ RunTime:0.0003s ]
INFO: [ app_end ] --START--
INFO: Run Behavior\ShowPageTraceBehavior [ RunTime:0.000779s ]
INFO: [ app_end ] --END-- [ RunTime:0.000928s ]

[ 2018-09-28T19:02:39+08:00 ] 127.0.0.1 /index.php/Home/User/updateUserItem?id=
INFO: [ app_init ] --START--
INFO: Run Behavior\BuildLiteBehavior [ RunTime:0.000044s ]
INFO: [ app_init ] --END-- [ RunTime:0.000430s ]
INFO: [ app_begin ] --START--
INFO: Run Behavior\ReadHtmlCacheBehavior [ RunTime:0.000601s ]
INFO: [ app_begin ] --END-- [ RunTime:0.000780s ]
NOTIC: [8] Undefined index: nickname G:\ui\Application\Home\Controller\UserController.class.php 第 45 行.
NOTIC: [8] Undefined index: phone G:\ui\Application\Home\Controller\UserController.class.php 第 46 行.
NOTIC: [8] Undefined index: email G:\ui\Application\Home\Controller\UserController.class.php 第 47 行.
NOTIC: [8] Undefined index: user_id G:\ui\Application\Home\Controller\LogTool.class.php 第 12 行.
INFO: [ app_end ] --START--
INFO: Run Behavior\ShowPageTraceBehavior [ RunTime:0.000483s ]
INFO: [ app_end ] --END-- [ RunTime:0.000652s ]

[ 2018-09-28T19:02:41+08:00 ] 127.0.0.1 /index.php/Home/User/updateUserItem?id=
INFO: [ app_init ] --START--
INFO: Run Behavior\BuildLiteBehavior [ RunTime:0.000024s ]
INFO: [ app_init ] --END-- [ RunTime:0.000377s ]
INFO: [ app_begin ] --START--
INFO: Run Behavior\ReadHtmlCacheBehavior [ RunTime:0.000525s ]
INFO: [ app_begin ] --END-- [ RunTime:0.000647s ]
NOTIC: [8] Undefined index: nickname G:\ui\Application\Home\Controller\UserController.class.php 第 45 行.
NOTIC: [8] Undefined index: phone G:\ui\Application\Home\Controller\UserController.class.php 第 46 行.
NOTIC: [8] Undefined index: email G:\ui\Application\Home\Controller\UserController.class.php 第 47 行.
NOTIC: [8] Undefined index: user_id G:\ui\Application\Home\Controller\LogTool.class.php 第 12 行.
INFO: [ app_end ] --START--
INFO: Run Behavior\ShowPageTraceBehavior [ RunTime:0.000588s ]
INFO: [ app_end ] --END-- [ RunTime:0.000749s ]

[ 2018-09-28T19:03:00+08:00 ] 127.0.0.1 /index.php/Home/User/getUserItem?id=3
INFO: [ app_init ] --START--
INFO: Run Behavior\BuildLiteBehavior [ RunTime:0.000026s ]
INFO: [ app_init ] --END-- [ RunTime:0.000417s ]
INFO: [ app_begin ] --START--
INFO: Run Behavior\ReadHtmlCacheBehavior [ RunTime:0.000508s ]
INFO: [ app_begin ] --END-- [ RunTime:0.000694s ]
ERR: 非法操作:getUserItem

[ 2018-09-28T19:03:10+08:00 ] 127.0.0.1 /index.php/Home/User/getUserItem?id=3
INFO: [ app_init ] --START--
INFO: Run Behavior\BuildLiteBehavior [ RunTime:0.000025s ]
INFO: [ app_init ] --END-- [ RunTime:0.000381s ]
INFO: [ app_begin ] --START--
INFO: Run Behavior\ReadHtmlCacheBehavior [ RunTime:0.000523s ]
INFO: [ app_begin ] --END-- [ RunTime:0.000664s ]
ERR: 非法操作:getUserItem

[ 2018-09-28T19:03:11+08:00 ] 127.0.0.1 /index.php/Home/User/getUserItem?id=3
INFO: [ app_init ] --START--
INFO: Run Behavior\BuildLiteBehavior [ RunTime:0.000024s ]
INFO: [ app_init ] --END-- [ RunTime:0.000385s ]
INFO: [ app_begin ] --START--
INFO: Run Behavior\ReadHtmlCacheBehavior [ RunTime:0.000450s ]
INFO: [ app_begin ] --END-- [ RunTime:0.000563s ]
ERR: 非法操作:getUserItem

[ 2018-09-28T19:03:53+08:00 ] 127.0.0.1 /index.php/Home/User/getUserItem?id=3
INFO: [ app_init ] --START--
INFO: Run Behavior\BuildLiteBehavior [ RunTime:0.000024s ]
INFO: [ app_init ] --END-- [ RunTime:0.000388s ]
INFO: [ app_begin ] --START--
INFO: Run Behavior\ReadHtmlCacheBehavior [ RunTime:0.001422s ]
INFO: [ app_begin ] --END-- [ RunTime:0.001856s ]
ERR: 非法操作:getUserItem

[ 2018-09-28T19:03:56+08:00 ] 127.0.0.1 /index.php/Home/User/getUserItem?id=3
INFO: [ app_init ] --START--
INFO: Run Behavior\BuildLiteBehavior [ RunTime:0.000035s ]
INFO: [ app_init ] --END-- [ RunTime:0.000515s ]
INFO: [ app_begin ] --START--
INFO: Run Behavior\ReadHtmlCacheBehavior [ RunTime:0.000595s ]
INFO: [ app_begin ] --END-- [ RunTime:0.000754s ]
ERR: 非法操作:getUserItem

[ 2018-09-28T19:03:57+08:00 ] 127.0.0.1 /index.php/Home/User/getUserItem?id=3
INFO: [ app_init ] --START--
INFO: Run Behavior\BuildLiteBehavior [ RunTime:0.000029s ]
INFO: [ app_init ] --END-- [ RunTime:0.001531s ]
INFO: [ app_begin ] --START--
INFO: Run Behavior\ReadHtmlCacheBehavior [ RunTime:0.001380s ]
INFO: [ app_begin ] --END-- [ RunTime:0.001691s ]
ERR: 非法操作:getUserItem

[ 2018-09-28T19:04:29+08:00 ] 127.0.0.1 /index.php/Home/User/getUserItem?id=3
INFO: [ app_init ] --START--
INFO: Run Behavior\BuildLiteBehavior [ RunTime:0.000025s ]
INFO: [ app_init ] --END-- [ RunTime:0.000445s ]
INFO: [ app_begin ] --START--
INFO: Run Behavior\ReadHtmlCacheBehavior [ RunTime:0.000773s ]
INFO: [ app_begin ] --END-- [ RunTime:0.000891s ]
ERR: 非法操作:getUserItem

[ 2018-09-28T19:06:12+08:00 ] 127.0.0.1 /index.php/Home/User/getUserItem?id=3
INFO: [ app_init ] --START--
INFO: Run Behavior\BuildLiteBehavior [ RunTime:0.000025s ]
INFO: [ app_init ] --END-- [ RunTime:0.000428s ]
INFO: [ app_begin ] --START--
INFO: Run Behavior\ReadHtmlCacheBehavior [ RunTime:0.000704s ]
INFO: [ app_begin ] --END-- [ RunTime:0.001010s ]
SQL: SHOW COLUMNS FROM `meiui_user` [ RunTime:0.0026s ]
SQL: SELECT * FROM `meiui_user` WHERE ( id=3 ) LIMIT 1   [ RunTime:0.0002s ]
INFO: [ app_end ] --START--
INFO: Run Behavior\ShowPageTraceBehavior [ RunTime:0.000802s ]
INFO: [ app_end ] --END-- [ RunTime:0.000944s ]

[ 2018-09-28T19:06:20+08:00 ] 127.0.0.1 /index.php/Home/User/getUserItem?id=
INFO: [ app_init ] --START--
INFO: Run Behavior\BuildLiteBehavior [ RunTime:0.000111s ]
INFO: [ app_init ] --END-- [ RunTime:0.001556s ]
INFO: [ app_begin ] --START--
INFO: Run Behavior\ReadHtmlCacheBehavior [ RunTime:0.000473s ]
INFO: [ app_begin ] --END-- [ RunTime:0.000588s ]
NOTIC: [8] Undefined index: user_id G:\ui\Application\Home\Controller\LogTool.class.php 第 12 行.
INFO: [ app_end ] --START--
INFO: Run Behavior\ShowPageTraceBehavior [ RunTime:0.000482s ]
INFO: [ app_end ] --END-- [ RunTime:0.000589s ]

[ 2018-09-28T19:06:26+08:00 ] 127.0.0.1 /index.php/Home/User/getUserItem?id=111111
INFO: [ app_init ] --START--
INFO: Run Behavior\BuildLiteBehavior [ RunTime:0.000025s ]
INFO: [ app_init ] --END-- [ RunTime:0.000395s ]
INFO: [ app_begin ] --START--
INFO: Run Behavior\ReadHtmlCacheBehavior [ RunTime:0.000459s ]
INFO: [ app_begin ] --END-- [ RunTime:0.000573s ]
SQL: SHOW COLUMNS FROM `meiui_user` [ RunTime:0.0022s ]
SQL: SELECT * FROM `meiui_user` WHERE ( id=111111 ) LIMIT 1   [ RunTime:0.0002s ]
NOTIC: [8] Undefined index: user_id G:\ui\Application\Home\Controller\LogTool.class.php 第 12 行.
INFO: [ app_end ] --START--
INFO: Run Behavior\ShowPageTraceBehavior [ RunTime:0.000506s ]
INFO: [ app_end ] --END-- [ RunTime:0.000615s ]

[ 2018-09-28T19:09:39+08:00 ] 127.0.0.1 /index.php/Home/User/dropUserItem?id=111111
INFO: [ app_init ] --START--
INFO: Run Behavior\BuildLiteBehavior [ RunTime:0.000026s ]
INFO: [ app_init ] --END-- [ RunTime:0.000440s ]
INFO: [ app_begin ] --START--
INFO: Run Behavior\ReadHtmlCacheBehavior [ RunTime:0.000651s ]
INFO: [ app_begin ] --END-- [ RunTime:0.000792s ]
SQL: SHOW COLUMNS FROM `meiui_user` [ RunTime:0.0022s ]
SQL: DELETE FROM `meiui_user` WHERE ( id=111111 ) [ RunTime:0.1041s ]
NOTIC: [8] Undefined index: user_id G:\ui\Application\Home\Controller\LogTool.class.php 第 12 行.
INFO: [ app_end ] --START--
INFO: Run Behavior\ShowPageTraceBehavior [ RunTime:0.000917s ]
INFO: [ app_end ] --END-- [ RunTime:0.001110s ]

