[ 2018-09-27T16:02:53+08:00 ] 127.0.0.1 /index.php/Home/MeiuiTag/getTagItem?tag_id=5
INFO: [ app_init ] --START--
INFO: Run Behavior\BuildLiteBehavior [ RunTime:0.000042s ]
INFO: [ app_init ] --END-- [ RunTime:0.000775s ]
INFO: [ app_begin ] --START--
INFO: Run Behavior\ReadHtmlCacheBehavior [ RunTime:0.050055s ]
INFO: [ app_begin ] --END-- [ RunTime:0.050197s ]
SQL: SHOW COLUMNS FROM `meiui_tag` [ RunTime:0.0352s ]
SQL: SELECT * FROM `meiui_tag` WHERE ( id=5 ) LIMIT 1   [ RunTime:0.0006s ]

[ 2018-09-27T16:09:13+08:00 ] 127.0.0.1 /index.php/Home/MeiuiTag/getTagItem?tag_id=511
INFO: [ app_init ] --START--
INFO: Run Behavior\BuildLiteBehavior [ RunTime:0.000028s ]
INFO: [ app_init ] --END-- [ RunTime:0.000461s ]
INFO: [ app_begin ] --START--
INFO: Run Behavior\ReadHtmlCacheBehavior [ RunTime:0.000592s ]
INFO: [ app_begin ] --END-- [ RunTime:0.000736s ]
SQL: SHOW COLUMNS FROM `meiui_tag` [ RunTime:0.0040s ]
SQL: SELECT * FROM `meiui_tag` WHERE ( id=511 ) LIMIT 1   [ RunTime:0.0003s ]

[ 2018-09-27T16:11:24+08:00 ] 127.0.0.1 /index.php/Home/MeiuiTag/getTagItem?tag_id=5
INFO: [ app_init ] --START--
INFO: Run Behavior\BuildLiteBehavior [ RunTime:0.000024s ]
INFO: [ app_init ] --END-- [ RunTime:0.000446s ]
INFO: [ app_begin ] --START--
INFO: Run Behavior\ReadHtmlCacheBehavior [ RunTime:0.000577s ]
INFO: [ app_begin ] --END-- [ RunTime:0.000731s ]
SQL: SHOW COLUMNS FROM `meiui_tag` [ RunTime:0.0024s ]
SQL: SELECT * FROM `meiui_tag` WHERE ( id=5 ) LIMIT 1   [ RunTime:0.0003s ]

[ 2018-09-27T16:11:28+08:00 ] 127.0.0.1 /index.php/Home/MeiuiTag/getTagItem?tag_id=511
INFO: [ app_init ] --START--
INFO: Run Behavior\BuildLiteBehavior [ RunTime:0.000114s ]
INFO: [ app_init ] --END-- [ RunTime:0.001708s ]
INFO: [ app_begin ] --START--
INFO: Run Behavior\ReadHtmlCacheBehavior [ RunTime:0.001312s ]
INFO: [ app_begin ] --END-- [ RunTime:0.001548s ]
SQL: SHOW COLUMNS FROM `meiui_tag` [ RunTime:0.0067s ]
SQL: SELECT * FROM `meiui_tag` WHERE ( id=511 ) LIMIT 1   [ RunTime:0.0005s ]

[ 2018-09-27T16:15:58+08:00 ] 127.0.0.1 /index.php/Home/MeiuiTag/getTagItem?tag_id=10
INFO: [ app_init ] --START--
INFO: Run Behavior\BuildLiteBehavior [ RunTime:0.000026s ]
INFO: [ app_init ] --END-- [ RunTime:0.000423s ]
INFO: [ app_begin ] --START--
INFO: Run Behavior\ReadHtmlCacheBehavior [ RunTime:0.000563s ]
INFO: [ app_begin ] --END-- [ RunTime:0.000677s ]
SQL: SHOW COLUMNS FROM `meiui_tag` [ RunTime:0.0024s ]
SQL: SELECT * FROM `meiui_tag` WHERE ( id=10 ) LIMIT 1   [ RunTime:0.0002s ]

[ 2018-09-27T16:16:48+08:00 ] 127.0.0.1 /index.php/Home/MeiuiTag/getTagItem?tag_id=10&tag_name=ly
INFO: [ app_init ] --START--
INFO: Run Behavior\BuildLiteBehavior [ RunTime:0.000025s ]
INFO: [ app_init ] --END-- [ RunTime:0.000375s ]
INFO: [ app_begin ] --START--
INFO: Run Behavior\ReadHtmlCacheBehavior [ RunTime:0.000883s ]
INFO: [ app_begin ] --END-- [ RunTime:0.001152s ]
SQL: SHOW COLUMNS FROM `meiui_tag` [ RunTime:0.0025s ]
SQL: SELECT * FROM `meiui_tag` WHERE ( id=10 ) LIMIT 1   [ RunTime:0.0002s ]

[ 2018-09-27T16:18:26+08:00 ] 127.0.0.1 /index.php/Home/MeiuiTag/insertTagItem?tag_id=10&tag_name=ly
INFO: [ app_init ] --START--
INFO: Run Behavior\BuildLiteBehavior [ RunTime:0.000026s ]
INFO: [ app_init ] --END-- [ RunTime:0.000420s ]
INFO: [ app_begin ] --START--
INFO: Run Behavior\ReadHtmlCacheBehavior [ RunTime:0.000605s ]
INFO: [ app_begin ] --END-- [ RunTime:0.000716s ]
INFO: [ app_end ] --START--
INFO: Run Behavior\ShowPageTraceBehavior [ RunTime:0.053915s ]
INFO: [ app_end ] --END-- [ RunTime:0.054046s ]

[ 2018-09-27T16:18:48+08:00 ] 127.0.0.1 /index.php/Home/MeiuiTag/insertTagItem?tag_id=10&tag_name=ly
INFO: [ app_init ] --START--
INFO: Run Behavior\BuildLiteBehavior [ RunTime:0.000038s ]
INFO: [ app_init ] --END-- [ RunTime:0.001726s ]
INFO: [ app_begin ] --START--
INFO: Run Behavior\ReadHtmlCacheBehavior [ RunTime:0.001776s ]
INFO: [ app_begin ] --END-- [ RunTime:0.002057s ]
INFO: [ app_end ] --START--
INFO: Run Behavior\ShowPageTraceBehavior [ RunTime:0.000661s ]
INFO: [ app_end ] --END-- [ RunTime:0.000792s ]

[ 2018-09-27T16:25:18+08:00 ] 127.0.0.1 /index.php/Home/MeiuiTag/insertTagItem?tag_id=10&tag_name=ly
INFO: [ app_init ] --START--
INFO: Run Behavior\BuildLiteBehavior [ RunTime:0.000024s ]
INFO: [ app_init ] --END-- [ RunTime:0.000426s ]
INFO: [ app_begin ] --START--
INFO: Run Behavior\ReadHtmlCacheBehavior [ RunTime:0.000556s ]
INFO: [ app_begin ] --END-- [ RunTime:0.000671s ]
NOTIC: [8] Undefined index: tag_user G:\tp\first\Application\Home\Controller\MeiuiTagController.class.php 第 34 行.
INFO: [ app_end ] --START--
INFO: Run Behavior\ShowPageTraceBehavior [ RunTime:0.000872s ]
INFO: [ app_end ] --END-- [ RunTime:0.001025s ]

[ 2018-09-27T16:25:40+08:00 ] 127.0.0.1 /index.php/Home/MeiuiTag/insertTagItem?tag_id=10&tag_name=ly
INFO: [ app_init ] --START--
INFO: Run Behavior\BuildLiteBehavior [ RunTime:0.000065s ]
INFO: [ app_init ] --END-- [ RunTime:0.001207s ]
INFO: [ app_begin ] --START--
INFO: Run Behavior\ReadHtmlCacheBehavior [ RunTime:0.000485s ]
INFO: [ app_begin ] --END-- [ RunTime:0.000600s ]
INFO: [ app_end ] --START--
INFO: Run Behavior\ShowPageTraceBehavior [ RunTime:0.000788s ]
INFO: [ app_end ] --END-- [ RunTime:0.000942s ]

[ 2018-09-27T16:32:22+08:00 ] 127.0.0.1 /index.php/Home/MeiuiTag/insertTagItem?tag_id=10&tag_name=ly
INFO: [ app_init ] --START--
INFO: Run Behavior\BuildLiteBehavior [ RunTime:0.000024s ]
INFO: [ app_init ] --END-- [ RunTime:0.000420s ]
INFO: [ app_begin ] --START--
INFO: Run Behavior\ReadHtmlCacheBehavior [ RunTime:0.000595s ]
INFO: [ app_begin ] --END-- [ RunTime:0.000707s ]
ERR: 1146:Table 'ui.meiuitag' doesn't exist
 [ SQL语句 ] : SHOW COLUMNS FROM `meiuitag`
ERR: 1146:Table 'ui.meiuitag' doesn't exist
 [ SQL语句 ] : SHOW COLUMNS FROM `meiuitag`

[ 2018-09-27T16:32:51+08:00 ] 127.0.0.1 /index.php/Home/MeiuiTag/insertTagItem?tag_id=10&tag_name=ly
INFO: [ app_init ] --START--
INFO: Run Behavior\BuildLiteBehavior [ RunTime:0.000026s ]
INFO: [ app_init ] --END-- [ RunTime:0.000419s ]
INFO: [ app_begin ] --START--
INFO: Run Behavior\ReadHtmlCacheBehavior [ RunTime:0.000490s ]
INFO: [ app_begin ] --END-- [ RunTime:0.000622s ]
SQL: SHOW COLUMNS FROM `meiui_tag` [ RunTime:0.0020s ]
SQL: INSERT INTO `meiui_tag` (`id`,`tag_name`) VALUES ('10','ly') [ RunTime:0.0972s ]
INFO: [ app_end ] --START--
INFO: Run Behavior\ShowPageTraceBehavior [ RunTime:0.000745s ]
INFO: [ app_end ] --END-- [ RunTime:0.000877s ]

[ 2018-09-27T16:33:10+08:00 ] 127.0.0.1 /index.php/Home/MeiuiTag/insertTagItem?tag_id=10&tag_name=ly
INFO: [ app_init ] --START--
INFO: Run Behavior\BuildLiteBehavior [ RunTime:0.000024s ]
INFO: [ app_init ] --END-- [ RunTime:0.000374s ]
INFO: [ app_begin ] --START--
INFO: Run Behavior\ReadHtmlCacheBehavior [ RunTime:0.000509s ]
INFO: [ app_begin ] --END-- [ RunTime:0.000618s ]
SQL: SHOW COLUMNS FROM `meiui_tag` [ RunTime:0.0023s ]
ERR: 1062:Duplicate entry '10' for key 'PRIMARY'
 [ SQL语句 ] : INSERT INTO `meiui_tag` (`id`,`tag_name`) VALUES ('10','ly')
ERR: 1062:Duplicate entry '10' for key 'PRIMARY'
 [ SQL语句 ] : INSERT INTO `meiui_tag` (`id`,`tag_name`) VALUES ('10','ly')

[ 2018-09-27T16:33:44+08:00 ] 127.0.0.1 /index.php/Home/MeiuiTag/insertTagItem?tag_id=10&tag_name=ly
INFO: [ app_init ] --START--
INFO: Run Behavior\BuildLiteBehavior [ RunTime:0.000024s ]
INFO: [ app_init ] --END-- [ RunTime:0.000394s ]
INFO: [ app_begin ] --START--
INFO: Run Behavior\ReadHtmlCacheBehavior [ RunTime:0.000461s ]
INFO: [ app_begin ] --END-- [ RunTime:0.000582s ]
SQL: SHOW COLUMNS FROM `meiui_tag` [ RunTime:0.0023s ]
NOTIC: [8] Undefined variable: tag_id G:\tp\first\Application\Home\Controller\MeiuiTagController.class.php 第 37 行.
SQL: INSERT INTO `meiui_tag` (`id`,`tag_name`) VALUES (NULL,'ly') [ RunTime:0.0106s ]
INFO: [ app_end ] --START--
INFO: Run Behavior\ShowPageTraceBehavior [ RunTime:0.000637s ]
INFO: [ app_end ] --END-- [ RunTime:0.000766s ]

[ 2018-09-27T16:34:45+08:00 ] 127.0.0.1 /index.php/Home/MeiuiTag/insertTagItem?create_user=8&tag_name=ly
INFO: [ app_init ] --START--
INFO: Run Behavior\BuildLiteBehavior [ RunTime:0.000024s ]
INFO: [ app_init ] --END-- [ RunTime:0.000468s ]
INFO: [ app_begin ] --START--
INFO: Run Behavior\ReadHtmlCacheBehavior [ RunTime:0.000582s ]
INFO: [ app_begin ] --END-- [ RunTime:0.000722s ]
SQL: SHOW COLUMNS FROM `meiui_tag` [ RunTime:0.0022s ]
NOTIC: [8] Undefined variable: tag_id G:\tp\first\Application\Home\Controller\MeiuiTagController.class.php 第 37 行.
SQL: INSERT INTO `meiui_tag` (`id`,`tag_name`) VALUES (NULL,'ly') [ RunTime:0.0002s ]
INFO: [ app_end ] --START--
INFO: Run Behavior\ShowPageTraceBehavior [ RunTime:0.000549s ]
INFO: [ app_end ] --END-- [ RunTime:0.000648s ]

[ 2018-09-27T16:37:06+08:00 ] 127.0.0.1 /index.php/Home/MeiuiTag/insertTagItem?create_user=8&tag_name=ly
INFO: [ app_init ] --START--
INFO: Run Behavior\BuildLiteBehavior [ RunTime:0.000025s ]
INFO: [ app_init ] --END-- [ RunTime:0.000441s ]
INFO: [ app_begin ] --START--
INFO: Run Behavior\ReadHtmlCacheBehavior [ RunTime:0.000594s ]
INFO: [ app_begin ] --END-- [ RunTime:0.000705s ]
SQL: SHOW COLUMNS FROM `meiui_tag` [ RunTime:0.0025s ]
NOTIC: [8] Undefined variable: create_user G:\tp\first\Application\Home\Controller\MeiuiTagController.class.php 第 38 行.
SQL: INSERT INTO `meiui_tag` (`create_user`,`tag_name`) VALUES ('','ly') [ RunTime:0.0003s ]
INFO: [ app_end ] --START--
INFO: Run Behavior\ShowPageTraceBehavior [ RunTime:0.000997s ]
INFO: [ app_end ] --END-- [ RunTime:0.001208s ]

[ 2018-09-27T16:38:17+08:00 ] 127.0.0.1 /index.php/Home/MeiuiTag/insertTagItem?create_user=8&tag_name=ly
INFO: [ app_init ] --START--
INFO: Run Behavior\BuildLiteBehavior [ RunTime:0.000024s ]
INFO: [ app_init ] --END-- [ RunTime:0.000375s ]
INFO: [ app_begin ] --START--
INFO: Run Behavior\ReadHtmlCacheBehavior [ RunTime:0.000462s ]
INFO: [ app_begin ] --END-- [ RunTime:0.000589s ]
SQL: SHOW COLUMNS FROM `meiui_tag` [ RunTime:0.0023s ]
SQL: INSERT INTO `meiui_tag` (`create_user`,`tag_name`) VALUES ('8','ly') [ RunTime:0.0002s ]
INFO: [ app_end ] --START--
INFO: Run Behavior\ShowPageTraceBehavior [ RunTime:0.000579s ]
INFO: [ app_end ] --END-- [ RunTime:0.000679s ]

[ 2018-09-27T16:39:15+08:00 ] 127.0.0.1 /index.php/Home/MeiuiTag/insertTagItem?create_user=8&tag_name=ly
INFO: [ app_init ] --START--
INFO: Run Behavior\BuildLiteBehavior [ RunTime:0.000025s ]
INFO: [ app_init ] --END-- [ RunTime:0.000434s ]
INFO: [ app_begin ] --START--
INFO: Run Behavior\ReadHtmlCacheBehavior [ RunTime:0.000590s ]
INFO: [ app_begin ] --END-- [ RunTime:0.000702s ]
SQL: SHOW COLUMNS FROM `meiui_tag` [ RunTime:0.0026s ]
SQL: INSERT INTO `meiui_tag` (`create_user`,`tag_name`,`create_time`) VALUES ('8','ly','1538037555') [ RunTime:0.0002s ]
INFO: [ app_end ] --START--
INFO: Run Behavior\ShowPageTraceBehavior [ RunTime:0.000666s ]
INFO: [ app_end ] --END-- [ RunTime:0.000769s ]

[ 2018-09-27T16:50:27+08:00 ] 127.0.0.1 /index.php/Home/MeiuiTag/insertTagItem?create_user=8&tag_name=ly
INFO: [ app_init ] --START--
INFO: Run Behavior\BuildLiteBehavior [ RunTime:0.000025s ]
INFO: [ app_init ] --END-- [ RunTime:0.000460s ]
INFO: [ app_begin ] --START--
INFO: Run Behavior\ReadHtmlCacheBehavior [ RunTime:0.000607s ]
INFO: [ app_begin ] --END-- [ RunTime:0.000740s ]
SQL: SHOW COLUMNS FROM `meiui_tag` [ RunTime:0.0024s ]
SQL: INSERT INTO `meiui_tag` (`create_user`,`tag_name`,`create_time`) VALUES ('8','ly','1538038227') [ RunTime:0.0003s ]
INFO: [ app_end ] --START--
INFO: Run Behavior\ShowPageTraceBehavior [ RunTime:0.000730s ]
INFO: [ app_end ] --END-- [ RunTime:0.000860s ]

[ 2018-09-27T16:50:43+08:00 ] 127.0.0.1 /index.php/Home/MeiuiTag/insertTagItem?create_user=8&tag_name=ly
INFO: [ app_init ] --START--
INFO: Run Behavior\BuildLiteBehavior [ RunTime:0.000024s ]
INFO: [ app_init ] --END-- [ RunTime:0.000401s ]
INFO: [ app_begin ] --START--
INFO: Run Behavior\ReadHtmlCacheBehavior [ RunTime:0.000481s ]
INFO: [ app_begin ] --END-- [ RunTime:0.000592s ]
SQL: SHOW COLUMNS FROM `meiui_tag` [ RunTime:0.0024s ]
SQL: INSERT INTO `meiui_tag` (`create_user`,`tag_name`,`create_time`) VALUES ('8','ly','1538038243') [ RunTime:0.0003s ]
INFO: [ app_end ] --START--
INFO: Run Behavior\ShowPageTraceBehavior [ RunTime:0.000792s ]
INFO: [ app_end ] --END-- [ RunTime:0.000915s ]

[ 2018-09-27T16:50:46+08:00 ] 127.0.0.1 /index.php/Home/MeiuiTag/insertTagItem?create_user=8&tag_name=ly
INFO: [ app_init ] --START--
INFO: Run Behavior\BuildLiteBehavior [ RunTime:0.000024s ]
INFO: [ app_init ] --END-- [ RunTime:0.000369s ]
INFO: [ app_begin ] --START--
INFO: Run Behavior\ReadHtmlCacheBehavior [ RunTime:0.000470s ]
INFO: [ app_begin ] --END-- [ RunTime:0.000578s ]
SQL: SHOW COLUMNS FROM `meiui_tag` [ RunTime:0.0023s ]
SQL: INSERT INTO `meiui_tag` (`create_user`,`tag_name`,`create_time`) VALUES ('8','ly','1538038246') [ RunTime:0.0002s ]
INFO: [ app_end ] --START--
INFO: Run Behavior\ShowPageTraceBehavior [ RunTime:0.000538s ]
INFO: [ app_end ] --END-- [ RunTime:0.000639s ]

[ 2018-09-27T16:51:47+08:00 ] 127.0.0.1 /index.php/Home/MeiuiTag/getTagItem?tag_id=5
INFO: [ app_init ] --START--
INFO: Run Behavior\BuildLiteBehavior [ RunTime:0.000024s ]
INFO: [ app_init ] --END-- [ RunTime:0.000397s ]
INFO: [ app_begin ] --START--
INFO: Run Behavior\ReadHtmlCacheBehavior [ RunTime:0.000439s ]
INFO: [ app_begin ] --END-- [ RunTime:0.000549s ]
SQL: SHOW COLUMNS FROM `meiui_tag` [ RunTime:0.0022s ]
SQL: SELECT * FROM `meiui_tag` WHERE ( id=5 ) LIMIT 1   [ RunTime:0.0004s ]

[ 2018-09-27T16:51:48+08:00 ] 127.0.0.1 /index.php/Home/MeiuiTag/insertTagItem?create_user=8&tag_name=ly
INFO: [ app_init ] --START--
INFO: Run Behavior\BuildLiteBehavior [ RunTime:0.000023s ]
INFO: [ app_init ] --END-- [ RunTime:0.000380s ]
INFO: [ app_begin ] --START--
INFO: Run Behavior\ReadHtmlCacheBehavior [ RunTime:0.000549s ]
INFO: [ app_begin ] --END-- [ RunTime:0.000714s ]
SQL: SHOW COLUMNS FROM `meiui_tag` [ RunTime:0.0023s ]
SQL: INSERT INTO `meiui_tag` (`create_user`,`tag_name`,`create_time`) VALUES ('8','ly','1538038308') [ RunTime:0.0003s ]
INFO: [ app_end ] --START--
INFO: Run Behavior\ShowPageTraceBehavior [ RunTime:0.000587s ]
INFO: [ app_end ] --END-- [ RunTime:0.000690s ]

[ 2018-09-27T16:59:08+08:00 ] 127.0.0.1 /index.php/Home/MeiuiTag/insertTagItem?create_user=8&tag_name=ly
INFO: [ app_init ] --START--
INFO: Run Behavior\BuildLiteBehavior [ RunTime:0.000027s ]
INFO: [ app_init ] --END-- [ RunTime:0.000479s ]
INFO: [ app_begin ] --START--
INFO: Run Behavior\ReadHtmlCacheBehavior [ RunTime:0.000739s ]
INFO: [ app_begin ] --END-- [ RunTime:0.000895s ]
SQL: SHOW COLUMNS FROM `meiui_tag` [ RunTime:0.0023s ]
SQL: INSERT INTO `meiui_tag` (`create_user`,`tag_name`,`create_time`) VALUES ('8','ly','1538038748') [ RunTime:0.0002s ]

[ 2018-09-27T17:00:00+08:00 ] 127.0.0.1 /index.php/Home/MeiuiTag/insertTagItem?create_user=8&tag_name=ly
INFO: [ app_init ] --START--
INFO: Run Behavior\BuildLiteBehavior [ RunTime:0.000030s ]
INFO: [ app_init ] --END-- [ RunTime:0.000638s ]
INFO: [ app_begin ] --START--
INFO: Run Behavior\ReadHtmlCacheBehavior [ RunTime:0.000617s ]
INFO: [ app_begin ] --END-- [ RunTime:0.000732s ]
SQL: SHOW COLUMNS FROM `meiui_tag` [ RunTime:0.0032s ]
SQL: INSERT INTO `meiui_tag` (`create_user`,`tag_name`,`create_time`) VALUES ('8','ly','1538038800') [ RunTime:0.0004s ]

[ 2018-09-27T17:03:15+08:00 ] 127.0.0.1 /index.php/Home/MeiuiTag/insertTagItem?create_user=8&tag_name=ly
INFO: [ app_init ] --START--
INFO: Run Behavior\BuildLiteBehavior [ RunTime:0.000026s ]
INFO: [ app_init ] --END-- [ RunTime:0.000618s ]
INFO: [ app_begin ] --START--
INFO: Run Behavior\ReadHtmlCacheBehavior [ RunTime:0.000723s ]
INFO: [ app_begin ] --END-- [ RunTime:0.000903s ]
SQL: SHOW COLUMNS FROM `meiui_tag` [ RunTime:0.0023s ]
SQL: INSERT INTO `meiui_tag` (`create_user`,`tag_name`,`create_time`) VALUES ('8','ly','1538038995') [ RunTime:0.0003s ]

[ 2018-09-27T17:03:17+08:00 ] 127.0.0.1 /index.php/Home/MeiuiTag/insertTagItem?create_user=8&tag_name=ly
INFO: [ app_init ] --START--
INFO: Run Behavior\BuildLiteBehavior [ RunTime:0.000026s ]
INFO: [ app_init ] --END-- [ RunTime:0.000424s ]
INFO: [ app_begin ] --START--
INFO: Run Behavior\ReadHtmlCacheBehavior [ RunTime:0.000495s ]
INFO: [ app_begin ] --END-- [ RunTime:0.000627s ]
SQL: SHOW COLUMNS FROM `meiui_tag` [ RunTime:0.0023s ]
SQL: INSERT INTO `meiui_tag` (`create_user`,`tag_name`,`create_time`) VALUES ('8','ly','1538038997') [ RunTime:0.0005s ]

[ 2018-09-27T17:03:29+08:00 ] 127.0.0.1 /index.php/Home/MeiuiTag/insertTagItem?&tag_name=ly
INFO: [ app_init ] --START--
INFO: Run Behavior\BuildLiteBehavior [ RunTime:0.000079s ]
INFO: [ app_init ] --END-- [ RunTime:0.002158s ]
INFO: [ app_begin ] --START--
INFO: Run Behavior\ReadHtmlCacheBehavior [ RunTime:0.002516s ]
INFO: [ app_begin ] --END-- [ RunTime:0.002722s ]
NOTIC: [8] Undefined index: create_user G:\tp\first\Application\Home\Controller\MeiuiTagController.class.php 第 33 行.

[ 2018-09-27T17:03:42+08:00 ] 127.0.0.1 /index.php/Home/MeiuiTag/insertTagItem?&tag_name=ly
INFO: [ app_init ] --START--
INFO: Run Behavior\BuildLiteBehavior [ RunTime:0.000024s ]
INFO: [ app_init ] --END-- [ RunTime:0.000418s ]
INFO: [ app_begin ] --START--
INFO: Run Behavior\ReadHtmlCacheBehavior [ RunTime:0.000484s ]
INFO: [ app_begin ] --END-- [ RunTime:0.000614s ]
NOTIC: [8] Undefined index: create_user G:\tp\first\Application\Home\Controller\MeiuiTagController.class.php 第 33 行.

[ 2018-09-27T17:06:00+08:00 ] 127.0.0.1 /index.php/Home/MeiuiTag/insertTagItem?create_user=10&tag_name=ly
INFO: [ app_init ] --START--
INFO: Run Behavior\BuildLiteBehavior [ RunTime:0.000025s ]
INFO: [ app_init ] --END-- [ RunTime:0.000418s ]
INFO: [ app_begin ] --START--
INFO: Run Behavior\ReadHtmlCacheBehavior [ RunTime:0.000576s ]
INFO: [ app_begin ] --END-- [ RunTime:0.000707s ]
SQL: SHOW COLUMNS FROM `meiui_tag` [ RunTime:0.0024s ]
SQL: INSERT INTO `meiui_tag` (`create_user`,`tag_name`,`create_time`) VALUES ('10','ly','1538039160') [ RunTime:0.0002s ]

[ 2018-09-27T17:06:16+08:00 ] 127.0.0.1 /index.php/Home/MeiuiTag/insertTagItem?create_user=10&tag_name=ly
INFO: [ app_init ] --START--
INFO: Run Behavior\BuildLiteBehavior [ RunTime:0.000050s ]
INFO: [ app_init ] --END-- [ RunTime:0.000646s ]
INFO: [ app_begin ] --START--
INFO: Run Behavior\ReadHtmlCacheBehavior [ RunTime:0.004124s ]
INFO: [ app_begin ] --END-- [ RunTime:0.005064s ]
SQL: SHOW COLUMNS FROM `meiui_tag` [ RunTime:0.0033s ]
SQL: INSERT INTO `meiui_tag` (`create_user`,`tag_name`,`create_time`) VALUES ('10','ly','1538039176') [ RunTime:0.0003s ]

[ 2018-09-27T17:07:07+08:00 ] 127.0.0.1 /index.php/Home/MeiuiTag/updateTagItem?id=3
INFO: [ app_init ] --START--
INFO: Run Behavior\BuildLiteBehavior [ RunTime:0.000025s ]
INFO: [ app_init ] --END-- [ RunTime:0.000387s ]
INFO: [ app_begin ] --START--
INFO: Run Behavior\ReadHtmlCacheBehavior [ RunTime:0.000558s ]
INFO: [ app_begin ] --END-- [ RunTime:0.000732s ]
INFO: [ app_end ] --START--
INFO: Run Behavior\ShowPageTraceBehavior [ RunTime:0.000694s ]
INFO: [ app_end ] --END-- [ RunTime:0.000797s ]

[ 2018-09-27T17:17:44+08:00 ] 127.0.0.1 /index.php/Home/MeiuiTag/updateTagItem?id=3
INFO: [ app_init ] --START--
INFO: Run Behavior\BuildLiteBehavior [ RunTime:0.000026s ]
INFO: [ app_init ] --END-- [ RunTime:0.000497s ]
INFO: [ app_begin ] --START--
INFO: Run Behavior\ReadHtmlCacheBehavior [ RunTime:0.000649s ]
INFO: [ app_begin ] --END-- [ RunTime:0.000828s ]
NOTIC: [8] Undefined index: tag_id G:\tp\first\Application\Home\Controller\MeiuiTagController.class.php 第 59 行.
NOTIC: [8] Undefined index: create_user G:\tp\first\Application\Home\Controller\MeiuiTagController.class.php 第 60 行.
NOTIC: [8] Undefined index: tag_name G:\tp\first\Application\Home\Controller\MeiuiTagController.class.php 第 61 行.
SQL: SHOW COLUMNS FROM `meiui_tag` [ RunTime:0.0021s ]
ERR: 1064:You have an error in your SQL syntax; check the manual that corresponds to your MySQL server version for the right syntax to use near ')' at line 1
 [ SQL语句 ] : UPDATE `meiui_tag` SET `id`=NULL,`create_user`='',`tag_name`='' WHERE ( id= )
ERR: 1064:You have an error in your SQL syntax; check the manual that corresponds to your MySQL server version for the right syntax to use near ')' at line 1
 [ SQL语句 ] : UPDATE `meiui_tag` SET `id`=NULL,`create_user`='',`tag_name`='' WHERE ( id= )

[ 2018-09-27T17:20:28+08:00 ] 127.0.0.1 /index.php/Home/MeiuiTag/updateTagItem?id=3
INFO: [ app_init ] --START--
INFO: Run Behavior\BuildLiteBehavior [ RunTime:0.000027s ]
INFO: [ app_init ] --END-- [ RunTime:0.000615s ]
INFO: [ app_begin ] --START--
INFO: Run Behavior\ReadHtmlCacheBehavior [ RunTime:0.000713s ]
INFO: [ app_begin ] --END-- [ RunTime:0.000869s ]
NOTIC: [8] Undefined index: tag_id G:\tp\first\Application\Home\Controller\MeiuiTagController.class.php 第 59 行.
NOTIC: [8] Undefined index: create_user G:\tp\first\Application\Home\Controller\MeiuiTagController.class.php 第 60 行.
NOTIC: [8] Undefined index: tag_name G:\tp\first\Application\Home\Controller\MeiuiTagController.class.php 第 61 行.
SQL: SHOW COLUMNS FROM `meiui_tag` [ RunTime:0.0036s ]
ERR: 1064:You have an error in your SQL syntax; check the manual that corresponds to your MySQL server version for the right syntax to use near ')' at line 1
 [ SQL语句 ] : UPDATE `meiui_tag` SET `id`='0',`create_user`='',`tag_name`='' WHERE ( id= )
ERR: 1064:You have an error in your SQL syntax; check the manual that corresponds to your MySQL server version for the right syntax to use near ')' at line 1
 [ SQL语句 ] : UPDATE `meiui_tag` SET `id`='0',`create_user`='',`tag_name`='' WHERE ( id= )

[ 2018-09-27T17:21:36+08:00 ] 127.0.0.1 /index.php/Home/MeiuiTag/updateTagItem?id=3
INFO: [ app_init ] --START--
INFO: Run Behavior\BuildLiteBehavior [ RunTime:0.000041s ]
INFO: [ app_init ] --END-- [ RunTime:0.001140s ]
INFO: [ app_begin ] --START--
INFO: Run Behavior\ReadHtmlCacheBehavior [ RunTime:0.000515s ]
INFO: [ app_begin ] --END-- [ RunTime:0.000649s ]
NOTIC: [8] Undefined index: tag_id G:\tp\first\Application\Home\Controller\MeiuiTagController.class.php 第 59 行.
NOTIC: [8] Undefined index: create_user G:\tp\first\Application\Home\Controller\MeiuiTagController.class.php 第 60 行.
NOTIC: [8] Undefined index: tag_name G:\tp\first\Application\Home\Controller\MeiuiTagController.class.php 第 61 行.
SQL: SHOW COLUMNS FROM `meiui_tag` [ RunTime:0.0022s ]
ERR: 1064:You have an error in your SQL syntax; check the manual that corresponds to your MySQL server version for the right syntax to use near ')' at line 1
 [ SQL语句 ] : UPDATE `meiui_tag` SET `id`='0',`create_user`='',`tag_name`='' WHERE ( id= )
ERR: 1064:You have an error in your SQL syntax; check the manual that corresponds to your MySQL server version for the right syntax to use near ')' at line 1
 [ SQL语句 ] : UPDATE `meiui_tag` SET `id`='0',`create_user`='',`tag_name`='' WHERE ( id= )

[ 2018-09-27T17:26:43+08:00 ] 127.0.0.1 /index.php/Home/MeiuiTag/updateTagItem?id=3
INFO: [ app_init ] --START--
INFO: Run Behavior\BuildLiteBehavior [ RunTime:0.000024s ]
INFO: [ app_init ] --END-- [ RunTime:0.000524s ]
INFO: [ app_begin ] --START--
INFO: Run Behavior\ReadHtmlCacheBehavior [ RunTime:0.000589s ]
INFO: [ app_begin ] --END-- [ RunTime:0.000701s ]
NOTIC: [8] Undefined index: tag_id G:\tp\first\Application\Home\Controller\MeiuiTagController.class.php 第 59 行.
NOTIC: [8] Undefined index: create_user G:\tp\first\Application\Home\Controller\MeiuiTagController.class.php 第 60 行.
NOTIC: [8] Undefined index: tag_name G:\tp\first\Application\Home\Controller\MeiuiTagController.class.php 第 61 行.
SQL: SHOW COLUMNS FROM `meiui_tag` [ RunTime:0.0024s ]
ERR: 1064:You have an error in your SQL syntax; check the manual that corresponds to your MySQL server version for the right syntax to use near ')' at line 1
 [ SQL语句 ] : UPDATE `meiui_tag` SET `id`='0',`create_user`='',`tag_name`='' WHERE ( id= )
ERR: 1064:You have an error in your SQL syntax; check the manual that corresponds to your MySQL server version for the right syntax to use near ')' at line 1
 [ SQL语句 ] : UPDATE `meiui_tag` SET `id`='0',`create_user`='',`tag_name`='' WHERE ( id= )

[ 2018-09-27T17:28:14+08:00 ] 127.0.0.1 /index.php/Home/MeiuiTag/updateTagItem?id=3
INFO: [ app_init ] --START--
INFO: Run Behavior\BuildLiteBehavior [ RunTime:0.000025s ]
INFO: [ app_init ] --END-- [ RunTime:0.000621s ]
INFO: [ app_begin ] --START--
INFO: Run Behavior\ReadHtmlCacheBehavior [ RunTime:0.000763s ]
INFO: [ app_begin ] --END-- [ RunTime:0.000937s ]
NOTIC: [8] Undefined index: tag_id G:\tp\first\Application\Home\Controller\MeiuiTagController.class.php 第 59 行.
NOTIC: [8] Undefined index: create_user G:\tp\first\Application\Home\Controller\MeiuiTagController.class.php 第 60 行.
NOTIC: [8] Undefined index: tag_name G:\tp\first\Application\Home\Controller\MeiuiTagController.class.php 第 61 行.
SQL: SHOW COLUMNS FROM `meiui_tag` [ RunTime:0.0024s ]
ERR: 1064:You have an error in your SQL syntax; check the manual that corresponds to your MySQL server version for the right syntax to use near ')' at line 1
 [ SQL语句 ] : UPDATE `meiui_tag` SET `id`='0',`create_user`='',`tag_name`='' WHERE ( id= )
ERR: 1064:You have an error in your SQL syntax; check the manual that corresponds to your MySQL server version for the right syntax to use near ')' at line 1
 [ SQL语句 ] : UPDATE `meiui_tag` SET `id`='0',`create_user`='',`tag_name`='' WHERE ( id= )

[ 2018-09-27T17:28:17+08:00 ] 127.0.0.1 /index.php/Home/MeiuiTag/updateTagItem?tag_id=3&create_user=9&tag_name=good
INFO: [ app_init ] --START--
INFO: Run Behavior\BuildLiteBehavior [ RunTime:0.000027s ]
INFO: [ app_init ] --END-- [ RunTime:0.000435s ]
INFO: [ app_begin ] --START--
INFO: Run Behavior\ReadHtmlCacheBehavior [ RunTime:0.000492s ]
INFO: [ app_begin ] --END-- [ RunTime:0.000620s ]
SQL: SHOW COLUMNS FROM `meiui_tag` [ RunTime:0.0026s ]
SQL: UPDATE `meiui_tag` SET `id`='3',`create_user`='9',`tag_name`='good' WHERE ( id=3 ) [ RunTime:0.0775s ]
INFO: [ app_end ] --START--
INFO: Run Behavior\ShowPageTraceBehavior [ RunTime:0.000757s ]
INFO: [ app_end ] --END-- [ RunTime:0.000889s ]

[ 2018-09-27T17:28:31+08:00 ] 127.0.0.1 /index.php/Home/MeiuiTag/updateTagItem?tag_id=3&create_user=9&tag_name=good
INFO: [ app_init ] --START--
INFO: Run Behavior\BuildLiteBehavior [ RunTime:0.000026s ]
INFO: [ app_init ] --END-- [ RunTime:0.000413s ]
INFO: [ app_begin ] --START--
INFO: Run Behavior\ReadHtmlCacheBehavior [ RunTime:0.000493s ]
INFO: [ app_begin ] --END-- [ RunTime:0.000617s ]
SQL: SHOW COLUMNS FROM `meiui_tag` [ RunTime:0.0030s ]
SQL: UPDATE `meiui_tag` SET `id`='3',`create_user`='9',`tag_name`='good' WHERE ( id=3 ) [ RunTime:0.0003s ]
INFO: [ app_end ] --START--
INFO: Run Behavior\ShowPageTraceBehavior [ RunTime:0.000582s ]
INFO: [ app_end ] --END-- [ RunTime:0.000682s ]

[ 2018-09-27T17:39:32+08:00 ] 127.0.0.1 /index.php/Home/MeiuiTag/updateTagItem?tag_id=3&create_user=9&tag_name=good
INFO: [ app_init ] --START--
INFO: Run Behavior\BuildLiteBehavior [ RunTime:0.000024s ]
INFO: [ app_init ] --END-- [ RunTime:0.000419s ]
INFO: [ app_begin ] --START--
INFO: Run Behavior\ReadHtmlCacheBehavior [ RunTime:0.000592s ]
INFO: [ app_begin ] --END-- [ RunTime:0.000706s ]
SQL: SHOW COLUMNS FROM `meiui_tag` [ RunTime:0.0024s ]
SQL: UPDATE `meiui_tag` SET `id`='3',`create_user`='9',`tag_name`='good' WHERE ( id=3 ) [ RunTime:0.0003s ]

[ 2018-09-27T19:09:07+08:00 ] 127.0.0.1 /index.php/Home/MeiuiTag/updateTagItem?tag_id=300&create_user=9&tag_name=good
INFO: [ app_init ] --START--
INFO: Run Behavior\BuildLiteBehavior [ RunTime:0.000026s ]
INFO: [ app_init ] --END-- [ RunTime:0.000452s ]
INFO: [ app_begin ] --START--
INFO: Run Behavior\ReadHtmlCacheBehavior [ RunTime:0.000560s ]
INFO: [ app_begin ] --END-- [ RunTime:0.000684s ]
SQL: SHOW COLUMNS FROM `meiui_tag` [ RunTime:0.0025s ]
SQL: UPDATE `meiui_tag` SET `id`='300',`create_user`='9',`tag_name`='good' WHERE ( id=300 ) [ RunTime:0.0004s ]

[ 2018-09-27T19:09:10+08:00 ] 127.0.0.1 /index.php/Home/MeiuiTag/updateTagItem?tag_id=300&create_user=9&tag_name=good
INFO: [ app_init ] --START--
INFO: Run Behavior\BuildLiteBehavior [ RunTime:0.000025s ]
INFO: [ app_init ] --END-- [ RunTime:0.000406s ]
INFO: [ app_begin ] --START--
INFO: Run Behavior\ReadHtmlCacheBehavior [ RunTime:0.000464s ]
INFO: [ app_begin ] --END-- [ RunTime:0.000604s ]
SQL: SHOW COLUMNS FROM `meiui_tag` [ RunTime:0.0027s ]
SQL: UPDATE `meiui_tag` SET `id`='300',`create_user`='9',`tag_name`='good' WHERE ( id=300 ) [ RunTime:0.0003s ]

[ 2018-09-27T19:09:29+08:00 ] 127.0.0.1 /index.php/Home/MeiuiTag/updateTagItem?tag_id=300&create_user=9&tag_name=good
INFO: [ app_init ] --START--
INFO: Run Behavior\BuildLiteBehavior [ RunTime:0.000023s ]
INFO: [ app_init ] --END-- [ RunTime:0.000388s ]
INFO: [ app_begin ] --START--
INFO: Run Behavior\ReadHtmlCacheBehavior [ RunTime:0.000533s ]
INFO: [ app_begin ] --END-- [ RunTime:0.000641s ]
SQL: SHOW COLUMNS FROM `meiui_tag` [ RunTime:0.0023s ]
SQL: UPDATE `meiui_tag` SET `id`='300',`create_user`='9',`tag_name`='good' WHERE ( id=300 ) [ RunTime:0.0002s ]

[ 2018-09-27T19:09:30+08:00 ] 127.0.0.1 /index.php/Home/MeiuiTag/updateTagItem?tag_id=300&create_user=9&tag_name=good
INFO: [ app_init ] --START--
INFO: Run Behavior\BuildLiteBehavior [ RunTime:0.000025s ]
INFO: [ app_init ] --END-- [ RunTime:0.000410s ]
INFO: [ app_begin ] --START--
INFO: Run Behavior\ReadHtmlCacheBehavior [ RunTime:0.000480s ]
INFO: [ app_begin ] --END-- [ RunTime:0.000606s ]
SQL: SHOW COLUMNS FROM `meiui_tag` [ RunTime:0.0024s ]
SQL: UPDATE `meiui_tag` SET `id`='300',`create_user`='9',`tag_name`='good' WHERE ( id=300 ) [ RunTime:0.0014s ]

[ 2018-09-27T19:09:54+08:00 ] 127.0.0.1 /index.php/Home/MeiuiTag/updateTagItem?tag_id=300&create_user=9&tag_name=good
INFO: [ app_init ] --START--
INFO: Run Behavior\BuildLiteBehavior [ RunTime:0.000024s ]
INFO: [ app_init ] --END-- [ RunTime:0.000403s ]
INFO: [ app_begin ] --START--
INFO: Run Behavior\ReadHtmlCacheBehavior [ RunTime:0.002092s ]
INFO: [ app_begin ] --END-- [ RunTime:0.002481s ]
SQL: SHOW COLUMNS FROM `meiui_tag` [ RunTime:0.0020s ]
SQL: UPDATE `meiui_tag` SET `id`='300',`create_user`='9',`tag_name`='good' WHERE ( id=300 ) [ RunTime:0.0002s ]

[ 2018-09-27T19:09:56+08:00 ] 127.0.0.1 /index.php/Home/MeiuiTag/updateTagItem?tag_id=300&create_user=9&tag_name=good
INFO: [ app_init ] --START--
INFO: Run Behavior\BuildLiteBehavior [ RunTime:0.000024s ]
INFO: [ app_init ] --END-- [ RunTime:0.000397s ]
INFO: [ app_begin ] --START--
INFO: Run Behavior\ReadHtmlCacheBehavior [ RunTime:0.000479s ]
INFO: [ app_begin ] --END-- [ RunTime:0.000604s ]
SQL: SHOW COLUMNS FROM `meiui_tag` [ RunTime:0.0037s ]
SQL: UPDATE `meiui_tag` SET `id`='300',`create_user`='9',`tag_name`='good' WHERE ( id=300 ) [ RunTime:0.0003s ]

[ 2018-09-27T19:10:00+08:00 ] 127.0.0.1 /index.php/Home/MeiuiTag/updateTagItem?tag_id=300&create_user=9&tag_name=good
INFO: [ app_init ] --START--
INFO: Run Behavior\BuildLiteBehavior [ RunTime:0.000025s ]
INFO: [ app_init ] --END-- [ RunTime:0.000385s ]
INFO: [ app_begin ] --START--
INFO: Run Behavior\ReadHtmlCacheBehavior [ RunTime:0.001177s ]
INFO: [ app_begin ] --END-- [ RunTime:0.001685s ]
SQL: SHOW COLUMNS FROM `meiui_tag` [ RunTime:0.0025s ]
SQL: UPDATE `meiui_tag` SET `id`='300',`create_user`='9',`tag_name`='good' WHERE ( id=300 ) [ RunTime:0.0003s ]

[ 2018-09-27T19:10:10+08:00 ] 127.0.0.1 /index.php/Home/MeiuiTag/updateTagItem?tag_id=3000&create_user=9&tag_name=good
INFO: [ app_init ] --START--
INFO: Run Behavior\BuildLiteBehavior [ RunTime:0.000025s ]
INFO: [ app_init ] --END-- [ RunTime:0.000490s ]
INFO: [ app_begin ] --START--
INFO: Run Behavior\ReadHtmlCacheBehavior [ RunTime:0.000591s ]
INFO: [ app_begin ] --END-- [ RunTime:0.000733s ]
SQL: SHOW COLUMNS FROM `meiui_tag` [ RunTime:0.0021s ]
SQL: UPDATE `meiui_tag` SET `id`='3000',`create_user`='9',`tag_name`='good' WHERE ( id=3000 ) [ RunTime:0.0002s ]

[ 2018-09-27T19:11:06+08:00 ] 127.0.0.1 /index.php/Home/MeiuiTag/updateTagItem?tag_id=3000&create_user=9&tag_name=good
INFO: [ app_init ] --START--
INFO: Run Behavior\BuildLiteBehavior [ RunTime:0.000035s ]
INFO: [ app_init ] --END-- [ RunTime:0.000459s ]
INFO: [ app_begin ] --START--
INFO: Run Behavior\ReadHtmlCacheBehavior [ RunTime:0.000505s ]
INFO: [ app_begin ] --END-- [ RunTime:0.000684s ]
SQL: SHOW COLUMNS FROM `meiui_tag` [ RunTime:0.0024s ]
SQL: UPDATE `meiui_tag` SET `id`='3000',`create_user`='9',`tag_name`='good' WHERE ( id=3000 ) [ RunTime:0.0003s ]

[ 2018-09-27T19:11:08+08:00 ] 127.0.0.1 /index.php/Home/MeiuiTag/updateTagItem?tag_id=3000&create_user=9&tag_name=good
INFO: [ app_init ] --START--
INFO: Run Behavior\BuildLiteBehavior [ RunTime:0.000024s ]
INFO: [ app_init ] --END-- [ RunTime:0.000405s ]
INFO: [ app_begin ] --START--
INFO: Run Behavior\ReadHtmlCacheBehavior [ RunTime:0.000584s ]
INFO: [ app_begin ] --END-- [ RunTime:0.000699s ]
SQL: SHOW COLUMNS FROM `meiui_tag` [ RunTime:0.0021s ]
SQL: UPDATE `meiui_tag` SET `id`='3000',`create_user`='9',`tag_name`='good' WHERE ( id=3000 ) [ RunTime:0.0002s ]

[ 2018-09-27T19:11:10+08:00 ] 127.0.0.1 /index.php/Home/MeiuiTag/updateTagItem?tag_id=3000&create_user=9&tag_name=good
INFO: [ app_init ] --START--
INFO: Run Behavior\BuildLiteBehavior [ RunTime:0.000036s ]
INFO: [ app_init ] --END-- [ RunTime:0.000604s ]
INFO: [ app_begin ] --START--
INFO: Run Behavior\ReadHtmlCacheBehavior [ RunTime:0.000669s ]
INFO: [ app_begin ] --END-- [ RunTime:0.000860s ]
SQL: SHOW COLUMNS FROM `meiui_tag` [ RunTime:0.0023s ]
SQL: UPDATE `meiui_tag` SET `id`='3000',`create_user`='9',`tag_name`='good' WHERE ( id=3000 ) [ RunTime:0.0002s ]

[ 2018-09-27T19:11:11+08:00 ] 127.0.0.1 /index.php/Home/MeiuiTag/updateTagItem?tag_id=3000&create_user=9&tag_name=good
INFO: [ app_init ] --START--
INFO: Run Behavior\BuildLiteBehavior [ RunTime:0.000024s ]
INFO: [ app_init ] --END-- [ RunTime:0.000401s ]
INFO: [ app_begin ] --START--
INFO: Run Behavior\ReadHtmlCacheBehavior [ RunTime:0.000437s ]
INFO: [ app_begin ] --END-- [ RunTime:0.000547s ]
SQL: SHOW COLUMNS FROM `meiui_tag` [ RunTime:0.0028s ]
SQL: UPDATE `meiui_tag` SET `id`='3000',`create_user`='9',`tag_name`='good' WHERE ( id=3000 ) [ RunTime:0.0003s ]

[ 2018-09-27T19:11:42+08:00 ] 127.0.0.1 /index.php/Home/MeiuiTag/updateTagItem?tag_id=3000&create_user=9&tag_name=good
INFO: [ app_init ] --START--
INFO: Run Behavior\BuildLiteBehavior [ RunTime:0.000026s ]
INFO: [ app_init ] --END-- [ RunTime:0.000622s ]
INFO: [ app_begin ] --START--
INFO: Run Behavior\ReadHtmlCacheBehavior [ RunTime:0.000623s ]
INFO: [ app_begin ] --END-- [ RunTime:0.000810s ]
SQL: SHOW COLUMNS FROM `meiui_tag` [ RunTime:0.0021s ]
SQL: UPDATE `meiui_tag` SET `id`='3000',`create_user`='9',`tag_name`='good' WHERE ( id=3000 ) [ RunTime:0.0015s ]

[ 2018-09-27T19:11:43+08:00 ] 127.0.0.1 /index.php/Home/MeiuiTag/updateTagItem?tag_id=3000&create_user=9&tag_name=good
INFO: [ app_init ] --START--
INFO: Run Behavior\BuildLiteBehavior [ RunTime:0.000026s ]
INFO: [ app_init ] --END-- [ RunTime:0.000426s ]
INFO: [ app_begin ] --START--
INFO: Run Behavior\ReadHtmlCacheBehavior [ RunTime:0.000700s ]
INFO: [ app_begin ] --END-- [ RunTime:0.000895s ]
SQL: SHOW COLUMNS FROM `meiui_tag` [ RunTime:0.0024s ]
SQL: UPDATE `meiui_tag` SET `id`='3000',`create_user`='9',`tag_name`='good' WHERE ( id=3000 ) [ RunTime:0.0003s ]

[ 2018-09-27T19:11:52+08:00 ] 127.0.0.1 /index.php/Home/MeiuiTag/updateTagItem?tcreate_user=9&tag_name=good
INFO: [ app_init ] --START--
INFO: Run Behavior\BuildLiteBehavior [ RunTime:0.000024s ]
INFO: [ app_init ] --END-- [ RunTime:0.000372s ]
INFO: [ app_begin ] --START--
INFO: Run Behavior\ReadHtmlCacheBehavior [ RunTime:0.000436s ]
INFO: [ app_begin ] --END-- [ RunTime:0.000546s ]
NOTIC: [8] Undefined index: tag_id G:\tp\first\Application\Home\Controller\MeiuiTagController.class.php 第 60 行.
NOTIC: [8] Undefined index: create_user G:\tp\first\Application\Home\Controller\MeiuiTagController.class.php 第 61 行.

[ 2018-09-27T19:12:23+08:00 ] 127.0.0.1 /index.php/Home/MeiuiTag/updateTagItem?tcreate_user=9&tag_name=good&tag_id=11111
INFO: [ app_init ] --START--
INFO: Run Behavior\BuildLiteBehavior [ RunTime:0.000026s ]
INFO: [ app_init ] --END-- [ RunTime:0.000443s ]
INFO: [ app_begin ] --START--
INFO: Run Behavior\ReadHtmlCacheBehavior [ RunTime:0.000607s ]
INFO: [ app_begin ] --END-- [ RunTime:0.000777s ]
NOTIC: [8] Undefined index: create_user G:\tp\first\Application\Home\Controller\MeiuiTagController.class.php 第 61 行.
SQL: SHOW COLUMNS FROM `meiui_tag` [ RunTime:0.0022s ]
SQL: UPDATE `meiui_tag` SET `id`='11111',`create_user`='',`tag_name`='good' WHERE ( id=11111 ) [ RunTime:0.0003s ]

[ 2018-09-27T19:12:35+08:00 ] 127.0.0.1 /index.php/Home/MeiuiTag/updateTagItem?tcreate_user=9&tag_name=good&tag_id=5
INFO: [ app_init ] --START--
INFO: Run Behavior\BuildLiteBehavior [ RunTime:0.000026s ]
INFO: [ app_init ] --END-- [ RunTime:0.000392s ]
INFO: [ app_begin ] --START--
INFO: Run Behavior\ReadHtmlCacheBehavior [ RunTime:0.000529s ]
INFO: [ app_begin ] --END-- [ RunTime:0.000651s ]
NOTIC: [8] Undefined index: create_user G:\tp\first\Application\Home\Controller\MeiuiTagController.class.php 第 61 行.
SQL: SHOW COLUMNS FROM `meiui_tag` [ RunTime:0.0023s ]
SQL: UPDATE `meiui_tag` SET `id`='5',`create_user`='',`tag_name`='good' WHERE ( id=5 ) [ RunTime:0.0003s ]

[ 2018-09-27T19:36:19+08:00 ] 127.0.0.1 /index.php/Home/MeiuiTag/insertTagItem?create_use=10&tag_name=ly
INFO: [ app_init ] --START--
INFO: Run Behavior\BuildLiteBehavior [ RunTime:0.000025s ]
INFO: [ app_init ] --END-- [ RunTime:0.000548s ]
INFO: [ app_begin ] --START--
INFO: Run Behavior\ReadHtmlCacheBehavior [ RunTime:0.000623s ]
INFO: [ app_begin ] --END-- [ RunTime:0.000801s ]
NOTIC: [8] Undefined index: create_user G:\tp\first\Application\Home\Controller\MeiuiTagController.class.php 第 34 行.

[ 2018-09-27T19:36:54+08:00 ] 127.0.0.1 /index.php/Home/MeiuiTag/insertTagItem?create_user=10&tag_name=ly
INFO: [ app_init ] --START--
INFO: Run Behavior\BuildLiteBehavior [ RunTime:0.000024s ]
INFO: [ app_init ] --END-- [ RunTime:0.000410s ]
INFO: [ app_begin ] --START--
INFO: Run Behavior\ReadHtmlCacheBehavior [ RunTime:0.000550s ]
INFO: [ app_begin ] --END-- [ RunTime:0.000659s ]
SQL: SHOW COLUMNS FROM `meiui_tag` [ RunTime:0.0023s ]
SQL: INSERT INTO `meiui_tag` (`create_user`,`tag_name`,`create_time`) VALUES ('10','ly','1538048214') [ RunTime:0.0003s ]

[ 2018-09-27T19:38:25+08:00 ] 127.0.0.1 /index.php/Home/MeiuiTag/getTagItem?tag_i=5
INFO: [ app_init ] --START--
INFO: Run Behavior\BuildLiteBehavior [ RunTime:0.000026s ]
INFO: [ app_init ] --END-- [ RunTime:0.000402s ]
INFO: [ app_begin ] --START--
INFO: Run Behavior\ReadHtmlCacheBehavior [ RunTime:0.000463s ]
INFO: [ app_begin ] --END-- [ RunTime:0.000579s ]
NOTIC: [8] Undefined index: tag_id G:\tp\first\Application\Home\Controller\MeiuiTagController.class.php 第 13 行.

[ 2018-09-27T19:38:38+08:00 ] 127.0.0.1 /index.php/Home/MeiuiTag/getTagItem?
INFO: [ app_init ] --START--
INFO: Run Behavior\BuildLiteBehavior [ RunTime:0.000025s ]
INFO: [ app_init ] --END-- [ RunTime:0.000403s ]
INFO: [ app_begin ] --START--
INFO: Run Behavior\ReadHtmlCacheBehavior [ RunTime:0.000499s ]
INFO: [ app_begin ] --END-- [ RunTime:0.000631s ]
NOTIC: [8] Undefined index: tag_id G:\tp\first\Application\Home\Controller\MeiuiTagController.class.php 第 13 行.

[ 2018-09-27T19:38:39+08:00 ] 127.0.0.1 /index.php/Home/MeiuiTag/getTagItem?
INFO: [ app_init ] --START--
INFO: Run Behavior\BuildLiteBehavior [ RunTime:0.000025s ]
INFO: [ app_init ] --END-- [ RunTime:0.000397s ]
INFO: [ app_begin ] --START--
INFO: Run Behavior\ReadHtmlCacheBehavior [ RunTime:0.000475s ]
INFO: [ app_begin ] --END-- [ RunTime:0.000607s ]
NOTIC: [8] Undefined index: tag_id G:\tp\first\Application\Home\Controller\MeiuiTagController.class.php 第 13 行.

[ 2018-09-27T19:38:42+08:00 ] 127.0.0.1 /index.php/Home/MeiuiTag/getTagItem
INFO: [ app_init ] --START--
INFO: Run Behavior\BuildLiteBehavior [ RunTime:0.000024s ]
INFO: [ app_init ] --END-- [ RunTime:0.000367s ]
INFO: [ app_begin ] --START--
INFO: Run Behavior\ReadHtmlCacheBehavior [ RunTime:0.002159s ]
INFO: [ app_begin ] --END-- [ RunTime:0.002723s ]
NOTIC: [8] Undefined index: tag_id G:\tp\first\Application\Home\Controller\MeiuiTagController.class.php 第 13 行.

[ 2018-09-27T19:39:02+08:00 ] 127.0.0.1 /index.php/Home/MeiuiTag/getTagItem?tag_id=511
INFO: [ app_init ] --START--
INFO: Run Behavior\BuildLiteBehavior [ RunTime:0.000025s ]
INFO: [ app_init ] --END-- [ RunTime:0.000413s ]
INFO: [ app_begin ] --START--
INFO: Run Behavior\ReadHtmlCacheBehavior [ RunTime:0.000577s ]
INFO: [ app_begin ] --END-- [ RunTime:0.000754s ]
SQL: SHOW COLUMNS FROM `meiui_tag` [ RunTime:0.0024s ]
SQL: SELECT * FROM `meiui_tag` WHERE ( id=511 ) LIMIT 1   [ RunTime:0.0017s ]

[ 2018-09-27T19:39:45+08:00 ] 127.0.0.1 /index.php/Home/MeiuiTag/getTagItem?tag_id=
INFO: [ app_init ] --START--
INFO: Run Behavior\BuildLiteBehavior [ RunTime:0.000024s ]
INFO: [ app_init ] --END-- [ RunTime:0.000391s ]
INFO: [ app_begin ] --START--
INFO: Run Behavior\ReadHtmlCacheBehavior [ RunTime:0.000468s ]
INFO: [ app_begin ] --END-- [ RunTime:0.000578s ]

[ 2018-09-27T19:39:50+08:00 ] 127.0.0.1 /index.php/Home/MeiuiTag/getTagItem?tag_id=511
INFO: [ app_init ] --START--
INFO: Run Behavior\BuildLiteBehavior [ RunTime:0.000025s ]
INFO: [ app_init ] --END-- [ RunTime:0.000398s ]
INFO: [ app_begin ] --START--
INFO: Run Behavior\ReadHtmlCacheBehavior [ RunTime:0.000444s ]
INFO: [ app_begin ] --END-- [ RunTime:0.000557s ]
SQL: SHOW COLUMNS FROM `meiui_tag` [ RunTime:0.0025s ]
SQL: SELECT * FROM `meiui_tag` WHERE ( id=511 ) LIMIT 1   [ RunTime:0.0002s ]

[ 2018-09-27T19:41:06+08:00 ] 127.0.0.1 /index.php/Home/MeiuiTag/updateTagItem?tcreate_user=9&tag_name=good&tag_id=5000
INFO: [ app_init ] --START--
INFO: Run Behavior\BuildLiteBehavior [ RunTime:0.000026s ]
INFO: [ app_init ] --END-- [ RunTime:0.000457s ]
INFO: [ app_begin ] --START--
INFO: Run Behavior\ReadHtmlCacheBehavior [ RunTime:0.000596s ]
INFO: [ app_begin ] --END-- [ RunTime:0.000710s ]
NOTIC: [8] Undefined index: create_user G:\tp\first\Application\Home\Controller\MeiuiTagController.class.php 第 61 行.
SQL: SHOW COLUMNS FROM `meiui_tag` [ RunTime:0.0040s ]
SQL: UPDATE `meiui_tag` SET `id`='5000',`create_user`='',`tag_name`='good' WHERE ( id=5000 ) [ RunTime:0.0003s ]

[ 2018-09-27T19:46:46+08:00 ] 127.0.0.1 /index.php/Home/MeiuiTag/updateTagItem?tcreate_user=9&tag_name=good&tag_id=5000
INFO: [ app_init ] --START--
INFO: Run Behavior\BuildLiteBehavior [ RunTime:0.000026s ]
INFO: [ app_init ] --END-- [ RunTime:0.000469s ]
INFO: [ app_begin ] --START--
INFO: Run Behavior\ReadHtmlCacheBehavior [ RunTime:0.001276s ]
INFO: [ app_begin ] --END-- [ RunTime:0.001531s ]
NOTIC: [8] Undefined index: create_user G:\tp\first\Application\Home\Controller\MeiuiTagController.class.php 第 61 行.
SQL: SHOW COLUMNS FROM `meiui_tag` [ RunTime:0.0024s ]
SQL: UPDATE `meiui_tag` SET `id`='5000',`create_user`='',`tag_name`='good' WHERE ( id=5000 ) [ RunTime:0.0003s ]

[ 2018-09-27T19:47:34+08:00 ] 127.0.0.1 /index.php/Home/MeiuiTag/updateTagItem?tcreate_user=9&tag_name=good&tag_id=5000
INFO: [ app_init ] --START--
INFO: Run Behavior\BuildLiteBehavior [ RunTime:0.000024s ]
INFO: [ app_init ] --END-- [ RunTime:0.000396s ]
INFO: [ app_begin ] --START--
INFO: Run Behavior\ReadHtmlCacheBehavior [ RunTime:0.000436s ]
INFO: [ app_begin ] --END-- [ RunTime:0.000545s ]
NOTIC: [8] Undefined index: create_user G:\tp\first\Application\Home\Controller\MeiuiTagController.class.php 第 61 行.
SQL: SHOW COLUMNS FROM `meiui_tag` [ RunTime:0.0026s ]
SQL: UPDATE `meiui_tag` SET `id`='5000',`create_user`='',`tag_name`='good' WHERE ( id=5000 ) [ RunTime:0.0003s ]

[ 2018-09-27T19:47:35+08:00 ] 127.0.0.1 /index.php/Home/MeiuiTag/updateTagItem?tcreate_user=9&tag_name=good&tag_id=5000
INFO: [ app_init ] --START--
INFO: Run Behavior\BuildLiteBehavior [ RunTime:0.000024s ]
INFO: [ app_init ] --END-- [ RunTime:0.000407s ]
INFO: [ app_begin ] --START--
INFO: Run Behavior\ReadHtmlCacheBehavior [ RunTime:0.000492s ]
INFO: [ app_begin ] --END-- [ RunTime:0.000616s ]
NOTIC: [8] Undefined index: create_user G:\tp\first\Application\Home\Controller\MeiuiTagController.class.php 第 61 行.
SQL: SHOW COLUMNS FROM `meiui_tag` [ RunTime:0.0020s ]
SQL: UPDATE `meiui_tag` SET `id`='5000',`create_user`='',`tag_name`='good' WHERE ( id=5000 ) [ RunTime:0.0003s ]

[ 2018-09-27T19:47:37+08:00 ] 127.0.0.1 /index.php/Home/MeiuiTag/updateTagItem?tcreate_user=9&tag_name=good&tag_id=5000
INFO: [ app_init ] --START--
INFO: Run Behavior\BuildLiteBehavior [ RunTime:0.000022s ]
INFO: [ app_init ] --END-- [ RunTime:0.000399s ]
INFO: [ app_begin ] --START--
INFO: Run Behavior\ReadHtmlCacheBehavior [ RunTime:0.001015s ]
INFO: [ app_begin ] --END-- [ RunTime:0.001394s ]
NOTIC: [8] Undefined index: create_user G:\tp\first\Application\Home\Controller\MeiuiTagController.class.php 第 61 行.
SQL: SHOW COLUMNS FROM `meiui_tag` [ RunTime:0.0023s ]
SQL: UPDATE `meiui_tag` SET `id`='5000',`create_user`='',`tag_name`='good' WHERE ( id=5000 ) [ RunTime:0.0004s ]

[ 2018-09-27T19:49:21+08:00 ] 127.0.0.1 /index.php/Home/MeiuiTag/updateTagItem?tcreate_user=9&tag_name=good&tag_id=5000
INFO: [ app_init ] --START--
INFO: Run Behavior\BuildLiteBehavior [ RunTime:0.000025s ]
INFO: [ app_init ] --END-- [ RunTime:0.000536s ]
INFO: [ app_begin ] --START--
INFO: Run Behavior\ReadHtmlCacheBehavior [ RunTime:0.000546s ]
INFO: [ app_begin ] --END-- [ RunTime:0.000656s ]
NOTIC: [8] Undefined index: create_user G:\tp\first\Application\Home\Controller\MeiuiTagController.class.php 第 61 行.
SQL: SHOW COLUMNS FROM `meiui_tag` [ RunTime:0.0024s ]
SQL: UPDATE `meiui_tag` SET `id`='5000',`create_user`='',`tag_name`='good' WHERE ( id=5000 ) [ RunTime:0.0003s ]
SQL: SELECT * FROM `meiui_tag` WHERE ( id=5000 ) LIMIT 1   [ RunTime:0.0002s ]

[ 2018-09-27T19:49:29+08:00 ] 127.0.0.1 /index.php/Home/MeiuiTag/updateTagItem?tcreate_user=9&tag_name=good&tag_id=5000
INFO: [ app_init ] --START--
INFO: Run Behavior\BuildLiteBehavior [ RunTime:0.000024s ]
INFO: [ app_init ] --END-- [ RunTime:0.000408s ]
INFO: [ app_begin ] --START--
INFO: Run Behavior\ReadHtmlCacheBehavior [ RunTime:0.000476s ]
INFO: [ app_begin ] --END-- [ RunTime:0.000600s ]
NOTIC: [8] Undefined index: create_user G:\tp\first\Application\Home\Controller\MeiuiTagController.class.php 第 61 行.
SQL: SHOW COLUMNS FROM `meiui_tag` [ RunTime:0.0021s ]
SQL: UPDATE `meiui_tag` SET `id`='5000',`create_user`='',`tag_name`='good' WHERE ( id=5000 ) [ RunTime:0.0002s ]
SQL: SELECT * FROM `meiui_tag` WHERE ( id=5000 ) LIMIT 1   [ RunTime:0.0002s ]

[ 2018-09-27T19:49:33+08:00 ] 127.0.0.1 /index.php/Home/MeiuiTag/updateTagItem?tcreate_user=9&tag_name=good&tag_id=5
INFO: [ app_init ] --START--
INFO: Run Behavior\BuildLiteBehavior [ RunTime:0.000024s ]
INFO: [ app_init ] --END-- [ RunTime:0.000397s ]
INFO: [ app_begin ] --START--
INFO: Run Behavior\ReadHtmlCacheBehavior [ RunTime:0.000439s ]
INFO: [ app_begin ] --END-- [ RunTime:0.000549s ]
NOTIC: [8] Undefined index: create_user G:\tp\first\Application\Home\Controller\MeiuiTagController.class.php 第 61 行.
SQL: SHOW COLUMNS FROM `meiui_tag` [ RunTime:0.0023s ]
SQL: UPDATE `meiui_tag` SET `id`='5',`create_user`='',`tag_name`='good' WHERE ( id=5 ) [ RunTime:0.0003s ]
SQL: SELECT * FROM `meiui_tag` WHERE ( id=5 ) LIMIT 1   [ RunTime:0.0002s ]

[ 2018-09-27T19:49:39+08:00 ] 127.0.0.1 /index.php/Home/MeiuiTag/updateTagItem?tcreate_user=9&tag_name=good&tag_id=5000
INFO: [ app_init ] --START--
INFO: Run Behavior\BuildLiteBehavior [ RunTime:0.000026s ]
INFO: [ app_init ] --END-- [ RunTime:0.000423s ]
INFO: [ app_begin ] --START--
INFO: Run Behavior\ReadHtmlCacheBehavior [ RunTime:0.000484s ]
INFO: [ app_begin ] --END-- [ RunTime:0.000614s ]
NOTIC: [8] Undefined index: create_user G:\tp\first\Application\Home\Controller\MeiuiTagController.class.php 第 61 行.
SQL: SHOW COLUMNS FROM `meiui_tag` [ RunTime:0.0020s ]
SQL: UPDATE `meiui_tag` SET `id`='5000',`create_user`='',`tag_name`='good' WHERE ( id=5000 ) [ RunTime:0.0002s ]
SQL: SELECT * FROM `meiui_tag` WHERE ( id=5000 ) LIMIT 1   [ RunTime:0.0002s ]

[ 2018-09-27T19:49:45+08:00 ] 127.0.0.1 /index.php/Home/MeiuiTag/updateTagItem?tcreate_user=9&tag_name=good&tag_id=155
INFO: [ app_init ] --START--
INFO: Run Behavior\BuildLiteBehavior [ RunTime:0.000027s ]
INFO: [ app_init ] --END-- [ RunTime:0.000405s ]
INFO: [ app_begin ] --START--
INFO: Run Behavior\ReadHtmlCacheBehavior [ RunTime:0.001144s ]
INFO: [ app_begin ] --END-- [ RunTime:0.001547s ]
NOTIC: [8] Undefined index: create_user G:\tp\first\Application\Home\Controller\MeiuiTagController.class.php 第 61 行.
SQL: SHOW COLUMNS FROM `meiui_tag` [ RunTime:0.0024s ]
SQL: UPDATE `meiui_tag` SET `id`='155',`create_user`='',`tag_name`='good' WHERE ( id=155 ) [ RunTime:0.0003s ]
SQL: SELECT * FROM `meiui_tag` WHERE ( id=155 ) LIMIT 1   [ RunTime:0.0002s ]

[ 2018-09-27T19:49:51+08:00 ] 127.0.0.1 /index.php/Home/MeiuiTag/updateTagItem?tcreate_user=9&tag_name=good&tag_i
INFO: [ app_init ] --START--
INFO: Run Behavior\BuildLiteBehavior [ RunTime:0.000024s ]
INFO: [ app_init ] --END-- [ RunTime:0.000404s ]
INFO: [ app_begin ] --START--
INFO: Run Behavior\ReadHtmlCacheBehavior [ RunTime:0.000479s ]
INFO: [ app_begin ] --END-- [ RunTime:0.000612s ]
NOTIC: [8] Undefined index: tag_id G:\tp\first\Application\Home\Controller\MeiuiTagController.class.php 第 60 行.
NOTIC: [8] Undefined index: create_user G:\tp\first\Application\Home\Controller\MeiuiTagController.class.php 第 61 行.

[ 2018-09-27T19:50:03+08:00 ] 127.0.0.1 /index.php/Home/MeiuiTag/updateTagItem?tcreate_user=9&tag_name=good&tag_id=155
INFO: [ app_init ] --START--
INFO: Run Behavior\BuildLiteBehavior [ RunTime:0.000025s ]
INFO: [ app_init ] --END-- [ RunTime:0.000369s ]
INFO: [ app_begin ] --START--
INFO: Run Behavior\ReadHtmlCacheBehavior [ RunTime:0.000455s ]
INFO: [ app_begin ] --END-- [ RunTime:0.000564s ]
NOTIC: [8] Undefined index: create_user G:\tp\first\Application\Home\Controller\MeiuiTagController.class.php 第 61 行.
SQL: SHOW COLUMNS FROM `meiui_tag` [ RunTime:0.0026s ]
SQL: UPDATE `meiui_tag` SET `id`='155',`create_user`='',`tag_name`='good' WHERE ( id=155 ) [ RunTime:0.0003s ]
SQL: SELECT * FROM `meiui_tag` WHERE ( id=155 ) LIMIT 1   [ RunTime:0.0002s ]

[ 2018-09-27T22:26:04+08:00 ] 127.0.0.1 /index.php/Home/MeiuiTag/insertTagItem?create_user=10&tag_name=ly
INFO: [ app_init ] --START--
INFO: Run Behavior\BuildLiteBehavior [ RunTime:0.000105s ]
INFO: [ app_init ] --END-- [ RunTime:0.001230s ]
INFO: [ app_begin ] --START--
INFO: Run Behavior\ReadHtmlCacheBehavior [ RunTime:0.002371s ]
INFO: [ app_begin ] --END-- [ RunTime:0.002786s ]
SQL: SHOW COLUMNS FROM `meiui_tag` [ RunTime:0.0509s ]
SQL: INSERT INTO `meiui_tag` (`create_user`,`tag_name`,`create_time`) VALUES ('10','ly','1538058364') [ RunTime:0.0004s ]

[ 2018-09-27T22:29:17+08:00 ] 127.0.0.1 /index.php/Home/MeiuiTag/insertTagItem?create_user=10&tag_name=ly
INFO: [ app_init ] --START--
INFO: Run Behavior\BuildLiteBehavior [ RunTime:0.000029s ]
INFO: [ app_init ] --END-- [ RunTime:0.000469s ]
INFO: [ app_begin ] --START--
INFO: Run Behavior\ReadHtmlCacheBehavior [ RunTime:0.001268s ]
INFO: [ app_begin ] --END-- [ RunTime:0.001732s ]
SQL: SHOW COLUMNS FROM `meiui_tag` [ RunTime:0.0038s ]
SQL: INSERT INTO `meiui_tag` (`create_user`,`tag_name`,`create_time`) VALUES ('10','ly','1538058557') [ RunTime:0.0026s ]

[ 2018-09-27T22:32:01+08:00 ] 127.0.0.1 /index.php/Home/MeiuiTag/insertTagItem?create_user=10&tag_name=ly
INFO: [ app_init ] --START--
INFO: Run Behavior\BuildLiteBehavior [ RunTime:0.000026s ]
INFO: [ app_init ] --END-- [ RunTime:0.000504s ]
INFO: [ app_begin ] --START--
INFO: Run Behavior\ReadHtmlCacheBehavior [ RunTime:0.001357s ]
INFO: [ app_begin ] --END-- [ RunTime:0.002436s ]
SQL: SHOW COLUMNS FROM `meiui_tag` [ RunTime:0.0045s ]
SQL: INSERT INTO `meiui_tag` (`create_user`,`tag_name`,`create_time`) VALUES ('10','ly','1538058721') [ RunTime:0.0003s ]

[ 2018-09-27T22:32:05+08:00 ] 127.0.0.1 /index.php/Home/MeiuiTag/insertTagItem?create_user=10&tag_name=ly
INFO: [ app_init ] --START--
INFO: Run Behavior\BuildLiteBehavior [ RunTime:0.000028s ]
INFO: [ app_init ] --END-- [ RunTime:0.000383s ]
INFO: [ app_begin ] --START--
INFO: Run Behavior\ReadHtmlCacheBehavior [ RunTime:0.000602s ]
INFO: [ app_begin ] --END-- [ RunTime:0.000766s ]
SQL: SHOW COLUMNS FROM `meiui_tag` [ RunTime:0.0042s ]
SQL: INSERT INTO `meiui_tag` (`create_user`,`tag_name`,`create_time`) VALUES ('10','ly','1538058725') [ RunTime:0.0005s ]

[ 2018-09-27T22:32:20+08:00 ] 127.0.0.1 /index.php/Home/MeiuiTag/insertTagItem?create_user=10&tag_name=ly
INFO: [ app_init ] --START--
INFO: Run Behavior\BuildLiteBehavior [ RunTime:0.000044s ]
INFO: [ app_init ] --END-- [ RunTime:0.000577s ]
INFO: [ app_begin ] --START--
INFO: Run Behavior\ReadHtmlCacheBehavior [ RunTime:0.000641s ]
INFO: [ app_begin ] --END-- [ RunTime:0.000812s ]
SQL: SHOW COLUMNS FROM `meiui_tag` [ RunTime:0.0043s ]
SQL: INSERT INTO `meiui_tag` (`create_user`,`tag_name`,`create_time`) VALUES ('10','ly','1538058740') [ RunTime:0.0004s ]

[ 2018-09-27T22:32:34+08:00 ] 127.0.0.1 /index.php/Home/MeiuiTag/insertTagItem?create_user=10&tag_name=lyyy
INFO: [ app_init ] --START--
INFO: Run Behavior\BuildLiteBehavior [ RunTime:0.000093s ]
INFO: [ app_init ] --END-- [ RunTime:0.001364s ]
INFO: [ app_begin ] --START--
INFO: Run Behavior\ReadHtmlCacheBehavior [ RunTime:0.000512s ]
INFO: [ app_begin ] --END-- [ RunTime:0.000641s ]
SQL: SHOW COLUMNS FROM `meiui_tag` [ RunTime:0.0040s ]
SQL: INSERT INTO `meiui_tag` (`create_user`,`tag_name`,`create_time`) VALUES ('10','lyyy','1538058754') [ RunTime:0.0007s ]

[ 2018-09-27T22:32:49+08:00 ] 127.0.0.1 /index.php/Home/MeiuiTag/insertTagItem?create_user=10&tag_name=lyyy
INFO: [ app_init ] --START--
INFO: Run Behavior\BuildLiteBehavior [ RunTime:0.000036s ]
INFO: [ app_init ] --END-- [ RunTime:0.000542s ]
INFO: [ app_begin ] --START--
INFO: Run Behavior\ReadHtmlCacheBehavior [ RunTime:0.003907s ]
INFO: [ app_begin ] --END-- [ RunTime:0.004585s ]
SQL: SHOW COLUMNS FROM `meiui_tag` [ RunTime:0.0031s ]
SQL: INSERT INTO `meiui_tag` (`create_user`,`tag_name`,`create_time`) VALUES ('10','lyyy','1538058769') [ RunTime:0.0003s ]

[ 2018-09-27T22:36:32+08:00 ] 127.0.0.1 /index.php/Home/MeiuiTag/insertTagItem?create_user=10&tag_name=lyyy
INFO: [ app_init ] --START--
INFO: Run Behavior\BuildLiteBehavior [ RunTime:0.000150s ]
INFO: [ app_init ] --END-- [ RunTime:0.002516s ]
INFO: [ app_begin ] --START--
INFO: Run Behavior\ReadHtmlCacheBehavior [ RunTime:0.001194s ]
INFO: [ app_begin ] --END-- [ RunTime:0.001452s ]
SQL: SHOW COLUMNS FROM `meiui_tag` [ RunTime:0.0051s ]
ERR: 1062:Duplicate entry '115' for key 'PRIMARY'
 [ SQL语句 ] : INSERT INTO `meiui_tag` (`create_user`,`tag_name`,`create_time`,`id`) VALUES ('10','lyyy','1538058992','115')
ERR: 1062:Duplicate entry '115' for key 'PRIMARY'
 [ SQL语句 ] : INSERT INTO `meiui_tag` (`create_user`,`tag_name`,`create_time`,`id`) VALUES ('10','lyyy','1538058992','115')

